# step, gen_loss, dis_loss, train_acc
100,  1.697620E+01, -2.167313E-01,  5.3125E-01
200,  2.119236E+01, -1.492031E-01,  6.5625E-01
300,  1.686545E+01,  4.120812E-03,  7.9688E-01
400,  1.341173E+01, -4.317330E-02,  7.6562E-01
500,  1.317758E+01, -4.455331E-02,  7.5000E-01
600,  1.800970E+01, -4.619849E-02,  7.1875E-01
700,  1.460965E+01, -4.746062E-02,  7.6562E-01
800,  1.389460E+01, -3.641339E-02,  7.3438E-01
900,  1.568835E+01, -3.385081E-02,  7.3438E-01
1000,  1.186168E+01, -5.017412E-02,  7.9688E-01
1100,  2.010085E+01, -3.089770E-02,  7.9688E-01
1200,  1.303083E+01, -5.670813E-02,  8.4375E-01
1300,  1.142696E+01, -2.245730E-02,  7.1875E-01
1400,  1.866866E+01, -2.561633E-02,  7.9688E-01
1500,  1.865571E+01, -7.045456E-02,  8.1250E-01
1600,  1.631412E+01, -4.834111E-02,  7.6562E-01
1700,  1.699544E+01, -2.665597E-02,  8.2812E-01
1800,  1.508065E+01, -1.514596E-02,  8.1250E-01
1900,  1.497788E+01, -3.304571E-02,  8.4375E-01
2000,  1.648923E+01, -7.238353E-02,  7.8125E-01
2100,  1.255408E+01, -4.600016E-02,  8.1250E-01
2200,  1.308216E+01,  2.561239E-02,  8.9062E-01
2300,  1.623474E+01,  2.821775E-03,  8.5938E-01
2400,  1.622256E+01, -5.186016E-02,  7.3438E-01
2500,  1.797577E+01, -1.082928E-03,  8.9062E-01
2600,  1.701027E+01,  8.050673E-03,  8.7500E-01
2700,  1.536319E+01, -6.692572E-02,  7.9688E-01
2800,  1.372170E+01,  1.574695E-03,  7.5000E-01
2900,  1.460636E+01, -1.189420E-04,  8.5938E-01
3000,  1.907966E+01, -7.274764E-03,  8.7500E-01
3100,  1.948866E+01, -1.298191E-02,  8.9062E-01
3200,  1.711816E+01, -1.760810E-02,  8.9062E-01
3300,  1.600947E+01, -1.400331E-02,  8.7500E-01
3400,  1.656844E+01, -5.243152E-02,  7.6562E-01
3500,  1.074351E+01, -3.062024E-02,  8.7500E-01
3600,  1.378090E+01, -9.047984E-02,  7.5000E-01
3700,  9.239435E+00, -7.162029E-04,  9.2188E-01
3800,  1.111065E+01, -1.313908E-03,  9.0625E-01
3900,  1.571669E+01, -7.398644E-03,  8.7500E-01
4000,  1.458372E+01,  1.214745E-02,  8.4375E-01
4100,  1.864349E+01, -8.297766E-03,  7.9688E-01
4200,  1.544851E+01,  4.353104E-04,  9.3750E-01
4300,  1.764993E+01, -3.492461E-02,  8.9062E-01
4400,  1.540688E+01, -3.850799E-02,  8.1250E-01
4500,  1.877218E+01,  7.377366E-03,  8.5938E-01
4600,  2.167956E+01, -1.582595E-03,  9.0625E-01
4700,  2.276386E+01, -1.804495E-02,  8.7500E-01
4800,  2.191780E+01, -1.169909E-02,  8.7500E-01
4900,  2.435201E+01, -6.943711E-03,  9.2188E-01
5000,  1.676350E+01, -3.161659E-02,  8.7500E-01
5100,  2.164426E+01, -6.268673E-02,  7.9688E-01
5200,  2.391505E+01, -1.297704E-02,  8.4375E-01
5300,  2.281601E+01, -5.272986E-03,  8.7500E-01
5400,  2.646927E+01, -1.890901E-02,  9.3750E-01
5500,  2.971494E+01, -2.146588E-02,  8.2812E-01
5600,  2.874778E+01, -1.340935E-02,  8.4375E-01
5700,  3.383431E+01, -1.029585E-02,  9.2188E-01
5800,  2.637658E+01,  5.270923E-03,  8.9062E-01
5900,  2.690306E+01, -3.610465E-02,  8.9062E-01
6000,  2.339429E+01, -6.121458E-03,  8.5938E-01
6100,  1.967783E+01, -5.450487E-02,  8.2812E-01
6200,  2.469859E+01, -1.088034E-02,  8.7500E-01
6300,  2.486946E+01, -1.550847E-02,  8.5938E-01
6400,  2.424858E+01, -1.157590E-02,  9.0625E-01
6500,  2.556608E+01, -1.199796E-02,  8.5938E-01
6600,  2.697358E+01, -4.424091E-02,  8.2812E-01
6700,  1.947755E+01, -1.257951E-02,  8.2812E-01
6800,  2.774309E+01, -3.807114E-03,  8.5938E-01
6900,  1.528835E+01, -3.945402E-02,  8.2812E-01
7000,  1.315817E+01, -2.049813E-02,  8.4375E-01
7100,  2.208217E+01, -2.686387E-02,  7.8125E-01
7200,  1.548241E+01, -1.580743E-02,  8.9062E-01
7300,  1.835549E+01, -1.151935E-02,  8.7500E-01
7400,  2.439882E+01, -8.246116E-05,  8.9062E-01
7500,  2.317579E+01, -7.755551E-03,  8.5938E-01
7600,  2.075303E+01, -3.009122E-03,  9.5312E-01
7700,  1.575719E+01,  1.296968E-02,  9.0625E-01
7800,  1.735602E+01, -4.019190E-03,  9.3750E-01
7900,  1.421659E+01,  1.700516E-02,  7.8125E-01
8000,  2.102497E+01, -2.305052E-02,  8.7500E-01
8100,  1.521528E+01, -2.408723E-02,  8.9062E-01
8200,  2.713038E+01, -1.380832E-02,  8.9062E-01
8300,  1.880375E+01, -1.249355E-02,  8.4375E-01
8400,  1.554793E+01, -1.513507E-02,  8.7500E-01
8500,  2.066582E+01, -2.166855E-02,  8.7500E-01
8600,  2.954964E+01, -1.101636E-02,  9.0625E-01
8700,  2.115067E+01, -1.921625E-02,  8.7500E-01
8800,  3.926350E+01, -1.746841E-02,  8.9062E-01
8900,  3.221330E+01, -2.033117E-02,  9.0625E-01
9000,  2.392720E+01, -1.823504E-02,  8.7500E-01
9100,  2.429054E+01, -2.117341E-02,  8.5938E-01
9200,  2.873049E+01, -4.837721E-02,  8.4375E-01
9300,  2.129131E+01,  1.430569E-02,  8.7500E-01
9400,  2.217178E+01,  8.350210E-03,  8.9062E-01
9500,  2.390818E+01, -2.110556E-02,  8.4375E-01
9600,  2.422193E+01,  4.672872E-03,  9.3750E-01
9700,  3.565692E+01,  8.904058E-03,  8.7500E-01
9800,  3.368430E+01, -1.386756E-02,  9.5312E-01
9900,  3.894145E+01, -4.160502E-03,  8.4375E-01
10000,  4.518275E+01, -1.037210E-02,  9.2188E-01
10100,  4.201784E+01, -3.818040E-03,  8.9062E-01
10200,  4.536148E+01, -2.566574E-02,  8.5938E-01
10300,  4.850196E+01, -4.055222E-02,  7.9688E-01
10400,  3.555138E+01,  7.698442E-03,  8.9062E-01
10500,  4.174145E+01, -3.926845E-02,  8.5938E-01
10600,  3.667597E+01, -1.840016E-02,  8.7500E-01
10700,  3.909729E+01, -3.093082E-02,  8.5938E-01
10800,  4.799519E+01, -1.314436E-02,  9.5312E-01
10900,  3.855051E+01, -2.703632E-02,  9.0625E-01
11000,  5.144223E+01, -5.770790E-02,  7.8125E-01
11100,  4.104226E+01, -2.091341E-02,  9.0625E-01
11200,  4.483466E+01, -1.295056E-02,  8.9062E-01
11300,  4.054919E+01,  1.012922E-03,  9.0625E-01
11400,  4.433376E+01,  5.718749E-04,  8.9062E-01
11500,  4.689707E+01, -3.037276E-04,  8.5938E-01
11600,  4.831998E+01, -3.066826E-02,  8.7500E-01
11700,  4.594771E+01, -2.616192E-02,  8.4375E-01
11800,  4.202919E+01,  5.681713E-03,  8.7500E-01
11900,  5.007253E+01, -4.488004E-02,  8.2812E-01
12000,  3.800870E+01, -2.116995E-02,  9.0625E-01
12100,  4.501986E+01, -2.447558E-02,  8.7500E-01
12200,  4.560014E+01, -6.027497E-02,  7.9688E-01
12300,  3.522820E+01,  2.088432E-03,  8.9062E-01
12400,  4.423230E+01, -3.854088E-02,  8.2812E-01
12500,  4.182822E+01, -2.050026E-02,  8.9062E-01
12600,  4.337432E+01, -2.337069E-02,  8.4375E-01
12700,  4.370789E+01,  6.444052E-03,  9.5312E-01
12800,  4.443176E+01, -1.582362E-02,  8.5938E-01
12900,  5.453054E+01, -1.074838E-03,  8.5938E-01
13000,  5.024338E+01, -2.738133E-02,  8.1250E-01
13100,  5.695315E+01,  1.175683E-02,  9.0625E-01
13200,  5.671015E+01,  1.645402E-03,  9.0625E-01
13300,  4.850550E+01, -2.286364E-02,  8.4375E-01
13400,  4.547367E+01, -2.284530E-02,  8.4375E-01
13500,  3.951899E+01, -3.303149E-02,  8.7500E-01
13600,  4.562100E+01,  9.918194E-04,  9.2188E-01
13700,  3.925232E+01, -1.340431E-02,  8.9062E-01
13800,  5.846075E+01, -1.305353E-02,  8.9062E-01
13900,  3.866528E+01, -2.088311E-02,  8.9062E-01
14000,  4.155067E+01, -1.416187E-02,  9.2188E-01
14100,  3.831160E+01,  9.242157E-04,  9.0625E-01
14200,  4.571130E+01, -1.735841E-02,  9.2188E-01
14300,  4.120519E+01, -5.083010E-02,  8.2812E-01
14400,  4.702819E+01, -3.331365E-03,  9.3750E-01
14500,  5.534849E+01, -3.611223E-02,  7.9688E-01
14600,  4.073553E+01, -6.965428E-03,  8.4375E-01
14700,  5.524816E+01, -1.782028E-02,  8.7500E-01
14800,  5.759352E+01, -4.239880E-02,  8.5938E-01
14900,  5.004427E+01, -3.548351E-02,  8.4375E-01
15000,  4.944777E+01, -1.596891E-03,  9.5312E-01
15100,  3.830334E+01, -2.352999E-02,  9.3750E-01
15200,  2.224183E+01, -1.732772E-02,  9.0625E-01
15300,  3.691979E+01, -1.548190E-02,  9.0625E-01
15400,  4.065165E+01, -9.445639E-03,  8.5938E-01
15500,  5.327978E+01,  2.371558E-02,  9.0625E-01
15600,  2.887479E+01, -1.841549E-02,  9.3750E-01
15700,  3.639556E+01, -3.269727E-03,  8.5938E-01
15800,  4.254596E+01, -3.745884E-02,  8.9062E-01
15900,  1.998487E+01, -1.523371E-02,  9.0625E-01
16000,  3.805576E+01, -1.523316E-02,  8.7500E-01
16100,  3.700426E+01, -2.323130E-02,  8.7500E-01
16200,  2.406386E+01, -2.559493E-02,  9.0625E-01
16300,  3.605489E+01, -1.355807E-02,  9.0625E-01
16400,  4.570614E+01, -9.292364E-05,  8.9062E-01
16500,  4.600345E+01, -2.493319E-02,  8.5938E-01
16600,  5.038405E+01, -1.111163E-03,  9.5312E-01
16700,  4.027876E+01,  7.030776E-03,  9.2188E-01
16800,  4.658910E+01, -1.473807E-02,  8.9062E-01
16900,  6.045907E+01,  2.445063E-03,  9.0625E-01
17000,  5.402308E+01, -2.923246E-02,  8.2812E-01
17100,  6.478795E+01,  2.033750E-02,  7.9688E-01
17200,  4.376973E+01, -6.451555E-03,  8.4375E-01
17300,  5.604590E+01, -5.370146E-04,  9.6875E-01
17400,  3.981755E+01,  6.130429E-03,  8.5938E-01
17500,  5.122087E+01,  1.433056E-02,  9.0625E-01
17600,  3.175546E+01, -3.580921E-03,  8.9062E-01
17700,  5.725676E+01, -2.806495E-03,  9.5312E-01
17800,  4.606488E+01,  6.257082E-03,  8.4375E-01
17900,  4.164879E+01, -9.414252E-03,  9.5312E-01
18000,  6.546703E+01,  4.212383E-03,  9.2188E-01
18100,  5.054829E+01, -8.057605E-03,  9.0625E-01
18200,  5.632311E+01, -3.596217E-02,  8.4375E-01
18300,  4.650236E+01, -2.580762E-03,  9.2188E-01
18400,  4.595174E+01,  6.333602E-03,  9.8438E-01
18500,  5.628084E+01, -2.802621E-03,  9.3750E-01
18600,  6.023458E+01,  5.680117E-03,  8.2812E-01
18700,  4.963430E+01, -1.352770E-02,  8.7500E-01
18800,  4.232961E+01, -5.556040E-03,  8.9062E-01
18900,  5.156378E+01, -9.500353E-03,  9.2188E-01
19000,  5.916829E+01, -1.950828E-02,  9.2188E-01
19100,  6.707794E+01,  8.582603E-03,  8.2812E-01
19200,  5.692898E+01, -3.096346E-02,  8.9062E-01
19300,  5.301788E+01, -7.466819E-03,  8.9062E-01
19400,  5.084815E+01, -1.898841E-02,  9.2188E-01
19500,  4.230376E+01,  2.597093E-03,  9.3750E-01
19600,  5.023722E+01, -4.636468E-02,  8.5938E-01
19700,  4.633022E+01, -1.018232E-02,  9.3750E-01
19800,  4.844598E+01, -7.209647E-05,  9.0625E-01
19900,  4.249036E+01, -1.911860E-02,  8.9062E-01
20000,  6.371612E+01, -5.738013E-03,  8.7500E-01
20100,  3.946098E+01, -2.386092E-03,  9.5312E-01
20200,  3.345923E+01, -2.426799E-02,  9.5312E-01
20300,  4.301960E+01, -1.988930E-02,  8.4375E-01
20400,  5.143134E+01, -1.085543E-02,  9.0625E-01
20500,  3.342403E+01, -2.381394E-03,  8.9062E-01
20600,  5.221940E+01, -2.186891E-02,  8.5938E-01
20700,  4.295652E+01, -2.056041E-02,  9.0625E-01
20800,  4.400633E+01, -3.709958E-03,  8.7500E-01
20900,  3.106846E+01, -9.921975E-04,  9.5312E-01
21000,  2.997934E+01, -4.646848E-03,  9.5312E-01
21100,  4.810841E+01, -1.639209E-02,  8.7500E-01
21200,  2.633918E+01, -8.010866E-03,  9.3750E-01
21300,  2.991833E+01, -3.882500E-02,  7.6562E-01
21400,  4.340182E+01, -7.856450E-03,  9.3750E-01
21500,  5.091209E+01,  2.644360E-04,  9.6875E-01
21600,  5.200976E+01, -7.188330E-03,  9.2188E-01
21700,  4.811361E+01,  1.733410E-03,  9.5312E-01
21800,  4.480268E+01, -5.280048E-02,  8.5938E-01
21900,  3.783851E+01, -3.781065E-02,  8.5938E-01
22000,  5.598021E+01, -2.280332E-02,  9.0625E-01
22100,  6.161949E+01, -1.258177E-02,  8.7500E-01
22200,  4.819619E+01, -9.728972E-03,  9.3750E-01
22300,  5.050506E+01, -2.210226E-02,  8.9062E-01
22400,  3.883012E+01, -5.741756E-02,  8.7500E-01
22500,  3.850595E+01, -9.711085E-03,  9.6875E-01
22600,  5.175982E+01,  3.106595E-03,  9.3750E-01
22700,  4.955965E+01, -1.735955E-02,  8.9062E-01
22800,  4.662579E+01, -7.990379E-03,  8.9062E-01
22900,  4.214383E+01, -1.214539E-02,  9.5312E-01
23000,  4.190639E+01, -1.264093E-02,  9.2188E-01
23100,  5.593712E+01,  4.024860E-04,  9.0625E-01
23200,  4.127669E+01, -1.480277E-03,  9.5312E-01
23300,  4.845931E+01, -2.984535E-02,  9.0625E-01
23400,  4.390648E+01, -1.684453E-02,  9.3750E-01
23500,  4.578859E+01, -7.773193E-03,  9.2188E-01
23600,  3.820728E+01, -1.379995E-02,  8.7500E-01
23700,  5.853865E+01,  7.010242E-03,  9.0625E-01
23800,  5.759323E+01, -1.449321E-02,  8.9062E-01
23900,  4.177852E+01, -3.812066E-02,  8.2812E-01
24000,  4.006381E+01, -2.569194E-02,  9.3750E-01
24100,  3.494550E+01, -9.310163E-03,  9.3750E-01
24200,  4.333429E+01, -8.908425E-03,  8.9062E-01
24300,  4.047591E+01, -3.047685E-02,  8.1250E-01
24400,  2.541974E+01, -2.411893E-02,  9.0625E-01
24500,  3.553161E+01, -1.303483E-02,  8.7500E-01
24600,  2.377151E+01, -2.508149E-02,  8.2812E-01
24700,  3.875671E+01, -1.403459E-02,  8.4375E-01
24800,  5.722330E+01, -3.397407E-03,  9.0625E-01
24900,  3.058764E+01,  4.564745E-03,  9.0625E-01
25000,  2.142922E+01, -5.936970E-03,  8.7500E-01
25100,  4.449792E+01, -1.795939E-03,  9.3750E-01
25200,  3.736063E+01, -1.381275E-03,  9.5312E-01
25300,  5.764324E+01,  6.299172E-03,  9.3750E-01
25400,  7.054083E+01,  3.473560E-03,  9.0625E-01
25500,  4.419060E+01,  5.097112E-03,  9.3750E-01
25600,  3.749798E+01, -2.338225E-02,  9.3750E-01
25700,  2.467410E+01,  1.229660E-04,  9.3750E-01
25800,  3.163909E+01, -1.545598E-02,  9.2188E-01
25900,  6.468010E+01, -1.122457E-02,  8.7500E-01
26000,  5.627156E+01, -1.231650E-02,  8.7500E-01
26100,  2.436663E+01, -8.763635E-03,  9.6875E-01
26200,  4.786214E+01, -1.102369E-02,  9.0625E-01
26300,  5.701202E+01, -3.179443E-02,  8.1250E-01
26400,  6.462048E+01, -8.577847E-03,  8.5938E-01
26500,  5.846363E+01, -1.987050E-02,  8.7500E-01
26600,  2.724725E+01, -8.982985E-03,  9.3750E-01
26700,  4.356213E+01, -3.240253E-03,  9.6875E-01
26800,  3.650609E+01, -3.922107E-02,  8.5938E-01
26900,  4.347789E+01,  8.647243E-03,  9.0625E-01
27000,  4.610665E+01, -9.839561E-03,  8.1250E-01
27100,  6.452245E+01, -1.502141E-02,  9.2188E-01
27200,  5.384826E+01, -2.952148E-02,  9.0625E-01
27300,  7.208582E+01, -2.796607E-02,  9.2188E-01
27400,  5.601229E+01, -7.636786E-03,  8.7500E-01
27500,  4.896991E+01, -1.865447E-03,  9.0625E-01
27600,  7.289481E+01, -4.739256E-03,  8.7500E-01
27700,  4.958962E+01,  9.223528E-03,  8.9062E-01
27800,  6.040673E+01, -8.259555E-03,  9.2188E-01
27900,  7.398397E+01, -9.464975E-03,  9.0625E-01
28000,  6.706476E+01,  3.216143E-04,  9.2188E-01
28100,  5.132410E+01, -5.224694E-03,  9.0625E-01
28200,  5.619076E+01, -3.842654E-03,  9.2188E-01
28300,  4.214732E+01, -4.010387E-02,  9.2188E-01
28400,  7.666319E+01, -9.928437E-03,  9.2188E-01
28500,  6.346946E+01, -1.197724E-02,  9.3750E-01
28600,  5.306199E+01,  6.686783E-03,  9.3750E-01
28700,  4.061145E+01, -1.306367E-03,  9.2188E-01
28800,  4.390912E+01, -2.207423E-03,  9.0625E-01
28900,  6.055679E+01, -1.383904E-02,  9.2188E-01
29000,  5.917931E+01, -6.210217E-03,  8.5938E-01
29100,  1.817984E+01, -1.150984E-02,  9.0625E-01
29200,  3.475428E+01, -2.307186E-02,  9.0625E-01
29300,  4.489562E+01,  7.944485E-03,  9.0625E-01
29400,  4.632866E+01, -1.184502E-02,  8.4375E-01
29500,  3.626739E+01, -1.101254E-02,  9.0625E-01
29600,  1.992669E+01, -1.263255E-02,  9.2188E-01
29700,  4.588381E+01, -1.447448E-02,  9.5312E-01
29800,  5.483561E+01,  2.308975E-03,  8.9062E-01
29900,  5.048356E+01, -1.713664E-02,  8.7500E-01
30000,  4.682621E+01, -2.409066E-02,  8.7500E-01
30100,  3.287909E+01, -1.998702E-02,  8.9062E-01
30200,  4.837890E+01, -2.929152E-03,  9.0625E-01
30300,  3.404201E+01, -5.996651E-04,  9.8438E-01
30400,  3.218098E+01, -1.255168E-02,  9.2188E-01
30500,  3.744310E+01, -5.253912E-03,  8.7500E-01
30600,  5.871006E+01, -3.276380E-02,  8.5938E-01
30700,  4.675559E+01, -2.722150E-02,  8.2812E-01
30800,  3.762086E+01, -5.345005E-02,  9.0625E-01
30900,  3.655939E+01, -2.045157E-02,  9.2188E-01
31000,  5.675308E+01, -1.736575E-02,  8.9062E-01
31100,  6.081392E+01, -6.583444E-03,  9.2188E-01
31200,  6.027461E+01, -1.796251E-02,  9.3750E-01
31300,  5.183088E+01, -1.729029E-02,  8.9062E-01
31400,  4.285944E+01, -5.520073E-03,  9.3750E-01
31500,  5.478009E+01, -4.401826E-03,  9.0625E-01
31600,  4.679912E+01, -1.426387E-02,  9.2188E-01
31700,  2.616345E+01, -2.103651E-03,  9.0625E-01
31800,  4.577896E+01,  4.530815E-03,  8.9062E-01
31900,  4.888451E+01,  8.089460E-03,  9.6875E-01
32000,  3.871258E+01,  1.229702E-02,  8.9062E-01
32100,  6.847243E+01, -3.497370E-03,  9.0625E-01
32200,  4.496011E+01, -4.277188E-03,  9.2188E-01
32300,  5.350601E+01,  6.879583E-03,  9.3750E-01
32400,  5.495882E+01, -1.103153E-02,  9.3750E-01
32500,  4.528412E+01, -3.321989E-02,  8.5938E-01
32600,  6.489742E+01,  7.611948E-03,  7.9688E-01
32700,  2.961475E+01,  4.373372E-03,  9.5312E-01
32800,  5.878301E+01, -6.513464E-03,  9.6875E-01
32900,  5.628770E+01, -1.176964E-02,  8.9062E-01
33000,  4.918473E+01,  1.074757E-02,  9.2188E-01
33100,  5.656698E+01, -1.268887E-03,  9.5312E-01
33200,  6.174253E+01, -1.865533E-02,  8.5938E-01
33300,  5.519452E+01, -2.578739E-02,  8.4375E-01
33400,  4.202450E+01, -3.301917E-02,  8.5938E-01
33500,  4.226012E+01, -3.799498E-04,  9.3750E-01
33600,  5.373070E+01, -9.589546E-03,  9.3750E-01
33700,  2.962147E+01, -1.201204E-02,  9.2188E-01
33800,  5.315133E+01, -9.400972E-03,  8.9062E-01
33900,  3.111789E+01,  2.548264E-03,  9.2188E-01
34000,  4.235922E+01, -1.374250E-02,  9.2188E-01
34100,  4.644296E+01,  1.650638E-02,  8.5938E-01
34200,  4.653683E+01, -8.452198E-03,  9.2188E-01
34300,  3.060572E+01, -6.763563E-04,  8.7500E-01
34400,  4.267054E+01, -5.163368E-03,  8.9062E-01
34500,  3.507039E+01, -2.618166E-02,  9.0625E-01
34600,  4.065594E+01,  2.680082E-03,  9.0625E-01
34700,  6.540153E+01, -1.434910E-02,  9.3750E-01
34800,  6.751297E+01, -1.446685E-02,  9.3750E-01
34900,  4.834319E+01, -1.958826E-02,  8.9062E-01
35000,  3.652431E+01, -1.449451E-02,  9.3750E-01
35100,  4.720736E+01,  2.523565E-03,  9.3750E-01
35200,  5.168686E+01,  3.836834E-03,  9.6875E-01
35300,  6.296181E+01, -1.447637E-02,  9.2188E-01
35400,  4.052405E+01, -2.844464E-02,  9.3750E-01
35500,  3.825394E+01, -3.981744E-02,  9.0625E-01
35600,  3.342661E+01, -1.863408E-02,  8.7500E-01
35700,  4.065794E+01, -1.506611E-02,  8.1250E-01
35800,  5.566032E+01, -2.763973E-02,  8.7500E-01
35900,  3.588994E+01, -1.323584E-02,  9.3750E-01
36000,  4.667086E+01, -2.843806E-02,  8.7500E-01
36100,  3.486180E+01, -3.677002E-03,  9.0625E-01
36200,  1.858916E+01,  6.747637E-03,  9.6875E-01
36300,  3.885054E+01, -9.356548E-03,  8.5938E-01
36400,  1.682365E+01, -1.463981E-02,  9.3750E-01
36500,  1.436131E+01, -1.376058E-02,  9.5312E-01
36600,  2.607556E+01,  3.379182E-03,  9.2188E-01
36700,  4.832945E+01, -1.658014E-03,  9.6875E-01
36800,  3.135383E+01, -1.481758E-02,  9.0625E-01
36900,  4.508150E+01, -2.692343E-03,  9.2188E-01
37000,  1.665388E+00, -1.134813E-02,  9.2188E-01
37100,  3.995449E+01, -1.031397E-02,  9.0625E-01
37200,  3.842738E+01, -1.187279E-02,  8.9062E-01
37300,  3.707236E+01, -1.292878E-04,  9.6875E-01
37400,  2.686820E+01,  6.409010E-03,  8.9062E-01
37500,  4.386367E+01, -1.416447E-02,  8.9062E-01
37600,  4.126292E+01, -2.913959E-04,  9.2188E-01
37700,  5.783443E+01, -2.266968E-02,  9.0625E-01
37800,  5.231857E+01,  1.092853E-02,  9.0625E-01
37900,  2.460129E+01, -1.968904E-03,  9.5312E-01
38000,  4.650383E+01,  1.154447E-02,  9.2188E-01
38100,  4.880558E+01,  4.372407E-03,  9.5312E-01
38200,  5.240501E+01, -2.648221E-02,  9.2188E-01
38300,  3.450826E+01, -9.702351E-03,  8.9062E-01
38400,  3.675086E+01,  2.040857E-03,  8.5938E-01
38500,  2.154169E+01, -7.182356E-03,  9.0625E-01
38600,  3.186527E+01, -8.205751E-03,  8.4375E-01
38700,  4.978899E+01, -1.892629E-02,  9.0625E-01
38800,  6.340189E+01, -6.158504E-03,  9.0625E-01
38900,  3.301087E+01,  3.198904E-03,  9.0625E-01
39000,  1.089256E+01,  3.001562E-03,  9.2188E-01
39100,  3.343164E+01, -3.957469E-05,  8.9062E-01
39200,  2.068664E+01, -1.174225E-02,  9.0625E-01
39300,  2.714065E+01, -2.142779E-02,  9.2188E-01
39400,  2.178265E+01, -1.814523E-03,  9.5312E-01
39500,  5.805484E+01, -5.978420E-04,  9.3750E-01
39600,  2.239708E+01, -2.144224E-02,  8.5938E-01
39700,  3.762578E+01, -9.402355E-03,  9.6875E-01
39800,  2.703273E+01, -5.096857E-02,  8.5938E-01
39900,  3.181868E+01,  7.917616E-03,  9.3750E-01
40000,  3.083615E+01, -1.352376E-02,  9.0625E-01
40100,  2.650599E+01, -2.626882E-02,  9.2188E-01
40200,  3.203305E+01,  5.390657E-03,  9.2188E-01
40300,  6.837772E+01, -1.663831E-02,  9.2188E-01
40400,  2.874096E+01, -1.006119E-02,  9.5312E-01
40500,  6.750043E+01, -8.903785E-03,  8.9062E-01
40600,  4.366187E+01, -7.327419E-03,  8.4375E-01
40700,  3.319931E+01,  5.010856E-03,  9.2188E-01
40800,  2.948056E+01, -3.407224E-03,  9.3750E-01
40900,  5.111773E+01,  4.790466E-03,  9.0625E-01
41000,  3.807662E+01, -3.138863E-03,  9.3750E-01
41100,  4.098377E+01, -8.667989E-03,  9.3750E-01
41200,  3.590771E+01, -5.417896E-03,  8.9062E-01
41300,  2.634173E+01, -8.411964E-03,  9.3750E-01
41400,  6.086282E+01, -4.225018E-03,  9.0625E-01
41500,  4.399659E+01, -1.254232E-02,  8.9062E-01
41600,  1.876254E+01,  6.966532E-03,  9.0625E-01
41700,  3.825171E+01, -1.635630E-02,  8.9062E-01
41800,  4.950285E+01, -2.411877E-02,  8.7500E-01
41900,  3.073478E+01,  3.098538E-04,  9.2188E-01
42000,  5.533738E+01, -3.118569E-02,  9.0625E-01
42100,  5.533081E+01, -3.198972E-02,  8.5938E-01
42200,  1.756517E+01,  6.775026E-03,  9.2188E-01
42300,  3.120662E+00, -1.352075E-02,  9.6875E-01
42400,  6.404779E+01,  2.639500E-02,  8.9062E-01
42500,  6.125059E+01, -2.886591E-02,  8.9062E-01
42600,  3.051879E+01,  1.125672E-03,  9.2188E-01
42700,  6.056773E+01, -5.285733E-02,  8.9062E-01
42800,  6.286233E+01, -2.396530E-02,  8.5938E-01
42900,  5.532796E+01, -1.597326E-02,  9.3750E-01
43000,  6.256025E+01,  7.248050E-03,  9.8438E-01
43100,  2.369984E+01, -6.326528E-03,  8.5938E-01
43200,  1.963106E+01, -5.655949E-03,  9.0625E-01
43300,  6.697656E+01, -1.160893E-02,  9.2188E-01
43400,  5.177792E+01, -2.193625E-02,  9.0625E-01
43500,  1.597010E+01, -1.702696E-02,  8.9062E-01
43600,  5.395268E+01, -1.722245E-02,  8.2812E-01
43700,  6.596622E+01, -2.075785E-02,  9.0625E-01
43800,  5.847319E+01, -9.342907E-03,  8.7500E-01
43900,  8.021603E+01,  6.591825E-03,  8.4375E-01
44000,  5.047824E+01, -1.534153E-02,  9.2188E-01
44100,  4.956791E+01, -1.752258E-02,  8.9062E-01
44200,  3.657939E+01, -3.634961E-04,  9.6875E-01
44300,  2.891008E+01, -1.838332E-02,  8.9062E-01
44400,  7.155199E+01, -5.001598E-03,  9.5312E-01
44500,  6.324578E+01,  4.271932E-04,  9.5312E-01
44600,  5.425375E+01, -5.891467E-03,  9.0625E-01
44700,  3.090331E+01, -6.179472E-03,  8.9062E-01
44800,  4.486634E+01, -3.445542E-03,  9.0625E-01
44900,  8.523500E+01, -9.575857E-03,  9.3750E-01
45000,  3.620895E+01, -2.237798E-02,  8.9062E-01
45100,  4.068838E+01, -2.794740E-02,  9.0625E-01
45200,  1.626044E+01,  4.236964E-03,  9.6875E-01
45300,  2.216232E+01, -6.516915E-03,  9.0625E-01
45400,  3.224261E+01, -9.547950E-03,  9.6875E-01
45500,  6.599162E+01, -6.301056E-03,  9.2188E-01
45600,  8.936794E+00, -7.787440E-03,  9.0625E-01
45700,  5.657597E+01,  1.462459E-02,  8.7500E-01
45800,  4.881137E+01,  6.392115E-03,  9.8438E-01
45900,  1.397140E+01, -2.416358E-03,  9.0625E-01
46000,  3.451354E+01, -1.188698E-02,  9.2188E-01
46100,  4.423653E+01, -4.410908E-03,  9.2188E-01
46200,  6.599287E-01, -1.602484E-02,  8.9062E-01
46300,  4.036588E+01,  8.846166E-03,  9.5312E-01
46400,  5.532122E+01, -7.857087E-03,  9.2188E-01
46500,  5.554025E+01, -2.093214E-03,  9.2188E-01
46600,  3.140411E+01, -1.005019E-02,  9.3750E-01
46700,  3.197532E+01, -1.217938E-02,  9.3750E-01
46800,  6.312349E+01, -3.105544E-02,  8.7500E-01
46900,  2.393881E+01,  2.248105E-03,  8.7500E-01
47000,  1.417419E+01,  5.633803E-05,  9.6875E-01
47100,  3.856673E+01, -1.223396E-02,  8.7500E-01
47200,  3.228207E+01, -3.652232E-03,  9.2188E-01
47300,  4.924517E+01,  2.911809E-02,  8.9062E-01
47400,  5.072826E+01, -3.036902E-03,  9.2188E-01
47500,  3.802222E+01, -1.020811E-02,  9.5312E-01
47600,  4.159615E+01,  1.082764E-02,  9.2188E-01
47700,  3.745631E+01,  1.623187E-02,  8.4375E-01
47800,  4.986671E+01,  1.171052E-03,  9.3750E-01
47900,  4.546751E+01,  3.992540E-04,  9.3750E-01
48000,  3.351802E+01,  8.500041E-03,  1.0000E+00
48100,  5.368381E+01, -4.253979E-03,  8.9062E-01
48200,  5.295753E+01,  3.787810E-03,  9.2188E-01
48300,  2.973814E+01, -1.071420E-02,  9.0625E-01
48400,  2.762011E+01, -4.303414E-03,  9.2188E-01
48500,  3.600364E+01, -1.080707E-02,  9.0625E-01
48600,  4.374216E+01, -1.700498E-02,  9.0625E-01
48700,  4.971416E+01, -6.090659E-03,  9.6875E-01
48800,  3.382405E+01, -1.087367E-02,  9.3750E-01
48900,  1.293858E+01, -1.242243E-02,  8.9062E-01
49000,  5.172562E+01, -1.485027E-03,  9.6875E-01
49100,  4.779858E+01, -6.749508E-03,  8.7500E-01
49200,  5.432870E+01, -2.526060E-03,  9.0625E-01
49300,  4.655928E+01, -7.044890E-03,  9.0625E-01
49400,  3.351667E+01, -6.910869E-03,  8.5938E-01
49500,  4.716598E+01, -1.079109E-02,  8.7500E-01
49600,  1.236240E+01,  1.010184E-02,  9.5312E-01
49700,  4.920586E+01, -2.758891E-03,  9.6875E-01
49800,  4.659814E+01, -2.012413E-02,  9.2188E-01
49900,  1.099973E+01, -1.787319E-03,  8.9062E-01
50000,  4.022650E+01, -9.493571E-03,  9.2188E-01
50100,  5.334206E+01,  2.886432E-03,  9.8438E-01
50200,  2.797385E+01, -4.739863E-03,  8.9062E-01
50300,  5.328184E+01, -3.490800E-03,  9.0625E-01
50400,  1.679855E+01, -9.193133E-04,  9.6875E-01
50500,  4.521090E+01, -9.615493E-03,  9.0625E-01
50600,  4.319350E+01,  1.595559E-03,  9.0625E-01
50700,  2.899665E+01, -1.543586E-02,  8.2812E-01
50800,  5.403382E+01, -6.670462E-03,  9.2188E-01
50900,  1.682599E+01,  6.501683E-03,  9.8438E-01
51000,  4.348965E+01, -4.152474E-03,  9.6875E-01
51100,  4.971455E+01,  4.341019E-03,  9.6875E-01
51200,  3.433421E+01,  4.488164E-03,  8.5938E-01
51300,  4.895502E+01,  5.527338E-03,  9.3750E-01
51400,  1.928139E+01,  6.386166E-03,  9.3750E-01
51500,  6.172507E+01,  4.387924E-03,  9.3750E-01
51600,  4.016170E+01,  4.028507E-03,  9.5312E-01
51700,  3.162852E+01, -7.286484E-03,  9.2188E-01
51800,  2.255757E+01, -3.169629E-03,  9.5312E-01
51900,  5.184174E+01, -2.059776E-03,  9.6875E-01
52000,  7.336250E+01,  3.585378E-04,  9.6875E-01
52100,  4.123495E+01,  1.438792E-03,  9.6875E-01
52200,  3.004249E+01,  1.206124E-03,  9.3750E-01
52300,  2.419662E+01,  1.862671E-03,  1.0000E+00
52400,  2.634726E+01, -5.393596E-03,  9.2188E-01
52500,  2.846351E+01, -2.171570E-02,  9.2188E-01
52600,  4.823821E+01, -1.821311E-02,  8.7500E-01
52700,  1.451072E+01, -4.585532E-03,  9.5312E-01
52800,  3.983393E+01,  5.866751E-03,  9.2188E-01
52900,  2.353479E+01, -4.713779E-03,  9.5312E-01
53000,  2.367650E+01, -4.769281E-03,  9.3750E-01
53100,  2.578143E+01, -3.152640E-03,  9.8438E-01
53200,  2.616453E+01, -7.658212E-03,  9.2188E-01
53300,  4.881712E+01, -1.968890E-02,  8.9062E-01
53400,  4.752976E+01, -1.259726E-03,  8.7500E-01
53500,  2.257570E+01, -7.715914E-05,  9.5312E-01
53600,  3.999403E+01, -2.137874E-03,  8.9062E-01
53700,  1.843302E+01,  8.147126E-03,  9.3750E-01
53800,  4.533616E+01,  1.146238E-02,  9.3750E-01
53900,  4.704398E+01, -4.630331E-03,  9.2188E-01
54000,  3.771702E+01,  3.196673E-03,  1.0000E+00
54100,  3.214370E+01, -4.186514E-04,  8.9062E-01
54200,  1.995156E+01,  1.064495E-03,  9.3750E-01
54300,  2.995728E+01, -6.881775E-03,  9.0625E-01
54400,  4.373483E+01, -5.411013E-03,  9.6875E-01
54500,  2.120446E+01, -6.548669E-03,  8.9062E-01
54600,  2.840847E+01,  4.086755E-04,  9.3750E-01
54700,  1.949164E+01,  5.898110E-03,  9.8438E-01
54800,  3.531534E+01, -3.716938E-03,  9.5312E-01
54900,  7.749489E+01,  6.381072E-03,  9.5312E-01
55000,  3.944489E+01, -1.805855E-03,  9.2188E-01
55100,  3.679788E+01, -1.604771E-03,  9.3750E-01
55200,  3.881516E+01, -1.809676E-03,  9.2188E-01
55300,  2.193401E+01,  1.570917E-02,  9.2188E-01
55400,  3.971416E+01,  4.619001E-04,  9.8438E-01
55500,  9.060768E+00,  1.867720E-03,  9.3750E-01
55600,  1.775084E+01, -1.878666E-02,  8.4375E-01
55700,  2.530910E+01, -6.789749E-03,  9.0625E-01
55800,  1.822379E+01, -6.348834E-03,  9.2188E-01
55900,  3.142931E+01, -1.565172E-03,  9.5312E-01
56000,  1.992008E+01, -2.987510E-03,  9.3750E-01
56100,  3.978783E+00, -5.188726E-04,  9.6875E-01
56200,  7.033059E+01, -7.104800E-03,  9.5312E-01
56300,  1.136341E+01, -1.215830E-02,  9.3750E-01
56400,  2.904220E+01, -2.275403E-03,  8.9062E-01
56500,  3.915247E+01, -6.437189E-03,  9.6875E-01
56600,  4.293211E+01, -6.923494E-03,  9.5312E-01
56700,  5.128313E+01, -1.689432E-02,  9.2188E-01
56800,  4.234736E+01, -4.520247E-03,  9.6875E-01
56900,  2.556757E+01, -1.595221E-02,  9.5312E-01
57000,  2.793793E+01, -2.240048E-03,  9.6875E-01
57100,  4.752795E+01,  2.638453E-03,  9.6875E-01
57200,  2.533792E+01,  1.568070E-03,  9.5312E-01
57300,  5.363463E+01, -4.514580E-03,  9.5312E-01
57400,  3.424156E+00, -3.873442E-03,  9.3750E-01
57500, -3.148035E+00,  2.122052E-03,  9.3750E-01
57600,  1.592050E+01,  9.304252E-03,  8.9062E-01
57700,  1.893717E+01, -2.140085E-03,  9.5312E-01
57800,  4.191414E+01,  6.036314E-03,  9.3750E-01
57900,  3.120693E+00, -8.497563E-03,  9.5312E-01
58000,  9.698364E+00, -1.191533E-04,  9.6875E-01
58100,  1.335611E+01, -1.932585E-02,  8.7500E-01
58200,  1.893443E+01, -5.459107E-03,  9.3750E-01
58300,  4.878170E+01, -1.511337E-02,  9.5312E-01
58400,  2.930668E+01, -4.615676E-03,  9.6875E-01
58500,  1.678955E+01, -3.058272E-03,  9.2188E-01
58600,  2.726317E+01, -1.415518E-02,  9.0625E-01
58700,  2.714402E+01,  1.374434E-03,  9.2188E-01
58800,  7.228791E+00,  3.260789E-03,  9.0625E-01
58900,  3.759412E+01,  2.491766E-03,  9.6875E-01
59000,  6.287464E+00, -1.821703E-03,  9.6875E-01
59100,  2.710499E+01, -1.271536E-03,  8.9062E-01
59200,  1.528554E+01,  3.855808E-03,  9.6875E-01
59300,  3.748275E+01, -5.278853E-03,  9.2188E-01
59400,  2.803407E+01, -2.532456E-03,  9.3750E-01
59500,  2.945477E+01,  1.111093E-03,  9.6875E-01
59600,  2.802523E+01, -1.225415E-02,  9.2188E-01
59700,  5.648576E+01, -3.197080E-03,  9.0625E-01
59800,  2.582986E+01, -1.076088E-02,  9.5312E-01
59900,  2.031714E+01, -3.613751E-03,  8.9062E-01
60000,  2.924374E+01, -1.697822E-03,  9.8438E-01
60100,  1.640490E+01, -8.599639E-03,  9.5312E-01
60200,  3.449907E+01, -6.655498E-03,  9.6875E-01
60300,  4.443749E+01, -2.069839E-02,  8.9062E-01
60400,  6.442491E-01, -5.284050E-03,  9.3750E-01
60500,  4.416900E+01, -2.357549E-03,  9.0625E-01
60600,  1.996683E+01,  6.671646E-04,  9.6875E-01
60700,  4.346615E+01, -2.214268E-02,  8.5938E-01
60800,  1.006617E+01,  7.223378E-03,  9.3750E-01
60900,  5.668426E+01,  5.431797E-03,  9.2188E-01
61000,  4.304488E+01, -1.032616E-02,  9.5312E-01
61100,  2.939378E+01, -3.367878E-03,  9.3750E-01
61200,  4.252927E+01, -2.074678E-02,  8.9062E-01
61300,  2.106990E+01,  9.612835E-04,  9.6875E-01
61400,  3.245078E+01,  3.308544E-03,  9.5312E-01
61500,  4.049010E+01, -1.947255E-03,  9.5312E-01
61600,  6.413519E+01, -7.052468E-04,  9.0625E-01
61700,  1.435187E+01,  1.626179E-03,  9.3750E-01
61800,  3.272333E+01, -6.502817E-03,  9.2188E-01
61900,  3.715469E+01, -1.536808E-03,  9.3750E-01
62000,  4.853651E+01, -1.476076E-02,  9.0625E-01
62100,  1.884223E+01, -3.923157E-03,  9.6875E-01
62200,  4.580057E+01, -4.427462E-03,  9.6875E-01
62300,  5.765642E+01, -5.356181E-03,  9.5312E-01
62400,  4.908263E+01,  6.038201E-03,  9.6875E-01
62500,  3.631863E+01,  3.468638E-03,  9.3750E-01
62600,  1.752375E+01,  1.792115E-03,  9.6875E-01
62700,  3.240650E+01,  1.916943E-03,  9.8438E-01
62800,  1.952301E+01,  1.016006E-02,  9.2188E-01
62900,  3.355629E+01, -6.558378E-03,  9.0625E-01
63000,  2.991131E+01, -3.162894E-03,  9.5312E-01
63100,  2.702279E+01, -9.719336E-03,  9.0625E-01
63200,  4.110854E+01, -3.928788E-03,  9.0625E-01
63300,  4.051865E+01, -5.324032E-03,  9.3750E-01
63400,  4.352802E+01, -3.540921E-03,  9.8438E-01
63500,  7.595325E+01, -4.223200E-03,  9.5312E-01
63600,  1.088465E+01,  5.315938E-03,  9.5312E-01
63700,  5.522812E+01, -1.063535E-02,  9.0625E-01
63800,  5.701423E-01,  1.341996E-03,  9.0625E-01
63900,  5.138915E+01, -7.336728E-03,  9.2188E-01
64000,  3.293384E+01, -1.467779E-02,  8.9062E-01
64100,  1.323559E+01,  1.248297E-03,  9.6875E-01
64200, -1.300458E+01, -1.784922E-02,  8.9062E-01
64300,  2.617261E+01, -1.170762E-02,  9.3750E-01
64400,  2.843221E+01,  1.196424E-04,  9.2188E-01
64500,  4.092435E+01, -2.176798E-02,  8.4375E-01
64600, -9.464176E+00,  7.841040E-03,  9.8438E-01
64700,  2.937464E+01,  1.115778E-03,  9.8438E-01
64800,  3.249628E+01, -9.476614E-03,  9.0625E-01
64900,  2.696428E+01,  1.065562E-03,  9.5312E-01
65000,  5.157293E+01, -1.497149E-03,  9.3750E-01
65100,  2.535196E+01, -5.260998E-03,  9.3750E-01
65200,  2.561965E+01, -4.902052E-03,  9.6875E-01
65300,  4.301575E+01, -3.984992E-03,  9.3750E-01
65400,  5.123715E+00, -9.147365E-03,  9.5312E-01
65500,  2.990504E+01, -6.320915E-03,  9.5312E-01
65600,  3.091075E+01, -2.418611E-03,  9.6875E-01
65700,  3.679705E+01, -4.582365E-03,  9.3750E-01
65800,  2.859843E+00, -3.476643E-03,  8.9062E-01
65900,  4.903893E+01,  3.745864E-03,  9.0625E-01
66000,  5.423007E+00, -2.725369E-03,  9.2188E-01
66100,  3.727278E+01, -1.510902E-02,  8.9062E-01
66200,  4.808638E+01, -3.957125E-03,  9.5312E-01
66300,  2.901997E+01,  8.592474E-04,  9.3750E-01
66400,  5.283735E+01, -6.411944E-03,  9.5312E-01
66500,  2.904494E+01,  9.281866E-03,  9.3750E-01
66600,  2.903426E+01,  2.550027E-03,  9.5312E-01
66700,  2.749730E+01, -1.924532E-03,  9.3750E-01
66800,  1.704964E+01,  2.250623E-03,  9.5312E-01
66900,  3.330399E+00,  1.152384E-03,  9.2188E-01
67000,  3.050572E+01, -9.870653E-03,  9.2188E-01
67100,  1.984004E+01, -3.546425E-03,  8.9062E-01
67200,  1.844421E+01,  2.441647E-03,  9.3750E-01
67300,  2.568169E+01, -9.752930E-03,  9.5312E-01
67400,  3.547272E+01,  5.718446E-04,  9.8438E-01
67500, -4.089367E+00, -1.046311E-03,  9.3750E-01
67600,  2.481920E+01, -4.622286E-03,  9.5312E-01
67700,  2.798576E+01, -1.289119E-02,  8.9062E-01
67800,  4.650848E+01, -3.442965E-03,  9.6875E-01
67900,  3.607884E+01,  6.697703E-03,  9.2188E-01
68000, -1.473995E+01, -1.591453E-03,  9.2188E-01
68100,  1.886472E+01,  1.016164E-03,  9.0625E-01
68200,  1.694166E+01, -4.731141E-03,  9.2188E-01
68300,  3.131566E+01,  3.484322E-03,  8.9062E-01
68400,  3.549829E+01, -3.126365E-03,  9.5312E-01
68500,  3.376685E+01, -2.945006E-03,  9.5312E-01
68600,  2.857304E+01, -8.383043E-03,  9.6875E-01
68700,  2.318583E+01,  2.887281E-03,  9.6875E-01
68800,  1.919605E+01,  2.415124E-03,  9.8438E-01
68900,  2.783614E+01,  7.942019E-04,  9.3750E-01
69000,  3.457731E+01, -2.775448E-04,  9.5312E-01
69100,  5.507025E+01,  1.059127E-03,  9.6875E-01
69200,  4.526234E+01, -1.018110E-02,  9.3750E-01
69300,  3.966729E+01, -7.411084E-03,  9.2188E-01
69400, -1.490608E+01, -9.751963E-03,  9.5312E-01
69500,  3.221700E+01, -2.157611E-02,  8.9062E-01
69600,  5.253318E+01, -3.276979E-03,  9.6875E-01
69700,  5.261775E+01, -7.759886E-03,  9.5312E-01
69800,  1.148046E+01, -1.347690E-02,  9.3750E-01
69900, -1.424705E+01,  5.377131E-03,  9.5312E-01
70000,  2.500715E+01, -1.008405E-03,  9.2188E-01
70100,  4.553606E+01,  4.538568E-03,  9.6875E-01
70200,  4.842508E+01, -4.129286E-03,  9.5312E-01
70300,  4.388803E+01, -1.872613E-03,  9.5312E-01
70400,  2.392312E+01, -9.692053E-03,  9.0625E-01
70500,  8.933722E+00, -7.334719E-03,  9.0625E-01
70600,  2.894535E+01, -8.009424E-03,  9.2188E-01
70700,  1.982564E+01,  5.050756E-04,  9.6875E-01
70800,  3.637352E+01, -9.251147E-03,  8.9062E-01
70900,  2.407569E+01, -6.370454E-04,  9.5312E-01
71000,  2.537973E+01, -8.022802E-03,  9.3750E-01
71100,  4.143620E+01, -6.867711E-03,  9.6875E-01
71200,  4.213740E+01, -1.098126E-02,  9.2188E-01
71300,  3.227912E+01, -1.145940E-02,  8.9062E-01
71400,  3.206478E+01, -1.374321E-02,  8.9062E-01
71500,  5.244167E+01, -3.154674E-03,  9.6875E-01
71600,  3.108413E+01, -1.022740E-02,  9.5312E-01
71700,  1.161883E+01, -3.306899E-03,  9.3750E-01
71800,  2.952342E+01, -3.940397E-03,  9.2188E-01
71900, -2.468451E-01, -9.737816E-05,  9.6875E-01
72000, -9.986737E+00, -1.410827E-02,  9.2188E-01
72100,  5.180871E+00, -3.320385E-03,  9.0625E-01
72200,  2.624216E+01, -1.692011E-02,  8.7500E-01
72300,  3.470707E+01, -6.165697E-03,  9.3750E-01
72400, -8.097356E+00, -9.774298E-03,  9.3750E-01
72500,  6.417562E+00,  3.755055E-03,  9.0625E-01
72600,  7.543034E+00,  8.581835E-05,  9.6875E-01
72700,  2.902665E+01, -7.967371E-03,  9.2188E-01
72800,  2.497539E+01, -2.349300E-03,  9.5312E-01
72900, -9.216354E+00,  7.758493E-05,  9.8438E-01
73000,  2.378957E+01,  8.452553E-03,  9.5312E-01
73100,  2.615584E+01, -6.573247E-04,  9.5312E-01
73200,  3.736960E+01, -3.948342E-03,  9.5312E-01
73300,  5.363577E+01, -5.845058E-03,  9.0625E-01
73400,  9.965914E+00, -1.810917E-03,  9.3750E-01
73500,  2.339430E+01, -1.745641E-03,  9.6875E-01
73600,  1.249090E+00, -7.839397E-03,  9.5312E-01
73700,  5.399630E+01,  7.179622E-03,  8.7500E-01
73800,  4.872451E+01, -1.559689E-02,  9.3750E-01
73900,  1.429499E+01,  5.854506E-04,  9.3750E-01
74000,  8.570724E+00, -1.328880E-03,  9.2188E-01
74100,  1.708521E+01, -4.193346E-03,  9.3750E-01
74200, -3.758046E+00, -5.706908E-03,  9.3750E-01
74300,  5.006601E+01,  2.906595E-03,  9.5312E-01
74400, -1.223937E+01,  5.088657E-03,  9.3750E-01
74500,  2.579782E+01,  7.183339E-04,  9.5312E-01
74600,  2.225579E+01, -1.766269E-03,  9.2188E-01
74700,  3.443552E+01, -9.902120E-04,  9.6875E-01
74800,  2.256257E+01,  1.339562E-03,  9.8438E-01
74900,  3.008044E+01,  3.637020E-03,  9.5312E-01
75000, -4.559820E+00,  1.144682E-03,  9.8438E-01
75100,  2.475395E+01,  1.109078E-03,  9.6875E-01
75200, -1.273878E+01, -5.612558E-03,  9.6875E-01
75300,  4.696746E+01,  2.392423E-04,  9.5312E-01
75400,  5.234363E+01, -7.042101E-03,  9.5312E-01
75500, -8.614514E+00,  2.412438E-03,  9.0625E-01
75600,  1.388056E+01,  6.211394E-03,  9.3750E-01
75700,  1.811075E+01, -8.424451E-03,  9.5312E-01
75800,  8.294882E+00, -6.334169E-04,  9.8438E-01
75900,  6.135909E+01,  6.020009E-03,  9.6875E-01
76000,  3.502936E+01, -9.765135E-03,  9.5312E-01
76100,  7.152640E+00, -3.070978E-03,  9.5312E-01
76200,  1.082964E+01,  1.588697E-03,  9.0625E-01
76300, -1.910318E+01, -4.103361E-03,  8.4375E-01
76400,  2.787656E+01,  2.552758E-03,  9.2188E-01
76500,  8.040092E+00, -2.474757E-04,  9.6875E-01
76600,  1.243051E+01, -4.160017E-03,  9.6875E-01
76700,  5.220645E+01,  1.647546E-03,  9.6875E-01
76800,  3.903263E+01, -5.204725E-03,  9.5312E-01
76900,  3.881624E+01, -7.264751E-03,  9.2188E-01
77000,  3.633295E+01,  2.441334E-03,  9.5312E-01
77100, -2.605637E+01,  9.363210E-04,  9.5312E-01
77200,  1.043833E+01, -4.090892E-03,  9.6875E-01
77300,  3.122986E+01, -1.556256E-03,  9.5312E-01
77400,  2.083516E+01, -4.786828E-03,  9.6875E-01
77500,  9.329136E+00,  4.153261E-03,  9.3750E-01
77600, -2.137173E+01, -9.608782E-03,  9.3750E-01
77700,  1.066108E+01, -2.978893E-03,  9.0625E-01
77800,  1.172166E+01, -6.873726E-03,  9.3750E-01
77900, -4.686862E+00, -4.722541E-03,  9.5312E-01
78000,  1.751442E+00, -9.288397E-03,  9.2188E-01
78100,  4.136857E-01, -6.435639E-03,  9.5312E-01
78200,  2.635965E+01,  2.278965E-03,  9.6875E-01
78300,  3.342330E+01, -1.841759E-03,  9.6875E-01
78400,  5.823782E+01, -9.403091E-03,  9.5312E-01
78500,  8.037297E+00, -1.753519E-03,  9.5312E-01
78600,  2.666897E+01, -9.086005E-03,  9.3750E-01
78700, -7.982999E+00, -4.990379E-03,  9.2188E-01
78800,  3.221619E+01,  1.198885E-04,  9.3750E-01
78900,  1.319355E+01,  7.877991E-03,  9.8438E-01
79000,  6.271497E+01,  1.058604E-03,  1.0000E+00
79100,  5.091307E+01,  1.711929E-03,  1.0000E+00
79200,  5.476436E+00, -7.331247E-03,  9.6875E-01
79300,  5.787523E+01, -9.245375E-03,  9.5312E-01
79400,  2.679395E+01, -1.416453E-02,  8.7500E-01
79500,  5.137949E+01,  2.822724E-03,  9.3750E-01
79600,  1.786222E+01, -3.269935E-03,  9.3750E-01
79700,  2.580526E+01, -6.805996E-03,  9.0625E-01
79800,  8.573338E+00, -3.532218E-03,  9.3750E-01
79900,  1.139157E+01, -3.889524E-03,  9.6875E-01
80000,  5.174285E+01, -5.785089E-04,  9.3750E-01
80100,  4.057299E+01,  6.072921E-03,  9.8438E-01
80200,  9.939919E+00,  1.239693E-03,  9.2188E-01
80300,  3.981251E+01, -6.156664E-03,  9.5312E-01
80400,  1.812380E+01, -9.297058E-03,  9.3750E-01
80500,  1.244243E+01, -6.888795E-03,  9.2188E-01
80600,  4.484497E+00, -6.865518E-03,  9.5312E-01
80700,  2.789937E+00, -1.133794E-04,  9.6875E-01
80800,  4.980430E+01, -2.441747E-03,  9.3750E-01
80900,  6.880250E+00,  6.598779E-03,  9.0625E-01
81000,  2.409677E+01, -6.592080E-03,  9.5312E-01
81100,  2.692964E+01,  3.406213E-03,  9.2188E-01
81200,  2.017080E+01, -1.009335E-02,  8.9062E-01
81300,  2.244920E+01, -7.708623E-03,  9.2188E-01
81400,  2.159642E+01, -9.498788E-04,  9.5312E-01
81500,  2.799275E+01, -1.667891E-03,  9.3750E-01
81600, -2.240443E+01, -4.039973E-03,  9.5312E-01
81700,  6.928527E+00,  2.636714E-03,  9.6875E-01
81800,  1.256646E+01,  2.290608E-03,  9.8438E-01
81900,  4.387679E+00,  2.575058E-03,  9.5312E-01
82000,  1.659987E+01, -3.460838E-03,  9.6875E-01
82100,  4.118835E+01, -1.064966E-03,  9.2188E-01
82200,  6.007861E+01, -1.034359E-02,  9.2188E-01
82300, -7.595301E+00, -5.635190E-03,  9.8438E-01
82400,  2.989599E+01, -6.918594E-03,  9.5312E-01
82500, -6.060588E+00, -2.185033E-04,  9.3750E-01
82600,  1.795955E+00, -8.096877E-03,  9.5312E-01
82700,  1.360872E+01, -4.879451E-03,  9.0625E-01
82800,  2.936279E+01, -1.565929E-02,  9.0625E-01
82900,  3.185380E+01, -4.737345E-03,  9.5312E-01
83000,  1.467159E+01, -3.130590E-03,  9.3750E-01
83100,  1.075385E+00, -5.983431E-03,  9.3750E-01
83200, -2.103030E+00,  5.822933E-03,  9.5312E-01
83300,  5.840730E+00, -6.900777E-03,  9.3750E-01
83400,  3.233377E+01, -2.200989E-04,  9.8438E-01
83500,  2.262384E+01, -4.417839E-03,  9.6875E-01
83600,  3.550721E+01, -9.427174E-03,  9.5312E-01
83700,  1.653115E+01, -9.402134E-03,  9.3750E-01
83800,  3.680313E+00,  2.848579E-03,  9.6875E-01
83900, -2.557144E+01, -5.399222E-03,  9.2188E-01
84000,  3.808056E+01, -7.646897E-03,  9.5312E-01
84100,  9.347424E+00,  1.215471E-03,  9.6875E-01
84200,  7.816064E+00, -6.507058E-04,  9.0625E-01
84300,  2.128827E+01, -7.288995E-03,  9.3750E-01
84400, -1.996501E+01,  2.519966E-03,  9.6875E-01
84500,  1.367675E+01, -2.636109E-05,  9.6875E-01
84600,  1.019410E+01, -8.040766E-03,  9.2188E-01
84700,  2.948338E+01, -5.678315E-03,  9.3750E-01
84800,  1.648402E+00,  5.852052E-04,  9.3750E-01
84900,  3.094993E+01, -5.577991E-03,  9.2188E-01
85000,  7.327081E+00, -6.365431E-03,  9.6875E-01
85100, -1.917326E+01,  2.354550E-03,  8.9062E-01
85200, -2.096343E+00, -1.580855E-04,  9.5312E-01
85300, -7.568485E+00, -3.521910E-03,  9.0625E-01
85400,  2.241584E+01, -9.937750E-03,  9.0625E-01
85500,  3.253160E+01, -6.901732E-04,  9.3750E-01
85600,  5.804573E+01, -1.712846E-02,  8.7500E-01
85700,  1.356987E+01,  6.318837E-05,  9.6875E-01
85800,  2.867750E+01, -7.280537E-03,  9.5312E-01
85900,  1.750460E+01, -3.639813E-03,  9.5312E-01
86000, -1.105778E+00,  4.126621E-03,  9.5312E-01
86100,  3.190554E+00, -1.209207E-04,  9.5312E-01
86200,  3.978266E+01, -6.806409E-03,  9.0625E-01
86300,  3.121643E+01, -8.239063E-03,  9.3750E-01
86400,  1.533086E+01,  3.652261E-03,  9.3750E-01
86500, -8.078917E+00, -1.016189E-02,  9.0625E-01
86600, -4.835069E-02, -1.027889E-02,  8.9062E-01
86700,  4.031536E+01,  4.578901E-03,  9.5312E-01
86800,  1.989742E+01,  3.332378E-03,  9.6875E-01
86900, -6.169047E-01, -2.420302E-03,  9.5312E-01
87000, -9.917020E-01,  6.636360E-04,  8.7500E-01
87100,  1.863534E+01, -1.534497E-03,  9.0625E-01
87200,  2.129723E+01, -2.649371E-03,  9.8438E-01
87300,  1.779803E+01, -3.403756E-03,  9.3750E-01
87400,  1.626900E+01,  3.937168E-03,  9.8438E-01
87500,  2.086657E+01, -1.086486E-03,  9.8438E-01
87600,  1.495305E+01, -2.841603E-03,  9.3750E-01
87700,  2.318349E+01, -3.708069E-03,  9.5312E-01
87800, -6.733268E-01,  1.893097E-03,  9.5312E-01
87900,  4.664743E-01, -5.796587E-03,  9.5312E-01
88000, -3.330742E+00, -3.387127E-03,  9.3750E-01
88100,  6.371301E+00, -7.229956E-03,  9.5312E-01
88200,  2.339511E+01,  1.366062E-03,  9.8438E-01
88300,  8.160204E-01,  3.858462E-03,  9.6875E-01
88400,  1.002864E+01,  9.536333E-04,  9.6875E-01
88500, -1.676159E+01,  5.658679E-03,  9.6875E-01
88600,  6.982401E+00, -2.435187E-03,  9.8438E-01
88700, -1.004392E-01, -5.355862E-03,  9.5312E-01
88800,  1.902038E+01, -1.612523E-03,  9.5312E-01
88900,  6.522851E+00, -4.890878E-04,  9.3750E-01
89000,  7.469583E+00,  4.517427E-03,  9.5312E-01
89100,  9.531216E+00,  2.726630E-03,  9.5312E-01
89200,  7.565616E+00,  2.319328E-03,  9.3750E-01
89300, -1.879591E-01, -4.136498E-03,  9.0625E-01
89400,  2.084972E+01, -1.958927E-02,  9.0625E-01
89500,  3.516571E+01, -8.754129E-03,  9.5312E-01
89600,  1.088969E+01, -9.599550E-03,  8.7500E-01
89700,  1.630000E+01,  2.344800E-03,  9.5312E-01
89800, -9.220172E-01, -2.431998E-03,  9.6875E-01
89900,  2.112526E+01,  5.940318E-03,  9.6875E-01
90000,  2.759861E+01, -6.169298E-03,  9.3750E-01
90100,  2.349383E+01, -2.856544E-03,  9.5312E-01
90200,  1.569935E+01, -6.367222E-04,  9.5312E-01
90300,  8.497478E-01, -1.652865E-03,  9.6875E-01
90400,  2.997581E+01, -2.577509E-03,  9.3750E-01
90500,  1.185969E+01, -1.069121E-02,  8.9062E-01
90600,  2.290621E+01,  1.088514E-03,  9.5312E-01
90700,  2.284895E+01, -4.346603E-03,  9.3750E-01
90800,  3.418754E+01,  3.033240E-03,  9.6875E-01
90900,  4.597635E+01, -3.187778E-03,  9.0625E-01
91000, -9.939583E+00,  4.875773E-03,  9.6875E-01
91100,  2.184385E+01,  9.143647E-04,  9.8438E-01
91200, -3.341287E+01, -4.435373E-03,  9.2188E-01
91300,  3.644818E+01, -6.581718E-03,  9.6875E-01
91400,  1.443452E+01,  2.279394E-03,  9.6875E-01
91500,  7.327048E+01, -1.146720E-02,  8.7500E-01
91600, -4.455362E+01,  6.630616E-04,  9.0625E-01
91700, -5.809554E+00,  1.664978E-02,  9.5312E-01
91800, -3.034959E+01, -3.676616E-03,  9.5312E-01
91900,  1.322037E+01,  5.063745E-03,  9.8438E-01
92000,  5.913106E+01,  3.513685E-03,  9.5312E-01
92100,  5.302293E+00, -9.495111E-04,  9.5312E-01
92200,  2.617907E+00,  3.364152E-03,  9.3750E-01
92300,  3.114507E+01, -1.750959E-04,  9.3750E-01
92400,  2.640415E+00, -9.402362E-03,  9.3750E-01
92500,  4.751522E+01, -1.659972E-02,  9.0625E-01
92600,  5.176364E+01, -3.141210E-03,  9.2188E-01
92700,  3.376094E+00, -2.389273E-03,  9.5312E-01
92800,  2.601741E+01, -6.424717E-03,  9.0625E-01
92900,  2.361912E+01,  1.497277E-03,  9.5312E-01
93000,  1.852676E+01, -5.507382E-03,  9.6875E-01
93100,  3.896215E+01,  6.378297E-04,  9.6875E-01
93200,  6.695136E+00, -5.485414E-03,  9.2188E-01
93300,  9.740187E+00, -1.384018E-02,  9.2188E-01
93400,  1.580861E+01, -9.040810E-03,  9.5312E-01
93500,  4.632887E+01, -6.312958E-03,  9.2188E-01
93600,  1.407766E+01, -8.129431E-03,  9.2188E-01
93700,  6.922233E+00, -2.664258E-03,  9.3750E-01
93800,  1.208145E+01, -3.100033E-03,  9.6875E-01
93900,  3.166606E+01, -2.734276E-03,  9.6875E-01
94000,  4.704963E+01, -4.487324E-04,  9.8438E-01
94100,  2.638195E+01, -1.213349E-02,  9.2188E-01
94200,  1.727330E+01, -2.668034E-03,  9.2188E-01
94300,  6.713819E+00, -7.582028E-03,  9.2188E-01
94400,  5.687034E+01, -6.553614E-03,  9.5312E-01
94500,  2.953131E+01, -5.913700E-03,  9.3750E-01
94600,  1.155075E+01,  4.377068E-03,  8.9062E-01
94700,  3.725789E+01, -3.062403E-03,  9.5312E-01
94800,  2.519050E+01,  3.235132E-03,  9.6875E-01
94900, -7.799469E+00, -2.479523E-03,  9.5312E-01
95000,  5.086398E+01, -1.925350E-03,  9.3750E-01
95100,  5.058773E+01, -1.105818E-03,  9.6875E-01
95200,  1.354647E+01, -7.018341E-03,  9.3750E-01
95300,  6.241454E+01, -1.907480E-03,  9.0625E-01
95400,  4.521710E+01, -8.369459E-03,  9.2188E-01
95500,  3.424535E+01, -2.629975E-03,  9.0625E-01
95600,  3.810534E+01, -2.590824E-03,  9.3750E-01
95700,  5.345493E+01, -2.671536E-03,  9.3750E-01
95800,  1.776198E+01, -9.891973E-03,  9.5312E-01
95900,  2.313657E+01,  1.844610E-03,  9.5312E-01
96000,  3.656474E+01, -4.125775E-03,  9.2188E-01
96100,  2.259906E+01, -4.611383E-03,  9.5312E-01
96200,  4.812421E+01,  1.184564E-03,  1.0000E+00
96300,  1.903264E+01,  6.767083E-05,  9.2188E-01
96400,  5.624408E+01, -9.536220E-03,  9.3750E-01
96500,  1.746589E+01, -2.224391E-03,  9.5312E-01
96600,  5.147270E+01,  9.344681E-05,  9.6875E-01
96700,  6.045944E+00,  1.111017E-03,  9.8438E-01
96800,  2.535133E+01, -8.657376E-04,  9.3750E-01
96900,  2.752511E+01,  5.674419E-03,  9.3750E-01
97000,  4.655142E+01, -4.997970E-03,  9.3750E-01
97100,  2.386967E+01,  5.318230E-03,  9.8438E-01
97200,  3.515329E+01, -7.510504E-04,  9.6875E-01
97300,  1.663890E+01, -2.937345E-04,  9.5312E-01
97400,  6.761734E+01,  1.188750E-03,  1.0000E+00
97500,  5.420061E+01, -1.459277E-03,  9.2188E-01
97600,  4.445309E+01, -8.750813E-03,  9.5312E-01
97700,  1.316721E+01,  2.041411E-03,  9.6875E-01
97800,  2.240051E+01, -3.261359E-03,  9.2188E-01
97900,  4.888338E+01, -5.485250E-03,  9.6875E-01
98000,  2.238972E+01, -5.139560E-03,  9.6875E-01
98100,  5.013046E+01, -3.818773E-03,  9.5312E-01
98200,  3.778092E+01, -9.345734E-03,  9.5312E-01
98300,  4.788801E+01, -4.478366E-03,  9.0625E-01
98400,  1.856142E+01, -1.475382E-02,  9.5312E-01
98500,  4.369618E+01,  4.148306E-04,  9.6875E-01
98600,  4.364264E+00, -1.644506E-02,  8.9062E-01
98700,  3.573260E+01, -5.630081E-03,  9.5312E-01
98800,  1.334703E+01, -5.193012E-03,  9.3750E-01
98900,  1.115239E+01, -6.250958E-03,  9.2188E-01
99000,  7.255197E+00, -7.374014E-03,  9.2188E-01
99100,  2.737858E+01, -7.207337E-03,  9.5312E-01
99200,  2.773845E+01, -8.553782E-03,  8.7500E-01
99300,  1.440475E+01, -9.226123E-04,  9.5312E-01
99400, -5.262277E+00,  4.115653E-03,  9.6875E-01
99500,  1.096738E+01, -3.312232E-04,  9.8438E-01
99600,  3.297108E+01, -2.945565E-03,  9.5312E-01
99700,  2.211204E+01, -1.201789E-02,  9.0625E-01
99800,  2.678144E+01, -2.092996E-04,  1.0000E+00
99900,  1.742031E+00, -6.869754E-03,  9.2188E-01
100000,  6.417055E+01, -1.625963E-03,  9.6875E-01
