# step, gen_loss, dis_loss, train_acc
100, -3.251178E+01, -2.508438E-01,  5.9375E-01
200, -2.551161E+01, -1.692396E-01,  7.6562E-01
300, -2.218136E+01, -1.935869E-01,  7.6562E-01
400, -2.099407E+01, -1.943898E-01,  7.6562E-01
500, -1.683781E+01, -1.791962E-01,  8.1250E-01
600, -1.436726E+01, -2.349900E-01,  7.8125E-01
700, -6.606591E+00, -1.810863E-01,  8.9062E-01
800, -3.455868E+00, -2.177248E-01,  8.4375E-01
900, -2.813096E+00, -2.015010E-01,  9.2188E-01
1000, -3.455603E+00, -1.496730E-01,  8.5938E-01
1100, -1.663077E+00, -2.413163E-01,  7.8125E-01
1200, -1.638767E+00, -1.891770E-01,  8.2812E-01
1300, -1.601550E+00, -2.232579E-01,  8.4375E-01
1400, -1.343158E+00, -1.984806E-01,  9.2188E-01
1500, -1.501051E+00, -1.735449E-01,  8.1250E-01
1600, -1.260449E+00, -2.153897E-01,  7.6562E-01
1700, -1.300420E+00, -1.608912E-01,  8.2812E-01
1800, -4.311199E-01, -1.947304E-01,  8.1250E-01
1900, -3.467499E-01, -1.618493E-01,  8.7500E-01
2000, -8.293972E-01, -1.611958E-01,  8.1250E-01
2100, -1.076219E+00, -1.335381E-01,  8.1250E-01
2200, -8.463987E-01, -1.580098E-01,  7.8125E-01
2300, -6.474283E-01, -1.246992E-01,  8.9062E-01
2400, -4.974090E-01, -1.811776E-01,  7.9688E-01
2500, -5.406401E-01, -1.402259E-01,  8.5938E-01
2600, -3.036607E-01, -1.769100E-01,  8.4375E-01
2700, -8.486073E-01, -1.335928E-01,  8.1250E-01
2800, -1.017710E+00, -1.896926E-01,  8.9062E-01
2900, -8.662103E-01, -1.594130E-01,  7.8125E-01
3000, -4.559817E-01, -1.558072E-01,  8.1250E-01
3100, -7.300401E-01, -1.876491E-01,  8.7500E-01
3200, -8.099312E-01, -1.425568E-01,  8.5938E-01
3300, -9.396150E-01, -1.505443E-01,  8.5938E-01
3400, -6.859702E-01, -1.863397E-01,  7.8125E-01
3500, -9.037077E-01, -1.544653E-01,  8.1250E-01
3600, -1.251053E+00, -1.928513E-01,  8.4375E-01
3700, -8.557675E-01, -1.540211E-01,  8.2812E-01
3800, -5.386044E-01, -1.735484E-01,  8.4375E-01
3900, -5.660056E-01, -1.508954E-01,  8.4375E-01
4000, -7.073486E-01, -1.537397E-01,  8.9062E-01
4100, -1.025457E+00, -1.660102E-01,  8.5938E-01
4200, -3.960142E-01, -1.626618E-01,  8.2812E-01
4300, -1.101980E+00, -1.495839E-01,  9.0625E-01
4400, -8.991300E-01, -1.151773E-01,  8.9062E-01
4500, -9.554011E-01, -1.327067E-01,  8.5938E-01
4600, -1.310912E+00, -1.664183E-01,  8.1250E-01
4700, -8.635113E-01, -1.819294E-01,  8.2812E-01
4800, -7.627983E-01, -1.182246E-01,  8.9062E-01
4900, -7.697564E-01, -1.668415E-01,  8.7500E-01
5000, -9.845573E-01, -1.170962E-01,  8.7500E-01
5100, -8.238542E-01, -1.078683E-01,  8.2812E-01
5200, -6.088686E-01, -1.216899E-01,  8.1250E-01
5300, -6.163731E-01, -1.314696E-01,  7.9688E-01
5400, -8.834007E-01, -1.431433E-01,  8.5938E-01
5500, -9.483789E-01, -1.415312E-01,  9.0625E-01
5600, -7.662753E-01, -1.582720E-01,  8.5938E-01
5700, -9.236644E-01, -1.288329E-01,  7.5000E-01
5800, -1.227189E+00, -1.384913E-01,  7.3438E-01
5900, -1.067100E+00, -1.219936E-01,  9.0625E-01
6000, -1.029186E+00, -1.353317E-01,  8.5938E-01
6100, -1.115839E+00, -1.291574E-01,  7.8125E-01
6200, -1.058729E+00, -1.372725E-01,  7.9688E-01
6300, -6.495381E-01, -1.501441E-01,  7.3438E-01
6400, -7.269340E-01, -9.437434E-02,  8.9062E-01
6500, -5.781755E-01, -1.593426E-01,  8.4375E-01
6600, -7.510677E-01, -1.088935E-01,  8.9062E-01
6700, -7.242239E-01, -1.323029E-01,  9.2188E-01
6800, -1.064543E+00, -1.344483E-01,  8.5938E-01
6900, -5.706813E-01, -8.617972E-02,  8.7500E-01
7000, -5.457649E-01, -1.617182E-01,  7.9688E-01
7100, -1.101281E+00, -1.134465E-01,  7.9688E-01
7200, -6.947463E-01, -1.436995E-01,  8.4375E-01
7300, -4.269301E-01, -1.386181E-01,  9.0625E-01
7400, -8.660306E-01, -1.126299E-01,  8.4375E-01
7500, -8.400434E-01, -1.375024E-01,  8.4375E-01
7600, -9.240876E-01, -1.185939E-01,  8.4375E-01
7700, -8.963073E-01, -1.045279E-01,  8.2812E-01
7800, -6.999800E-01, -1.333283E-01,  8.1250E-01
7900, -7.680789E-01, -9.637415E-02,  9.0625E-01
8000, -1.069673E+00, -1.108996E-01,  8.9062E-01
8100, -5.630416E-01, -1.250641E-01,  8.5938E-01
8200, -9.290816E-01, -1.481204E-01,  7.5000E-01
8300, -7.607278E-01, -1.252783E-01,  8.9062E-01
8400, -5.830027E-01, -1.355738E-01,  8.7500E-01
8500, -8.345247E-01, -5.819068E-02,  8.9062E-01
8600, -7.747117E-01, -1.268808E-01,  8.4375E-01
8700, -7.770017E-01, -1.303500E-01,  8.2812E-01
8800, -5.651991E-01, -1.193776E-01,  8.2812E-01
8900, -8.689129E-01, -1.133527E-01,  7.9688E-01
9000, -7.612299E-01, -9.344885E-02,  9.0625E-01
9100, -1.018692E+00, -1.109263E-01,  9.0625E-01
9200, -8.523509E-01, -1.062479E-01,  8.1250E-01
9300, -8.204990E-01, -1.346578E-01,  7.9688E-01
9400, -5.141003E-01, -1.085620E-01,  8.2812E-01
9500, -5.520808E-01, -1.277274E-01,  7.9688E-01
9600, -8.936473E-01, -1.357495E-01,  8.2812E-01
9700, -7.827843E-01, -1.007124E-01,  7.8125E-01
9800, -6.267213E-01, -1.498576E-01,  7.6562E-01
9900, -7.141206E-01, -1.043686E-01,  7.8125E-01
10000, -4.235519E-01, -1.246773E-01,  8.5938E-01
10100, -1.223982E-01, -1.267228E-01,  8.1250E-01
10200, -6.714615E-01, -1.243583E-01,  9.0625E-01
10300, -5.153759E-01, -1.307009E-01,  8.2812E-01
10400, -8.038841E-01, -1.333751E-01,  8.4375E-01
10500, -6.391311E-01, -1.209669E-01,  8.4375E-01
10600, -6.620651E-01, -1.012651E-01,  8.9062E-01
10700, -3.666008E-01, -9.209769E-02,  8.4375E-01
10800, -2.374246E-01, -8.652738E-02,  7.9688E-01
10900, -4.512517E-01, -9.427355E-02,  8.2812E-01
11000, -6.771926E-01, -1.012799E-01,  8.1250E-01
11100, -2.097327E-01, -9.134493E-02,  9.2188E-01
11200, -7.782449E-01, -1.112357E-01,  8.4375E-01
11300, -7.939810E-01, -1.058543E-01,  8.2812E-01
11400, -8.681715E-01, -8.235966E-02,  9.2188E-01
11500, -4.182901E-01, -9.059475E-02,  8.1250E-01
11600, -5.632010E-01, -7.909752E-02,  9.6875E-01
11700, -7.531651E-01, -9.519976E-02,  9.0625E-01
11800, -8.067163E-01, -1.095245E-01,  8.5938E-01
11900, -6.593600E-01, -9.903116E-02,  8.4375E-01
12000, -7.535818E-01, -8.855607E-02,  8.7500E-01
12100, -6.186028E-01, -1.206765E-01,  8.1250E-01
12200, -6.158550E-01, -9.197677E-02,  8.5938E-01
12300, -6.642108E-01, -7.223025E-02,  8.7500E-01
12400, -4.028594E-01, -8.095032E-02,  8.1250E-01
12500, -5.195526E-01, -9.481817E-02,  8.5938E-01
12600, -5.883540E-01, -8.797919E-02,  9.0625E-01
12700, -6.474490E-01, -7.885387E-02,  9.2188E-01
12800, -5.481700E-01, -8.795112E-02,  8.7500E-01
12900, -2.599376E-01, -1.186509E-01,  7.9688E-01
13000, -5.149556E-01, -5.126668E-02,  9.3750E-01
13100, -5.370861E-01, -1.138693E-01,  8.2812E-01
13200, -6.605431E-01, -7.244160E-02,  9.2188E-01
13300, -4.097626E-01, -4.926297E-02,  9.0625E-01
13400, -8.732890E-01, -9.972980E-02,  8.4375E-01
13500, -7.947358E-01, -9.094038E-02,  8.4375E-01
13600, -3.206125E-01, -9.514932E-02,  8.4375E-01
13700, -7.260786E-01, -8.463574E-02,  8.4375E-01
13800, -1.042954E+00, -7.933003E-02,  8.4375E-01
13900, -2.833912E-01, -6.493278E-02,  9.2188E-01
14000, -8.057687E-01, -5.972840E-02,  8.9062E-01
14100, -6.554000E-01, -7.622418E-02,  9.2188E-01
14200, -8.626876E-01, -8.128152E-02,  8.2812E-01
14300, -6.110973E-01, -7.721963E-02,  8.7500E-01
14400, -2.706331E-01, -9.159788E-02,  8.7500E-01
14500, -8.913994E-01, -8.739722E-02,  8.5938E-01
14600, -7.793178E-01, -7.856078E-02,  8.5938E-01
14700, -1.006440E+00, -6.200664E-02,  8.5938E-01
14800, -4.346404E-01, -8.763928E-02,  8.7500E-01
14900, -3.695050E-01, -8.725593E-02,  8.9062E-01
15000, -7.915130E-01, -8.139265E-02,  8.5938E-01
15100, -8.917497E-01, -1.123225E-01,  8.1250E-01
15200, -4.363153E-01, -7.628930E-02,  8.5938E-01
15300, -7.523407E-01, -9.661365E-02,  7.6562E-01
15400, -9.660918E-01, -1.295984E-01,  8.2812E-01
15500, -8.370098E-01, -4.881142E-02,  8.5938E-01
15600, -8.239806E-01, -9.558885E-02,  8.5938E-01
15700, -5.965147E-01, -8.745703E-02,  8.2812E-01
15800, -8.681382E-01, -5.615637E-02,  8.7500E-01
15900, -1.293236E+00, -7.595314E-02,  9.0625E-01
16000, -1.003079E+00, -7.611741E-02,  8.7500E-01
16100, -1.120700E+00, -8.735104E-02,  8.4375E-01
16200, -6.732100E-01, -9.935889E-02,  8.5938E-01
16300, -6.951313E-01, -8.637544E-02,  8.1250E-01
16400, -7.708703E-01, -1.047735E-01,  8.2812E-01
16500, -7.635004E-01, -7.874606E-02,  8.9062E-01
16600, -1.200176E+00, -7.142498E-02,  8.7500E-01
16700, -9.508116E-01, -8.828592E-02,  8.4375E-01
16800, -1.121953E+00, -6.620968E-02,  8.7500E-01
16900, -8.967829E-01, -6.628454E-02,  9.0625E-01
17000, -9.751049E-01, -7.888693E-02,  8.5938E-01
17100, -6.422467E-01, -7.097241E-02,  8.9062E-01
17200, -6.029380E-01, -4.959342E-02,  8.9062E-01
17300, -7.320666E-01, -7.846498E-02,  8.7500E-01
17400, -3.821196E-01, -6.244636E-02,  8.9062E-01
17500, -5.664765E-01, -8.689246E-02,  8.2812E-01
17600, -7.174586E-01, -7.706192E-02,  8.9062E-01
17700, -1.912670E-01, -1.026194E-01,  8.4375E-01
17800, -6.817358E-01, -7.762349E-02,  9.3750E-01
17900, -8.586801E-01, -7.990107E-02,  8.7500E-01
18000, -8.944772E-01, -7.063334E-02,  8.7500E-01
18100, -6.378846E-01, -7.429639E-02,  9.0625E-01
18200, -7.599239E-01, -5.940749E-02,  8.7500E-01
18300, -5.629779E-01, -8.223793E-02,  8.9062E-01
18400, -7.365499E-01, -6.298492E-02,  8.5938E-01
18500, -7.904316E-01, -7.272020E-02,  8.5938E-01
18600, -2.918875E-01, -9.938852E-02,  8.7500E-01
18700, -2.864786E-01, -7.887566E-02,  8.9062E-01
18800, -7.002503E-01, -6.498584E-02,  8.7500E-01
18900, -5.909824E-01, -9.142109E-02,  8.7500E-01
19000, -3.746303E-01, -8.310035E-02,  8.9062E-01
19100, -6.168749E-01, -8.700769E-02,  9.0625E-01
19200, -2.692927E-01, -9.247644E-02,  9.0625E-01
19300, -5.709534E-01, -8.313867E-02,  8.2812E-01
19400, -4.592788E-01, -7.114178E-02,  8.5938E-01
19500, -7.347438E-01, -5.637113E-02,  8.9062E-01
19600, -5.493039E-01, -7.832365E-02,  8.4375E-01
19700, -6.039150E-01, -9.065352E-02,  8.4375E-01
19800, -6.433918E-01, -6.878590E-02,  8.2812E-01
19900, -9.747637E-01, -6.218646E-02,  8.5938E-01
20000, -6.828349E-01, -9.446375E-02,  8.5938E-01
20100, -9.569267E-01, -4.247304E-02,  9.0625E-01
20200, -5.365998E-01, -9.677027E-02,  8.9062E-01
20300, -1.177936E+00, -6.734987E-02,  9.0625E-01
20400, -5.824810E-01, -5.157456E-02,  9.0625E-01
20500, -3.941267E-01, -8.663525E-02,  8.1250E-01
20600, -6.783088E-01, -6.186840E-02,  8.4375E-01
20700, -2.680728E-01, -1.089857E-01,  7.8125E-01
20800, -8.883607E-01, -8.037279E-02,  8.7500E-01
20900, -2.748542E-01, -9.139463E-02,  8.9062E-01
21000, -3.863848E-01, -8.089169E-02,  8.7500E-01
21100, -8.799552E-01, -6.763218E-02,  8.7500E-01
21200, -4.386326E-01, -7.365123E-02,  8.7500E-01
21300, -5.554841E-01, -8.549880E-02,  9.0625E-01
21400, -3.487727E-01, -8.640608E-02,  8.9062E-01
21500, -6.062371E-01, -6.800725E-02,  8.5938E-01
21600, -1.362034E-01, -9.297372E-02,  8.7500E-01
21700, -3.155809E-01, -9.428844E-02,  8.9062E-01
21800, -4.377614E-01, -7.077928E-02,  8.4375E-01
21900, -2.103614E-01, -9.124112E-02,  8.5938E-01
22000,  1.199179E-01, -7.769014E-02,  8.7500E-01
22100,  1.755046E-01, -7.523994E-02,  8.5938E-01
22200,  1.460865E-01, -5.748424E-02,  9.2188E-01
22300,  5.838394E-01, -4.941149E-02,  8.4375E-01
22400,  5.139955E-01, -7.052089E-02,  8.2812E-01
22500,  3.949235E-01, -8.282985E-02,  8.4375E-01
22600,  9.094566E-01, -1.117543E-01,  7.8125E-01
22700,  5.793687E-01, -4.203540E-02,  8.9062E-01
22800,  5.037356E-01, -6.422384E-02,  8.9062E-01
22900,  1.498652E-01, -9.190306E-02,  8.4375E-01
23000,  2.023546E-01, -6.935239E-02,  8.2812E-01
23100,  2.703385E-01, -6.706230E-02,  8.5938E-01
23200,  2.798859E-01, -5.512957E-02,  9.0625E-01
23300,  5.178035E-01, -8.532146E-02,  8.2812E-01
23400,  4.291306E-01, -3.984275E-02,  8.4375E-01
23500,  7.001942E-01, -7.970326E-02,  7.8125E-01
23600, -6.311819E-02, -9.359305E-02,  8.4375E-01
23700,  4.982963E-01, -7.751234E-02,  8.1250E-01
23800,  8.904883E-01, -4.289159E-02,  9.5312E-01
23900,  6.926022E-01, -7.613494E-02,  8.7500E-01
24000,  3.991312E-01, -7.108956E-02,  7.8125E-01
24100,  7.007793E-01, -8.438370E-02,  8.7500E-01
24200,  6.846684E-01, -9.532787E-02,  7.9688E-01
24300,  1.054127E+00, -5.872661E-02,  9.2188E-01
24400,  8.842775E-01, -3.006835E-02,  9.2188E-01
24500,  5.690926E-01, -6.880017E-02,  8.5938E-01
24600,  5.878881E-01, -4.127491E-02,  8.9062E-01
24700,  8.515601E-01, -7.105461E-02,  8.9062E-01
24800,  7.436354E-01, -8.758774E-02,  7.9688E-01
24900,  1.010698E+00, -6.300652E-02,  9.6875E-01
25000,  8.493400E-01, -5.907407E-02,  7.6562E-01
25100,  9.958411E-01, -8.536126E-02,  8.7500E-01
25200,  1.177287E+00, -8.008128E-02,  8.4375E-01
25300,  1.263709E+00, -4.390052E-02,  9.3750E-01
25400,  1.073543E+00, -5.517305E-02,  8.5938E-01
25500,  1.157799E+00, -5.997206E-02,  9.0625E-01
25600,  6.367695E-01, -6.915797E-02,  8.4375E-01
25700,  1.419024E+00, -7.327251E-02,  9.3750E-01
25800,  1.350726E+00, -4.977950E-02,  8.7500E-01
25900,  1.216148E+00, -6.336811E-02,  8.2812E-01
26000,  7.043902E-01, -5.859381E-02,  9.2188E-01
26100,  1.370139E+00, -5.727509E-02,  9.0625E-01
26200,  1.149869E+00, -5.524255E-02,  8.9062E-01
26300,  1.092221E+00, -5.754743E-02,  8.2812E-01
26400,  1.305237E+00, -8.137111E-02,  8.9062E-01
26500,  1.194281E+00, -5.291232E-02,  8.7500E-01
26600,  1.033967E+00, -6.889971E-02,  9.0625E-01
26700,  8.078773E-01, -7.296278E-02,  8.4375E-01
26800,  1.029903E+00, -8.055097E-02,  8.7500E-01
26900,  1.176932E+00, -5.235019E-02,  9.2188E-01
27000,  2.007354E+00, -2.393662E-02,  9.3750E-01
27100,  1.063800E+00, -3.234649E-02,  9.6875E-01
27200,  1.312757E+00, -6.571272E-02,  9.2188E-01
27300,  1.405707E+00, -6.311809E-02,  9.0625E-01
27400,  1.252078E+00, -5.016317E-02,  9.2188E-01
27500,  7.704198E-01, -4.841484E-02,  9.2188E-01
27600,  1.191080E+00, -4.055979E-02,  8.5938E-01
27700,  1.230931E+00, -9.894433E-02,  7.8125E-01
27800,  1.012430E+00, -8.766149E-02,  8.1250E-01
27900,  1.357799E+00, -5.010902E-02,  9.2188E-01
28000,  1.488438E+00, -5.134812E-02,  8.9062E-01
28100,  1.748199E+00, -5.156581E-02,  8.7500E-01
28200,  9.600220E-01, -5.172772E-02,  9.3750E-01
28300,  1.772973E+00, -5.723896E-02,  8.7500E-01
28400,  1.102381E+00, -7.705605E-02,  8.4375E-01
28500,  1.339442E+00, -7.280935E-02,  8.5938E-01
28600,  1.488810E+00, -6.614304E-02,  8.7500E-01
28700,  1.254843E+00, -6.057671E-02,  8.2812E-01
28800,  1.444909E+00, -5.421135E-02,  9.0625E-01
28900,  1.175368E+00, -6.993790E-02,  8.2812E-01
29000,  1.093634E+00, -4.049593E-02,  9.6875E-01
29100,  8.299379E-01, -4.010991E-02,  9.2188E-01
29200,  1.199664E+00, -7.392669E-02,  9.0625E-01
29300,  1.757742E+00, -1.065317E-01,  8.5938E-01
29400,  1.154045E+00, -7.090729E-02,  9.0625E-01
29500,  1.026300E+00, -7.391226E-02,  9.3750E-01
29600,  1.148345E+00, -6.637432E-02,  9.3750E-01
29700,  1.820344E+00, -6.443781E-02,  8.9062E-01
29800,  1.083297E+00, -5.644486E-02,  9.3750E-01
29900,  9.912747E-01, -3.341030E-02,  9.2188E-01
30000,  9.588994E-01, -6.178403E-02,  9.0625E-01
30100,  1.262566E+00, -7.161534E-02,  8.1250E-01
30200,  1.425584E+00, -9.565356E-02,  8.2812E-01
30300,  1.344527E+00, -6.537208E-02,  8.9062E-01
30400,  1.471115E+00, -6.691551E-02,  8.9062E-01
30500,  1.543869E+00, -4.946006E-02,  9.2188E-01
30600,  1.728055E+00, -8.012590E-02,  8.4375E-01
30700,  8.741955E-01, -9.174517E-02,  7.8125E-01
30800,  1.298573E+00, -4.786532E-02,  9.2188E-01
30900,  1.218126E+00, -6.181721E-02,  8.7500E-01
31000,  1.758764E+00, -6.745347E-02,  9.5312E-01
31100,  1.796751E+00, -7.525104E-02,  8.4375E-01
31200,  1.588062E+00, -4.941818E-02,  8.9062E-01
31300,  1.663064E+00, -7.514051E-02,  7.9688E-01
31400,  1.116979E+00, -5.950738E-02,  8.9062E-01
31500,  1.066807E+00, -4.986454E-02,  9.3750E-01
31600,  1.055117E+00, -8.113902E-02,  8.5938E-01
31700,  1.216510E+00, -2.919898E-02,  9.2188E-01
31800,  1.600676E+00, -4.536250E-02,  9.3750E-01
31900,  1.332379E+00, -8.084462E-02,  8.4375E-01
32000,  9.413696E-01, -4.976596E-02,  8.9062E-01
32100,  1.130903E+00, -7.822397E-02,  8.9062E-01
32200,  1.111803E+00, -7.094891E-02,  8.7500E-01
32300,  1.463441E+00, -7.737455E-02,  8.9062E-01
32400,  1.265910E+00, -5.874442E-02,  9.2188E-01
32500,  1.174373E+00, -7.004955E-02,  8.7500E-01
32600,  1.580941E+00, -4.929145E-02,  9.5312E-01
32700,  8.486035E-01, -4.146580E-02,  9.0625E-01
32800,  1.332011E+00, -5.260123E-02,  8.9062E-01
32900,  1.135068E+00, -6.717646E-02,  7.9688E-01
33000,  7.164980E-01, -5.885948E-02,  8.9062E-01
33100,  1.056474E+00, -4.155085E-02,  9.3750E-01
33200,  1.305640E+00, -9.688144E-02,  8.1250E-01
33300,  1.235137E+00, -5.939694E-02,  9.2188E-01
33400,  1.021822E+00, -5.778695E-02,  9.0625E-01
33500,  9.267564E-01, -7.481138E-02,  8.4375E-01
33600,  7.303448E-01, -4.530149E-02,  9.0625E-01
33700,  7.668880E-01, -5.342863E-02,  8.7500E-01
33800,  1.055268E+00, -4.730458E-02,  9.2188E-01
33900,  8.414129E-01, -6.522330E-02,  8.2812E-01
34000,  1.509710E+00, -5.867480E-02,  9.2188E-01
34100,  7.563922E-01, -6.129827E-02,  9.2188E-01
34200,  1.185183E+00, -4.561202E-02,  8.7500E-01
34300,  1.313173E+00, -3.535522E-02,  8.9062E-01
34400,  1.186000E+00, -3.820280E-02,  9.2188E-01
34500,  7.970054E-01, -7.151859E-02,  8.9062E-01
34600,  1.157395E+00, -6.153125E-02,  9.2188E-01
34700,  7.688769E-01, -5.606905E-02,  8.9062E-01
34800,  1.038003E+00, -7.401993E-02,  8.4375E-01
34900,  1.808973E+00, -4.159587E-02,  9.2188E-01
35000,  9.578333E-01, -5.873778E-02,  9.5312E-01
35100,  1.512959E+00, -6.103515E-02,  8.5938E-01
35200,  1.872649E+00, -5.581655E-02,  8.5938E-01
35300,  1.612928E+00, -5.949894E-02,  8.9062E-01
35400,  1.551937E+00, -5.437212E-02,  8.9062E-01
35500,  1.321531E+00, -5.581375E-02,  8.5938E-01
35600,  1.791053E+00, -7.222378E-02,  8.4375E-01
35700,  1.614633E+00, -5.976672E-02,  8.2812E-01
35800,  1.623440E+00, -6.523776E-02,  8.5938E-01
35900,  9.052572E-01, -5.520310E-02,  9.2188E-01
36000,  1.422347E+00, -6.354854E-02,  8.9062E-01
36100,  1.918530E+00, -7.253645E-02,  8.4375E-01
36200,  1.608125E+00, -5.258876E-02,  9.0625E-01
36300,  1.578988E+00, -5.819998E-02,  9.0625E-01
36400,  1.541918E+00, -7.297811E-02,  8.4375E-01
36500,  9.875073E-01, -4.780765E-02,  9.3750E-01
36600,  1.755172E+00, -7.497078E-02,  9.0625E-01
36700,  1.451982E+00, -7.027210E-02,  9.0625E-01
36800,  1.985504E+00, -7.360781E-02,  8.7500E-01
36900,  1.115827E+00, -5.792732E-02,  8.7500E-01
37000,  9.574231E-01, -4.223144E-02,  9.5312E-01
37100,  1.847067E+00, -5.543714E-02,  8.9062E-01
37200,  1.704707E+00, -6.621182E-02,  9.0625E-01
37300,  1.514476E+00, -3.982790E-02,  9.2188E-01
37400,  1.363717E+00, -6.906817E-02,  8.2812E-01
37500,  2.144080E+00, -4.811892E-02,  9.2188E-01
37600,  9.428794E-01, -4.875638E-02,  8.7500E-01
37700,  1.014634E+00, -4.197881E-02,  9.2188E-01
37800,  1.322887E+00, -5.766577E-02,  8.7500E-01
37900,  5.553404E-01, -5.947780E-02,  8.5938E-01
38000,  1.580964E+00, -3.840156E-02,  9.2188E-01
38100,  2.035546E+00, -5.036703E-02,  9.2188E-01
38200,  2.167851E+00, -3.960019E-02,  9.2188E-01
38300,  1.760083E+00, -3.818081E-02,  9.2188E-01
38400,  8.320464E-01, -7.923479E-02,  8.4375E-01
38500,  1.534654E+00, -6.351962E-02,  9.0625E-01
38600,  6.072359E-01, -6.084085E-02,  8.9062E-01
38700,  1.261262E+00, -7.760064E-02,  8.2812E-01
38800,  1.628629E+00, -4.875961E-02,  9.0625E-01
38900,  1.471047E+00, -8.908018E-02,  8.9062E-01
39000,  1.975627E+00, -5.712677E-02,  9.2188E-01
39100,  1.347324E+00, -5.504110E-02,  8.7500E-01
39200,  2.024143E+00, -8.319974E-02,  8.9062E-01
39300,  1.269140E+00, -6.743540E-02,  8.9062E-01
39400,  1.142171E+00, -6.860854E-02,  8.5938E-01
39500,  1.438725E+00, -3.294797E-02,  9.2188E-01
39600,  1.254355E+00, -4.835524E-02,  9.2188E-01
39700,  1.486202E+00, -5.784518E-02,  9.0625E-01
39800,  2.047182E+00, -7.200398E-02,  8.5938E-01
39900,  9.708822E-01, -5.141664E-02,  9.2188E-01
40000,  1.138239E+00, -5.956440E-02,  9.2188E-01
40100,  1.603761E+00, -6.820586E-02,  9.3750E-01
40200,  1.224378E+00, -6.905569E-02,  8.7500E-01
40300,  1.564790E+00, -5.497437E-02,  9.0625E-01
40400,  1.656543E+00, -6.582254E-02,  8.7500E-01
40500,  1.275801E+00, -6.639930E-02,  8.5938E-01
40600,  1.534212E+00, -4.423811E-02,  9.5312E-01
40700,  1.786645E+00, -2.956354E-02,  9.5312E-01
40800,  1.412809E+00, -6.406544E-02,  8.5938E-01
40900,  1.858100E+00, -6.743614E-02,  9.3750E-01
41000,  7.866073E-01, -4.742463E-02,  8.9062E-01
41100,  2.504253E+00, -4.311494E-02,  8.7500E-01
41200,  8.056297E-01, -3.744274E-02,  9.2188E-01
41300,  1.397186E+00, -4.827877E-02,  9.2188E-01
41400,  1.083735E+00, -6.084940E-02,  9.0625E-01
41500,  9.854829E-01, -5.144490E-02,  8.7500E-01
41600,  1.540952E+00, -8.466499E-02,  8.2812E-01
41700,  1.124734E+00, -5.032057E-02,  9.5312E-01
41800,  8.189418E-01, -5.508990E-02,  8.7500E-01
41900,  1.470122E+00, -4.812203E-02,  8.9062E-01
42000,  1.391364E+00, -6.658215E-02,  9.2188E-01
42100,  1.290323E+00, -3.171330E-02,  8.9062E-01
42200,  1.587319E+00, -8.685589E-02,  8.4375E-01
42300,  1.319328E+00, -4.273541E-02,  9.8438E-01
42400,  1.622297E+00, -5.055314E-02,  8.7500E-01
42500,  1.123632E+00, -2.042937E-02,  9.3750E-01
42600,  1.050882E+00, -4.443419E-02,  9.2188E-01
42700,  5.246005E-01, -5.564169E-02,  9.6875E-01
42800,  1.194165E+00, -6.363282E-02,  9.3750E-01
42900,  1.056346E+00, -7.182784E-02,  7.9688E-01
43000,  1.700094E+00, -4.682906E-02,  9.0625E-01
43100,  9.667874E-01, -4.628927E-02,  8.4375E-01
43200,  6.287479E-01, -2.918294E-02,  9.6875E-01
43300,  1.978429E-01, -6.131712E-02,  9.0625E-01
43400,  2.238513E+00, -2.091186E-02,  9.0625E-01
43500,  1.313116E+00, -8.191435E-02,  8.4375E-01
43600,  8.823874E-01, -3.547266E-02,  9.2188E-01
43700,  2.088278E+00, -6.326930E-02,  9.0625E-01
43800,  9.710687E-01, -4.147683E-02,  9.2188E-01
43900,  1.502546E+00, -5.198999E-02,  8.5938E-01
44000,  2.068763E+00, -5.972611E-02,  9.3750E-01
44100,  6.962056E-01, -6.669519E-02,  9.0625E-01
44200,  1.513616E+00, -8.830629E-02,  9.2188E-01
44300,  1.021478E+00, -5.418480E-02,  9.2188E-01
44400,  1.665274E+00, -3.457107E-02,  9.5312E-01
44500,  1.891971E+00, -7.235110E-02,  8.5938E-01
44600,  7.159728E-01, -6.587715E-02,  8.4375E-01
44700,  1.181772E+00, -8.603209E-02,  8.2812E-01
44800,  1.313770E+00, -6.052504E-02,  8.5938E-01
44900,  1.615076E+00, -8.814117E-02,  8.1250E-01
45000,  1.563303E+00, -6.370468E-02,  9.2188E-01
45100,  1.736081E+00, -2.905819E-02,  9.3750E-01
45200,  1.704346E+00, -9.387088E-02,  8.2812E-01
45300,  1.491209E+00, -2.982148E-02,  9.2188E-01
45400,  1.398515E+00, -5.072293E-02,  8.5938E-01
45500,  3.650548E-01, -6.057610E-02,  9.0625E-01
45600,  8.848611E-01, -5.724384E-02,  9.2188E-01
45700,  1.535841E+00, -4.205814E-02,  8.7500E-01
45800,  1.114237E+00, -5.970945E-02,  8.7500E-01
45900,  9.453608E-01, -3.372935E-02,  9.0625E-01
46000,  9.573616E-01, -3.560328E-02,  8.9062E-01
46100,  8.306841E-01, -4.467027E-02,  9.2188E-01
46200,  6.858487E-01, -5.020494E-02,  9.3750E-01
46300,  2.115625E+00, -3.783930E-02,  9.2188E-01
46400,  1.041702E+00, -5.185711E-02,  9.0625E-01
46500,  1.002556E+00, -8.305673E-02,  8.7500E-01
46600,  9.763299E-01, -2.927044E-02,  9.2188E-01
46700,  1.346678E+00, -4.046167E-02,  9.0625E-01
46800,  1.350819E+00, -8.658665E-02,  8.2812E-01
46900,  1.107965E+00, -3.025275E-02,  9.5312E-01
47000,  1.090909E+00, -4.143135E-02,  9.5312E-01
47100,  1.386546E+00, -5.083036E-02,  9.0625E-01
47200,  2.442559E+00, -4.539465E-02,  9.2188E-01
47300,  1.116776E+00, -4.494459E-02,  9.2188E-01
47400,  1.085269E+00, -8.109225E-02,  8.5938E-01
47500,  1.353209E+00, -2.176927E-02,  9.0625E-01
47600,  1.206750E+00, -5.736747E-02,  9.0625E-01
47700,  1.108337E+00, -3.110300E-02,  9.3750E-01
47800,  1.512729E+00, -2.122976E-02,  9.5312E-01
47900,  1.802186E+00, -3.376773E-02,  9.3750E-01
48000,  1.485738E+00, -3.220192E-02,  9.2188E-01
48100,  1.548496E+00, -4.357612E-02,  9.5312E-01
48200,  1.520957E+00, -6.362166E-02,  9.0625E-01
48300,  1.509843E+00, -3.600742E-02,  9.6875E-01
48400,  2.227522E+00, -6.198765E-02,  9.2188E-01
48500,  1.431030E+00, -5.076949E-02,  9.2188E-01
48600,  1.790772E+00, -4.880572E-02,  9.5312E-01
48700,  1.599195E+00, -5.135328E-02,  8.4375E-01
48800,  1.298552E+00, -6.351580E-02,  8.9062E-01
48900,  1.212749E+00, -4.589333E-02,  9.0625E-01
49000,  1.882318E+00, -5.894412E-02,  8.9062E-01
49100,  8.792465E-01, -3.830521E-02,  8.9062E-01
49200,  2.191186E+00, -6.813620E-02,  8.7500E-01
49300,  1.967927E+00, -5.367316E-02,  8.7500E-01
49400,  2.641640E+00, -3.273514E-02,  9.2188E-01
49500,  1.742940E+00, -3.850847E-02,  9.2188E-01
49600,  2.486502E+00, -4.235996E-02,  9.0625E-01
49700,  4.117124E-01, -4.144958E-02,  8.7500E-01
49800,  7.519076E-01, -4.839592E-02,  9.0625E-01
49900,  1.360541E+00, -5.177942E-02,  8.4375E-01
50000,  2.337365E+00, -2.656323E-02,  9.5312E-01
50100,  1.457831E+00, -5.935548E-02,  9.2188E-01
50200,  1.871464E+00, -1.921874E-02,  9.3750E-01
50300,  3.011023E+00, -5.601198E-02,  9.0625E-01
50400,  8.229257E-01, -5.380213E-02,  9.0625E-01
50500,  1.703507E+00, -3.768234E-02,  9.3750E-01
50600,  2.145342E+00, -5.522118E-02,  9.0625E-01
50700,  2.107511E+00, -4.347192E-02,  9.0625E-01
50800,  1.272771E+00, -4.002220E-02,  9.0625E-01
50900,  1.598812E+00, -6.326628E-02,  9.0625E-01
51000,  1.368978E+00, -4.679791E-02,  8.9062E-01
51100,  1.578568E+00, -5.108125E-02,  9.2188E-01
51200,  1.731797E+00, -2.271009E-02,  9.5312E-01
51300,  1.986052E+00, -4.877468E-02,  9.6875E-01
51400,  1.893713E+00, -8.343827E-02,  8.4375E-01
51500,  1.522466E+00, -4.163036E-02,  9.5312E-01
51600,  1.606987E+00, -6.523806E-02,  8.5938E-01
51700,  8.374162E-01, -3.103610E-02,  9.5312E-01
51800,  1.049781E+00, -7.611091E-02,  8.4375E-01
51900,  1.767951E+00, -3.981305E-02,  9.3750E-01
52000,  1.095364E+00, -6.582142E-02,  8.4375E-01
52100,  1.880719E+00, -3.418424E-02,  9.5312E-01
52200,  1.876160E+00, -5.811069E-02,  8.9062E-01
52300,  2.348594E+00, -8.823209E-02,  8.5938E-01
52400,  1.920093E+00, -5.963465E-02,  8.9062E-01
52500,  1.614793E+00, -5.727604E-02,  8.9062E-01
52600,  1.433523E+00, -5.633874E-02,  8.9062E-01
52700,  1.027837E+00, -5.788944E-02,  9.2188E-01
52800,  1.706782E+00, -3.833777E-02,  9.3750E-01
52900,  1.593356E+00, -5.521180E-02,  8.9062E-01
53000,  2.851409E+00, -6.370555E-02,  8.4375E-01
53100,  1.358049E+00, -3.374685E-02,  9.2188E-01
53200,  2.034991E+00, -6.679291E-02,  8.7500E-01
53300,  2.011069E+00, -2.591831E-02,  9.3750E-01
53400,  1.756693E+00, -3.691620E-02,  8.7500E-01
53500,  1.587263E+00, -3.854262E-02,  9.5312E-01
53600,  2.157368E+00, -5.036926E-02,  8.5938E-01
53700,  1.721817E+00, -3.564482E-02,  9.2188E-01
53800,  1.442034E+00, -7.103248E-02,  8.1250E-01
53900,  1.800256E+00, -5.687413E-02,  8.7500E-01
54000,  2.520045E+00, -2.131245E-02,  9.2188E-01
54100,  2.188929E+00, -3.158316E-02,  9.5312E-01
54200,  1.097347E+00, -3.200138E-02,  9.2188E-01
54300,  1.283977E+00, -5.399736E-02,  8.7500E-01
54400,  1.475170E+00, -6.044970E-02,  8.9062E-01
54500,  1.583001E+00, -3.564876E-02,  9.3750E-01
54600,  6.405572E-01, -6.248774E-02,  8.7500E-01
54700,  2.301061E+00, -4.334791E-02,  9.0625E-01
54800,  2.065775E+00, -6.361662E-02,  8.7500E-01
54900,  1.473254E+00, -4.979661E-02,  9.5312E-01
55000,  2.715294E+00, -2.328343E-02,  9.5312E-01
55100,  1.306288E+00, -6.781109E-02,  8.4375E-01
55200,  2.176596E+00, -3.298415E-02,  8.9062E-01
55300,  2.443887E+00, -3.190994E-02,  9.2188E-01
55400,  2.535359E+00, -1.534333E-02,  9.5312E-01
55500,  1.152635E+00, -4.645471E-02,  9.0625E-01
55600,  2.015368E+00, -2.786613E-02,  9.5312E-01
55700,  1.867293E+00, -3.950669E-02,  9.3750E-01
55800,  1.039393E+00, -5.203877E-02,  9.0625E-01
55900,  1.418982E+00, -5.103553E-02,  8.7500E-01
56000,  1.789247E+00, -5.424864E-02,  9.0625E-01
56100,  2.484714E+00, -4.181203E-02,  9.2188E-01
56200,  2.249276E+00, -6.967673E-02,  8.5938E-01
56300,  2.079098E+00, -4.033517E-02,  9.2188E-01
56400,  2.727283E+00, -3.052941E-02,  9.2188E-01
56500,  1.556606E+00, -7.818715E-02,  9.0625E-01
56600,  2.545625E+00, -5.602851E-02,  9.2188E-01
56700,  2.004838E+00, -5.062639E-02,  9.0625E-01
56800,  1.187640E+00, -2.644163E-02,  9.5312E-01
56900,  2.898677E+00, -1.097389E-01,  7.6562E-01
57000,  2.316670E+00, -2.234662E-02,  9.6875E-01
57100,  1.978609E+00, -6.350158E-02,  9.2188E-01
57200,  2.473527E+00, -6.263757E-02,  8.5938E-01
57300,  3.182630E+00, -1.043339E-01,  8.5938E-01
57400,  2.405197E+00, -2.559577E-02,  8.9062E-01
57500,  1.402594E+00, -6.985952E-02,  8.5938E-01
57600,  1.138349E+00, -6.615081E-02,  8.7500E-01
57700,  2.380795E+00, -3.588670E-02,  9.2188E-01
57800,  2.591248E+00, -2.715175E-02,  9.5312E-01
57900,  2.021074E+00, -4.204583E-02,  9.2188E-01
58000,  1.714960E+00, -7.183795E-02,  8.2812E-01
58100,  3.085941E+00, -5.520182E-02,  8.9062E-01
58200,  1.395315E+00, -6.826235E-02,  8.4375E-01
58300,  1.841319E+00, -2.847761E-02,  9.6875E-01
58400,  1.788636E+00, -2.269547E-02,  9.6875E-01
58500,  1.595878E+00, -4.368558E-02,  9.3750E-01
58600,  2.534731E+00, -2.941530E-02,  9.5312E-01
58700,  1.928148E+00, -3.942951E-02,  9.5312E-01
58800,  1.986342E+00, -5.353463E-02,  9.2188E-01
58900,  2.437642E+00, -2.631539E-02,  9.3750E-01
59000,  2.420268E+00, -6.183225E-02,  9.0625E-01
59100,  1.327610E+00, -1.471370E-02,  9.0625E-01
59200,  2.505664E+00, -6.937654E-02,  8.7500E-01
59300,  1.512105E+00, -8.916993E-02,  8.7500E-01
59400,  5.949145E-01, -4.116409E-02,  8.9062E-01
59500,  9.403329E-01, -3.048705E-02,  8.9062E-01
59600,  2.034338E+00, -2.734446E-02,  9.6875E-01
59700,  3.113177E+00, -4.282546E-02,  8.9062E-01
59800,  1.911905E+00, -4.866076E-02,  8.7500E-01
59900,  1.724038E+00, -2.857318E-02,  9.5312E-01
60000,  1.859993E+00, -3.653781E-02,  8.5938E-01
60100,  2.086454E+00, -6.747530E-02,  8.7500E-01
60200,  2.336570E+00, -3.671139E-02,  9.0625E-01
60300,  1.425146E+00, -6.067122E-02,  8.7500E-01
60400,  2.325265E+00, -4.267728E-02,  9.3750E-01
60500,  2.744734E+00, -4.934700E-02,  9.0625E-01
60600,  3.264306E+00, -2.990243E-02,  9.2188E-01
60700,  2.031326E+00, -4.232764E-02,  9.5312E-01
60800,  2.729883E+00, -7.682993E-02,  8.1250E-01
60900,  2.224647E+00, -5.968764E-02,  8.5938E-01
61000,  2.321589E+00, -2.802359E-02,  9.3750E-01
61100,  2.233132E+00, -1.229501E-02,  9.6875E-01
61200,  2.324127E+00, -4.273532E-02,  9.0625E-01
61300,  8.989077E-01, -7.866560E-02,  8.2812E-01
61400,  3.949733E+00, -4.976257E-02,  9.2188E-01
61500,  1.975603E+00, -7.587411E-02,  8.7500E-01
61600,  2.752513E+00, -3.273258E-02,  9.0625E-01
61700,  1.435255E+00, -4.632412E-02,  8.9062E-01
61800,  2.664927E+00, -2.866342E-02,  9.0625E-01
61900,  2.291652E+00, -3.499921E-02,  8.7500E-01
62000,  9.833412E-01, -3.406351E-02,  9.2188E-01
62100,  1.549512E+00, -3.384060E-02,  9.0625E-01
62200,  2.511177E+00, -6.428294E-02,  8.9062E-01
62300,  2.206241E+00, -6.314191E-02,  9.2188E-01
62400,  2.851561E+00, -5.215611E-03,  8.9062E-01
62500,  1.202828E+00, -7.088892E-02,  8.2812E-01
62600,  1.986295E+00, -5.055476E-02,  8.5938E-01
62700,  2.577181E+00, -5.317146E-02,  8.7500E-01
62800,  2.429484E+00, -4.326174E-02,  9.5312E-01
62900,  2.707190E+00, -4.038947E-02,  9.2188E-01
63000,  1.950903E+00, -6.669857E-02,  8.1250E-01
63100,  2.194540E+00, -8.401828E-02,  8.2812E-01
63200,  1.277335E+00, -4.261500E-02,  9.2188E-01
63300,  1.349085E+00, -6.587707E-02,  8.2812E-01
63400,  3.073411E+00, -3.224833E-02,  8.9062E-01
63500,  2.648020E+00, -2.682718E-02,  9.3750E-01
63600,  2.140060E+00, -2.536253E-02,  9.2188E-01
63700,  2.502733E+00, -5.289144E-02,  8.5938E-01
63800,  1.073163E+00, -3.390436E-02,  9.3750E-01
63900,  1.821545E+00, -5.611866E-02,  8.5938E-01
64000,  1.868424E+00, -3.251470E-02,  9.5312E-01
64100,  2.693947E+00, -6.805039E-02,  9.0625E-01
64200,  1.616013E+00, -6.008738E-02,  8.9062E-01
64300,  2.777736E+00, -5.391140E-02,  8.7500E-01
64400,  2.931982E+00, -7.018372E-03,  9.8438E-01
64500,  1.343060E+00, -5.886972E-02,  8.5938E-01
64600,  3.599407E+00, -6.532313E-02,  8.9062E-01
64700,  1.907664E+00, -6.163616E-02,  9.2188E-01
64800,  2.619067E+00, -2.616230E-02,  9.2188E-01
64900,  2.910637E+00, -2.195278E-02,  9.3750E-01
65000,  2.518631E+00, -4.053815E-02,  8.7500E-01
65100,  2.467969E+00, -1.823740E-02,  9.8438E-01
65200,  2.160193E+00,  1.133719E-02,  8.9062E-01
65300,  1.615146E+00, -2.746464E-02,  9.0625E-01
65400,  1.876960E+00, -1.801663E-02,  9.3750E-01
65500,  2.262185E+00, -4.408065E-02,  9.2188E-01
65600,  2.679329E+00, -3.558383E-02,  9.5312E-01
65700,  1.539440E+00, -4.123021E-02,  8.5938E-01
65800,  8.898126E-01, -5.258521E-02,  8.5938E-01
65900,  2.547047E+00, -4.114067E-02,  9.2188E-01
66000,  2.668589E+00, -4.349522E-02,  9.3750E-01
66100,  1.788313E+00, -2.884807E-02,  9.6875E-01
66200,  2.426290E+00, -3.946375E-02,  8.9062E-01
66300,  2.260535E+00, -3.072717E-02,  9.5312E-01
66400,  2.584673E+00, -5.301642E-02,  8.1250E-01
66500,  1.799830E+00, -2.013829E-02,  9.6875E-01
66600,  1.778810E+00, -5.284122E-02,  8.9062E-01
66700,  1.818591E+00, -4.548908E-02,  8.9062E-01
66800,  3.135543E+00, -3.787763E-02,  9.2188E-01
66900,  2.908033E+00, -1.393098E-02,  9.5312E-01
67000,  2.960400E+00, -4.149475E-02,  9.3750E-01
67100,  2.809457E+00, -5.161909E-02,  8.7500E-01
67200,  2.650537E+00, -2.116666E-02,  9.6875E-01
67300,  2.060547E+00, -3.960539E-02,  8.9062E-01
67400,  1.884095E+00, -4.707626E-02,  8.9062E-01
67500,  1.077492E+00, -4.890581E-02,  9.3750E-01
67600,  1.837810E+00, -2.645174E-02,  9.3750E-01
67700,  1.815592E+00, -4.063348E-02,  9.2188E-01
67800,  2.299874E+00, -2.155449E-02,  9.5312E-01
67900,  1.920637E+00, -3.544642E-02,  9.0625E-01
68000,  1.272315E+00, -2.189649E-02,  9.6875E-01
68100,  1.758726E+00, -5.543674E-02,  8.4375E-01
68200,  6.542249E-01, -4.161523E-02,  9.0625E-01
68300,  2.999191E+00, -6.608836E-02,  8.4375E-01
68400,  1.834543E+00, -2.503552E-02,  9.3750E-01
68500,  1.569091E+00, -1.063001E-02,  9.6875E-01
68600,  1.543737E+00, -5.893727E-02,  8.5938E-01
68700,  1.163182E+00, -1.053791E-02,  9.5312E-01
68800,  3.009265E+00, -4.516237E-02,  8.5938E-01
68900,  1.607849E+00, -3.544416E-02,  9.5312E-01
69000,  1.373185E+00, -3.378253E-02,  9.3750E-01
69100,  1.384936E+00, -5.863875E-02,  9.2188E-01
69200,  7.148525E-01,  6.698791E-03,  9.5312E-01
69300,  2.575079E+00, -5.810403E-02,  9.0625E-01
69400,  2.439412E+00, -6.352016E-02,  9.5312E-01
69500,  1.854926E+00, -2.514647E-02,  9.2188E-01
69600,  1.038184E+00, -2.976426E-02,  9.5312E-01
69700,  2.509165E+00, -4.034669E-02,  9.2188E-01
69800,  3.383457E+00, -3.772371E-02,  9.0625E-01
69900,  1.074939E+00, -2.568990E-02,  9.2188E-01
70000,  1.578824E+00, -3.242245E-02,  9.5312E-01
70100,  1.817329E+00, -5.800300E-02,  8.9062E-01
70200,  2.764548E+00, -2.360509E-02,  8.5938E-01
70300,  2.697689E+00, -1.765573E-02,  9.5312E-01
70400,  2.169565E+00, -4.686714E-02,  8.7500E-01
70500,  2.882395E+00, -5.637615E-02,  8.5938E-01
70600,  2.255583E+00, -2.149550E-02,  9.3750E-01
70700,  1.834039E+00, -4.729941E-02,  9.2188E-01
70800,  2.754505E+00, -3.878489E-02,  9.2188E-01
70900,  2.623208E+00, -4.092075E-02,  9.3750E-01
71000,  1.782527E+00, -5.465945E-02,  9.0625E-01
71100,  2.160409E+00, -5.612567E-02,  8.9062E-01
71200,  1.971171E+00, -8.868387E-03,  9.8438E-01
71300,  2.073482E+00, -5.847923E-02,  9.2188E-01
71400,  2.460753E+00, -3.701155E-02,  9.3750E-01
71500,  2.027872E+00, -3.476428E-02,  9.2188E-01
71600,  1.814498E+00, -4.014861E-02,  9.2188E-01
71700,  1.875961E+00, -2.862730E-02,  9.2188E-01
71800,  1.835707E+00, -2.554023E-02,  9.5312E-01
71900,  1.758385E+00, -2.944741E-02,  9.5312E-01
72000,  1.291988E+00, -4.323242E-02,  9.2188E-01
72100,  9.073901E-01, -3.950390E-02,  8.9062E-01
72200,  2.410982E+00, -3.694538E-02,  9.2188E-01
72300,  1.795822E+00, -3.078754E-02,  9.0625E-01
72400,  2.759925E+00, -3.888882E-02,  9.6875E-01
72500,  1.995404E+00, -4.885201E-02,  9.3750E-01
72600,  4.052311E+00, -3.317899E-02,  8.5938E-01
72700,  2.077200E+00, -2.993251E-02,  9.2188E-01
72800,  1.724332E+00, -8.283700E-02,  7.9688E-01
72900,  2.362421E+00, -5.361169E-02,  8.9062E-01
73000,  2.598490E+00, -4.941983E-02,  8.9062E-01
73100,  1.758392E+00, -4.339184E-02,  9.5312E-01
73200,  2.492280E+00, -5.979771E-02,  8.5938E-01
73300,  2.340515E+00, -4.057479E-02,  9.6875E-01
73400,  1.939946E+00, -4.293938E-02,  9.2188E-01
73500,  2.085200E+00, -3.808827E-02,  9.2188E-01
73600,  1.515883E+00, -3.809309E-02,  9.3750E-01
73700,  2.035326E+00, -3.212293E-02,  9.0625E-01
73800,  2.608055E+00, -1.617278E-02,  9.8438E-01
73900,  1.870923E+00, -2.837060E-02,  9.6875E-01
74000,  2.831865E+00, -4.276388E-02,  9.3750E-01
74100,  1.460583E+00, -2.332313E-02,  9.3750E-01
74200,  2.152820E+00, -4.150673E-02,  9.0625E-01
74300,  2.096550E+00, -3.511376E-02,  9.3750E-01
74400,  2.991057E+00, -6.620076E-02,  8.9062E-01
74500,  2.924780E+00, -5.065183E-02,  9.0625E-01
74600,  2.622891E+00, -2.774810E-02,  9.5312E-01
74700,  1.858997E+00, -3.390572E-02,  9.3750E-01
74800,  2.917259E+00, -4.054097E-02,  9.8438E-01
74900,  1.846871E+00, -4.431060E-02,  9.2188E-01
75000,  1.631551E+00, -2.630820E-02,  9.2188E-01
75100,  2.486713E+00, -1.167171E-02,  9.5312E-01
75200,  2.183376E+00, -5.632976E-02,  9.2188E-01
75300,  2.063071E+00, -6.476542E-02,  9.0625E-01
75400,  2.174651E+00, -3.120904E-02,  9.6875E-01
75500,  1.911337E+00, -3.438707E-02,  9.5312E-01
75600,  3.605611E+00, -3.222865E-02,  9.2188E-01
75700,  2.027739E+00, -3.828706E-02,  9.3750E-01
75800,  2.130428E+00, -3.313459E-02,  9.6875E-01
75900,  2.750977E+00, -5.251488E-02,  9.3750E-01
76000,  2.161318E+00, -2.851291E-02,  9.0625E-01
76100,  2.074187E+00, -1.852646E-02,  9.6875E-01
76200,  2.834732E+00, -3.163883E-02,  9.0625E-01
76300,  2.426084E+00, -2.218467E-02,  9.6875E-01
76400,  2.029615E+00, -3.038113E-02,  9.2188E-01
76500,  3.561789E+00, -3.124605E-02,  9.3750E-01
76600,  2.891417E+00, -4.586338E-02,  8.9062E-01
76700,  3.736959E+00, -5.913538E-02,  9.3750E-01
76800,  2.169249E+00, -2.734287E-02,  9.3750E-01
76900,  1.929053E+00, -5.763058E-02,  9.0625E-01
77000,  1.657512E+00, -4.647868E-02,  8.9062E-01
77100,  3.053550E+00, -3.946707E-02,  9.5312E-01
77200,  2.951538E+00, -4.050483E-02,  8.7500E-01
77300,  2.586053E+00, -4.742305E-02,  9.3750E-01
77400,  2.973568E+00, -3.428755E-02,  9.2188E-01
77500,  3.372691E+00, -4.270149E-02,  8.4375E-01
77600,  1.737457E+00, -3.644142E-02,  9.5312E-01
77700,  1.652043E+00, -4.661613E-02,  9.6875E-01
77800,  1.508537E+00, -8.459896E-03,  9.2188E-01
77900,  2.654682E+00, -1.543982E-02,  9.6875E-01
78000,  1.845725E+00, -2.271691E-02,  8.9062E-01
78100,  1.639926E+00, -4.835526E-02,  9.3750E-01
78200,  2.187519E+00, -2.198644E-02,  9.0625E-01
78300,  3.652152E+00, -1.123584E-02,  9.3750E-01
78400,  2.741721E+00, -2.295055E-02,  9.6875E-01
78500,  2.142078E+00, -2.470499E-02,  9.8438E-01
78600,  2.209019E+00, -5.170817E-02,  9.3750E-01
78700,  2.275851E+00, -4.467905E-02,  8.2812E-01
78800,  1.462253E+00, -7.604381E-03,  9.8438E-01
78900,  2.595169E+00, -2.382410E-02,  9.3750E-01
79000,  2.305605E+00, -4.522740E-02,  9.2188E-01
79100,  2.027173E+00, -4.816055E-02,  9.0625E-01
79200,  3.061836E+00, -2.245105E-02,  9.5312E-01
79300,  2.617752E+00, -1.831568E-02,  9.8438E-01
79400,  2.358082E+00, -5.583660E-02,  8.5938E-01
79500,  2.485260E+00, -9.120452E-02,  8.5938E-01
79600,  2.109053E+00, -2.300542E-02,  9.3750E-01
79700,  2.235991E+00, -5.239191E-02,  9.2188E-01
79800,  2.179423E+00, -3.678878E-02,  8.7500E-01
79900,  3.069035E+00, -3.693008E-02,  9.5312E-01
80000,  2.936038E+00, -3.836044E-02,  9.5312E-01
80100,  1.315629E+00, -5.777580E-02,  9.0625E-01
80200,  1.485245E+00, -4.470099E-02,  8.5938E-01
80300,  2.557203E+00, -3.912728E-02,  9.2188E-01
80400,  2.095410E+00, -3.459036E-02,  9.2188E-01
80500,  1.732323E+00, -3.528929E-02,  9.0625E-01
80600,  1.708494E+00, -3.743641E-02,  9.0625E-01
80700,  2.130257E+00, -3.340793E-02,  9.5312E-01
80800,  2.045983E+00, -4.572473E-02,  8.7500E-01
80900,  2.676014E+00, -3.312828E-02,  9.3750E-01
81000,  2.462656E+00, -3.557274E-02,  9.3750E-01
81100,  2.321463E+00, -4.337369E-02,  9.2188E-01
81200,  2.164209E+00, -2.311953E-02,  9.2188E-01
81300,  3.155590E+00, -3.136444E-02,  8.9062E-01
81400,  2.861804E+00, -3.908159E-02,  9.2188E-01
81500,  2.539687E+00, -1.536510E-02,  9.0625E-01
81600,  2.577156E+00, -3.935831E-02,  9.0625E-01
81700,  2.104802E+00, -4.463134E-02,  9.3750E-01
81800,  1.898166E+00, -4.573079E-02,  8.5938E-01
81900,  1.836069E+00, -3.092175E-02,  9.6875E-01
82000,  1.593326E+00, -4.309096E-02,  8.9062E-01
82100,  1.050785E+00, -3.818884E-02,  9.3750E-01
82200,  2.362871E+00, -2.926151E-02,  9.3750E-01
82300,  2.511364E+00, -5.228123E-02,  9.0625E-01
82400,  1.978966E+00, -2.815495E-02,  9.5312E-01
82500,  3.071870E+00, -6.005659E-02,  9.0625E-01
82600,  2.859354E+00, -1.154279E-02,  9.2188E-01
82700,  2.597396E+00, -1.783029E-02,  9.3750E-01
82800,  4.363148E+00, -1.796935E-02,  9.3750E-01
82900,  8.499871E-01, -4.428872E-02,  8.5938E-01
83000,  2.342633E+00, -8.261632E-03,  9.5312E-01
83100,  2.157503E+00, -3.118472E-02,  9.2188E-01
83200,  1.923388E+00, -3.593863E-02,  9.5312E-01
83300,  1.840463E+00, -2.184450E-02,  9.3750E-01
83400,  2.702338E+00, -4.878769E-02,  8.7500E-01
83500,  1.697963E+00, -4.678659E-02,  8.9062E-01
83600,  2.993561E+00, -3.495306E-02,  9.0625E-01
83700,  2.333862E+00, -5.005314E-02,  9.3750E-01
83800,  9.441447E-01, -2.601020E-02,  9.3750E-01
83900,  4.212006E+00, -6.188742E-02,  9.0625E-01
84000,  2.638999E+00, -3.056477E-02,  9.0625E-01
84100,  2.041834E+00, -2.761939E-02,  9.5312E-01
84200,  2.671598E+00, -4.140892E-02,  8.9062E-01
84300,  1.991275E+00, -2.126919E-02,  9.3750E-01
84400,  2.341141E+00, -4.118540E-02,  9.3750E-01
84500,  1.467945E+00, -4.352491E-02,  9.0625E-01
84600,  1.604283E+00, -3.980622E-02,  9.3750E-01
84700,  1.951694E+00, -6.078218E-02,  9.3750E-01
84800,  1.985800E+00, -2.736126E-02,  9.2188E-01
84900,  1.699090E+00, -4.858473E-02,  8.9062E-01
85000,  5.280887E-01, -6.488501E-02,  9.0625E-01
85100,  1.807467E+00, -3.815234E-02,  9.6875E-01
85200,  1.663898E+00, -2.256014E-02,  9.0625E-01
85300,  5.940315E-01, -4.965755E-02,  9.0625E-01
85400,  1.589725E+00, -2.019452E-02,  9.6875E-01
85500,  2.942421E+00, -3.511430E-02,  9.3750E-01
85600,  2.804805E+00, -4.972406E-02,  9.0625E-01
85700,  1.837632E+00, -9.584205E-03,  9.8438E-01
85800,  1.592282E+00,  2.503065E-03,  9.6875E-01
85900,  2.148857E+00, -3.478573E-02,  9.2188E-01
86000,  1.836737E+00, -2.795696E-02,  9.5312E-01
86100,  9.868784E-01, -2.646920E-02,  9.3750E-01
86200,  1.988256E+00, -2.522010E-02,  9.2188E-01
86300,  1.917280E+00, -3.659324E-02,  9.6875E-01
86400,  1.676884E+00, -4.289873E-02,  8.9062E-01
86500,  9.890347E-01, -4.480622E-02,  9.0625E-01
86600,  2.250263E+00, -4.671526E-02,  9.3750E-01
86700,  2.086223E+00, -4.087009E-02,  9.3750E-01
86800,  4.223248E-01, -3.149521E-02,  9.2188E-01
86900,  2.174285E+00, -3.178904E-02,  8.9062E-01
87000,  2.258630E+00, -4.770654E-02,  9.2188E-01
87100,  1.847126E+00, -1.145393E-02,  9.3750E-01
87200,  2.064195E+00, -6.106298E-02,  9.0625E-01
87300,  2.608554E+00, -3.367483E-02,  9.2188E-01
87400,  2.267186E+00, -5.004156E-02,  9.0625E-01
87500,  2.398981E+00, -4.396465E-02,  9.0625E-01
87600,  1.399542E+00, -2.171236E-02,  9.3750E-01
87700,  1.336066E+00, -4.378112E-02,  9.2188E-01
87800,  1.627566E+00, -4.677829E-02,  9.5312E-01
87900,  1.707227E+00, -4.064885E-02,  8.9062E-01
88000,  2.439011E+00, -2.196268E-02,  9.8438E-01
88100,  1.428260E+00, -3.312215E-02,  9.5312E-01
88200,  2.911531E+00, -3.842765E-02,  9.5312E-01
88300,  1.716659E+00, -2.146554E-02,  8.7500E-01
88400,  1.080714E+00, -1.925772E-02,  9.5312E-01
88500,  1.876291E+00, -1.735178E-02,  9.8438E-01
88600,  2.483514E+00, -3.550715E-02,  8.9062E-01
88700,  1.812999E+00, -3.797977E-02,  9.3750E-01
88800,  2.010236E+00, -2.899643E-02,  9.5312E-01
88900,  1.100131E+00, -3.713382E-02,  8.2812E-01
89000,  1.451757E+00, -2.564622E-02,  9.5312E-01
89100,  1.814972E+00, -2.195796E-02,  9.5312E-01
89200,  2.314627E+00, -3.953331E-02,  9.0625E-01
89300,  2.659771E+00, -3.830362E-02,  9.6875E-01
89400,  2.053585E+00, -3.875281E-02,  9.3750E-01
89500,  1.591495E+00, -8.535435E-03,  9.5312E-01
89600,  1.206686E+00, -3.037757E-02,  9.3750E-01
89700,  1.843640E+00, -2.881000E-02,  9.3750E-01
89800,  2.580394E+00, -3.079249E-02,  8.9062E-01
89900,  2.076473E+00, -2.366155E-02,  9.8438E-01
90000,  1.739658E+00, -2.607765E-02,  9.6875E-01
90100,  1.505481E+00, -4.586491E-02,  8.9062E-01
90200,  1.315441E+00, -4.184707E-02,  9.6875E-01
90300,  5.262494E-02, -5.109769E-02,  9.3750E-01
90400,  2.060000E+00, -2.088016E-02,  9.3750E-01
90500,  1.947002E+00, -3.525194E-02,  9.2188E-01
90600,  2.288987E+00, -3.726782E-02,  8.5938E-01
90700,  1.967320E+00, -3.083049E-02,  9.5312E-01
90800,  1.461880E+00, -2.077383E-02,  9.3750E-01
90900,  2.724035E+00, -4.370075E-02,  8.9062E-01
91000,  2.174380E+00, -3.616392E-02,  8.7500E-01
91100,  1.104920E+00, -2.931250E-02,  9.2188E-01
91200,  3.029344E+00, -2.288171E-02,  9.3750E-01
91300,  1.448672E+00, -3.270110E-02,  9.3750E-01
91400,  1.203809E+00, -4.236960E-02,  9.0625E-01
91500,  2.321972E+00, -2.427579E-02,  9.3750E-01
91600,  2.058667E+00, -6.287172E-02,  9.2188E-01
91700,  1.831845E+00, -2.114174E-02,  9.0625E-01
91800,  1.508518E+00, -3.536675E-02,  9.3750E-01
91900,  2.302668E+00, -5.202580E-02,  8.4375E-01
92000,  2.491333E+00, -4.102331E-02,  9.0625E-01
92100,  2.171882E+00, -3.239948E-02,  9.3750E-01
92200,  1.874501E+00, -4.005007E-02,  9.2188E-01
92300,  1.979975E+00, -3.011360E-02,  9.2188E-01
92400,  2.349495E+00, -3.589439E-02,  8.9062E-01
92500,  7.421861E-01, -3.273113E-02,  9.6875E-01
92600,  1.994686E+00, -2.305362E-02,  8.9062E-01
92700,  2.466635E+00, -2.879484E-02,  9.3750E-01
92800,  1.197215E+00, -4.061145E-02,  8.4375E-01
92900,  1.577504E+00, -1.699015E-02,  9.2188E-01
93000,  2.366602E+00,  9.370893E-04,  9.2188E-01
93100,  1.627365E+00, -2.204018E-02,  9.3750E-01
93200,  2.549795E+00, -1.357324E-02,  9.5312E-01
93300,  2.895910E+00, -3.017772E-02,  9.0625E-01
93400,  1.811875E+00, -2.449334E-02,  9.0625E-01
93500,  2.608010E+00, -4.183006E-02,  8.7500E-01
93600,  2.015379E+00, -3.859676E-02,  9.2188E-01
93700,  1.447731E+00, -2.494150E-02,  9.6875E-01
93800,  1.974703E+00, -3.409397E-02,  8.9062E-01
93900,  1.481832E+00, -3.063073E-02,  9.2188E-01
94000,  2.423466E+00, -5.640874E-02,  9.2188E-01
94100,  2.379921E+00, -3.890456E-02,  9.0625E-01
94200,  1.076910E+00, -2.495370E-02,  8.9062E-01
94300,  2.474637E+00, -2.912124E-02,  9.2188E-01
94400,  2.386129E+00, -4.243300E-02,  9.3750E-01
94500,  2.190184E+00, -4.420074E-02,  9.3750E-01
94600,  1.099238E+00, -4.778069E-02,  9.0625E-01
94700,  2.101018E+00, -3.886271E-02,  9.3750E-01
94800,  1.334716E+00, -1.040862E-02,  9.3750E-01
94900,  1.207066E+00, -4.651416E-02,  8.4375E-01
95000,  2.633756E+00, -3.586943E-02,  9.2188E-01
95100,  1.571112E+00, -4.859291E-02,  9.0625E-01
95200,  2.379030E+00, -2.208260E-02,  9.3750E-01
95300,  3.270231E+00, -5.039950E-02,  8.7500E-01
95400,  2.207329E+00, -3.544233E-02,  9.3750E-01
95500,  2.708704E+00, -3.468156E-02,  9.3750E-01
95600,  2.306628E+00, -4.527660E-02,  9.2188E-01
95700,  1.795473E+00, -2.889787E-02,  8.9062E-01
95800,  2.040978E+00, -3.637223E-02,  9.0625E-01
95900,  9.978396E-01, -3.211081E-02,  9.2188E-01
96000,  5.898695E-01, -3.251322E-02,  9.2188E-01
96100,  2.697106E+00, -4.667213E-02,  8.9062E-01
96200,  2.080714E+00, -2.471363E-02,  8.7500E-01
96300,  1.380649E+00, -4.999669E-02,  9.2188E-01
96400,  1.746273E+00, -3.725871E-02,  8.4375E-01
96500,  1.291464E+00, -1.666975E-02,  9.5312E-01
96600,  3.692458E+00, -4.270616E-02,  9.3750E-01
96700,  1.983096E+00, -4.960628E-02,  8.4375E-01
96800,  2.041075E+00, -3.886805E-02,  9.5312E-01
96900,  2.651326E+00, -5.274087E-02,  8.9062E-01
97000,  1.065243E+00, -3.356848E-03,  9.5312E-01
97100,  2.579326E+00, -2.520293E-02,  8.9062E-01
97200,  1.157033E+00, -3.876382E-02,  9.3750E-01
97300,  1.347420E+00, -3.653399E-02,  9.3750E-01
97400,  2.164402E+00, -3.359786E-02,  9.5312E-01
97500,  1.364658E+00, -3.080584E-02,  9.0625E-01
97600,  2.096607E+00, -4.932549E-02,  8.4375E-01
97700,  1.879243E+00, -2.577082E-02,  9.2188E-01
97800,  1.767516E+00, -1.761148E-02,  9.3750E-01
97900,  3.468590E+00, -3.890672E-02,  8.9062E-01
98000,  2.798189E+00, -2.395866E-02,  9.2188E-01
98100,  2.290483E+00, -4.505597E-02,  9.2188E-01
98200,  1.332251E+00, -6.666109E-02,  8.9062E-01
98300,  2.575191E+00, -1.637952E-02,  9.5312E-01
98400,  1.338033E+00, -1.836332E-02,  9.6875E-01
98500,  8.916855E-01, -3.339349E-02,  9.0625E-01
98600,  2.739438E+00, -4.374865E-02,  9.2188E-01
98700,  2.567982E+00, -1.868220E-02,  9.3750E-01
98800,  2.227793E+00, -5.319619E-02,  8.7500E-01
98900,  1.559784E+00, -2.335686E-02,  9.6875E-01
99000,  1.625752E+00, -4.604329E-02,  8.9062E-01
99100,  1.614542E+00, -3.613498E-02,  9.0625E-01
99200,  1.985260E+00, -3.044280E-02,  9.2188E-01
99300,  1.385214E+00, -3.892801E-02,  9.0625E-01
99400,  1.531720E+00, -6.146353E-02,  8.2812E-01
99500,  2.935941E+00, -4.307550E-02,  8.9062E-01
99600,  2.492436E+00, -3.157548E-02,  8.9062E-01
99700,  2.172383E+00, -3.371380E-02,  8.9062E-01
99800,  1.239967E+00, -1.879799E-02,  8.9062E-01
99900,  2.170066E+00, -2.316718E-02,  9.5312E-01
100000,  2.610005E+00, -3.173467E-02,  9.2188E-01
