# step, gen_loss, dis_loss, train_acc
100,  8.271098E-01, -3.686690E-01,  8.1250E-01
200,  5.353909E-01, -2.971577E-01,  8.9062E-01
300,  4.126355E-01, -2.726639E-01,  8.7500E-01
400,  2.502348E-01, -2.104490E-01,  8.5938E-01
500,  1.862330E-01, -2.350618E-01,  8.2812E-01
600,  1.311903E-01, -2.174102E-01,  9.2188E-01
700,  1.265354E-01, -2.067429E-01,  8.2812E-01
800,  2.580444E-02, -1.667632E-01,  8.7500E-01
900,  1.145372E-01, -1.378448E-01,  8.9062E-01
1000,  3.191075E-02, -1.238948E-01,  8.7500E-01
1100,  6.711962E-02, -1.290576E-01,  8.7500E-01
1200,  1.488017E-01, -1.307367E-01,  8.7500E-01
1300,  1.598689E-01, -6.529251E-02,  8.5938E-01
1400,  1.895060E-01, -9.876014E-02,  8.5938E-01
1500,  2.360824E-01, -6.320209E-02,  9.6875E-01
1600,  3.238445E-01, -7.699709E-02,  9.2188E-01
1700,  3.859816E-01, -5.055303E-02,  9.3750E-01
1800,  4.680175E-01, -6.820609E-02,  8.9062E-01
1900,  5.348511E-01, -5.036276E-02,  9.3750E-01
2000,  5.955108E-01, -4.152617E-02,  8.9062E-01
2100,  6.118146E-01, -3.462552E-02,  9.3750E-01
2200,  7.127085E-01, -7.372089E-02,  8.7500E-01
2300,  8.141917E-01, -6.244734E-02,  9.3750E-01
2400,  8.221605E-01, -7.536979E-02,  9.3750E-01
2500,  8.335379E-01, -4.628027E-02,  9.6875E-01
2600,  9.380140E-01, -4.464917E-02,  9.5312E-01
2700,  1.108045E+00, -5.921053E-02,  9.3750E-01
2800,  1.060525E+00, -6.159624E-02,  8.9062E-01
2900,  1.171916E+00, -8.000149E-02,  8.7500E-01
3000,  1.214437E+00, -2.649056E-02,  9.6875E-01
3100,  1.182843E+00, -8.791296E-02,  9.0625E-01
3200,  1.205363E+00, -2.452129E-02,  9.6875E-01
3300,  1.225551E+00, -5.134442E-02,  9.2188E-01
3400,  1.340026E+00, -7.256042E-02,  8.5938E-01
3500,  1.295727E+00, -3.668726E-02,  9.5312E-01
3600,  1.378859E+00, -4.795935E-02,  9.2188E-01
3700,  1.403769E+00, -3.651857E-02,  9.5312E-01
3800,  1.444023E+00, -1.292379E-02,  9.8438E-01
3900,  1.466191E+00, -6.267495E-02,  9.0625E-01
4000,  1.479145E+00, -4.406085E-02,  9.0625E-01
4100,  1.595198E+00, -2.857916E-02,  9.2188E-01
4200,  1.619500E+00, -4.334724E-02,  9.0625E-01
4300,  1.659277E+00, -3.918626E-02,  9.6875E-01
4400,  1.644660E+00, -3.171143E-02,  9.3750E-01
4500,  1.627800E+00, -6.800143E-02,  9.0625E-01
4600,  1.630344E+00, -8.468299E-02,  8.7500E-01
4700,  1.586294E+00, -4.026618E-02,  9.3750E-01
4800,  1.581660E+00, -3.849032E-02,  9.5312E-01
4900,  1.570586E+00, -4.265269E-02,  9.0625E-01
5000,  1.747387E+00, -1.469865E-02,  9.2188E-01
5100,  1.718872E+00, -4.193695E-02,  9.0625E-01
5200,  1.680459E+00, -3.301880E-03,  9.6875E-01
5300,  1.720498E+00, -3.121299E-02,  9.5312E-01
5400,  1.710318E+00, -2.283363E-02,  9.6875E-01
5500,  1.838856E+00, -3.532670E-02,  9.2188E-01
5600,  1.831272E+00, -2.587955E-02,  9.3750E-01
5700,  1.815836E+00, -5.090328E-02,  8.7500E-01
5800,  1.809048E+00, -3.665099E-02,  9.6875E-01
5900,  1.784465E+00, -6.156291E-02,  9.0625E-01
6000,  1.844257E+00, -3.785028E-02,  9.2188E-01
6100,  1.944339E+00, -1.106223E-02,  9.8438E-01
6200,  1.880791E+00, -4.114300E-02,  9.2188E-01
6300,  2.019019E+00, -5.797628E-02,  8.9062E-01
6400,  1.845258E+00, -1.297665E-02,  9.6875E-01
6500,  1.970736E+00, -4.162730E-02,  9.3750E-01
6600,  1.882151E+00, -2.944531E-02,  9.6875E-01
6700,  2.110926E+00, -8.093119E-02,  8.7500E-01
6800,  1.961079E+00, -5.363233E-02,  9.0625E-01
6900,  1.947134E+00, -3.640949E-02,  9.6875E-01
7000,  1.995555E+00, -3.948247E-02,  9.3750E-01
7100,  2.053285E+00, -4.121584E-02,  9.3750E-01
7200,  2.002136E+00, -4.323283E-02,  9.2188E-01
7300,  2.060255E+00, -1.066432E-02,  9.5312E-01
7400,  2.081394E+00, -4.401233E-02,  9.0625E-01
7500,  2.109075E+00, -4.829257E-02,  9.2188E-01
7600,  2.198269E+00, -3.138203E-02,  9.6875E-01
7700,  2.230115E+00, -1.770116E-02,  9.0625E-01
7800,  2.069328E+00, -2.230189E-02,  9.6875E-01
7900,  2.181063E+00, -4.440995E-02,  9.3750E-01
8000,  2.106681E+00, -4.144113E-02,  9.2188E-01
8100,  2.257658E+00, -4.484304E-02,  9.2188E-01
8200,  2.105303E+00, -1.671798E-02,  9.6875E-01
8300,  2.211063E+00, -2.613465E-02,  9.5312E-01
8400,  2.206421E+00, -2.474046E-02,  9.5312E-01
8500,  2.208248E+00, -6.279973E-02,  9.0625E-01
8600,  2.228754E+00, -7.411941E-02,  9.2188E-01
8700,  2.333610E+00, -2.391509E-02,  9.5312E-01
8800,  2.268239E+00, -3.508162E-02,  9.5312E-01
8900,  2.231544E+00, -3.057702E-02,  9.2188E-01
9000,  2.160455E+00, -3.488190E-02,  9.3750E-01
9100,  2.158349E+00, -2.649343E-02,  9.5312E-01
9200,  2.261542E+00, -4.610403E-02,  9.3750E-01
9300,  2.295131E+00, -7.925457E-02,  8.9062E-01
9400,  2.425012E+00, -5.642908E-02,  9.2188E-01
9500,  2.299431E+00, -5.258703E-02,  9.0625E-01
9600,  2.239768E+00, -3.011413E-02,  9.5312E-01
9700,  2.356625E+00, -1.059351E-02,  9.8438E-01
9800,  2.228363E+00, -1.840420E-02,  9.8438E-01
9900,  2.290628E+00, -1.346519E-02,  1.0000E+00
10000,  2.287094E+00, -4.193627E-02,  9.2188E-01
10100,  2.403883E+00, -5.712852E-02,  9.2188E-01
10200,  2.323874E+00, -3.058931E-02,  9.3750E-01
10300,  2.331841E+00, -2.616912E-02,  9.2188E-01
10400,  2.250753E+00, -8.128920E-03,  1.0000E+00
10500,  2.289816E+00, -2.434563E-02,  9.3750E-01
10600,  2.384961E+00, -4.250777E-02,  9.3750E-01
10700,  2.419094E+00, -4.576252E-02,  9.5312E-01
10800,  2.323005E+00, -3.104739E-02,  9.5312E-01
10900,  2.359909E+00, -2.772827E-02,  9.2188E-01
11000,  2.402745E+00, -3.832453E-02,  9.0625E-01
11100,  2.391995E+00, -4.144495E-02,  9.5312E-01
11200,  2.458072E+00, -4.960018E-02,  9.3750E-01
11300,  2.404107E+00, -7.729170E-03,  1.0000E+00
11400,  2.356649E+00, -4.915319E-02,  9.2188E-01
11500,  2.483251E+00, -1.121213E-02,  9.5312E-01
11600,  2.546443E+00, -6.352766E-03,  9.8438E-01
11700,  2.487649E+00, -3.523409E-02,  9.3750E-01
11800,  2.399207E+00, -1.335882E-02,  9.6875E-01
11900,  2.504327E+00, -6.712858E-02,  9.3750E-01
12000,  2.484361E+00, -5.925063E-02,  9.2188E-01
12100,  2.482620E+00, -1.331366E-02,  9.8438E-01
12200,  2.412711E+00, -3.833070E-02,  9.2188E-01
12300,  2.453852E+00, -3.159389E-02,  9.6875E-01
12400,  2.479805E+00, -3.725556E-02,  9.5312E-01
12500,  2.477489E+00, -2.380228E-02,  9.5312E-01
12600,  2.636837E+00, -4.913249E-02,  9.2188E-01
12700,  2.450943E+00, -4.412819E-02,  9.2188E-01
12800,  2.510338E+00, -1.369293E-02,  9.8438E-01
12900,  2.679813E+00, -3.136593E-02,  9.3750E-01
13000,  2.442998E+00, -1.116361E-03,  1.0000E+00
13100,  2.588888E+00, -1.639875E-02,  9.5312E-01
13200,  2.604263E+00, -5.861935E-02,  9.3750E-01
13300,  2.651224E+00, -1.667893E-02,  9.8438E-01
13400,  2.564397E+00, -2.937002E-02,  9.5312E-01
13500,  2.608940E+00, -6.835547E-03,  9.8438E-01
13600,  2.763830E+00, -1.093969E-02,  9.8438E-01
13700,  2.635297E+00, -2.382085E-03,  1.0000E+00
13800,  2.701793E+00, -8.416492E-02,  8.7500E-01
13900,  2.493578E+00, -2.824285E-03,  1.0000E+00
14000,  2.564377E+00, -3.923262E-02,  9.5312E-01
14100,  2.506339E+00, -2.109949E-02,  9.8438E-01
14200,  2.549261E+00, -4.755551E-02,  9.0625E-01
14300,  2.743153E+00, -7.669020E-02,  8.9062E-01
14400,  2.497567E+00, -1.374281E-02,  9.5312E-01
14500,  2.631495E+00, -1.247297E-02,  9.8438E-01
14600,  2.754551E+00, -4.518415E-02,  9.5312E-01
14700,  2.534129E+00, -1.103518E-02,  9.8438E-01
14800,  2.551916E+00, -2.269190E-02,  9.6875E-01
14900,  2.696030E+00, -2.739996E-02,  9.2188E-01
15000,  2.731345E+00, -7.790002E-03,  9.6875E-01
15100,  2.672983E+00, -5.078059E-02,  9.2188E-01
15200,  2.659796E+00, -1.095336E-02,  9.6875E-01
15300,  2.806594E+00, -2.149194E-02,  9.5312E-01
15400,  2.793565E+00, -4.965912E-02,  9.3750E-01
15500,  2.770738E+00, -4.279322E-02,  9.2188E-01
15600,  2.661762E+00, -3.905164E-02,  9.5312E-01
15700,  2.765967E+00, -1.937832E-02,  9.5312E-01
15800,  2.552548E+00, -3.109537E-02,  9.6875E-01
15900,  2.761088E+00, -2.606715E-02,  9.5312E-01
16000,  2.854165E+00, -8.894111E-03,  9.6875E-01
16100,  2.697907E+00, -2.102627E-02,  9.8438E-01
16200,  2.692702E+00, -7.724458E-03,  9.6875E-01
16300,  2.750900E+00, -3.289504E-02,  9.3750E-01
16400,  2.834870E+00, -5.907939E-02,  9.2188E-01
16500,  2.762264E+00, -9.281134E-03,  9.8438E-01
16600,  2.845196E+00, -8.163309E-03,  9.8438E-01
16700,  2.817692E+00, -1.785560E-02,  9.5312E-01
16800,  2.810839E+00, -1.599014E-02,  9.8438E-01
16900,  2.764343E+00, -4.630331E-02,  9.5312E-01
17000,  2.813234E+00, -1.921161E-02,  9.2188E-01
17100,  2.796994E+00, -8.059940E-03,  9.8438E-01
17200,  2.748651E+00, -3.579678E-02,  9.3750E-01
17300,  2.880044E+00, -2.358894E-02,  9.6875E-01
17400,  2.953513E+00, -2.583098E-02,  9.6875E-01
17500,  2.801291E+00, -1.027784E-02,  9.6875E-01
17600,  2.841683E+00, -1.724936E-02,  9.8438E-01
17700,  2.753611E+00, -6.929631E-02,  9.2188E-01
17800,  2.920928E+00, -3.668623E-02,  9.3750E-01
17900,  2.808150E+00, -1.732086E-02,  9.5312E-01
18000,  3.141088E+00, -4.916573E-02,  9.2188E-01
18100,  3.014807E+00, -8.887647E-03,  9.6875E-01
18200,  2.811885E+00, -2.758013E-02,  9.6875E-01
18300,  3.009061E+00, -1.017204E-02,  1.0000E+00
18400,  2.973836E+00, -1.843151E-02,  9.8438E-01
18500,  2.947091E+00, -1.702572E-03,  1.0000E+00
18600,  2.887885E+00, -8.511947E-03,  1.0000E+00
18700,  2.989916E+00, -1.651806E-02,  9.8438E-01
18800,  2.976421E+00, -5.211245E-02,  9.2188E-01
18900,  3.084762E+00, -9.811821E-03,  9.8438E-01
19000,  3.088983E+00, -3.493703E-02,  9.3750E-01
19100,  3.144285E+00, -2.941389E-02,  9.5312E-01
19200,  3.238597E+00, -2.714271E-02,  9.2188E-01
19300,  3.273487E+00, -1.770639E-02,  9.6875E-01
19400,  3.035031E+00, -1.253385E-02,  9.8438E-01
19500,  3.332816E+00, -4.124659E-02,  8.9062E-01
19600,  3.201673E+00, -3.516594E-02,  9.5312E-01
19700,  3.149251E+00, -2.870023E-02,  9.5312E-01
19800,  3.311393E+00, -2.338737E-02,  9.0625E-01
19900,  3.080899E+00, -1.755707E-02,  9.3750E-01
20000,  3.175447E+00, -1.142757E-02,  9.6875E-01
20100,  3.100320E+00, -2.122662E-02,  9.6875E-01
20200,  3.064516E+00,  5.850133E-04,  1.0000E+00
20300,  3.182137E+00, -6.428483E-03,  9.8438E-01
20400,  3.259934E+00, -9.222332E-02,  8.9062E-01
20500,  3.073843E+00, -1.582058E-02,  9.6875E-01
20600,  3.014274E+00, -1.745882E-02,  9.5312E-01
20700,  3.117704E+00, -2.004164E-02,  9.6875E-01
20800,  3.090503E+00, -3.259083E-03,  9.8438E-01
20900,  3.120454E+00, -4.545742E-03,  9.5312E-01
21000,  2.943313E+00, -8.989403E-03,  9.8438E-01
21100,  3.083726E+00, -2.084016E-02,  9.5312E-01
21200,  3.172378E+00, -4.564520E-02,  9.2188E-01
21300,  3.114242E+00, -4.841559E-03,  9.8438E-01
21400,  3.242017E+00, -4.783297E-02,  9.3750E-01
21500,  3.075244E+00, -4.737696E-02,  9.3750E-01
21600,  2.867341E+00, -6.162296E-03,  9.8438E-01
21700,  2.808474E+00, -1.081818E-02,  9.6875E-01
21800,  2.768219E+00, -3.381895E-02,  9.5312E-01
21900,  3.029905E+00, -1.194193E-02,  9.6875E-01
22000,  2.942604E+00, -2.618772E-02,  9.0625E-01
22100,  3.055815E+00,  1.524027E-03,  1.0000E+00
22200,  2.676051E+00,  3.627420E-03,  9.8438E-01
22300,  2.579493E+00, -1.463136E-02,  9.8438E-01
22400,  2.708680E+00, -1.781849E-02,  9.3750E-01
22500,  2.922068E+00, -1.632457E-02,  9.6875E-01
22600,  2.705703E+00, -2.371961E-02,  9.6875E-01
22700,  2.721154E+00, -1.785202E-02,  9.6875E-01
22800,  2.847351E+00, -8.020634E-03,  9.8438E-01
22900,  2.447102E+00, -2.020368E-02,  9.5312E-01
23000,  2.282915E+00, -2.487741E-02,  9.5312E-01
23100,  2.611540E+00, -1.894922E-02,  9.3750E-01
23200,  2.608363E+00, -3.451575E-03,  9.8438E-01
23300,  2.205288E+00, -1.755099E-02,  9.5312E-01
23400,  2.444414E+00, -5.319941E-03,  9.3750E-01
23500,  2.645812E+00, -1.309131E-02,  9.6875E-01
23600,  2.625318E+00, -1.276874E-04,  9.6875E-01
23700,  2.415732E+00, -3.640459E-02,  9.3750E-01
23800,  2.527823E+00, -2.106814E-02,  9.6875E-01
23900,  2.353899E+00, -2.528925E-02,  9.5312E-01
24000,  2.378135E+00, -8.350392E-04,  1.0000E+00
24100,  2.159054E+00, -3.142437E-02,  9.3750E-01
24200,  2.279047E+00, -1.608618E-02,  9.3750E-01
24300,  2.270272E+00, -5.483288E-03,  9.8438E-01
24400,  2.136110E+00, -1.230088E-02,  9.6875E-01
24500,  2.299001E+00, -1.312654E-02,  9.6875E-01
24600,  1.889740E+00, -3.112588E-02,  9.3750E-01
24700,  2.080628E+00, -3.364787E-02,  9.5312E-01
24800,  2.056033E+00, -3.311761E-02,  9.5312E-01
24900,  1.903820E+00, -6.058018E-03,  9.6875E-01
25000,  2.148604E+00, -1.082491E-02,  9.6875E-01
25100,  2.149816E+00, -1.561470E-02,  9.8438E-01
25200,  2.227976E+00, -4.005993E-02,  9.3750E-01
25300,  2.114147E+00, -1.811823E-02,  9.5312E-01
25400,  1.844790E+00, -3.142305E-02,  9.5312E-01
25500,  1.893483E+00, -3.102295E-02,  9.0625E-01
25600,  1.920870E+00, -3.845158E-03,  9.3750E-01
25700,  1.794258E+00, -2.263810E-02,  9.5312E-01
25800,  1.886046E+00, -1.752323E-02,  9.8438E-01
25900,  1.947557E+00, -1.580381E-02,  9.6875E-01
26000,  1.666784E+00, -1.496979E-02,  9.6875E-01
26100,  1.964203E+00, -3.726419E-03,  9.0625E-01
26200,  1.869092E+00, -2.912011E-02,  9.2188E-01
26300,  1.917667E+00, -2.119300E-02,  9.6875E-01
26400,  1.812361E+00, -2.159058E-02,  9.5312E-01
26500,  1.505149E+00, -1.392522E-02,  9.5312E-01
26600,  1.402202E+00, -2.676012E-02,  9.3750E-01
26700,  1.728314E+00, -3.236997E-03,  9.8438E-01
26800,  1.456350E+00, -5.122058E-02,  9.2188E-01
26900,  1.567038E+00, -2.048819E-02,  9.8438E-01
27000,  1.560695E+00, -1.398452E-02,  9.6875E-01
27100,  1.691496E+00, -2.101755E-03,  9.6875E-01
27200,  1.026017E+00,  1.406822E-03,  9.8438E-01
27300,  1.391999E+00, -6.638671E-03,  9.5312E-01
27400,  1.509784E+00, -3.347999E-03,  9.8438E-01
27500,  1.309531E+00, -1.042468E-04,  1.0000E+00
27600,  1.349570E+00, -1.058600E-02,  8.9062E-01
27700,  1.210113E+00, -9.454282E-03,  9.2188E-01
27800,  1.482838E+00, -7.171436E-03,  9.5312E-01
27900,  9.675524E-01, -3.543128E-03,  9.5312E-01
28000,  9.790428E-01, -2.218235E-02,  9.5312E-01
28100,  1.587593E+00, -2.051451E-02,  9.5312E-01
28200,  1.398908E+00, -2.589220E-03,  9.5312E-01
28300,  1.371429E+00, -2.493823E-02,  9.3750E-01
28400,  1.506537E+00, -1.746362E-03,  9.5312E-01
28500,  1.050766E+00, -1.093593E-02,  9.5312E-01
28600,  6.125734E-01,  1.057544E-02,  9.5312E-01
28700,  9.436114E-01, -1.007108E-02,  9.3750E-01
28800,  1.141499E+00,  5.459657E-05,  1.0000E+00
28900,  4.045943E-01, -1.361351E-02,  9.8438E-01
29000,  2.165433E-01, -1.007258E-02,  9.2188E-01
29100,  1.100162E+00,  2.052971E-03,  9.2188E-01
29200,  9.231563E-01, -6.572828E-03,  9.3750E-01
29300,  6.076237E-02,  3.253800E-03,  9.6875E-01
29400,  9.237680E-01, -3.866787E-03,  9.2188E-01
29500,  7.585939E-01, -1.983242E-02,  9.3750E-01
29600,  6.098804E-01, -9.333292E-03,  9.5312E-01
29700,  7.084420E-01, -1.635836E-02,  9.6875E-01
29800,  4.504819E-01, -2.287875E-02,  9.2188E-01
29900,  6.303240E-01, -2.964353E-02,  9.2188E-01
30000,  7.783185E-01,  4.054074E-03,  9.6875E-01
30100,  2.599607E-01,  1.031102E-03,  9.5312E-01
30200,  6.202918E-01, -7.629521E-03,  9.6875E-01
30300,  3.667578E-01,  6.633978E-04,  9.8438E-01
30400, -2.811975E-01, -3.479715E-02,  9.2188E-01
30500, -2.391588E-01, -1.061955E-02,  8.9062E-01
30600,  6.842020E-02,  1.885875E-02,  9.2188E-01
30700,  2.012200E-02, -1.402022E-02,  9.5312E-01
30800,  3.163069E-01,  5.396415E-03,  9.2188E-01
30900, -3.621184E-01,  4.182491E-03,  9.3750E-01
31000, -1.309797E+00, -3.808742E-03,  9.2188E-01
31100,  1.582813E+00,  7.787415E-03,  9.3750E-01
31200, -3.401540E+00,  8.682416E-02,  9.5312E-01
31300,  1.408444E+00, -1.583299E-03,  9.2188E-01
31400,  1.008082E+00,  7.089829E-02,  9.2188E-01
31500,  2.979495E+00,  3.189204E-02,  9.2188E-01
31600,  1.962247E+00,  1.783789E-02,  9.5312E-01
31700,  1.077225E+00,  2.815544E-02,  9.5312E-01
31800,  2.268498E+00,  1.201945E-02,  8.7500E-01
31900, -9.830891E-01,  1.089091E-02,  8.7500E-01
32000,  3.769490E-02,  3.012403E-02,  9.2188E-01
32100,  1.975011E+00,  1.220210E-02,  8.9062E-01
32200, -1.242011E+01,  3.751877E-02,  9.0625E-01
32300, -1.589120E+01, -4.046663E-03,  8.5938E-01
32400, -1.651812E+01,  6.736467E-03,  9.0625E-01
32500, -1.199431E+01,  5.309176E-03,  7.9688E-01
32600, -1.125570E+01,  4.337598E-04,  8.5938E-01
32700, -1.085131E+01, -1.229970E-03,  8.7500E-01
32800, -1.154582E+01,  3.596417E-03,  8.9062E-01
32900, -1.229647E+01, -1.251644E-02,  9.0625E-01
33000, -1.230728E+01, -2.613546E-03,  9.2188E-01
33100, -1.070994E+01,  4.475338E-04,  8.9062E-01
33200, -1.084824E+01, -3.480554E-03,  8.5938E-01
33300, -1.073113E+01, -1.992784E-03,  9.6875E-01
33400, -1.136075E+01,  2.744825E-03,  9.2188E-01
33500, -1.084229E+01, -1.215039E-02,  9.2188E-01
33600, -1.061713E+01, -8.153773E-03,  9.3750E-01
33700, -1.035244E+01,  3.951586E-03,  9.0625E-01
33800, -8.660686E+00,  1.846395E-02,  9.2188E-01
33900, -1.027515E+01, -6.271679E-03,  9.5312E-01
34000, -9.480566E+00,  4.826533E-03,  9.0625E-01
34100, -1.022694E+01, -6.419187E-04,  9.6875E-01
34200, -6.204182E+00,  1.925128E-02,  9.2188E-01
34300, -5.238997E+00,  8.199878E-02,  8.7500E-01
34400, -1.208962E+01,  1.620195E-02,  9.6875E-01
34500, -1.229743E+01,  1.397941E-02,  9.0625E-01
34600, -6.592752E+00,  6.784384E-02,  8.9062E-01
34700, -7.014010E+00,  1.930086E-02,  8.2812E-01
34800, -9.657004E+00,  2.443852E-02,  9.2188E-01
34900, -1.232561E+01,  1.861722E-02,  9.2188E-01
35000, -1.200987E+01,  1.389928E-02,  8.9062E-01
35100, -9.426144E+00,  8.725211E-02,  7.5000E-01
35200, -9.071137E+00,  1.747676E-02,  9.3750E-01
35300, -9.363331E+00,  6.862359E-03,  8.9062E-01
35400, -8.653717E+00,  2.381744E-02,  9.2188E-01
35500, -8.469852E+00,  1.328364E-02,  8.9062E-01
35600, -6.412256E+00,  5.873635E-02,  8.5938E-01
35700, -2.857083E+00,  3.860967E-01,  8.9062E-01
35800, -3.823905E+00,  9.546928E-02,  7.6562E-01
35900, -2.969229E+00,  8.340789E-02,  8.7500E-01
36000, -3.772187E+00,  2.374347E-02,  8.1250E-01
36100, -9.115997E+00,  1.226432E-02,  7.9688E-01
36200, -9.187010E+00,  1.970946E-02,  7.8125E-01
36300, -9.267342E+00,  1.180599E-02,  8.5938E-01
36400, -7.091345E+00,  3.174151E-02,  7.6562E-01
36500, -3.682617E+00,  4.406629E-02,  8.9062E-01
36600, -3.703755E+00,  3.578065E-02,  9.2188E-01
36700, -3.650332E+00,  3.770198E-02,  8.4375E-01
36800, -4.158197E+00,  6.471840E-02,  7.6562E-01
36900, -3.893712E+00,  5.166252E-02,  7.8125E-01
37000, -4.104910E+00,  1.648825E-02,  8.7500E-01
37100, -4.024594E+00,  3.805875E-02,  7.9688E-01
37200, -4.329840E+00,  3.647575E-02,  8.4375E-01
37300, -4.764312E+00,  1.572011E-02,  7.9688E-01
37400, -4.718843E+00,  1.294466E-02,  7.6562E-01
37500, -4.669889E+00,  3.142464E-02,  7.1875E-01
37600, -5.715956E+00,  4.085657E-02,  7.1875E-01
37700, -4.687610E+00,  1.707387E-02,  8.9062E-01
37800, -4.380062E+00,  3.401755E-02,  8.1250E-01
37900, -4.158293E+00,  1.950220E-02,  8.2812E-01
38000, -4.616860E+00,  9.082645E-03,  9.3750E-01
38100, -3.939918E+00,  1.838733E-02,  8.1250E-01
38200, -4.363542E+00,  8.278156E-03,  8.7500E-01
38300, -4.343596E+00,  9.902271E-03,  7.9688E-01
38400, -4.649601E+00,  3.194190E-03,  8.7500E-01
38500, -4.109762E+00,  4.759342E-03,  8.2812E-01
38600, -4.471121E+00,  1.795661E-02,  7.9688E-01
38700, -5.041636E+00,  1.463781E-02,  8.1250E-01
38800, -4.807959E+00,  3.769071E-02,  7.6562E-01
38900, -4.538823E+00,  2.242493E-02,  9.2188E-01
39000, -5.164248E+00,  1.227614E-02,  8.1250E-01
39100, -5.751143E+00,  1.320241E-02,  8.1250E-01
39200, -6.202771E+00,  1.857357E-02,  8.2812E-01
39300, -5.229805E+00,  2.532703E-02,  8.4375E-01
39400, -5.560106E+00,  8.951507E-03,  8.2812E-01
39500, -5.590120E+00,  9.906143E-03,  9.3750E-01
39600, -5.257651E+00,  2.881296E-03,  8.4375E-01
39700, -5.332924E+00,  3.158342E-03,  7.6562E-01
39800, -5.434229E+00,  5.465628E-03,  9.3750E-01
39900, -5.580212E+00,  3.953841E-03,  8.1250E-01
40000, -5.632897E+00,  2.335048E-03,  8.1250E-01
40100, -5.228601E+00, -2.954554E-03,  7.8125E-01
40200, -5.614284E+00,  2.432313E-03,  9.0625E-01
40300, -6.443789E+00,  5.780517E-04,  8.4375E-01
40400, -6.316245E+00,  4.593965E-03,  8.4375E-01
40500, -6.416195E+00,  2.121179E-03,  8.5938E-01
40600, -6.290309E+00, -1.452787E-03,  8.5938E-01
40700, -6.248236E+00,  1.886523E-03,  8.7500E-01
40800, -5.994090E+00, -1.895731E-03,  8.1250E-01
40900, -6.297078E+00,  6.929422E-04,  8.5938E-01
41000, -6.088440E+00,  3.393391E-03,  8.5938E-01
41100, -6.092771E+00,  3.092287E-03,  9.0625E-01
41200, -5.905590E+00, -1.590484E-03,  9.0625E-01
41300, -6.203577E+00, -1.468353E-03,  8.7500E-01
41400, -5.831048E+00, -6.323485E-03,  8.2812E-01
41500, -5.447654E+00, -2.142005E-03,  8.7500E-01
41600, -5.088460E+00,  1.328234E-03,  8.4375E-01
41700, -4.850369E+00,  3.061793E-03,  9.3750E-01
41800, -4.803920E+00,  8.555783E-04,  8.1250E-01
41900, -4.298778E+00,  3.065943E-03,  9.0625E-01
42000, -4.012191E+00, -7.283601E-03,  8.7500E-01
42100, -2.749254E+00,  3.283134E-02,  8.1250E-01
42200, -3.070914E+00,  9.058768E-03,  8.2812E-01
42300, -2.402641E+00,  1.543163E-02,  8.1250E-01
42400, -1.355145E+00,  2.770578E-02,  9.0625E-01
42500, -1.035500E+00,  3.939013E-02,  7.3438E-01
42600, -1.179413E+00,  9.497702E-02,  8.4375E-01
42700, -1.972190E+00,  8.579438E-03,  8.9062E-01
42800, -7.724735E-01,  3.286408E-02,  8.2812E-01
42900, -7.486902E-01,  8.976697E-02,  8.2812E-01
43000, -1.264444E+00,  4.273359E-02,  8.2812E-01
43100, -5.265363E-01,  6.864052E-02,  8.2812E-01
43200, -9.066558E-01,  6.470710E-02,  8.4375E-01
43300, -7.603127E-01,  1.356236E-01,  9.0625E-01
43400, -9.663101E-01,  2.013104E-01,  9.0625E-01
43500, -1.924729E+00,  2.131360E-01,  8.4375E-01
43600,  8.127033E-01,  3.447465E-01,  7.5000E-01
43700,  4.442625E+00,  2.218295E-01,  5.3125E-01
43800,  5.643147E+00,  4.832937E-02,  6.5625E-01
43900,  6.730084E+00,  1.685502E-01,  7.9688E-01
44000,  7.873002E+00,  1.551813E-01,  7.3438E-01
44100,  6.979781E+00,  7.091369E-02,  8.7500E-01
44200,  8.208170E+00,  1.246408E-03,  7.5000E-01
44300,  8.699296E+00,  8.535310E-02,  7.9688E-01
44400,  8.906721E+00,  1.394363E-02,  8.1250E-01
44500,  9.907179E+00,  1.423108E-02,  7.8125E-01
44600,  1.053012E+01,  1.086809E-02,  8.4375E-01
44700,  9.828670E+00,  5.897020E-02,  8.2812E-01
44800,  1.707680E+01,  8.623297E-02,  6.4062E-01
44900,  1.899803E+01,  1.065134E-01,  8.5938E-01
45000,  1.968044E+01,  1.239170E-01,  8.5938E-01
45100,  1.771612E+01,  3.463479E-01,  8.5938E-01
45200,  1.984175E+01,  9.762795E-02,  8.7500E-01
45300,  2.833415E+01,  2.144393E-01,  7.3438E-01
45400,  3.752567E+01,  1.242007E-01,  8.7500E-01
45500,  3.932116E+01,  1.364170E-01,  8.1250E-01
45600,  3.958210E+01,  1.257942E-01,  7.3438E-01
45700,  4.147408E+01,  5.662617E-02,  8.5938E-01
45800,  5.225554E+01,  1.578368E-01,  7.8125E-01
45900,  6.484632E+01,  1.372891E-01,  6.4062E-01
46000,  7.654553E+01,  7.827964E-02,  6.8750E-01
46100,  8.914040E+01,  5.591321E-02,  6.2500E-01
46200,  9.830502E+01,  5.029319E-02,  7.0312E-01
46300,  1.073404E+02,  5.483019E-02,  6.5625E-01
46400,  1.110148E+02,  1.385399E-01,  7.3438E-01
46500,  1.151011E+02,  7.226469E-02,  7.5000E-01
46600,  1.185752E+02,  3.501090E-02,  7.0312E-01
46700,  1.231746E+02,  6.416718E-02,  7.5000E-01
46800,  1.266034E+02,  3.051056E-02,  7.5000E-01
46900,  1.331270E+02,  1.091703E-01,  6.8750E-01
47000,  1.401131E+02,  4.685954E-02,  7.3438E-01
47100,  1.460874E+02,  2.461645E-02,  7.1875E-01
47200,  1.492664E+02,  1.281410E-01,  7.3438E-01
47300,  1.354146E+02,  1.481071E-01,  5.7812E-01
47400,  1.296189E+02,  5.966093E-02,  7.1875E-01
47500,  1.254169E+02,  9.958919E-02,  5.7812E-01
47600,  1.373384E+02,  9.174961E-02,  7.0312E-01
47700,  1.548339E+02,  1.109282E-01,  6.8750E-01
47800,  1.592339E+02,  3.466961E-02,  7.6562E-01
47900,  1.687171E+02,  2.050736E-02,  7.3438E-01
48000,  1.720641E+02,  5.799247E-02,  7.5000E-01
48100,  1.923065E+02,  1.363313E-01,  6.4062E-01
48200,  2.165956E+02,  1.185001E-01,  5.4688E-01
48300,  2.445012E+02,  1.913667E-01,  5.1562E-01
48400,  2.609518E+02,  2.376715E-01,  6.7188E-01
48500,  2.480171E+02,  5.223671E-02,  5.9375E-01
48600,  2.294478E+02,  1.110751E-01,  6.0938E-01
48700,  1.999471E+02,  2.877420E-01,  3.2812E-01
48800,  1.804062E+02,  7.241446E-01,  3.5938E-01
48900,  1.639698E+02,  6.494758E-02,  2.8125E-01
49000,  1.438719E+02,  1.350212E-01,  1.4062E-01
49100,  1.406437E+02,  2.200069E-01,  1.8750E-01
49200,  1.386802E+02,  7.235613E-02,  1.8750E-01
49300,  1.354687E+02,  2.650688E-01,  2.0312E-01
49400,  1.360058E+02,  1.388239E-01,  3.1250E-01
49500,  1.447094E+02,  6.518272E-02,  2.5000E-01
49600,  1.613423E+02,  1.620403E-01,  3.9062E-01
49700,  1.712192E+02,  3.959976E-02,  2.6562E-01
49800,  1.630142E+02,  1.696842E-01,  3.7500E-01
49900,  1.485430E+02,  4.857022E-02,  3.1250E-01
50000,  1.464570E+02,  1.745445E-01,  4.2188E-01
50100,  1.488096E+02,  9.514402E-02,  5.0000E-01
50200,  1.395954E+02,  4.325560E-01,  3.1250E-01
50300,  1.427391E+02,  3.335886E-01,  4.2188E-01
50400,  1.492001E+02,  4.329573E-01,  3.4375E-01
50500,  1.573355E+02,  6.537230E-02,  4.5312E-01
50600,  1.844910E+02,  3.948934E-02,  3.4375E-01
50700,  1.929037E+02,  8.840631E-02,  4.5312E-01
50800,  1.979562E+02,  4.613454E-02,  3.9062E-01
50900,  2.030027E+02,  4.172707E-02,  5.0000E-01
51000,  2.250253E+02,  7.781467E-02,  4.0625E-01
51100,  2.280399E+02,  1.679384E-01,  4.2188E-01
51200,  2.629218E+02,  2.428449E-01,  3.7500E-01
51300,  3.093630E+02,  1.429890E-01,  2.5000E-01
51400,  3.291360E+02,  1.662140E-01,  4.0625E-01
51500,  3.330215E+02,  1.334428E-01,  2.5000E-01
51600,  3.049456E+02,  3.979984E-01,  3.2812E-01
51700,  2.994362E+02,  3.469918E-01,  3.2812E-01
51800,  2.919833E+02,  1.079617E-01,  3.7500E-01
51900,  2.908409E+02,  1.284304E-01,  4.0625E-01
52000,  3.112181E+02,  6.491458E-02,  5.3125E-01
52100,  3.140340E+02,  2.544434E-01,  3.5938E-01
52200,  3.163080E+02,  2.868864E-01,  4.0625E-01
52300,  3.187422E+02,  1.500151E-01,  3.7500E-01
52400,  3.347823E+02,  1.983042E-01,  4.5312E-01
52500,  3.461872E+02,  1.940599E-01,  5.1562E-01
52600,  3.698407E+02,  6.635243E-02,  4.5312E-01
52700,  3.813553E+02,  7.809361E-02,  4.5312E-01
52800,  3.992230E+02,  1.387209E-01,  5.1562E-01
52900,  3.957557E+02,  1.958180E-01,  4.3750E-01
53000,  3.842571E+02,  2.939318E-01,  4.8438E-01
53100,  3.881868E+02,  2.380214E-01,  2.8125E-01
53200,  3.995905E+02,  2.060521E-01,  2.6562E-01
53300,  3.978155E+02,  1.305846E-01,  2.8125E-01
53400,  3.737205E+02,  3.131542E-01,  3.5938E-01
53500,  3.642899E+02,  6.289753E-02,  5.7812E-01
53600,  3.572012E+02,  1.245883E-01,  4.2188E-01
53700,  3.363949E+02,  4.495747E-01,  4.3750E-01
53800,  3.387383E+02,  5.538495E-01,  5.0000E-01
53900,  3.494517E+02,  1.692162E-01,  4.5312E-01
54000,  3.358709E+02,  5.383110E-01,  3.5938E-01
54100,  3.255946E+02,  1.427917E-01,  3.7500E-01
54200,  3.142354E+02,  2.802257E-02,  3.4375E-01
54300,  3.126645E+02,  4.243607E-01,  3.2812E-01
54400,  3.195975E+02,  6.188459E-01,  4.2188E-01
54500,  3.444106E+02,  2.100723E-01,  3.7500E-01
54600,  3.548484E+02,  2.291225E-01,  3.4375E-01
54700,  3.374911E+02,  5.046510E-02,  4.8438E-01
54800,  3.585272E+02,  1.173886E-01,  4.5312E-01
54900,  3.692577E+02,  1.026074E-01,  4.3750E-01
55000,  4.015720E+02,  1.496200E-01,  3.2812E-01
55100,  4.215576E+02,  8.688407E-02,  4.2188E-01
55200,  4.560165E+02,  1.330329E-01,  4.2188E-01
55300,  4.842304E+02,  8.520160E-02,  3.7500E-01
55400,  5.066772E+02,  1.088427E-01,  3.1250E-01
55500,  5.237591E+02,  9.125972E-02,  4.0625E-01
55600,  5.444899E+02,  5.790153E-02,  3.9062E-01
55700,  5.541034E+02,  2.421737E-01,  4.5312E-01
55800,  5.404333E+02,  3.015210E-01,  3.9062E-01
55900,  5.145451E+02,  9.678218E-01,  2.9688E-01
56000,  5.130826E+02,  6.081952E-01,  2.6562E-01
56100,  5.169865E+02,  3.608966E-01,  2.5000E-01
56200,  5.053618E+02,  6.683187E-01,  2.3438E-01
56300,  4.877103E+02,  2.835507E-01,  2.6562E-01
56400,  4.682952E+02,  7.574294E-02,  2.0312E-01
56500,  4.508824E+02,  1.040032E-01,  1.0938E-01
56600,  4.303265E+02,  8.930476E-02,  1.8750E-01
56700,  4.134739E+02,  1.562950E-01,  2.8125E-01
56800,  3.924568E+02,  1.218237E-01,  2.3438E-01
56900,  3.778426E+02,  2.715146E-01,  2.8125E-01
57000,  3.806851E+02,  2.608655E-01,  1.2500E-01
57100,  3.933005E+02,  1.806391E-01,  1.4062E-01
57200,  3.822719E+02,  2.177100E-01,  2.1875E-01
57300,  4.170549E+02,  3.136602E-01,  6.2500E-02
57400,  4.595451E+02,  3.873776E-01,  0.0000E+00
57500,  4.767675E+02,  1.613794E-01,  6.2500E-02
57600,  4.818176E+02,  3.146144E-02,  1.2500E-01
57700,  4.950841E+02,  1.822494E-01,  1.7188E-01
57800,  5.015961E+02,  1.754126E-01,  1.5625E-01
57900,  5.053694E+02,  2.804168E-01,  1.7188E-01
58000,  5.112104E+02,  4.703740E-01,  2.9688E-01
58100,  5.267125E+02,  3.477446E-02,  2.0312E-01
58200,  5.319041E+02,  2.239941E-01,  2.9688E-01
58300,  5.483601E+02,  1.691466E-02,  2.5000E-01
58400,  5.466691E+02,  2.254018E-02,  2.1875E-01
58500,  5.785471E+02,  1.911857E-01,  2.0312E-01
58600,  6.252327E+02,  1.696958E-01,  2.6562E-01
58700,  6.811439E+02,  9.323483E-02,  3.2812E-01
58800,  7.226743E+02,  1.105811E-01,  2.3438E-01
58900,  7.597643E+02,  1.105512E-01,  4.3750E-01
59000,  7.317292E+02,  1.405223E-01,  3.1250E-01
59100,  6.967390E+02,  4.955094E-02,  3.5938E-01
59200,  7.396263E+02,  4.697619E-01,  2.3438E-01
59300,  8.093854E+02,  2.508903E-01,  2.3438E-01
59400,  8.313904E+02,  1.919882E-01,  1.7188E-01
59500,  8.397874E+02,  2.140844E-01,  2.5000E-01
59600,  8.211771E+02,  2.604906E-01,  2.3438E-01
59700,  8.630217E+02,  1.108416E-01,  3.2812E-01
59800,  8.839102E+02,  1.728755E-01,  4.3750E-01
59900,  8.485878E+02,  1.233708E-01,  4.2188E-01
60000,  8.120002E+02,  5.906776E-02,  3.7500E-01
60100,  7.819055E+02,  1.344976E-01,  3.5938E-01
60200,  7.379260E+02,  8.705255E-02,  3.7500E-01
60300,  7.320014E+02,  4.144268E-01,  1.8750E-01
60400,  7.512347E+02,  2.968927E+00,  2.0312E-01
60500,  7.828099E+02,  1.827222E-01,  1.4062E-01
60600,  8.209686E+02,  2.269715E-01,  2.6562E-01
60700,  8.726385E+02,  1.104223E-01,  3.4375E-01
60800,  8.600024E+02,  1.456134E-01,  3.9062E-01
60900,  8.418988E+02,  3.007904E-01,  3.7500E-01
61000,  8.607135E+02,  2.521370E-01,  3.5938E-01
61100,  8.325814E+02,  2.108184E-01,  2.6562E-01
61200,  8.619694E+02,  2.655335E-01,  4.0625E-01
61300,  8.428254E+02,  1.923873E-01,  2.0312E-01
61400,  7.991396E+02,  6.729093E-01,  1.7188E-01
61500,  7.912391E+02,  4.043224E-01,  1.5625E-01
61600,  7.785267E+02,  1.459156E-01,  2.6562E-01
61700,  7.958294E+02,  2.633646E-01,  1.5625E-01
61800,  7.538141E+02,  3.789635E-02,  1.5625E-01
61900,  7.629896E+02,  2.184328E-01,  2.9688E-01
62000,  7.305476E+02,  3.285188E-01,  2.9688E-01
62100,  7.431366E+02,  4.144718E-01,  1.8750E-01
62200,  7.799681E+02,  2.180619E-01,  2.8125E-01
62300,  7.805333E+02, -4.713451E-02,  3.1250E-01
62400,  7.616178E+02,  4.426835E-02,  2.8125E-01
62500,  7.525994E+02,  1.502176E-01,  2.3438E-01
62600,  7.894860E+02, -2.160682E-03,  3.4375E-01
62700,  7.886870E+02,  1.680926E-01,  2.1875E-01
62800,  7.829708E+02,  3.083307E-01,  3.7500E-01
62900,  7.734751E+02,  7.159323E-03,  2.8125E-01
63000,  7.662120E+02,  1.683660E-01,  2.8125E-01
63100,  7.895065E+02,  5.625667E-01,  2.6562E-01
63200,  8.269651E+02,  1.861002E-01,  2.3438E-01
63300,  8.549449E+02,  2.584612E-02,  2.0312E-01
63400,  8.488843E+02,  2.316768E-02,  3.2812E-01
63500,  8.273794E+02,  5.548066E-03,  3.9062E-01
63600,  8.137684E+02,  6.787486E-02,  3.9062E-01
63700,  8.539469E+02,  3.013927E-01,  1.5625E-01
63800,  8.791060E+02, -1.799203E-02,  2.0312E-01
63900,  8.514261E+02, -5.321462E-03,  2.1875E-01
64000,  8.424657E+02,  8.650739E-04,  3.1250E-01
64100,  8.354452E+02,  5.950739E-02,  2.1875E-01
64200,  8.346352E+02,  1.051515E-01,  2.3438E-01
64300,  8.267944E+02,  5.983534E-02,  2.3438E-01
64400,  8.494822E+02,  9.006795E-02,  3.5938E-01
64500,  9.031494E+02,  4.932251E-02,  2.5000E-01
64600,  9.527586E+02,  4.253039E-02,  2.1875E-01
64700,  9.799083E+02,  1.524632E-01,  3.1250E-01
64800,  9.994252E+02,  2.087524E-01,  3.4375E-01
64900,  1.060266E+03,  4.011286E-01,  2.5000E-01
65000,  1.139683E+03,  1.771653E-01,  3.1250E-01
65100,  1.177834E+03,  6.979056E-02,  3.5938E-01
65200,  1.192247E+03,  2.589234E-02,  4.2188E-01
65300,  1.209478E+03,  1.667403E-01,  2.9688E-01
65400,  1.187908E+03,  3.272015E-01,  2.5000E-01
65500,  1.233539E+03,  3.113787E-01,  2.6562E-01
65600,  1.206207E+03,  3.039890E-02,  2.8125E-01
65700,  1.215379E+03,  1.798836E-01,  3.9062E-01
65800,  1.235852E+03,  2.420219E-01,  2.3438E-01
65900,  1.273575E+03,  4.773919E-01,  2.9688E-01
66000,  1.276262E+03,  2.919729E-01,  1.8750E-01
66100,  1.292437E+03,  3.510174E-01,  1.5625E-01
66200,  1.293076E+03,  1.769195E-01,  2.5000E-01
66300,  1.348144E+03,  1.362141E-01,  7.8125E-02
66400,  1.416375E+03,  3.323821E-02,  2.0312E-01
66500,  1.441105E+03,  9.023592E-03,  3.4375E-01
66600,  1.460036E+03,  1.378995E-02,  3.2812E-01
66700,  1.482779E+03,  5.051833E-02,  1.5625E-01
66800,  1.548672E+03,  4.047256E-02,  1.7188E-01
66900,  1.592989E+03,  1.539790E-02,  1.7188E-01
67000,  1.602566E+03,  1.813302E-01,  3.5938E-01
67100,  1.663355E+03,  2.566504E-01,  3.4375E-01
67200,  1.731344E+03,  1.468320E-01,  1.7188E-01
67300,  1.794792E+03,  2.178447E-01,  2.5000E-01
67400,  1.845375E+03,  4.928772E-01,  2.0312E-01
67500,  1.889548E+03,  3.372055E-01,  2.1875E-01
67600,  1.903709E+03,  2.739260E-01,  2.3438E-01
67700,  1.899543E+03,  3.881341E-01,  2.8125E-01
67800,  1.877907E+03,  2.577057E-01,  2.3438E-01
67900,  1.853752E+03,  1.906259E-01,  2.6562E-01
68000,  1.819597E+03,  2.169580E-01,  1.2500E-01
68100,  1.830143E+03,  2.769616E-01,  2.5000E-01
68200,  1.845728E+03,  5.838346E-02,  3.1250E-01
68300,  1.838427E+03,  4.073855E-02,  2.1875E-01
68400,  1.795207E+03,  7.815175E-02,  9.3750E-02
68500,  1.780571E+03,  1.235267E-01,  1.5625E-01
68600,  1.754157E+03,  1.137847E-01,  2.1875E-01
68700,  1.766393E+03,  2.535270E-01,  1.8750E-01
68800,  1.768854E+03,  1.581029E-01,  1.7188E-01
68900,  1.785421E+03,  1.150053E-01,  2.0312E-01
69000,  1.785779E+03,  1.559292E-01,  3.1250E-01
69100,  1.796842E+03,  1.513045E-01,  2.1875E-01
69200,  1.786271E+03,  4.759800E-02,  2.9688E-01
69300,  1.793656E+03,  8.016746E-02,  3.7500E-01
69400,  1.812978E+03,  9.196351E-02,  3.7500E-01
69500,  1.836260E+03,  3.838128E-02,  2.5000E-01
69600,  1.854258E+03,  3.749352E-02,  3.4375E-01
69700,  1.865790E+03,  1.404419E-02,  2.5000E-01
69800,  1.870408E+03,  3.628885E-03,  3.4375E-01
69900,  1.875753E+03,  7.897502E-03,  4.2188E-01
70000,  1.879541E+03,  6.993163E-03,  4.2188E-01
70100,  1.882291E+03,  5.730299E-03,  4.5312E-01
70200,  1.882527E+03,  1.240754E-02,  3.4375E-01
70300,  1.885647E+03,  3.922638E-03,  2.9688E-01
70400,  1.880431E+03,  2.596578E-02,  4.0625E-01
70500,  1.872500E+03,  1.257926E-02,  3.4375E-01
70600,  1.862307E+03,  1.590026E-02,  2.5000E-01
70700,  1.859348E+03,  1.818647E-02,  3.4375E-01
70800,  1.862991E+03,  1.671565E-02,  3.4375E-01
70900,  1.855542E+03,  1.709670E-02,  2.8125E-01
71000,  1.854417E+03,  1.335358E-02,  3.4375E-01
71100,  1.853654E+03,  2.119100E-02,  3.1250E-01
71200,  1.862173E+03,  1.815298E-02,  3.7500E-01
71300,  1.870345E+03,  2.774400E-02,  3.1250E-01
71400,  1.871066E+03,  2.508440E-02,  3.7500E-01
71500,  1.889268E+03,  3.160176E-02,  4.8438E-01
71600,  1.894071E+03,  2.759914E-02,  3.5938E-01
71700,  1.900740E+03,  1.947197E-02,  6.0938E-01
71800,  1.906126E+03,  1.489939E-02,  3.9062E-01
71900,  1.921164E+03,  1.520933E-02,  4.2188E-01
72000,  1.932683E+03,  1.671725E-02,  3.2812E-01
72100,  1.941060E+03,  4.122919E-02,  2.9688E-01
72200,  1.968032E+03,  2.648394E-03,  2.8125E-01
72300,  1.972239E+03,  1.214573E-02,  3.1250E-01
72400,  1.990924E+03,  5.851145E-02,  7.0312E-01
72500,  1.999820E+03,  2.606093E-02,  4.3750E-01
72600,  2.006804E+03,  1.097118E-02,  4.6875E-01
72700,  2.018673E+03,  5.556177E-02,  3.1250E-01
72800,  2.021703E+03,  3.045119E-02,  3.7500E-01
72900,  2.064305E+03,  1.424253E-02,  4.3750E-01
73000,  2.087482E+03,  1.465403E-01,  3.9062E-01
73100,  2.136366E+03,  5.698312E-02,  4.3750E-01
73200,  2.166807E+03,  1.422898E-01,  3.9062E-01
73300,  2.200455E+03,  6.288135E-02,  3.7500E-01
73400,  2.212080E+03,  5.246460E-02,  3.2812E-01
73500,  2.233367E+03,  2.983963E-02,  3.1250E-01
73600,  2.251756E+03,  3.745202E-02,  3.4375E-01
73700,  2.265632E+03,  4.145865E-02,  3.2812E-01
73800,  2.268396E+03,  2.720668E-02,  5.1562E-01
73900,  2.256104E+03,  1.390027E-02,  5.0000E-01
74000,  2.235327E+03,  1.620764E-02,  5.0000E-01
74100,  2.210309E+03,  6.882773E-02,  4.2188E-01
74200,  2.198929E+03,  6.408522E-02,  4.6875E-01
74300,  2.147073E+03,  5.929460E-02,  4.5312E-01
74400,  2.109448E+03,  7.049320E-02,  5.0000E-01
74500,  2.086932E+03,  6.005822E-03,  4.8438E-01
74600,  2.106895E+03,  3.571751E-02,  5.0000E-01
74700,  2.130571E+03,  9.649485E-02,  4.0625E-01
74800,  2.178906E+03,  1.220112E-01,  4.8438E-01
74900,  2.219428E+03,  1.108854E-01,  5.6250E-01
75000,  2.231144E+03,  1.348901E-01,  4.3750E-01
75100,  2.218938E+03,  1.812969E-01,  5.3125E-01
75200,  2.169029E+03,  3.100207E-01,  2.8125E-01
75300,  2.154310E+03,  1.574025E-01,  3.2812E-01
75400,  2.108540E+03,  1.810390E-01,  2.9688E-01
75500,  2.047920E+03,  2.172677E-01,  3.4375E-01
75600,  2.048542E+03,  6.195566E-02,  3.1250E-01
75700,  2.063810E+03,  3.724378E-02,  2.5000E-01
75800,  2.111670E+03,  5.189730E-01,  2.8125E-01
75900,  2.134489E+03,  1.080082E-01,  3.2812E-01
76000,  2.104895E+03, -4.731305E-04,  3.2812E-01
76100,  2.098228E+03,  1.521848E-01,  5.0000E-01
76200,  2.127941E+03,  2.266699E-01,  2.5000E-01
76300,  2.114375E+03,  2.099473E-02,  3.1250E-01
76400,  2.045787E+03,  7.901213E-02,  1.8750E-01
76500,  2.035505E+03,  1.876375E-01,  2.6562E-01
76600,  2.025835E+03,  2.217878E-02,  2.5000E-01
76700,  2.037396E+03,  1.774088E-01,  2.1875E-01
76800,  1.997205E+03,  1.921659E-01,  3.9062E-01
76900,  2.004879E+03,  3.903999E-01,  2.9688E-01
77000,  2.067939E+03,  2.099102E-01,  3.5938E-01
77100,  2.028361E+03,  2.142016E-01,  2.3438E-01
77200,  2.069743E+03,  2.195672E-01,  2.9688E-01
77300,  2.004763E+03,  2.367158E-02,  2.0312E-01
77400,  2.000562E+03,  1.093196E-01,  2.0312E-01
77500,  1.997659E+03,  1.197179E-01,  2.8125E-01
77600,  2.043073E+03,  6.807927E-02,  2.3438E-01
77700,  2.011591E+03,  4.320704E-01,  2.3438E-01
77800,  2.064744E+03,  1.089231E-01,  2.9688E-01
77900,  2.096771E+03,  9.960136E-02,  2.9688E-01
78000,  2.054201E+03,  7.475423E-02,  5.1562E-01
78100,  2.024512E+03,  1.883696E-01,  2.1875E-01
78200,  2.028627E+03,  3.511208E-01,  2.8125E-01
78300,  2.013550E+03,  2.389248E-01,  3.2812E-01
78400,  2.059063E+03,  2.160411E-01,  3.7500E-01
78500,  2.070573E+03,  1.974976E-01,  2.9688E-01
78600,  2.077838E+03,  1.878683E-01,  3.9062E-01
78700,  2.147390E+03,  8.375400E-02,  3.5938E-01
78800,  2.154500E+03,  1.584074E-01,  4.2188E-01
78900,  2.186074E+03,  1.474547E-01,  3.4375E-01
79000,  2.217567E+03,  3.824118E-02,  2.0312E-01
79100,  2.219350E+03,  6.970188E-02,  2.8125E-01
79200,  2.246329E+03,  4.559107E-02,  3.1250E-01
79300,  2.273819E+03,  2.844796E-02,  2.9688E-01
79400,  2.254161E+03,  6.886519E-02,  3.1250E-01
79500,  2.249145E+03,  1.006764E-01,  4.8438E-01
79600,  2.251855E+03,  1.606100E-01,  2.9688E-01
79700,  2.304092E+03,  1.367574E-01,  3.1250E-01
79800,  2.374800E+03,  2.238322E-01,  2.6562E-01
79900,  2.451998E+03,  1.339478E-01,  3.5938E-01
80000,  2.513169E+03,  1.512529E-01,  3.2812E-01
80100,  2.600153E+03,  1.223944E-01,  3.5938E-01
80200,  2.690294E+03,  9.440985E-02,  3.5938E-01
80300,  2.764862E+03,  6.708527E-02,  4.5312E-01
80400,  2.822485E+03,  7.970617E-02,  4.3750E-01
80500,  2.851942E+03,  1.134798E-01,  4.5312E-01
80600,  2.840933E+03,  7.660209E-02,  4.5312E-01
80700,  2.811456E+03,  2.555685E-02,  2.8125E-01
80800,  2.777582E+03,  1.167826E-01,  4.3750E-01
80900,  2.825065E+03,  6.511135E-02,  3.1250E-01
81000,  2.826832E+03,  2.959462E-02,  4.2188E-01
81100,  2.854109E+03,  7.795104E-02,  3.9062E-01
81200,  2.914772E+03,  3.072052E-02,  3.7500E-01
81300,  2.922750E+03,  3.170091E-02,  5.1562E-01
81400,  2.990667E+03,  5.540990E-02,  4.5312E-01
81500,  3.048411E+03,  5.042671E-02,  4.3750E-01
81600,  3.076115E+03,  4.721471E-02,  3.7500E-01
81700,  3.082534E+03,  3.586581E-02,  4.5312E-01
81800,  3.085272E+03,  3.032843E-02,  5.0000E-01
81900,  3.084910E+03,  6.026425E-02,  3.7500E-01
82000,  3.147826E+03,  6.821625E-02,  3.9062E-01
82100,  3.150253E+03,  4.408872E-02,  4.5312E-01
82200,  3.120509E+03,  4.368363E-02,  3.5938E-01
82300,  3.075295E+03,  7.858473E-02,  4.0625E-01
82400,  3.029209E+03,  5.133350E-02,  3.4375E-01
82500,  2.976370E+03,  1.277963E-01,  4.3750E-01
82600,  2.945961E+03,  5.594903E-02,  4.0625E-01
82700,  2.885221E+03,  7.869866E-02,  3.9062E-01
82800,  2.816681E+03,  2.345874E-01,  2.5000E-01
82900,  2.813345E+03,  3.125888E-02,  2.8125E-01
83000,  2.822005E+03,  5.371078E-02,  3.2812E-01
83100,  2.793115E+03,  6.125063E-02,  3.4375E-01
83200,  2.776603E+03,  4.826029E-02,  2.5000E-01
83300,  2.769723E+03,  3.547557E-01,  3.4375E-01
83400,  2.756039E+03,  4.198021E-02,  3.5938E-01
83500,  2.738118E+03,  4.971043E-02,  4.0625E-01
83600,  2.742530E+03, -5.748968E-03,  4.5312E-01
83700,  2.739471E+03,  9.496857E-02,  3.1250E-01
83800,  2.745501E+03,  7.377045E-01,  4.6875E-01
83900,  2.818283E+03,  4.622145E-02,  4.0625E-01
84000,  2.817018E+03,  1.626899E-01,  4.5312E-01
84100,  2.862408E+03,  1.975322E-01,  3.7500E-01
84200,  2.912521E+03,  1.030442E-01,  3.5938E-01
84300,  2.946985E+03,  1.734860E-01,  4.2188E-01
84400,  2.921593E+03,  3.860458E-02,  4.6875E-01
84500,  2.904148E+03,  1.396154E-01,  4.6875E-01
84600,  2.892971E+03,  8.192818E-02,  3.5938E-01
84700,  2.877832E+03,  4.104076E-02,  4.6875E-01
84800,  2.848583E+03,  3.459696E-02,  5.1562E-01
84900,  2.834460E+03,  1.390559E-02,  4.8438E-01
85000,  2.833567E+03,  1.294951E-02,  4.2188E-01
85100,  2.884684E+03,  3.191065E-01,  4.0625E-01
85200,  3.005812E+03,  1.340868E-01,  4.0625E-01
85300,  3.127789E+03,  9.831922E-02,  3.5938E-01
85400,  3.213967E+03,  2.192095E-01,  4.2188E-01
85500,  3.314018E+03,  1.327187E-01,  3.7500E-01
85600,  3.344580E+03,  7.154364E-02,  4.3750E-01
85700,  3.353680E+03,  3.571320E-01,  4.2188E-01
85800,  3.300132E+03,  1.073577E-01,  4.2188E-01
85900,  3.231629E+03,  7.907065E-02,  4.2188E-01
86000,  3.271351E+03,  1.642426E-01,  4.6875E-01
86100,  3.250731E+03,  2.378512E-01,  4.2188E-01
86200,  3.243940E+03,  2.294373E-01,  2.6562E-01
86300,  3.147411E+03,  4.325261E-02,  3.5938E-01
86400,  3.141955E+03,  5.573872E-02,  2.9688E-01
86500,  3.088068E+03,  6.825808E-02,  4.3750E-01
86600,  3.028068E+03,  1.958707E-01,  2.8125E-01
86700,  2.999162E+03,  1.577929E-01,  2.1875E-01
86800,  3.037715E+03,  1.713906E-01,  2.8125E-01
86900,  2.963377E+03,  4.875695E-02,  2.5000E-01
87000,  2.927055E+03,  1.763433E-01,  2.9688E-01
87100,  2.952911E+03,  6.842972E-02,  2.9688E-01
87200,  2.999193E+03,  5.956543E-02,  3.2812E-01
87300,  3.026914E+03,  1.569660E-01,  2.8125E-01
87400,  3.076445E+03,  2.745546E-01,  2.9688E-01
87500,  3.138509E+03,  2.664638E-01,  4.5312E-01
87600,  3.203309E+03,  2.146057E-01,  2.6562E-01
87700,  3.181110E+03,  2.183553E-01,  2.5000E-01
87800,  3.126287E+03,  2.343446E-01,  2.5000E-01
87900,  3.041880E+03,  8.450426E-02,  2.8125E-01
88000,  2.908895E+03,  1.408324E-01,  1.7188E-01
88100,  2.780532E+03,  1.079112E-01,  3.1250E-01
88200,  2.678751E+03,  5.531231E-02,  3.2812E-01
88300,  2.645492E+03,  2.962957E-02,  2.5000E-01
88400,  2.653452E+03,  4.621960E-01,  1.8750E-01
88500,  2.629878E+03,  4.429481E-01,  1.8750E-01
88600,  2.594223E+03,  8.648771E-02,  1.5625E-01
88700,  2.565008E+03,  1.762444E-01,  1.2500E-01
88800,  2.542387E+03,  6.021786E-02,  1.2500E-01
88900,  2.583252E+03,  1.592249E-01,  1.0938E-01
89000,  2.576994E+03,  1.255196E-01,  3.1250E-01
89100,  2.540589E+03,  3.546266E-02,  6.2500E-02
89200,  2.560284E+03,  1.973060E-01,  1.5625E-01
89300,  2.595441E+03,  3.751665E-01,  1.0938E-01
89400,  2.593460E+03, -1.047024E-01,  1.2500E-01
89500,  2.597691E+03, -1.868916E-02,  2.0312E-01
89600,  2.635686E+03, -6.082084E-03,  1.8750E-01
89700,  2.603422E+03, -2.771299E-04,  7.8125E-02
89800,  2.584347E+03, -3.676213E-02,  1.5625E-01
89900,  2.522174E+03,  1.113994E-01,  2.0312E-01
90000,  2.453296E+03,  9.363730E-02,  1.2500E-01
90100,  2.460847E+03,  1.760650E-01,  2.3438E-01
90200,  2.432017E+03, -4.954255E-02,  2.0312E-01
90300,  2.493627E+03,  8.544815E-01,  1.2500E-01
90400,  2.558384E+03,  3.731114E-01,  1.8750E-01
90500,  2.611826E+03,  2.928648E-01,  2.0312E-01
90600,  2.640691E+03,  5.786311E-03,  2.0312E-01
90700,  2.606530E+03,  1.662305E-01,  2.0312E-01
90800,  2.600718E+03,  2.106809E-01,  1.8750E-01
90900,  2.607263E+03,  4.326253E-01,  2.8125E-01
91000,  2.654690E+03,  2.555494E-01,  2.5000E-01
91100,  2.742349E+03,  3.162816E-01,  1.7188E-01
91200,  2.823625E+03,  4.216045E-01,  2.6562E-01
91300,  2.886285E+03,  3.183187E-01,  2.5000E-01
91400,  2.907415E+03,  3.278355E-02,  1.8750E-01
91500,  2.900449E+03,  4.557013E-03,  9.3750E-02
91600,  2.916784E+03,  7.611220E-02,  1.7188E-01
91700,  2.926711E+03,  1.247836E-01,  2.8125E-01
91800,  2.924839E+03,  4.376552E-02,  2.6562E-01
91900,  2.915304E+03,  6.039986E-02,  2.0312E-01
92000,  2.920230E+03,  6.066191E-02,  1.4062E-01
92100,  2.920066E+03,  6.025019E-01,  1.4062E-01
92200,  2.919040E+03,  1.038145E-01,  1.4062E-01
92300,  2.940477E+03,  5.821051E-02,  1.4062E-01
92400,  2.935665E+03,  2.890701E-01,  1.5625E-01
92500,  2.897367E+03,  5.659331E-01,  1.0938E-01
92600,  2.878242E+03,  5.181856E-02,  1.4062E-01
92700,  2.855109E+03, -7.532049E-02,  1.5625E-01
92800,  2.837954E+03,  1.816591E-01,  9.3750E-02
92900,  2.777108E+03,  4.878439E-02,  1.5625E-01
93000,  2.845842E+03,  1.344467E-01,  2.9688E-01
93100,  2.920709E+03,  8.200087E-02,  2.1875E-01
93200,  2.926248E+03, -6.353550E-03,  1.2500E-01
93300,  2.954765E+03, -3.706360E-02,  1.7188E-01
93400,  2.900604E+03,  9.606550E-03,  2.0312E-01
93500,  2.903405E+03,  4.927801E-01,  1.0938E-01
93600,  2.908009E+03,  1.616100E-02,  1.2500E-01
93700,  2.939397E+03,  1.148826E-01,  1.4062E-01
93800,  2.958370E+03,  8.815665E-02,  2.5000E-01
93900,  3.005117E+03,  2.960905E-01,  2.3438E-01
94000,  3.042002E+03,  1.534636E-01,  1.2500E-01
94100,  3.090072E+03,  1.988244E-01,  1.2500E-01
94200,  3.090445E+03,  4.032676E-02,  1.8750E-01
94300,  3.142754E+03,  1.133491E-01,  6.2500E-02
94400,  3.159494E+03,  7.253160E-02,  1.5625E-01
94500,  3.235378E+03,  1.097073E-01,  7.8125E-02
94600,  3.282131E+03,  4.568001E-02,  1.5625E-01
94700,  3.313908E+03,  5.756130E-03,  1.0938E-01
94800,  3.341187E+03,  2.222585E-01,  1.2500E-01
94900,  3.395751E+03,  7.331563E-02,  1.2500E-01
95000,  3.455244E+03,  2.645493E-02,  4.6875E-02
95100,  3.434361E+03,  7.242925E-02,  1.5625E-01
95200,  3.506286E+03,  1.787800E-02,  2.3438E-01
95300,  3.523719E+03,  6.397811E-02,  1.5625E-01
95400,  3.585688E+03,  5.849043E-02,  2.9688E-01
95500,  3.645969E+03,  8.275968E-02,  2.8125E-01
95600,  3.727111E+03,  4.848532E-02,  2.3438E-01
95700,  3.803688E+03,  5.243573E-02,  3.4375E-01
95800,  3.877749E+03,  1.484723E-02,  4.2188E-01
95900,  3.920619E+03,  3.377312E-02,  3.2812E-01
96000,  3.952549E+03,  3.387890E-02,  3.1250E-01
96100,  3.972585E+03,  1.804137E-02,  2.9688E-01
96200,  3.995191E+03,  2.159023E-02,  3.7500E-01
96300,  4.022130E+03,  5.267262E-02,  2.6562E-01
96400,  4.053244E+03,  6.518275E-02,  3.4375E-01
96500,  4.082156E+03,  3.675280E-02,  3.2812E-01
96600,  4.093539E+03,  3.687596E-02,  3.2812E-01
96700,  4.101432E+03,  1.659156E-02,  4.2188E-01
96800,  4.110447E+03,  2.137688E-02,  4.6875E-01
96900,  3.966757E+03,  1.270503E-01,  3.2812E-01
97000,  3.893775E+03,  1.670859E-01,  2.8125E-01
97100,  3.785785E+03,  5.429879E-01,  2.5000E-01
97200,  3.899333E+03,  8.945027E-02,  2.1875E-01
97300,  3.970736E+03,  6.290990E-02,  1.7188E-01
97400,  4.018602E+03,  4.357757E-02,  1.0938E-01
97500,  4.029032E+03,  2.011096E-01,  9.3750E-02
97600,  4.096328E+03,  5.148214E-02,  1.2500E-01
97700,  4.141595E+03,  1.504650E-01,  2.1875E-01
97800,  4.194920E+03,  5.486179E-02,  1.2500E-01
97900,  4.242981E+03,  8.323143E-02,  2.6562E-01
98000,  4.329284E+03,  2.998717E-02,  2.9688E-01
98100,  4.344485E+03,  4.033322E-02,  2.1875E-01
98200,  4.269441E+03,  4.853330E-02,  2.8125E-01
98300,  4.219484E+03,  2.732764E-02,  2.9688E-01
98400,  4.282449E+03,  1.936785E-01,  2.6562E-01
98500,  4.334136E+03,  3.160828E-02,  3.5938E-01
98600,  4.345094E+03,  4.780021E-02,  3.2812E-01
98700,  4.314458E+03,  7.727531E-02,  4.5312E-01
98800,  4.286378E+03,  2.773633E-01,  4.3750E-01
98900,  4.237411E+03,  4.128657E-02,  4.0625E-01
99000,  4.285485E+03,  1.259848E-01,  3.7500E-01
99100,  4.307585E+03,  4.556263E-02,  3.1250E-01
99200,  4.285791E+03,  2.003859E-01,  4.6875E-01
99300,  4.240691E+03,  6.690048E-02,  3.5938E-01
99400,  4.186926E+03,  2.406355E-01,  4.5312E-01
99500,  4.133834E+03,  2.540060E-01,  2.9688E-01
99600,  4.065196E+03,  1.183535E-01,  4.2188E-01
99700,  3.981186E+03,  5.019028E-02,  2.3438E-01
99800,  3.915356E+03, -5.491890E-03,  2.1875E-01
99900,  3.871526E+03,  7.145277E-02,  3.9062E-01
100000,  3.842777E+03,  2.061906E-01,  2.9688E-01
