# step, gen_loss, dis_loss, train_acc
100,  7.900605E-01,  1.237066E+00,  7.8125E-01
200,  7.853389E-01,  1.239208E+00,  8.4375E-01
300,  7.578043E-01,  1.274154E+00,  8.4375E-01
400,  7.817838E-01,  1.270279E+00,  8.2812E-01
500,  7.606068E-01,  1.277825E+00,  7.9688E-01
600,  7.242190E-01,  1.324704E+00,  8.9062E-01
700,  7.517763E-01,  1.327782E+00,  9.0625E-01
800,  7.525927E-01,  1.301210E+00,  8.5938E-01
900,  7.532184E-01,  1.316185E+00,  8.9062E-01
1000,  7.452568E-01,  1.317648E+00,  8.2812E-01
1100,  7.385469E-01,  1.329304E+00,  8.9062E-01
1200,  7.463487E-01,  1.343157E+00,  9.3750E-01
1300,  7.367116E-01,  1.343332E+00,  9.2188E-01
1400,  7.257018E-01,  1.345622E+00,  8.7500E-01
1500,  7.102256E-01,  1.361802E+00,  9.0625E-01
1600,  7.240239E-01,  1.370879E+00,  9.5312E-01
1700,  7.291912E-01,  1.354691E+00,  8.9062E-01
1800,  7.122051E-01,  1.348536E+00,  9.2188E-01
1900,  7.080754E-01,  1.357392E+00,  8.9062E-01
2000,  7.014353E-01,  1.353282E+00,  8.7500E-01
2100,  7.089878E-01,  1.354212E+00,  8.7500E-01
2200,  6.984696E-01,  1.351173E+00,  8.9062E-01
2300,  7.346729E-01,  1.357901E+00,  8.7500E-01
2400,  7.096877E-01,  1.354322E+00,  8.4375E-01
2500,  7.107462E-01,  1.342202E+00,  8.5938E-01
2600,  7.009631E-01,  1.358046E+00,  8.9062E-01
2700,  7.061409E-01,  1.368450E+00,  9.2188E-01
2800,  7.017962E-01,  1.370444E+00,  8.9062E-01
2900,  7.152945E-01,  1.354298E+00,  9.0625E-01
3000,  7.020514E-01,  1.370288E+00,  9.3750E-01
3100,  7.123132E-01,  1.358647E+00,  8.9062E-01
3200,  7.382266E-01,  1.362113E+00,  9.2188E-01
3300,  7.161543E-01,  1.358019E+00,  8.7500E-01
3400,  6.958207E-01,  1.380512E+00,  9.5312E-01
3500,  7.149662E-01,  1.368796E+00,  9.0625E-01
3600,  6.932462E-01,  1.369709E+00,  9.0625E-01
3700,  7.166722E-01,  1.362380E+00,  8.9062E-01
3800,  6.968271E-01,  1.369174E+00,  9.2188E-01
3900,  7.051311E-01,  1.369442E+00,  9.2188E-01
4000,  7.088878E-01,  1.362943E+00,  9.2188E-01
4100,  7.060472E-01,  1.359066E+00,  8.7500E-01
4200,  7.039921E-01,  1.362360E+00,  8.9062E-01
4300,  7.164554E-01,  1.369938E+00,  9.0625E-01
4400,  7.088028E-01,  1.365810E+00,  9.2188E-01
4500,  7.193258E-01,  1.375589E+00,  9.5312E-01
4600,  7.367003E-01,  1.368710E+00,  8.7500E-01
4700,  7.169567E-01,  1.362096E+00,  8.7500E-01
4800,  7.072324E-01,  1.375583E+00,  9.3750E-01
4900,  6.748742E-01,  1.380723E+00,  9.8438E-01
5000,  6.994030E-01,  1.374745E+00,  9.3750E-01
5100,  7.213641E-01,  1.370341E+00,  8.9062E-01
5200,  6.998168E-01,  1.380494E+00,  9.6875E-01
5300,  7.165328E-01,  1.369822E+00,  8.9062E-01
5400,  7.122113E-01,  1.366143E+00,  9.2188E-01
5500,  7.025611E-01,  1.374239E+00,  9.5312E-01
5600,  7.116078E-01,  1.361031E+00,  8.9062E-01
5700,  6.977962E-01,  1.368488E+00,  8.9062E-01
5800,  6.880514E-01,  1.369939E+00,  9.5312E-01
5900,  7.204491E-01,  1.372658E+00,  9.2188E-01
6000,  7.087976E-01,  1.370635E+00,  9.2188E-01
6100,  6.859307E-01,  1.384630E+00,  9.2188E-01
6200,  7.219498E-01,  1.363739E+00,  9.3750E-01
6300,  6.915454E-01,  1.370674E+00,  9.3750E-01
6400,  6.952684E-01,  1.365013E+00,  8.5938E-01
6500,  7.085425E-01,  1.371014E+00,  9.0625E-01
6600,  7.004695E-01,  1.372925E+00,  9.2188E-01
6700,  7.075413E-01,  1.365210E+00,  9.3750E-01
6800,  6.806815E-01,  1.368490E+00,  9.5312E-01
6900,  6.994879E-01,  1.373486E+00,  9.2188E-01
7000,  6.987402E-01,  1.373081E+00,  9.6875E-01
7100,  7.030843E-01,  1.373524E+00,  9.2188E-01
7200,  7.092183E-01,  1.371574E+00,  9.2188E-01
7300,  6.709291E-01,  1.372447E+00,  9.3750E-01
7400,  7.100533E-01,  1.369351E+00,  9.0625E-01
7500,  7.092285E-01,  1.374740E+00,  9.0625E-01
7600,  6.938567E-01,  1.373956E+00,  9.2188E-01
7700,  7.050893E-01,  1.379187E+00,  9.3750E-01
7800,  7.036166E-01,  1.379718E+00,  9.5312E-01
7900,  7.229203E-01,  1.366590E+00,  8.9062E-01
8000,  6.870394E-01,  1.381533E+00,  9.6875E-01
8100,  7.026349E-01,  1.377719E+00,  9.5312E-01
8200,  6.888531E-01,  1.380049E+00,  9.5312E-01
8300,  7.028427E-01,  1.378040E+00,  9.5312E-01
8400,  7.036236E-01,  1.366381E+00,  9.0625E-01
8500,  6.948268E-01,  1.371850E+00,  9.2188E-01
8600,  6.814147E-01,  1.387444E+00,  9.8438E-01
8700,  7.087554E-01,  1.360858E+00,  9.0625E-01
8800,  7.099950E-01,  1.370906E+00,  9.3750E-01
8900,  6.856599E-01,  1.376261E+00,  9.6875E-01
9000,  6.956155E-01,  1.383245E+00,  9.6875E-01
9100,  6.982448E-01,  1.365140E+00,  8.9062E-01
9200,  7.098325E-01,  1.355468E+00,  8.9062E-01
9300,  7.103704E-01,  1.378001E+00,  9.3750E-01
9400,  7.110047E-01,  1.362354E+00,  8.5938E-01
9500,  6.894888E-01,  1.379989E+00,  9.6875E-01
9600,  6.961464E-01,  1.374131E+00,  9.3750E-01
9700,  7.250938E-01,  1.370331E+00,  8.9062E-01
9800,  7.442645E-01,  1.338974E+00,  8.1250E-01
9900,  7.196643E-01,  1.368763E+00,  9.0625E-01
10000,  6.834199E-01,  1.375651E+00,  9.5312E-01
10100,  7.129495E-01,  1.365471E+00,  9.2188E-01
10200,  6.911583E-01,  1.370364E+00,  9.3750E-01
10300,  7.156338E-01,  1.374549E+00,  9.0625E-01
10400,  7.036016E-01,  1.380211E+00,  9.5312E-01
10500,  7.083466E-01,  1.370020E+00,  9.0625E-01
10600,  7.144442E-01,  1.380216E+00,  9.5312E-01
10700,  7.130660E-01,  1.369640E+00,  9.0625E-01
10800,  6.902139E-01,  1.366091E+00,  9.2188E-01
10900,  7.061017E-01,  1.372098E+00,  9.0625E-01
11000,  6.932451E-01,  1.366057E+00,  9.0625E-01
11100,  6.914783E-01,  1.385275E+00,  9.8438E-01
11200,  7.065490E-01,  1.368262E+00,  9.3750E-01
11300,  6.927876E-01,  1.374826E+00,  9.0625E-01
11400,  7.267120E-01,  1.355534E+00,  8.5938E-01
11500,  6.918225E-01,  1.369203E+00,  9.0625E-01
11600,  6.823773E-01,  1.379278E+00,  9.3750E-01
11700,  7.148275E-01,  1.353151E+00,  8.5938E-01
11800,  6.830143E-01,  1.368618E+00,  8.9062E-01
11900,  6.750986E-01,  1.380454E+00,  9.6875E-01
12000,  7.339441E-01,  1.357758E+00,  8.2812E-01
12100,  6.808870E-01,  1.382701E+00,  9.3750E-01
12200,  6.936281E-01,  1.367716E+00,  9.2188E-01
12300,  6.895427E-01,  1.379352E+00,  9.5312E-01
12400,  7.025591E-01,  1.365754E+00,  8.7500E-01
12500,  7.178189E-01,  1.367557E+00,  9.0625E-01
12600,  7.076757E-01,  1.355870E+00,  8.7500E-01
12700,  6.912630E-01,  1.370276E+00,  8.9062E-01
12800,  7.237523E-01,  1.373219E+00,  9.2188E-01
12900,  7.027467E-01,  1.373367E+00,  9.3750E-01
13000,  6.919016E-01,  1.370373E+00,  9.2188E-01
13100,  7.255570E-01,  1.380912E+00,  9.5312E-01
13200,  6.987334E-01,  1.378094E+00,  9.5312E-01
13300,  7.019391E-01,  1.368206E+00,  9.2188E-01
13400,  6.949681E-01,  1.372075E+00,  9.2188E-01
13500,  7.003808E-01,  1.378421E+00,  9.6875E-01
13600,  7.140837E-01,  1.369612E+00,  9.0625E-01
13700,  7.092236E-01,  1.370182E+00,  9.0625E-01
13800,  7.103615E-01,  1.362252E+00,  9.2188E-01
13900,  7.109225E-01,  1.370576E+00,  9.3750E-01
14000,  7.069769E-01,  1.369237E+00,  9.2188E-01
14100,  7.048975E-01,  1.367181E+00,  9.3750E-01
14200,  7.049159E-01,  1.380634E+00,  9.5312E-01
14300,  6.881487E-01,  1.372555E+00,  9.5312E-01
14400,  7.011080E-01,  1.374589E+00,  9.3750E-01
14500,  6.941392E-01,  1.376306E+00,  9.3750E-01
14600,  7.077820E-01,  1.373302E+00,  9.5312E-01
14700,  7.142668E-01,  1.366804E+00,  8.7500E-01
14800,  7.175760E-01,  1.379127E+00,  9.3750E-01
14900,  7.056133E-01,  1.375953E+00,  9.5312E-01
15000,  7.121271E-01,  1.376087E+00,  9.5312E-01
15100,  6.689848E-01,  1.379195E+00,  9.3750E-01
15200,  6.969918E-01,  1.379816E+00,  9.6875E-01
15300,  6.877001E-01,  1.381582E+00,  9.8438E-01
15400,  7.084337E-01,  1.379202E+00,  9.5312E-01
15500,  7.018704E-01,  1.375343E+00,  9.5312E-01
15600,  6.998351E-01,  1.381842E+00,  9.3750E-01
15700,  7.060575E-01,  1.372307E+00,  9.5312E-01
15800,  6.957291E-01,  1.377662E+00,  9.3750E-01
15900,  7.018886E-01,  1.375700E+00,  9.6875E-01
16000,  6.931361E-01,  1.371381E+00,  9.5312E-01
16100,  7.090752E-01,  1.368124E+00,  9.2188E-01
16200,  7.054400E-01,  1.374134E+00,  9.2188E-01
16300,  7.051562E-01,  1.354156E+00,  8.4375E-01
16400,  7.251154E-01,  1.351961E+00,  8.5938E-01
16500,  7.050011E-01,  1.379848E+00,  9.8438E-01
16600,  6.837443E-01,  1.375592E+00,  9.5312E-01
16700,  7.068944E-01,  1.369999E+00,  9.6875E-01
16800,  7.161962E-01,  1.373956E+00,  9.2188E-01
16900,  7.278616E-01,  1.361084E+00,  8.9062E-01
17000,  7.110785E-01,  1.360137E+00,  8.5938E-01
17100,  7.194549E-01,  1.378106E+00,  9.2188E-01
17200,  7.002271E-01,  1.376592E+00,  9.5312E-01
17300,  6.999119E-01,  1.373219E+00,  9.2188E-01
17400,  6.869257E-01,  1.371463E+00,  9.2188E-01
17500,  6.964972E-01,  1.370653E+00,  8.9062E-01
17600,  7.329491E-01,  1.356138E+00,  8.7500E-01
17700,  6.913321E-01,  1.384780E+00,  9.5312E-01
17800,  7.086768E-01,  1.378030E+00,  9.5312E-01
17900,  7.287468E-01,  1.368529E+00,  8.9062E-01
18000,  6.994017E-01,  1.373184E+00,  9.3750E-01
18100,  7.113482E-01,  1.368918E+00,  9.5312E-01
18200,  7.021495E-01,  1.385810E+00,  9.5312E-01
18300,  7.173128E-01,  1.353342E+00,  8.7500E-01
18400,  7.007967E-01,  1.377033E+00,  9.5312E-01
18500,  6.920320E-01,  1.373894E+00,  9.8438E-01
18600,  6.870357E-01,  1.369791E+00,  9.3750E-01
18700,  7.063375E-01,  1.374038E+00,  9.3750E-01
18800,  6.973777E-01,  1.379276E+00,  9.6875E-01
18900,  7.137259E-01,  1.379650E+00,  9.6875E-01
19000,  6.885012E-01,  1.378891E+00,  9.5312E-01
19100,  6.935582E-01,  1.382427E+00,  9.5312E-01
19200,  7.076252E-01,  1.369002E+00,  9.2188E-01
19300,  6.891019E-01,  1.381213E+00,  9.5312E-01
19400,  7.083505E-01,  1.374192E+00,  9.3750E-01
19500,  6.937529E-01,  1.381042E+00,  9.5312E-01
19600,  6.910794E-01,  1.378251E+00,  9.6875E-01
19700,  7.069683E-01,  1.369913E+00,  9.2188E-01
19800,  7.005633E-01,  1.376365E+00,  9.5312E-01
19900,  7.180235E-01,  1.372141E+00,  9.3750E-01
20000,  6.986204E-01,  1.372947E+00,  9.2188E-01
20100,  7.085440E-01,  1.374364E+00,  9.5312E-01
20200,  7.052200E-01,  1.385288E+00,  9.8438E-01
20300,  7.099429E-01,  1.372323E+00,  9.0625E-01
20400,  7.058228E-01,  1.375924E+00,  9.5312E-01
20500,  7.204472E-01,  1.374372E+00,  9.3750E-01
20600,  7.230239E-01,  1.359647E+00,  8.7500E-01
20700,  6.984246E-01,  1.366246E+00,  9.2188E-01
20800,  7.158056E-01,  1.377027E+00,  9.3750E-01
20900,  7.040236E-01,  1.375849E+00,  9.5312E-01
21000,  7.128137E-01,  1.355966E+00,  8.7500E-01
21100,  7.043052E-01,  1.376913E+00,  9.3750E-01
21200,  7.149726E-01,  1.367820E+00,  8.7500E-01
21300,  7.170156E-01,  1.376879E+00,  9.5312E-01
21400,  7.040470E-01,  1.368543E+00,  9.2188E-01
21500,  6.907135E-01,  1.380636E+00,  9.6875E-01
21600,  6.918669E-01,  1.384585E+00,  9.6875E-01
21700,  6.784469E-01,  1.375284E+00,  9.2188E-01
21800,  7.167330E-01,  1.374891E+00,  9.3750E-01
21900,  6.848265E-01,  1.383987E+00,  9.6875E-01
22000,  6.988409E-01,  1.374576E+00,  9.2188E-01
22100,  7.195408E-01,  1.359644E+00,  8.7500E-01
22200,  7.196319E-01,  1.378259E+00,  9.6875E-01
22300,  7.091273E-01,  1.385503E+00,  9.6875E-01
22400,  6.965569E-01,  1.371385E+00,  9.3750E-01
22500,  7.012508E-01,  1.382138E+00,  9.3750E-01
22600,  6.943628E-01,  1.371769E+00,  9.3750E-01
22700,  6.797180E-01,  1.366389E+00,  9.0625E-01
22800,  7.018642E-01,  1.370892E+00,  9.3750E-01
22900,  6.977206E-01,  1.374941E+00,  9.2188E-01
23000,  7.037594E-01,  1.387007E+00,  1.0000E+00
23100,  6.964872E-01,  1.381104E+00,  9.3750E-01
23200,  7.006379E-01,  1.376908E+00,  9.5312E-01
23300,  6.936152E-01,  1.378181E+00,  9.5312E-01
23400,  6.940938E-01,  1.378664E+00,  9.3750E-01
23500,  6.942765E-01,  1.380328E+00,  9.5312E-01
23600,  6.914171E-01,  1.377199E+00,  9.5312E-01
23700,  7.159327E-01,  1.371038E+00,  9.6875E-01
23800,  7.037553E-01,  1.376959E+00,  9.6875E-01
23900,  7.163329E-01,  1.376318E+00,  9.3750E-01
24000,  7.027364E-01,  1.378338E+00,  9.2188E-01
24100,  6.991848E-01,  1.383087E+00,  9.8438E-01
24200,  7.074968E-01,  1.379725E+00,  9.6875E-01
24300,  6.981974E-01,  1.365622E+00,  9.0625E-01
24400,  7.002124E-01,  1.364585E+00,  9.0625E-01
24500,  7.204390E-01,  1.372558E+00,  9.3750E-01
24600,  6.939490E-01,  1.363534E+00,  8.9062E-01
24700,  7.027797E-01,  1.361831E+00,  8.7500E-01
24800,  6.936244E-01,  1.371658E+00,  8.9062E-01
24900,  6.943841E-01,  1.373212E+00,  9.3750E-01
25000,  7.127751E-01,  1.362362E+00,  9.0625E-01
25100,  7.059057E-01,  1.373695E+00,  9.2188E-01
25200,  7.001588E-01,  1.369374E+00,  9.0625E-01
25300,  7.039387E-01,  1.371017E+00,  9.3750E-01
25400,  7.098785E-01,  1.378866E+00,  9.5312E-01
25500,  6.999546E-01,  1.379606E+00,  9.5312E-01
25600,  6.780493E-01,  1.383206E+00,  9.6875E-01
25700,  7.156942E-01,  1.387168E+00,  9.6875E-01
25800,  7.074811E-01,  1.375098E+00,  9.6875E-01
25900,  7.087168E-01,  1.370885E+00,  9.2188E-01
26000,  6.924886E-01,  1.375733E+00,  9.3750E-01
26100,  7.116122E-01,  1.373987E+00,  9.3750E-01
26200,  6.962180E-01,  1.382847E+00,  9.5312E-01
26300,  7.190472E-01,  1.365423E+00,  9.0625E-01
26400,  7.059242E-01,  1.375797E+00,  9.5312E-01
26500,  6.986161E-01,  1.375980E+00,  9.3750E-01
26600,  7.110256E-01,  1.362715E+00,  8.9062E-01
26700,  7.057495E-01,  1.358855E+00,  8.9062E-01
26800,  6.994183E-01,  1.378158E+00,  9.6875E-01
26900,  6.912278E-01,  1.379980E+00,  9.5312E-01
27000,  6.954488E-01,  1.382167E+00,  9.6875E-01
27100,  6.806117E-01,  1.384557E+00,  9.8438E-01
27200,  7.117187E-01,  1.372109E+00,  9.0625E-01
27300,  7.001066E-01,  1.384870E+00,  1.0000E+00
27400,  7.059919E-01,  1.379539E+00,  9.3750E-01
27500,  7.023692E-01,  1.366210E+00,  9.0625E-01
27600,  6.897774E-01,  1.379906E+00,  9.5312E-01
27700,  7.014015E-01,  1.375713E+00,  9.5312E-01
27800,  6.968827E-01,  1.360945E+00,  9.0625E-01
27900,  7.105234E-01,  1.371537E+00,  9.2188E-01
28000,  6.979428E-01,  1.373511E+00,  9.5312E-01
28100,  6.935986E-01,  1.382378E+00,  9.3750E-01
28200,  6.914519E-01,  1.373509E+00,  9.5312E-01
28300,  6.983625E-01,  1.367804E+00,  9.0625E-01
28400,  6.955413E-01,  1.385295E+00,  9.8438E-01
28500,  6.929567E-01,  1.378198E+00,  9.6875E-01
28600,  7.147374E-01,  1.366842E+00,  9.2188E-01
28700,  7.210103E-01,  1.385867E+00,  9.8438E-01
28800,  6.993017E-01,  1.368412E+00,  9.0625E-01
28900,  7.031507E-01,  1.378336E+00,  9.6875E-01
29000,  7.059873E-01,  1.375045E+00,  9.3750E-01
29100,  6.825026E-01,  1.381561E+00,  9.5312E-01
29200,  6.975157E-01,  1.387369E+00,  9.6875E-01
29300,  7.112103E-01,  1.378366E+00,  9.0625E-01
29400,  6.722049E-01,  1.388149E+00,  1.0000E+00
29500,  6.998094E-01,  1.379305E+00,  9.5312E-01
29600,  7.052784E-01,  1.383180E+00,  9.8438E-01
29700,  6.986511E-01,  1.375364E+00,  9.5312E-01
29800,  6.942726E-01,  1.381286E+00,  9.5312E-01
29900,  6.940218E-01,  1.363884E+00,  9.2188E-01
30000,  6.873672E-01,  1.382648E+00,  9.6875E-01
30100,  7.218256E-01,  1.373322E+00,  9.6875E-01
30200,  7.066069E-01,  1.358759E+00,  8.7500E-01
30300,  6.880895E-01,  1.386835E+00,  9.8438E-01
30400,  7.057986E-01,  1.378616E+00,  9.6875E-01
30500,  7.004247E-01,  1.375423E+00,  9.2188E-01
30600,  7.027980E-01,  1.367800E+00,  8.9062E-01
30700,  7.097838E-01,  1.379305E+00,  9.5312E-01
30800,  7.253274E-01,  1.374055E+00,  9.3750E-01
30900,  6.865048E-01,  1.380023E+00,  9.6875E-01
31000,  7.031220E-01,  1.360751E+00,  9.2188E-01
31100,  7.018101E-01,  1.376591E+00,  9.8438E-01
31200,  7.144821E-01,  1.362836E+00,  9.3750E-01
31300,  6.942306E-01,  1.385351E+00,  9.8438E-01
31400,  7.084975E-01,  1.371516E+00,  9.2188E-01
31500,  6.967108E-01,  1.375542E+00,  9.3750E-01
31600,  6.929969E-01,  1.378513E+00,  9.5312E-01
31700,  6.909347E-01,  1.376586E+00,  9.5312E-01
31800,  6.906686E-01,  1.378919E+00,  9.5312E-01
31900,  7.085062E-01,  1.369433E+00,  9.2188E-01
32000,  7.197071E-01,  1.370958E+00,  9.0625E-01
32100,  6.944835E-01,  1.368163E+00,  9.5312E-01
32200,  6.843436E-01,  1.364603E+00,  9.2188E-01
32300,  7.013633E-01,  1.378486E+00,  9.5312E-01
32400,  7.018847E-01,  1.374980E+00,  9.3750E-01
32500,  7.106277E-01,  1.378130E+00,  9.2188E-01
32600,  6.899972E-01,  1.378403E+00,  9.2188E-01
32700,  6.767451E-01,  1.380664E+00,  9.6875E-01
32800,  6.963639E-01,  1.382246E+00,  9.5312E-01
32900,  6.969169E-01,  1.373066E+00,  9.3750E-01
33000,  6.842569E-01,  1.382704E+00,  9.3750E-01
33100,  6.980267E-01,  1.380830E+00,  9.6875E-01
33200,  6.889997E-01,  1.374607E+00,  9.2188E-01
33300,  6.987153E-01,  1.367236E+00,  9.3750E-01
33400,  6.808932E-01,  1.382106E+00,  9.8438E-01
33500,  6.987838E-01,  1.378533E+00,  9.6875E-01
33600,  6.929431E-01,  1.378925E+00,  9.3750E-01
33700,  6.831621E-01,  1.380061E+00,  9.5312E-01
33800,  7.102987E-01,  1.372754E+00,  9.5312E-01
33900,  6.883844E-01,  1.374445E+00,  9.5312E-01
34000,  6.846969E-01,  1.374711E+00,  9.5312E-01
34100,  7.101948E-01,  1.367860E+00,  9.2188E-01
34200,  7.152480E-01,  1.375350E+00,  9.5312E-01
34300,  7.090337E-01,  1.373144E+00,  9.3750E-01
34400,  6.872238E-01,  1.377047E+00,  9.3750E-01
34500,  7.106395E-01,  1.379058E+00,  9.6875E-01
34600,  6.894449E-01,  1.363579E+00,  8.9062E-01
34700,  6.953779E-01,  1.385959E+00,  9.5312E-01
34800,  7.080231E-01,  1.389347E+00,  1.0000E+00
34900,  6.940749E-01,  1.385086E+00,  1.0000E+00
35000,  6.917269E-01,  1.371381E+00,  9.3750E-01
35100,  7.207509E-01,  1.379034E+00,  9.6875E-01
35200,  6.883480E-01,  1.378533E+00,  9.5312E-01
35300,  7.028185E-01,  1.375896E+00,  9.3750E-01
35400,  6.980533E-01,  1.389295E+00,  1.0000E+00
35500,  6.911646E-01,  1.366178E+00,  9.0625E-01
35600,  7.025557E-01,  1.365574E+00,  8.5938E-01
35700,  6.954155E-01,  1.378754E+00,  9.5312E-01
35800,  7.027009E-01,  1.377862E+00,  9.5312E-01
35900,  6.929596E-01,  1.382272E+00,  9.5312E-01
36000,  6.952111E-01,  1.387619E+00,  1.0000E+00
36100,  6.971292E-01,  1.374552E+00,  9.8438E-01
36200,  6.985517E-01,  1.377675E+00,  9.5312E-01
36300,  7.126065E-01,  1.371514E+00,  8.9062E-01
36400,  6.980513E-01,  1.386006E+00,  9.8438E-01
36500,  6.936476E-01,  1.384741E+00,  1.0000E+00
36600,  7.045559E-01,  1.373361E+00,  9.0625E-01
36700,  7.057269E-01,  1.378258E+00,  9.6875E-01
36800,  6.919304E-01,  1.385692E+00,  9.8438E-01
36900,  6.966000E-01,  1.373431E+00,  9.6875E-01
37000,  7.167907E-01,  1.379032E+00,  9.8438E-01
37100,  6.966732E-01,  1.385600E+00,  9.8438E-01
37200,  7.106211E-01,  1.378485E+00,  9.6875E-01
37300,  6.933836E-01,  1.369596E+00,  9.3750E-01
37400,  7.032018E-01,  1.372034E+00,  9.3750E-01
37500,  7.094552E-01,  1.369020E+00,  9.2188E-01
37600,  6.883566E-01,  1.383247E+00,  9.6875E-01
37700,  6.966444E-01,  1.376835E+00,  9.5312E-01
37800,  7.134616E-01,  1.368973E+00,  9.3750E-01
37900,  7.241342E-01,  1.376699E+00,  9.3750E-01
38000,  6.873872E-01,  1.386856E+00,  9.8438E-01
38100,  7.048500E-01,  1.373649E+00,  9.5312E-01
38200,  6.901258E-01,  1.383217E+00,  9.6875E-01
38300,  7.020432E-01,  1.374853E+00,  9.2188E-01
38400,  7.033718E-01,  1.380468E+00,  9.8438E-01
38500,  7.037621E-01,  1.372785E+00,  9.5312E-01
38600,  7.120673E-01,  1.373351E+00,  9.5312E-01
38700,  6.991991E-01,  1.362879E+00,  9.0625E-01
38800,  7.084039E-01,  1.374486E+00,  9.5312E-01
38900,  7.186112E-01,  1.384128E+00,  9.8438E-01
39000,  7.052835E-01,  1.374201E+00,  9.2188E-01
39100,  6.930121E-01,  1.386216E+00,  9.6875E-01
39200,  6.897209E-01,  1.374591E+00,  9.5312E-01
39300,  7.173933E-01,  1.371285E+00,  9.3750E-01
39400,  7.061565E-01,  1.371977E+00,  9.3750E-01
39500,  7.117709E-01,  1.367384E+00,  9.0625E-01
39600,  7.142820E-01,  1.375386E+00,  9.5312E-01
39700,  6.970950E-01,  1.370367E+00,  8.9062E-01
39800,  7.186287E-01,  1.376625E+00,  9.5312E-01
39900,  6.979288E-01,  1.377514E+00,  9.6875E-01
40000,  6.879066E-01,  1.380579E+00,  9.6875E-01
40100,  7.036844E-01,  1.382458E+00,  9.3750E-01
40200,  6.976110E-01,  1.382896E+00,  9.8438E-01
40300,  7.131884E-01,  1.363510E+00,  8.5938E-01
40400,  7.017527E-01,  1.375585E+00,  9.6875E-01
40500,  6.967243E-01,  1.375211E+00,  9.3750E-01
40600,  6.976677E-01,  1.380870E+00,  9.6875E-01
40700,  6.953244E-01,  1.380477E+00,  9.5312E-01
40800,  7.090063E-01,  1.373222E+00,  9.2188E-01
40900,  6.920854E-01,  1.381402E+00,  9.5312E-01
41000,  6.976078E-01,  1.383693E+00,  9.6875E-01
41100,  7.118386E-01,  1.368785E+00,  9.2188E-01
41200,  6.868764E-01,  1.382574E+00,  9.8438E-01
41300,  6.938019E-01,  1.370298E+00,  9.2188E-01
41400,  7.136049E-01,  1.372871E+00,  9.0625E-01
41500,  7.055966E-01,  1.381056E+00,  9.5312E-01
41600,  7.059593E-01,  1.378489E+00,  9.6875E-01
41700,  7.117473E-01,  1.373300E+00,  9.5312E-01
41800,  7.180132E-01,  1.377118E+00,  9.3750E-01
41900,  7.078852E-01,  1.379255E+00,  9.3750E-01
42000,  7.046105E-01,  1.381976E+00,  9.6875E-01
42100,  7.024754E-01,  1.374495E+00,  9.5312E-01
42200,  7.052571E-01,  1.369685E+00,  9.3750E-01
42300,  7.025568E-01,  1.384229E+00,  9.8438E-01
42400,  6.919485E-01,  1.387003E+00,  1.0000E+00
42500,  7.004302E-01,  1.371952E+00,  9.5312E-01
42600,  7.154867E-01,  1.372532E+00,  9.5312E-01
42700,  6.900758E-01,  1.367564E+00,  9.3750E-01
42800,  7.024209E-01,  1.375905E+00,  9.5312E-01
42900,  7.159281E-01,  1.364757E+00,  9.3750E-01
43000,  7.089067E-01,  1.376897E+00,  9.5312E-01
43100,  7.005167E-01,  1.388131E+00,  1.0000E+00
43200,  7.159857E-01,  1.369653E+00,  9.0625E-01
43300,  6.975973E-01,  1.379825E+00,  9.6875E-01
43400,  6.937477E-01,  1.382389E+00,  9.8438E-01
43500,  6.949770E-01,  1.373928E+00,  9.5312E-01
43600,  7.079776E-01,  1.379830E+00,  9.5312E-01
43700,  6.797276E-01,  1.382081E+00,  9.8438E-01
43800,  7.060231E-01,  1.381283E+00,  9.5312E-01
43900,  6.921272E-01,  1.383321E+00,  9.5312E-01
44000,  7.132377E-01,  1.367265E+00,  9.0625E-01
44100,  7.002279E-01,  1.374205E+00,  9.2188E-01
44200,  6.944455E-01,  1.386257E+00,  9.6875E-01
44300,  7.099105E-01,  1.375772E+00,  9.5312E-01
44400,  6.984179E-01,  1.381056E+00,  9.6875E-01
44500,  7.099332E-01,  1.368772E+00,  9.0625E-01
44600,  7.019678E-01,  1.366857E+00,  8.9062E-01
44700,  6.986688E-01,  1.379144E+00,  9.6875E-01
44800,  6.974012E-01,  1.385052E+00,  1.0000E+00
44900,  6.953056E-01,  1.378361E+00,  9.5312E-01
45000,  6.925173E-01,  1.361101E+00,  9.0625E-01
45100,  6.890210E-01,  1.383170E+00,  9.8438E-01
45200,  7.038571E-01,  1.365454E+00,  9.0625E-01
45300,  7.063385E-01,  1.378280E+00,  9.3750E-01
45400,  6.850483E-01,  1.385270E+00,  9.8438E-01
45500,  7.174273E-01,  1.372984E+00,  9.6875E-01
45600,  7.069029E-01,  1.386646E+00,  1.0000E+00
45700,  6.981523E-01,  1.373563E+00,  9.5312E-01
45800,  6.943504E-01,  1.378168E+00,  9.6875E-01
45900,  7.057580E-01,  1.379065E+00,  9.6875E-01
46000,  7.022529E-01,  1.368776E+00,  9.2188E-01
46100,  7.221830E-01,  1.367301E+00,  9.0625E-01
46200,  6.991750E-01,  1.384541E+00,  9.8438E-01
46300,  7.120290E-01,  1.369456E+00,  9.3750E-01
46400,  6.944405E-01,  1.388238E+00,  1.0000E+00
46500,  6.911581E-01,  1.382694E+00,  9.8438E-01
46600,  7.043419E-01,  1.373969E+00,  9.3750E-01
46700,  7.053896E-01,  1.375709E+00,  9.3750E-01
46800,  7.046235E-01,  1.382127E+00,  9.5312E-01
46900,  7.031878E-01,  1.377142E+00,  9.5312E-01
47000,  6.929111E-01,  1.369935E+00,  9.3750E-01
47100,  7.033536E-01,  1.375843E+00,  9.5312E-01
47200,  7.214758E-01,  1.363122E+00,  9.2188E-01
47300,  7.128868E-01,  1.374058E+00,  9.2188E-01
47400,  6.944407E-01,  1.387995E+00,  9.8438E-01
47500,  7.055315E-01,  1.365117E+00,  9.3750E-01
47600,  7.094283E-01,  1.377785E+00,  9.5312E-01
47700,  7.051900E-01,  1.381331E+00,  9.5312E-01
47800,  7.053680E-01,  1.364116E+00,  8.9062E-01
47900,  6.957134E-01,  1.385483E+00,  9.8438E-01
48000,  7.032686E-01,  1.369292E+00,  9.3750E-01
48100,  6.834452E-01,  1.385834E+00,  9.6875E-01
48200,  7.045003E-01,  1.374104E+00,  9.2188E-01
48300,  7.064798E-01,  1.376611E+00,  9.6875E-01
48400,  7.166311E-01,  1.368492E+00,  9.3750E-01
48500,  6.868758E-01,  1.381806E+00,  9.6875E-01
48600,  7.000830E-01,  1.378270E+00,  9.6875E-01
48700,  7.047005E-01,  1.371930E+00,  9.3750E-01
48800,  6.988794E-01,  1.379509E+00,  9.6875E-01
48900,  7.045797E-01,  1.368880E+00,  8.7500E-01
49000,  7.177467E-01,  1.375112E+00,  9.3750E-01
49100,  7.092789E-01,  1.373060E+00,  9.2188E-01
49200,  7.148458E-01,  1.370047E+00,  9.0625E-01
49300,  7.136239E-01,  1.378410E+00,  9.6875E-01
49400,  7.215025E-01,  1.363296E+00,  8.9062E-01
49500,  7.040086E-01,  1.372479E+00,  9.2188E-01
49600,  6.937757E-01,  1.380717E+00,  9.5312E-01
49700,  7.126441E-01,  1.373859E+00,  9.3750E-01
49800,  7.109376E-01,  1.383273E+00,  9.6875E-01
49900,  7.005689E-01,  1.374390E+00,  9.5312E-01
50000,  6.867506E-01,  1.383400E+00,  9.3750E-01
50100,  6.980271E-01,  1.383996E+00,  9.8438E-01
50200,  6.852226E-01,  1.379578E+00,  9.6875E-01
50300,  6.974682E-01,  1.375142E+00,  9.5312E-01
50400,  7.095935E-01,  1.373892E+00,  9.0625E-01
50500,  7.165014E-01,  1.378749E+00,  9.6875E-01
50600,  6.999360E-01,  1.370512E+00,  8.9062E-01
50700,  6.989269E-01,  1.370693E+00,  9.3750E-01
50800,  6.950451E-01,  1.385970E+00,  9.8438E-01
50900,  6.987263E-01,  1.366032E+00,  9.0625E-01
51000,  7.048033E-01,  1.379070E+00,  9.5312E-01
51100,  6.949838E-01,  1.379075E+00,  9.3750E-01
51200,  7.169449E-01,  1.362996E+00,  9.3750E-01
51300,  6.924232E-01,  1.376990E+00,  9.5312E-01
51400,  6.961457E-01,  1.388207E+00,  1.0000E+00
51500,  6.947997E-01,  1.381635E+00,  9.6875E-01
51600,  7.013811E-01,  1.380281E+00,  9.6875E-01
51700,  6.995659E-01,  1.378626E+00,  9.5312E-01
51800,  7.007943E-01,  1.388336E+00,  1.0000E+00
51900,  7.058225E-01,  1.380745E+00,  9.5312E-01
52000,  7.054437E-01,  1.371174E+00,  9.5312E-01
52100,  7.092342E-01,  1.363443E+00,  9.3750E-01
52200,  7.040136E-01,  1.356526E+00,  8.9062E-01
52300,  7.080395E-01,  1.374319E+00,  9.2188E-01
52400,  7.048637E-01,  1.383905E+00,  9.6875E-01
52500,  6.978933E-01,  1.371086E+00,  9.2188E-01
52600,  7.045209E-01,  1.379461E+00,  9.3750E-01
52700,  7.014778E-01,  1.376781E+00,  9.5312E-01
52800,  7.257494E-01,  1.366295E+00,  9.2188E-01
52900,  7.043341E-01,  1.368847E+00,  9.3750E-01
53000,  6.994844E-01,  1.370255E+00,  9.3750E-01
53100,  6.996533E-01,  1.361349E+00,  9.0625E-01
53200,  6.908299E-01,  1.368545E+00,  9.0625E-01
53300,  7.092846E-01,  1.374702E+00,  9.5312E-01
53400,  7.109141E-01,  1.388550E+00,  1.0000E+00
53500,  7.101439E-01,  1.362494E+00,  9.0625E-01
53600,  7.118504E-01,  1.373887E+00,  9.3750E-01
53700,  6.878868E-01,  1.380690E+00,  9.6875E-01
53800,  7.037833E-01,  1.380743E+00,  9.5312E-01
53900,  6.958658E-01,  1.377043E+00,  9.5312E-01
54000,  6.960304E-01,  1.380075E+00,  9.6875E-01
54100,  7.079121E-01,  1.382157E+00,  9.6875E-01
54200,  6.921607E-01,  1.375504E+00,  9.3750E-01
54300,  6.874631E-01,  1.379454E+00,  9.5312E-01
54400,  6.919602E-01,  1.376458E+00,  9.5312E-01
54500,  7.041548E-01,  1.375478E+00,  9.3750E-01
54600,  7.040662E-01,  1.370192E+00,  9.5312E-01
54700,  7.002389E-01,  1.377327E+00,  9.3750E-01
54800,  6.982334E-01,  1.372695E+00,  9.3750E-01
54900,  7.087587E-01,  1.377898E+00,  9.6875E-01
55000,  6.903843E-01,  1.376325E+00,  9.5312E-01
55100,  6.832268E-01,  1.381058E+00,  9.6875E-01
55200,  7.052700E-01,  1.382835E+00,  9.6875E-01
55300,  6.877393E-01,  1.378322E+00,  9.5312E-01
55400,  6.978602E-01,  1.371203E+00,  9.3750E-01
55500,  6.855472E-01,  1.376894E+00,  9.5312E-01
55600,  7.026003E-01,  1.375684E+00,  9.3750E-01
55700,  7.055992E-01,  1.381499E+00,  9.6875E-01
55800,  7.067114E-01,  1.384424E+00,  9.6875E-01
55900,  6.936547E-01,  1.381295E+00,  9.8438E-01
56000,  6.956143E-01,  1.369749E+00,  9.3750E-01
56100,  6.986300E-01,  1.369895E+00,  9.3750E-01
56200,  7.033138E-01,  1.378628E+00,  9.3750E-01
56300,  6.952653E-01,  1.383470E+00,  9.8438E-01
56400,  6.969765E-01,  1.369996E+00,  9.3750E-01
56500,  7.001671E-01,  1.379040E+00,  9.3750E-01
56600,  7.065179E-01,  1.381254E+00,  9.6875E-01
56700,  7.064879E-01,  1.377445E+00,  9.5312E-01
56800,  6.965400E-01,  1.386075E+00,  1.0000E+00
56900,  6.997625E-01,  1.375363E+00,  9.6875E-01
57000,  6.909955E-01,  1.387508E+00,  1.0000E+00
57100,  7.003431E-01,  1.376594E+00,  9.5312E-01
57200,  7.081949E-01,  1.378459E+00,  9.5312E-01
57300,  6.922056E-01,  1.374483E+00,  9.5312E-01
57400,  7.029943E-01,  1.369159E+00,  9.0625E-01
57500,  7.026260E-01,  1.376461E+00,  9.6875E-01
57600,  7.079256E-01,  1.376551E+00,  9.5312E-01
57700,  6.924858E-01,  1.385665E+00,  9.8438E-01
57800,  7.061357E-01,  1.369858E+00,  9.3750E-01
57900,  6.977170E-01,  1.387758E+00,  1.0000E+00
58000,  6.859012E-01,  1.383362E+00,  9.6875E-01
58100,  7.272741E-01,  1.366902E+00,  9.3750E-01
58200,  7.022637E-01,  1.372286E+00,  9.5312E-01
58300,  6.917251E-01,  1.381564E+00,  9.8438E-01
58400,  7.113664E-01,  1.379832E+00,  9.8438E-01
58500,  6.954104E-01,  1.382632E+00,  9.5312E-01
58600,  7.165124E-01,  1.380991E+00,  9.5312E-01
58700,  7.048353E-01,  1.370939E+00,  9.0625E-01
58800,  6.955739E-01,  1.378348E+00,  9.2188E-01
58900,  6.968279E-01,  1.388430E+00,  1.0000E+00
59000,  7.163857E-01,  1.383386E+00,  9.6875E-01
59100,  7.071036E-01,  1.383860E+00,  9.6875E-01
59200,  6.925741E-01,  1.381839E+00,  9.5312E-01
59300,  6.970509E-01,  1.386072E+00,  1.0000E+00
59400,  7.077548E-01,  1.370251E+00,  9.2188E-01
59500,  6.860048E-01,  1.382323E+00,  9.8438E-01
59600,  6.972972E-01,  1.373128E+00,  9.5312E-01
59700,  6.931369E-01,  1.372524E+00,  9.3750E-01
59800,  7.013482E-01,  1.381996E+00,  9.6875E-01
59900,  6.889403E-01,  1.383647E+00,  9.8438E-01
60000,  6.901047E-01,  1.376029E+00,  9.3750E-01
60100,  7.018970E-01,  1.369613E+00,  9.2188E-01
60200,  6.951051E-01,  1.374207E+00,  9.2188E-01
60300,  7.047431E-01,  1.365407E+00,  8.9062E-01
60400,  6.938607E-01,  1.380431E+00,  9.5312E-01
60500,  7.032477E-01,  1.382871E+00,  9.6875E-01
60600,  7.035244E-01,  1.389084E+00,  9.6875E-01
60700,  7.048901E-01,  1.382496E+00,  9.8438E-01
60800,  6.835694E-01,  1.384905E+00,  9.6875E-01
60900,  6.885119E-01,  1.384275E+00,  9.8438E-01
61000,  7.191145E-01,  1.384233E+00,  9.8438E-01
61100,  6.947264E-01,  1.380671E+00,  9.2188E-01
61200,  6.955934E-01,  1.382933E+00,  9.6875E-01
61300,  7.124749E-01,  1.377749E+00,  9.5312E-01
61400,  6.933367E-01,  1.380347E+00,  9.5312E-01
61500,  7.138543E-01,  1.370879E+00,  9.3750E-01
61600,  7.078083E-01,  1.375546E+00,  9.3750E-01
61700,  7.098067E-01,  1.378563E+00,  9.6875E-01
61800,  6.933084E-01,  1.386005E+00,  1.0000E+00
61900,  7.044554E-01,  1.373827E+00,  9.2188E-01
62000,  6.969970E-01,  1.379129E+00,  9.5312E-01
62100,  7.093069E-01,  1.369229E+00,  9.2188E-01
62200,  7.103371E-01,  1.375398E+00,  9.5312E-01
62300,  7.195407E-01,  1.366655E+00,  9.2188E-01
62400,  7.064466E-01,  1.381946E+00,  9.6875E-01
62500,  7.126645E-01,  1.374933E+00,  9.5312E-01
62600,  7.088240E-01,  1.378898E+00,  9.5312E-01
62700,  7.010019E-01,  1.384085E+00,  9.6875E-01
62800,  7.195159E-01,  1.367129E+00,  9.3750E-01
62900,  6.909850E-01,  1.373089E+00,  9.3750E-01
63000,  7.009009E-01,  1.384363E+00,  9.6875E-01
63100,  6.969141E-01,  1.376071E+00,  9.5312E-01
63200,  6.847885E-01,  1.381777E+00,  9.6875E-01
63300,  6.939863E-01,  1.380370E+00,  9.6875E-01
63400,  7.043852E-01,  1.379363E+00,  9.8438E-01
63500,  6.886648E-01,  1.387731E+00,  1.0000E+00
63600,  6.919738E-01,  1.376719E+00,  9.3750E-01
63700,  6.910075E-01,  1.387517E+00,  1.0000E+00
63800,  6.847984E-01,  1.384411E+00,  9.8438E-01
63900,  6.898832E-01,  1.383441E+00,  9.8438E-01
64000,  7.065425E-01,  1.375973E+00,  9.6875E-01
64100,  6.927744E-01,  1.369972E+00,  9.5312E-01
64200,  7.010353E-01,  1.376520E+00,  9.5312E-01
64300,  7.076554E-01,  1.370968E+00,  9.5312E-01
64400,  7.235949E-01,  1.361835E+00,  9.0625E-01
64500,  6.842127E-01,  1.384539E+00,  9.8438E-01
64600,  6.909615E-01,  1.369806E+00,  9.2188E-01
64700,  7.052056E-01,  1.370982E+00,  9.0625E-01
64800,  6.985086E-01,  1.380404E+00,  9.5312E-01
64900,  6.944205E-01,  1.380321E+00,  9.6875E-01
65000,  6.985651E-01,  1.378257E+00,  9.6875E-01
65100,  6.868113E-01,  1.381004E+00,  9.8438E-01
65200,  7.013727E-01,  1.375287E+00,  9.6875E-01
65300,  7.045594E-01,  1.369600E+00,  9.3750E-01
65400,  7.028835E-01,  1.375606E+00,  9.5312E-01
65500,  7.093108E-01,  1.360851E+00,  9.0625E-01
65600,  7.086630E-01,  1.381828E+00,  9.5312E-01
65700,  7.042947E-01,  1.370440E+00,  9.3750E-01
65800,  7.003172E-01,  1.380427E+00,  9.5312E-01
65900,  7.125919E-01,  1.382387E+00,  9.6875E-01
66000,  6.816920E-01,  1.365722E+00,  9.2188E-01
66100,  6.967291E-01,  1.385554E+00,  9.6875E-01
66200,  7.003606E-01,  1.383131E+00,  9.6875E-01
66300,  7.045535E-01,  1.368539E+00,  9.2188E-01
66400,  6.950325E-01,  1.374040E+00,  9.5312E-01
66500,  6.996914E-01,  1.372913E+00,  9.5312E-01
66600,  7.012845E-01,  1.377282E+00,  9.6875E-01
66700,  6.806791E-01,  1.384895E+00,  9.8438E-01
66800,  6.961944E-01,  1.382718E+00,  9.8438E-01
66900,  7.020139E-01,  1.363522E+00,  8.9062E-01
67000,  7.016950E-01,  1.380159E+00,  9.6875E-01
67100,  7.044402E-01,  1.382473E+00,  9.5312E-01
67200,  7.002988E-01,  1.383502E+00,  9.5312E-01
67300,  7.021754E-01,  1.362092E+00,  9.2188E-01
67400,  6.999501E-01,  1.378283E+00,  9.6875E-01
67500,  7.101822E-01,  1.374781E+00,  9.3750E-01
67600,  6.965413E-01,  1.382832E+00,  9.8438E-01
67700,  6.915723E-01,  1.381023E+00,  9.8438E-01
67800,  7.064379E-01,  1.377205E+00,  9.5312E-01
67900,  6.991829E-01,  1.380433E+00,  9.5312E-01
68000,  7.041601E-01,  1.388244E+00,  1.0000E+00
68100,  7.128407E-01,  1.371902E+00,  9.5312E-01
68200,  6.922041E-01,  1.382758E+00,  9.6875E-01
68300,  6.895245E-01,  1.366416E+00,  9.0625E-01
68400,  7.083275E-01,  1.369887E+00,  9.3750E-01
68500,  6.962377E-01,  1.382668E+00,  9.2188E-01
68600,  6.886678E-01,  1.388064E+00,  1.0000E+00
68700,  6.985346E-01,  1.380915E+00,  9.8438E-01
68800,  6.861830E-01,  1.382142E+00,  9.6875E-01
68900,  6.935532E-01,  1.380298E+00,  9.8438E-01
69000,  6.929842E-01,  1.372705E+00,  9.3750E-01
69100,  6.974028E-01,  1.377575E+00,  9.6875E-01
69200,  7.029280E-01,  1.372306E+00,  9.5312E-01
69300,  6.979052E-01,  1.377010E+00,  9.6875E-01
69400,  6.934777E-01,  1.380456E+00,  9.8438E-01
69500,  6.876725E-01,  1.382092E+00,  9.8438E-01
69600,  6.912475E-01,  1.387138E+00,  9.8438E-01
69700,  6.986068E-01,  1.384611E+00,  9.6875E-01
69800,  7.052020E-01,  1.373809E+00,  9.5312E-01
69900,  7.031068E-01,  1.379026E+00,  9.5312E-01
70000,  6.909157E-01,  1.366767E+00,  9.3750E-01
70100,  6.988376E-01,  1.383022E+00,  9.5312E-01
70200,  6.857311E-01,  1.383441E+00,  9.8438E-01
70300,  7.168828E-01,  1.370419E+00,  9.3750E-01
70400,  7.068692E-01,  1.378047E+00,  9.3750E-01
70500,  6.954795E-01,  1.387835E+00,  9.8438E-01
70600,  6.996565E-01,  1.388262E+00,  9.8438E-01
70700,  7.074360E-01,  1.381914E+00,  9.6875E-01
70800,  6.869708E-01,  1.378585E+00,  9.5312E-01
70900,  6.948289E-01,  1.357381E+00,  8.7500E-01
71000,  7.050046E-01,  1.387929E+00,  1.0000E+00
71100,  6.970062E-01,  1.379754E+00,  9.6875E-01
71200,  6.901054E-01,  1.378511E+00,  9.6875E-01
71300,  6.992182E-01,  1.375233E+00,  9.3750E-01
71400,  6.903245E-01,  1.377962E+00,  9.6875E-01
71500,  7.128648E-01,  1.375358E+00,  9.6875E-01
71600,  6.928042E-01,  1.379328E+00,  9.6875E-01
71700,  6.898270E-01,  1.383113E+00,  9.6875E-01
71800,  7.062747E-01,  1.378167E+00,  9.6875E-01
71900,  7.059002E-01,  1.369938E+00,  9.5312E-01
72000,  6.993037E-01,  1.383096E+00,  9.5312E-01
72100,  7.100209E-01,  1.383384E+00,  9.6875E-01
72200,  7.004323E-01,  1.369444E+00,  9.3750E-01
72300,  7.032316E-01,  1.384502E+00,  9.8438E-01
72400,  7.023485E-01,  1.385414E+00,  1.0000E+00
72500,  6.982340E-01,  1.389411E+00,  9.6875E-01
72600,  7.008013E-01,  1.371587E+00,  9.3750E-01
72700,  6.902618E-01,  1.377503E+00,  9.2188E-01
72800,  7.067164E-01,  1.379410E+00,  9.6875E-01
72900,  7.073901E-01,  1.382457E+00,  9.8438E-01
73000,  7.069443E-01,  1.371789E+00,  9.3750E-01
73100,  6.908904E-01,  1.381342E+00,  9.3750E-01
73200,  6.805426E-01,  1.377995E+00,  9.6875E-01
73300,  7.024666E-01,  1.380646E+00,  9.5312E-01
73400,  7.031049E-01,  1.381709E+00,  9.6875E-01
73500,  7.103051E-01,  1.371526E+00,  9.5312E-01
73600,  6.882139E-01,  1.374629E+00,  9.3750E-01
73700,  6.901498E-01,  1.375824E+00,  9.5312E-01
73800,  7.077364E-01,  1.379492E+00,  9.3750E-01
73900,  7.040313E-01,  1.381256E+00,  9.6875E-01
74000,  6.907809E-01,  1.384726E+00,  9.5312E-01
74100,  7.020339E-01,  1.383590E+00,  9.8438E-01
74200,  7.138786E-01,  1.382571E+00,  9.5312E-01
74300,  7.120529E-01,  1.383153E+00,  9.6875E-01
74400,  7.082000E-01,  1.365488E+00,  9.0625E-01
74500,  6.920834E-01,  1.378715E+00,  9.5312E-01
74600,  6.981089E-01,  1.377775E+00,  9.5312E-01
74700,  6.882238E-01,  1.383084E+00,  9.5312E-01
74800,  6.912370E-01,  1.388352E+00,  9.6875E-01
74900,  6.885987E-01,  1.386129E+00,  9.6875E-01
75000,  6.989428E-01,  1.381850E+00,  9.6875E-01
75100,  7.075844E-01,  1.379331E+00,  9.6875E-01
75200,  7.151880E-01,  1.375548E+00,  9.3750E-01
75300,  7.051522E-01,  1.375572E+00,  9.5312E-01
75400,  7.122529E-01,  1.378172E+00,  9.6875E-01
75500,  7.110862E-01,  1.382939E+00,  9.6875E-01
75600,  6.940154E-01,  1.372701E+00,  9.3750E-01
75700,  6.949696E-01,  1.382226E+00,  9.8438E-01
75800,  6.864172E-01,  1.374716E+00,  9.3750E-01
75900,  6.916426E-01,  1.381074E+00,  9.6875E-01
76000,  7.046369E-01,  1.373224E+00,  9.2188E-01
76100,  7.021964E-01,  1.379436E+00,  9.5312E-01
76200,  6.998131E-01,  1.378273E+00,  9.3750E-01
76300,  6.959219E-01,  1.373953E+00,  9.2188E-01
76400,  7.083963E-01,  1.387113E+00,  1.0000E+00
76500,  6.953478E-01,  1.384902E+00,  9.8438E-01
76600,  6.963228E-01,  1.376525E+00,  9.6875E-01
76700,  6.824497E-01,  1.378637E+00,  9.5312E-01
76800,  6.975845E-01,  1.375369E+00,  9.8438E-01
76900,  7.107795E-01,  1.385148E+00,  1.0000E+00
77000,  7.065632E-01,  1.368285E+00,  9.5312E-01
77100,  6.856363E-01,  1.383552E+00,  9.8438E-01
77200,  6.940297E-01,  1.382654E+00,  9.5312E-01
77300,  7.031699E-01,  1.378740E+00,  9.5312E-01
77400,  7.098912E-01,  1.384728E+00,  1.0000E+00
77500,  6.916783E-01,  1.381503E+00,  9.5312E-01
77600,  7.008361E-01,  1.371873E+00,  9.3750E-01
77700,  6.972386E-01,  1.377876E+00,  9.6875E-01
77800,  6.859632E-01,  1.383317E+00,  9.6875E-01
77900,  6.860152E-01,  1.378668E+00,  9.6875E-01
78000,  7.163511E-01,  1.371159E+00,  9.3750E-01
78100,  7.049203E-01,  1.375449E+00,  9.5312E-01
78200,  7.032045E-01,  1.379330E+00,  9.6875E-01
78300,  6.964678E-01,  1.372634E+00,  9.3750E-01
78400,  6.933835E-01,  1.381242E+00,  9.6875E-01
78500,  6.863958E-01,  1.382993E+00,  9.6875E-01
78600,  7.090853E-01,  1.382623E+00,  9.8438E-01
78700,  6.961120E-01,  1.371458E+00,  9.3750E-01
78800,  7.001891E-01,  1.368177E+00,  9.3750E-01
78900,  7.104217E-01,  1.379465E+00,  9.5312E-01
79000,  6.949373E-01,  1.378902E+00,  9.6875E-01
79100,  7.080074E-01,  1.384393E+00,  9.8438E-01
79200,  7.115113E-01,  1.385334E+00,  9.2188E-01
79300,  6.930310E-01,  1.378633E+00,  9.6875E-01
79400,  7.078930E-01,  1.385821E+00,  9.8438E-01
79500,  7.052811E-01,  1.379773E+00,  9.6875E-01
79600,  7.062049E-01,  1.377084E+00,  9.5312E-01
79700,  6.925271E-01,  1.381233E+00,  9.6875E-01
79800,  6.943893E-01,  1.376462E+00,  9.8438E-01
79900,  6.983160E-01,  1.387966E+00,  1.0000E+00
80000,  7.023762E-01,  1.376787E+00,  9.5312E-01
80100,  7.016785E-01,  1.377681E+00,  9.6875E-01
80200,  6.921648E-01,  1.379926E+00,  9.6875E-01
80300,  7.089249E-01,  1.379711E+00,  9.6875E-01
80400,  7.029635E-01,  1.378115E+00,  9.8438E-01
80500,  6.969174E-01,  1.382758E+00,  9.8438E-01
80600,  7.031728E-01,  1.373762E+00,  9.2188E-01
80700,  7.001326E-01,  1.380046E+00,  9.6875E-01
80800,  6.891471E-01,  1.381586E+00,  9.5312E-01
80900,  7.041566E-01,  1.381915E+00,  9.6875E-01
81000,  6.997700E-01,  1.388772E+00,  1.0000E+00
81100,  7.023498E-01,  1.361618E+00,  9.0625E-01
81200,  7.110825E-01,  1.377706E+00,  9.3750E-01
81300,  7.124170E-01,  1.379283E+00,  9.5312E-01
81400,  7.026594E-01,  1.370087E+00,  9.3750E-01
81500,  7.005662E-01,  1.377180E+00,  9.2188E-01
81600,  6.829848E-01,  1.388410E+00,  1.0000E+00
81700,  7.101281E-01,  1.375618E+00,  9.3750E-01
81800,  6.903760E-01,  1.386448E+00,  9.6875E-01
81900,  6.953181E-01,  1.373270E+00,  9.2188E-01
82000,  7.012788E-01,  1.377356E+00,  9.6875E-01
82100,  6.886715E-01,  1.384306E+00,  9.8438E-01
82200,  6.875850E-01,  1.380841E+00,  9.6875E-01
82300,  7.007569E-01,  1.377797E+00,  9.3750E-01
82400,  6.939280E-01,  1.386078E+00,  1.0000E+00
82500,  7.050494E-01,  1.385646E+00,  9.8438E-01
82600,  7.118506E-01,  1.376050E+00,  9.5312E-01
82700,  7.160807E-01,  1.376540E+00,  9.6875E-01
82800,  7.121400E-01,  1.368095E+00,  9.2188E-01
82900,  7.018074E-01,  1.379172E+00,  9.5312E-01
83000,  7.041413E-01,  1.375930E+00,  9.5312E-01
83100,  7.129673E-01,  1.373529E+00,  9.3750E-01
83200,  6.882906E-01,  1.378052E+00,  9.6875E-01
83300,  6.951301E-01,  1.381046E+00,  9.6875E-01
83400,  6.909980E-01,  1.374050E+00,  9.3750E-01
83500,  6.982620E-01,  1.386728E+00,  1.0000E+00
83600,  6.788826E-01,  1.388178E+00,  1.0000E+00
83700,  6.983409E-01,  1.380509E+00,  9.8438E-01
83800,  6.864210E-01,  1.375934E+00,  9.5312E-01
83900,  7.179068E-01,  1.378802E+00,  9.5312E-01
84000,  7.135170E-01,  1.381151E+00,  9.5312E-01
84100,  6.915435E-01,  1.364946E+00,  8.7500E-01
84200,  7.093711E-01,  1.379093E+00,  9.6875E-01
84300,  6.778867E-01,  1.387544E+00,  1.0000E+00
84400,  7.092348E-01,  1.370096E+00,  9.2188E-01
84500,  7.010736E-01,  1.380358E+00,  9.6875E-01
84600,  7.031388E-01,  1.376537E+00,  9.5312E-01
84700,  6.978862E-01,  1.379532E+00,  9.5312E-01
84800,  7.038205E-01,  1.361103E+00,  9.0625E-01
84900,  6.995185E-01,  1.383438E+00,  9.6875E-01
85000,  7.035670E-01,  1.375553E+00,  9.5312E-01
85100,  7.159529E-01,  1.368456E+00,  8.9062E-01
85200,  7.033827E-01,  1.379483E+00,  9.3750E-01
85300,  6.799370E-01,  1.387362E+00,  9.6875E-01
85400,  7.026190E-01,  1.378634E+00,  9.3750E-01
85500,  7.154099E-01,  1.371182E+00,  9.3750E-01
85600,  7.038302E-01,  1.388740E+00,  1.0000E+00
85700,  7.101071E-01,  1.373856E+00,  9.5312E-01
85800,  6.963964E-01,  1.382506E+00,  9.6875E-01
85900,  6.897216E-01,  1.386381E+00,  9.8438E-01
86000,  6.977643E-01,  1.363616E+00,  8.9062E-01
86100,  6.951481E-01,  1.376613E+00,  9.6875E-01
86200,  7.111725E-01,  1.369701E+00,  9.5312E-01
86300,  7.032849E-01,  1.377648E+00,  9.6875E-01
86400,  6.928399E-01,  1.379527E+00,  9.6875E-01
86500,  6.985430E-01,  1.371438E+00,  9.3750E-01
86600,  7.004762E-01,  1.379298E+00,  9.6875E-01
86700,  6.903399E-01,  1.384730E+00,  9.8438E-01
86800,  7.029688E-01,  1.375364E+00,  9.6875E-01
86900,  6.951259E-01,  1.387277E+00,  9.8438E-01
87000,  7.006654E-01,  1.382212E+00,  9.6875E-01
87100,  7.051541E-01,  1.378559E+00,  9.5312E-01
87200,  7.025465E-01,  1.372669E+00,  9.5312E-01
87300,  6.810695E-01,  1.388313E+00,  1.0000E+00
87400,  7.128814E-01,  1.371328E+00,  9.5312E-01
87500,  7.142638E-01,  1.377846E+00,  9.6875E-01
87600,  7.019508E-01,  1.387839E+00,  1.0000E+00
87700,  7.147706E-01,  1.370823E+00,  9.2188E-01
87800,  7.047921E-01,  1.375270E+00,  9.5312E-01
87900,  6.992204E-01,  1.370562E+00,  9.5312E-01
88000,  7.183540E-01,  1.367565E+00,  9.0625E-01
88100,  6.945590E-01,  1.381191E+00,  9.6875E-01
88200,  6.912709E-01,  1.386063E+00,  1.0000E+00
88300,  7.070912E-01,  1.365111E+00,  9.2188E-01
88400,  7.074582E-01,  1.385298E+00,  9.6875E-01
88500,  6.898695E-01,  1.384170E+00,  9.8438E-01
88600,  7.015441E-01,  1.378206E+00,  9.5312E-01
88700,  7.220724E-01,  1.376527E+00,  9.3750E-01
88800,  7.032380E-01,  1.385287E+00,  9.8438E-01
88900,  6.937476E-01,  1.375692E+00,  9.6875E-01
89000,  7.083437E-01,  1.370086E+00,  9.5312E-01
89100,  7.043236E-01,  1.381972E+00,  9.5312E-01
89200,  7.026811E-01,  1.385456E+00,  9.8438E-01
89300,  6.830862E-01,  1.374034E+00,  9.5312E-01
89400,  6.921654E-01,  1.373346E+00,  9.3750E-01
89500,  7.063578E-01,  1.379962E+00,  9.5312E-01
89600,  6.982605E-01,  1.382257E+00,  9.8438E-01
89700,  6.909018E-01,  1.385365E+00,  9.6875E-01
89800,  7.081612E-01,  1.379817E+00,  9.8438E-01
89900,  7.060892E-01,  1.382170E+00,  9.2188E-01
90000,  6.893505E-01,  1.385551E+00,  9.6875E-01
90100,  6.806642E-01,  1.378467E+00,  9.2188E-01
90200,  7.192262E-01,  1.372438E+00,  9.3750E-01
90300,  6.956428E-01,  1.377992E+00,  9.5312E-01
90400,  6.976980E-01,  1.383242E+00,  9.6875E-01
90500,  7.001225E-01,  1.388322E+00,  1.0000E+00
90600,  6.886202E-01,  1.389410E+00,  9.6875E-01
90700,  6.937014E-01,  1.381120E+00,  9.5312E-01
90800,  7.045652E-01,  1.384975E+00,  9.6875E-01
90900,  6.929641E-01,  1.384802E+00,  9.8438E-01
91000,  7.101856E-01,  1.363523E+00,  9.0625E-01
91100,  6.857212E-01,  1.367891E+00,  9.3750E-01
91200,  6.982054E-01,  1.376596E+00,  9.5312E-01
91300,  6.916711E-01,  1.374962E+00,  9.3750E-01
91400,  6.942555E-01,  1.384009E+00,  9.6875E-01
91500,  6.967522E-01,  1.378994E+00,  9.6875E-01
91600,  7.074342E-01,  1.376719E+00,  9.6875E-01
91700,  7.233268E-01,  1.375583E+00,  9.3750E-01
91800,  7.227187E-01,  1.379376E+00,  9.6875E-01
91900,  6.931000E-01,  1.390011E+00,  9.8438E-01
92000,  6.946211E-01,  1.377246E+00,  9.6875E-01
92100,  6.873392E-01,  1.370294E+00,  9.3750E-01
92200,  7.140971E-01,  1.370742E+00,  8.9062E-01
92300,  6.939312E-01,  1.380937E+00,  9.8438E-01
92400,  6.874563E-01,  1.381580E+00,  9.6875E-01
92500,  6.997160E-01,  1.382555E+00,  1.0000E+00
92600,  6.912348E-01,  1.385053E+00,  1.0000E+00
92700,  6.953179E-01,  1.383789E+00,  9.8438E-01
92800,  6.986759E-01,  1.374542E+00,  9.6875E-01
92900,  7.050505E-01,  1.376887E+00,  9.5312E-01
93000,  6.993424E-01,  1.382132E+00,  9.6875E-01
93100,  6.852559E-01,  1.378243E+00,  9.3750E-01
93200,  7.048190E-01,  1.380210E+00,  9.5312E-01
93300,  7.009418E-01,  1.379741E+00,  9.5312E-01
93400,  6.968111E-01,  1.374060E+00,  9.5312E-01
93500,  6.886646E-01,  1.385042E+00,  9.6875E-01
93600,  6.950629E-01,  1.374629E+00,  9.3750E-01
93700,  7.013323E-01,  1.385405E+00,  9.3750E-01
93800,  7.193102E-01,  1.367335E+00,  8.9062E-01
93900,  6.959691E-01,  1.384240E+00,  9.6875E-01
94000,  6.910980E-01,  1.386143E+00,  1.0000E+00
94100,  7.091895E-01,  1.368378E+00,  9.0625E-01
94200,  6.958691E-01,  1.387351E+00,  1.0000E+00
94300,  6.872506E-01,  1.383917E+00,  9.8438E-01
94400,  7.073019E-01,  1.372064E+00,  9.2188E-01
94500,  6.908064E-01,  1.382964E+00,  9.8438E-01
94600,  6.813490E-01,  1.381359E+00,  9.6875E-01
94700,  7.049829E-01,  1.371866E+00,  9.3750E-01
94800,  7.089132E-01,  1.373982E+00,  9.0625E-01
94900,  7.030958E-01,  1.381964E+00,  9.6875E-01
95000,  6.922569E-01,  1.382188E+00,  9.8438E-01
95100,  7.086822E-01,  1.379361E+00,  9.8438E-01
95200,  7.044998E-01,  1.379026E+00,  9.6875E-01
95300,  7.088808E-01,  1.378048E+00,  9.5312E-01
95400,  6.954780E-01,  1.384142E+00,  9.6875E-01
95500,  7.001530E-01,  1.381225E+00,  9.5312E-01
95600,  7.116271E-01,  1.366571E+00,  9.0625E-01
95700,  7.051110E-01,  1.378372E+00,  9.3750E-01
95800,  7.015189E-01,  1.365562E+00,  9.3750E-01
95900,  6.927290E-01,  1.383751E+00,  9.8438E-01
96000,  6.971997E-01,  1.389844E+00,  9.5312E-01
96100,  6.907812E-01,  1.373410E+00,  9.5312E-01
96200,  6.846192E-01,  1.379287E+00,  9.6875E-01
96300,  6.892909E-01,  1.382660E+00,  9.8438E-01
96400,  6.960031E-01,  1.378389E+00,  9.6875E-01
96500,  6.938140E-01,  1.388231E+00,  9.8438E-01
96600,  6.907730E-01,  1.387438E+00,  1.0000E+00
96700,  7.013482E-01,  1.385594E+00,  9.8438E-01
96800,  6.904782E-01,  1.384767E+00,  9.6875E-01
96900,  6.972053E-01,  1.377188E+00,  9.6875E-01
97000,  7.023085E-01,  1.377081E+00,  9.0625E-01
97100,  7.026362E-01,  1.375272E+00,  9.3750E-01
97200,  6.946793E-01,  1.373650E+00,  9.3750E-01
97300,  6.939441E-01,  1.381457E+00,  9.8438E-01
97400,  6.851118E-01,  1.382095E+00,  9.6875E-01
97500,  7.031187E-01,  1.376945E+00,  9.5312E-01
97600,  6.996453E-01,  1.369992E+00,  9.3750E-01
97700,  7.094508E-01,  1.374227E+00,  9.5312E-01
97800,  7.000535E-01,  1.383518E+00,  9.8438E-01
97900,  7.080244E-01,  1.386778E+00,  9.6875E-01
98000,  7.075919E-01,  1.384151E+00,  9.6875E-01
98100,  6.794222E-01,  1.384727E+00,  9.8438E-01
98200,  6.853967E-01,  1.384898E+00,  9.8438E-01
98300,  7.065071E-01,  1.385835E+00,  9.6875E-01
98400,  7.048806E-01,  1.369030E+00,  9.2188E-01
98500,  7.047818E-01,  1.375364E+00,  9.5312E-01
98600,  7.248366E-01,  1.371240E+00,  9.5312E-01
98700,  6.770834E-01,  1.386958E+00,  1.0000E+00
98800,  6.890550E-01,  1.369423E+00,  9.2188E-01
98900,  7.062390E-01,  1.379672E+00,  9.6875E-01
99000,  6.880265E-01,  1.383031E+00,  9.6875E-01
99100,  7.060203E-01,  1.376019E+00,  9.5312E-01
99200,  6.968490E-01,  1.384379E+00,  9.5312E-01
99300,  6.943256E-01,  1.382084E+00,  9.3750E-01
99400,  7.094263E-01,  1.373996E+00,  9.3750E-01
99500,  6.922006E-01,  1.374546E+00,  9.6875E-01
99600,  7.097491E-01,  1.377467E+00,  9.8438E-01
99700,  7.019038E-01,  1.382583E+00,  9.8438E-01
99800,  7.038758E-01,  1.381846E+00,  9.6875E-01
99900,  7.073567E-01,  1.381419E+00,  9.8438E-01
100000,  7.126169E-01,  1.377118E+00,  9.5312E-01
