# step, gen_loss, dis_loss, train_acc
100, -2.014937E+01, -4.987002E-01,  5.0000E-01
200,  8.596153E+00, -1.287189E-01,  4.6875E-01
300, -2.037231E+00, -2.323159E-01,  6.2500E-01
400, -6.303159E+00, -1.666293E-01,  6.0938E-01
500, -1.073186E+00, -1.877906E-01,  5.6250E-01
600, -3.815330E+00, -1.111263E-01,  7.5000E-01
700,  5.254949E+00, -1.941703E-01,  7.0312E-01
800,  2.702051E+00, -1.036867E-01,  7.6562E-01
900,  2.438636E+00, -2.572528E-01,  6.8750E-01
1000, -1.299409E+00, -1.139646E-01,  7.8125E-01
1100, -1.175591E+00, -1.200285E-01,  8.2812E-01
1200, -9.550849E-01, -1.368244E-01,  8.1250E-01
1300,  2.751157E+00, -9.146573E-02,  7.9688E-01
1400, -8.334153E-01, -1.361735E-01,  7.6562E-01
1500, -8.664668E-01, -7.003633E-02,  8.1250E-01
1600, -7.175013E-01, -9.814222E-02,  8.5938E-01
1700, -1.129766E+00, -1.044901E-01,  7.5000E-01
1800, -1.352301E+00, -9.346087E-02,  8.4375E-01
1900, -1.563084E+00, -4.395530E-02,  9.0625E-01
2000, -1.305999E+00, -1.206965E-01,  8.1250E-01
2100, -1.571706E+00, -8.814852E-02,  7.9688E-01
2200, -9.533656E-01, -1.328264E-01,  7.5000E-01
2300, -2.103070E+00, -8.901989E-02,  7.8125E-01
2400, -1.194439E+00, -6.291435E-02,  7.9688E-01
2500, -1.265306E-01, -1.278487E-01,  7.1875E-01
2600, -1.422710E+00, -4.286218E-02,  8.5938E-01
2700, -6.679371E-01, -5.899204E-02,  8.4375E-01
2800, -2.018097E-01, -1.110428E-01,  7.9688E-01
2900, -7.814161E-02, -6.953646E-02,  8.7500E-01
3000, -1.177139E+00, -8.641744E-02,  7.9688E-01
3100, -5.900626E-01, -9.257321E-02,  8.1250E-01
3200, -4.354855E-01, -1.019331E-01,  7.8125E-01
3300,  3.261737E-01, -6.120247E-02,  7.8125E-01
3400,  3.537165E-01, -1.102270E-01,  8.2812E-01
3500, -5.921338E-01, -7.979562E-02,  7.6562E-01
3600, -4.824020E-01, -8.289840E-02,  7.9688E-01
3700, -8.020486E-01, -9.428558E-02,  7.6562E-01
3800, -1.919414E-01, -4.374978E-02,  8.9062E-01
3900,  4.712000E-02, -7.077455E-02,  8.7500E-01
4000, -4.263710E-01, -8.467854E-02,  8.2812E-01
4100, -3.015888E-01, -8.801458E-02,  8.7500E-01
4200, -8.039209E-02, -8.088507E-02,  7.8125E-01
4300, -4.292092E-01, -6.452881E-02,  8.9062E-01
4400,  1.005968E-02, -1.149699E-01,  7.8125E-01
4500,  2.324526E-01, -8.388293E-02,  8.1250E-01
4600, -2.681536E-01, -9.415492E-02,  7.9688E-01
4700, -4.153326E-02, -1.122987E-01,  7.9688E-01
4800, -2.529827E-01, -1.168779E-01,  8.1250E-01
4900,  1.153540E-01, -5.759634E-02,  8.5938E-01
5000, -4.118222E-02, -7.866667E-02,  8.5938E-01
5100, -1.841990E-01, -7.102510E-02,  9.2188E-01
5200, -9.316451E-02, -5.338870E-02,  9.2188E-01
5300, -1.067686E-01, -8.591296E-02,  8.5938E-01
5400,  1.714295E-01, -9.334405E-02,  8.5938E-01
5500, -1.278138E-02, -1.050467E-01,  8.1250E-01
5600, -1.051744E-01, -8.457898E-02,  8.9062E-01
5700, -5.448915E-02, -5.375472E-02,  9.6875E-01
5800, -2.395783E-01, -1.152821E-01,  7.5000E-01
5900, -3.502772E-01, -7.144551E-02,  8.7500E-01
6000,  4.703294E-03, -7.263482E-02,  8.7500E-01
6100, -3.219914E-01, -4.823396E-02,  9.0625E-01
6200, -4.066810E-01, -7.690281E-02,  8.5938E-01
6300, -7.521474E-02, -9.834697E-02,  8.9062E-01
6400, -4.146770E-01, -1.122449E-01,  8.4375E-01
6500, -2.941931E-01, -7.905449E-02,  7.9688E-01
6600, -6.317888E-01, -8.867405E-02,  8.2812E-01
6700,  1.019477E-01, -7.244345E-02,  8.4375E-01
6800, -4.138483E-01, -2.129554E-02,  8.9062E-01
6900, -5.509889E-01, -7.742041E-02,  8.9062E-01
7000, -1.492251E-01, -6.873233E-02,  9.0625E-01
7100, -7.738852E-01, -9.731077E-02,  8.2812E-01
7200, -6.896746E-02, -9.010985E-02,  8.4375E-01
7300, -3.590206E-01, -9.341718E-02,  8.5938E-01
7400, -6.137800E-01, -3.894075E-02,  9.0625E-01
7500, -8.418105E-01, -1.162750E-01,  8.2812E-01
7600, -2.084463E-01, -1.122764E-01,  8.4375E-01
7700, -2.148795E-01, -1.083666E-01,  8.5938E-01
7800, -6.755582E-01, -1.082709E-01,  8.5938E-01
7900, -5.335271E-01, -8.098748E-02,  8.5938E-01
8000, -5.007416E-01, -9.390347E-02,  8.9062E-01
8100, -5.081352E-01, -1.317725E-01,  8.4375E-01
8200, -3.169101E-01, -1.110859E-01,  8.2812E-01
8300, -8.438978E-01, -8.904195E-02,  8.2812E-01
8400, -6.496165E-01, -1.137488E-01,  7.8125E-01
8500, -7.618305E-01, -4.222444E-02,  9.5312E-01
8600, -8.734483E-01, -8.740322E-02,  9.0625E-01
8700, -9.990250E-01, -5.778163E-02,  8.5938E-01
8800, -8.277504E-01, -5.155542E-02,  8.5938E-01
8900, -7.941698E-01, -1.330576E-01,  8.2812E-01
9000, -8.066902E-01, -1.099255E-01,  8.4375E-01
9100, -1.022338E+00, -9.402868E-02,  9.0625E-01
9200, -1.177238E+00, -1.278052E-01,  8.5938E-01
9300, -1.090353E+00, -8.215477E-02,  8.5938E-01
9400, -9.249063E-01, -9.492740E-02,  8.5938E-01
9500, -6.787577E-01, -1.038350E-01,  8.2812E-01
9600, -5.168964E-01, -5.450176E-02,  9.0625E-01
9700, -1.122384E+00, -9.669817E-02,  8.7500E-01
9800, -7.110335E-01, -1.165183E-01,  8.1250E-01
9900, -8.992785E-01, -9.333062E-02,  8.1250E-01
10000, -9.748006E-01, -5.165653E-02,  8.4375E-01
10100, -7.682230E-01, -5.640990E-02,  9.2188E-01
10200, -1.157736E+00, -8.319734E-02,  8.7500E-01
10300, -6.076910E-01, -9.186354E-02,  8.9062E-01
10400, -8.468190E-01, -1.041290E-01,  8.4375E-01
10500, -1.044056E+00, -6.574742E-02,  8.7500E-01
10600, -9.456345E-01, -7.675277E-02,  8.9062E-01
10700, -9.158086E-01, -6.582187E-02,  9.0625E-01
10800, -8.035758E-01, -5.303189E-02,  8.4375E-01
10900, -6.907734E-01, -6.706675E-02,  8.4375E-01
11000, -4.165100E-01, -8.357283E-02,  9.0625E-01
11100, -6.277197E-01, -7.797776E-02,  8.7500E-01
11200, -5.619757E-01, -3.448743E-02,  9.6875E-01
11300, -9.988822E-01, -2.883301E-02,  9.2188E-01
11400, -1.204844E+00, -5.720377E-02,  9.3750E-01
11500, -2.469478E-01, -8.528842E-02,  8.9062E-01
11600, -7.062171E-01, -6.273504E-02,  8.9062E-01
11700, -5.694214E-01, -4.539033E-02,  9.3750E-01
11800, -7.064915E-01, -1.055717E-01,  8.5938E-01
11900, -4.405481E-01, -6.003028E-02,  8.7500E-01
12000, -7.338137E-01, -4.939443E-02,  9.2188E-01
12100, -1.142867E+00, -1.075900E-01,  8.7500E-01
12200, -2.446827E-01, -6.726652E-02,  8.4375E-01
12300, -6.549907E-01, -6.972182E-02,  8.7500E-01
12400, -7.795371E-01, -1.555032E-01,  8.1250E-01
12500, -2.149328E-01, -4.832181E-02,  9.3750E-01
12600, -5.397916E-01, -3.837001E-02,  8.5938E-01
12700, -8.730195E-01, -3.859288E-02,  9.0625E-01
12800, -6.780142E-01, -1.087826E-01,  7.9688E-01
12900, -4.926035E-01, -9.451719E-02,  8.5938E-01
13000, -1.180972E+00, -3.137922E-02,  9.5312E-01
13100, -1.050139E+00, -1.112199E-01,  7.9688E-01
13200, -6.210173E-01, -7.679267E-02,  9.2188E-01
13300, -9.597055E-01, -1.186698E-01,  8.1250E-01
13400, -1.041384E+00, -7.546784E-02,  8.7500E-01
13500, -1.254608E+00, -3.212910E-02,  9.6875E-01
13600, -9.444824E-01, -1.029698E-01,  8.2812E-01
13700, -1.247918E+00, -1.151254E-01,  8.7500E-01
13800, -9.735667E-01, -1.033193E-01,  8.5938E-01
13900, -7.228899E-01, -8.902548E-02,  8.7500E-01
14000, -8.691769E-01, -7.542934E-02,  8.7500E-01
14100, -7.529192E-01, -1.366874E-01,  8.7500E-01
14200, -8.856474E-01, -9.055443E-02,  8.5938E-01
14300, -8.271772E-01, -9.515226E-02,  8.9062E-01
14400, -5.860131E-01, -1.359169E-01,  8.4375E-01
14500, -4.922987E-01, -8.601680E-02,  8.9062E-01
14600, -5.440655E-01, -9.655081E-02,  9.0625E-01
14700, -7.567329E-01, -8.914038E-02,  9.0625E-01
14800, -2.970111E-01, -1.143838E-01,  9.0625E-01
14900, -5.571518E-01, -1.306826E-01,  8.5938E-01
15000, -9.845566E-01, -6.847093E-02,  8.5938E-01
15100, -7.090803E-01, -7.690686E-02,  8.4375E-01
15200, -5.901448E-01, -9.735222E-02,  8.4375E-01
15300, -1.932943E-01, -6.613387E-02,  9.3750E-01
15400, -8.518105E-01, -1.200226E-01,  8.7500E-01
15500, -1.048476E+00, -8.568776E-02,  9.0625E-01
15600, -1.039094E+00, -1.223166E-01,  8.5938E-01
15700, -1.195192E+00, -6.069018E-02,  8.5938E-01
15800, -1.019850E+00, -5.436865E-02,  9.2188E-01
15900, -1.242971E+00, -7.836761E-02,  8.4375E-01
16000, -1.754859E+00, -5.128480E-02,  8.4375E-01
16100, -7.410007E-01, -8.384686E-02,  9.0625E-01
16200, -9.686968E-01, -7.984003E-02,  9.0625E-01
16300, -9.956982E-01, -6.003109E-02,  9.2188E-01
16400, -7.567714E-01, -7.032590E-02,  9.5312E-01
16500, -4.165007E-01, -4.075483E-02,  9.2188E-01
16600, -5.019014E-01, -1.021769E-01,  8.5938E-01
16700, -6.118197E-01, -1.214701E-01,  8.7500E-01
16800, -4.551622E-01, -7.032400E-02,  8.9062E-01
16900, -8.820239E-01, -3.357219E-02,  9.5312E-01
17000, -1.288030E+00, -8.447783E-02,  8.4375E-01
17100, -6.413534E-01, -6.684831E-02,  9.0625E-01
17200, -6.082442E-01, -1.122188E-01,  9.0625E-01
17300, -1.588693E+00, -8.136234E-02,  8.5938E-01
17400, -1.228134E+00, -1.134832E-01,  8.5938E-01
17500, -8.039378E-01, -1.322942E-01,  8.2812E-01
17600, -1.049807E+00, -1.081613E-01,  8.7500E-01
17700, -1.132706E+00, -7.103690E-02,  9.3750E-01
17800, -1.396801E+00, -5.390999E-02,  9.2188E-01
17900, -9.767423E-01, -9.192988E-02,  8.4375E-01
18000, -1.036035E+00, -9.673250E-02,  8.7500E-01
18100, -6.609480E-01, -1.660775E-01,  7.5000E-01
18200, -7.217112E-01, -5.334386E-02,  9.0625E-01
18300, -7.746650E-01, -7.159954E-02,  8.7500E-01
18400, -3.664433E-01, -7.740506E-02,  8.9062E-01
18500, -7.830565E-01, -1.194236E-01,  8.4375E-01
18600, -1.420440E+00, -9.403089E-02,  7.9688E-01
18700, -7.118571E-01, -3.733060E-02,  9.0625E-01
18800, -6.661050E-01, -1.148761E-01,  8.9062E-01
18900, -9.934138E-01, -1.139842E-01,  8.7500E-01
19000, -6.061685E-01, -7.057507E-02,  9.3750E-01
19100, -7.297349E-01, -7.597879E-02,  9.0625E-01
19200, -5.781931E-01, -1.153664E-01,  8.7500E-01
19300, -8.045413E-01, -1.204533E-01,  8.9062E-01
19400, -7.746731E-01, -8.373398E-02,  8.7500E-01
19500, -7.507885E-01, -1.405797E-01,  8.4375E-01
19600, -5.589937E-01, -7.963821E-02,  9.3750E-01
19700, -8.746915E-01, -4.589245E-02,  9.2188E-01
19800, -7.488549E-01, -1.044438E-01,  8.5938E-01
19900, -8.561502E-01, -3.825452E-02,  8.9062E-01
20000, -5.060765E-01, -9.518372E-02,  8.9062E-01
20100, -1.603228E+00, -5.124830E-02,  8.9062E-01
20200, -1.362288E+00, -4.198709E-02,  8.9062E-01
20300, -6.808987E-01, -9.970901E-02,  8.2812E-01
20400, -5.115935E-01, -1.092084E-01,  8.4375E-01
20500, -1.201871E+00, -8.500022E-02,  8.9062E-01
20600, -9.194338E-01, -5.932416E-02,  9.2188E-01
20700, -4.600922E-01, -6.614395E-02,  8.7500E-01
20800, -1.379518E+00, -1.688492E-01,  7.5000E-01
20900, -1.800486E+00, -1.021491E-01,  8.9062E-01
21000, -1.148100E+00, -6.678724E-02,  8.9062E-01
21100, -1.422496E+00, -1.639933E-01,  7.8125E-01
21200, -1.061888E+00, -7.856625E-02,  8.9062E-01
21300, -1.293064E+00, -1.042680E-01,  8.4375E-01
21400, -4.497505E-01, -1.115630E-01,  8.5938E-01
21500, -1.279341E+00, -6.995735E-02,  9.3750E-01
21600, -1.167300E+00, -6.804205E-02,  8.2812E-01
21700, -5.549036E-01, -1.538669E-01,  7.8125E-01
21800, -1.005066E+00, -1.545779E-01,  8.1250E-01
21900, -1.304344E+00, -1.115389E-01,  8.9062E-01
22000, -6.259170E-01, -7.803418E-02,  9.0625E-01
22100, -1.022228E+00, -7.878543E-02,  8.7500E-01
22200, -9.421223E-01, -3.662457E-02,  9.5312E-01
22300, -6.732281E-01, -1.119227E-01,  7.6562E-01
22400, -6.842589E-01, -7.450490E-02,  9.0625E-01
22500, -4.298248E-01, -2.478860E-02,  9.3750E-01
22600, -7.737419E-01, -7.096205E-02,  9.2188E-01
22700, -8.361619E-01, -1.147339E-01,  8.5938E-01
22800, -1.016187E+00, -9.505811E-02,  8.5938E-01
22900, -8.828770E-01, -1.272648E-01,  8.9062E-01
23000, -6.050918E-01, -9.275535E-02,  8.4375E-01
23100, -1.219012E+00, -8.968370E-02,  8.7500E-01
23200, -1.433219E+00, -1.082360E-01,  8.7500E-01
23300, -9.935697E-01, -1.164213E-01,  8.5938E-01
23400, -1.246026E+00, -1.082122E-01,  8.7500E-01
23500, -1.012493E+00, -7.482766E-02,  8.7500E-01
23600, -9.876704E-01, -1.255824E-01,  8.7500E-01
23700, -6.653618E-01, -8.883113E-02,  8.9062E-01
23800, -9.681313E-01, -1.334988E-01,  8.5938E-01
23900, -1.205283E+00, -7.885171E-02,  8.5938E-01
24000, -1.859121E+00, -8.171099E-02,  8.7500E-01
24100, -8.791730E-01, -4.330161E-02,  9.0625E-01
24200, -9.613678E-01, -8.003873E-02,  8.5938E-01
24300, -1.043797E+00, -6.882404E-02,  8.9062E-01
24400, -7.264153E-01, -1.381653E-01,  8.1250E-01
24500, -1.734893E+00, -1.764147E-01,  8.1250E-01
24600, -8.006719E-01, -1.071882E-01,  8.7500E-01
24700, -8.985308E-01, -6.817152E-02,  7.8125E-01
24800, -6.189300E-01, -1.204675E-01,  8.7500E-01
24900, -1.080992E+00, -4.186583E-02,  9.5312E-01
25000, -6.341674E-01, -3.337648E-02,  8.9062E-01
25100, -6.365915E-01, -7.605629E-02,  9.0625E-01
25200, -5.306221E-01, -5.085954E-02,  9.5312E-01
25300, -1.409344E+00, -9.829392E-02,  8.5938E-01
25400, -8.993688E-01, -4.509446E-02,  8.9062E-01
25500, -1.712290E+00, -1.711081E-01,  7.9688E-01
25600, -8.605595E-01, -8.223288E-02,  8.7500E-01
25700, -1.235390E+00, -1.155594E-01,  8.5938E-01
25800, -1.357245E+00, -8.634841E-02,  8.9062E-01
25900, -6.074531E-01, -9.748929E-02,  8.9062E-01
26000, -1.614755E+00, -8.028392E-02,  9.3750E-01
26100, -1.719481E+00, -9.356623E-02,  8.7500E-01
26200, -1.156170E+00, -7.064583E-02,  9.2188E-01
26300, -1.004413E+00, -5.072583E-02,  8.9062E-01
26400, -1.031382E+00, -8.488954E-02,  8.7500E-01
26500, -1.523911E+00, -6.624708E-02,  8.9062E-01
26600, -1.095104E+00, -1.528118E-01,  8.4375E-01
26700, -1.444599E+00, -9.350381E-02,  8.9062E-01
26800, -1.399290E+00, -8.260699E-02,  9.0625E-01
26900, -1.398425E+00, -6.301007E-02,  9.2188E-01
27000, -1.207117E+00, -6.607664E-02,  8.9062E-01
27100, -1.344489E+00, -1.362616E-01,  8.2812E-01
27200, -1.138651E+00, -1.016635E-01,  8.4375E-01
27300, -1.477355E+00, -7.157530E-02,  8.5938E-01
27400, -5.136176E-01, -6.655237E-02,  8.9062E-01
27500, -1.604430E+00, -1.034262E-01,  8.5938E-01
27600, -1.738711E+00, -6.126586E-02,  9.0625E-01
27700, -4.830170E-01, -8.806966E-02,  8.4375E-01
27800, -9.084837E-01, -1.226252E-01,  9.0625E-01
27900, -1.318377E+00, -7.638626E-02,  8.5938E-01
28000, -9.595798E-01, -1.702840E-01,  7.6562E-01
28100, -3.707123E-01, -2.163347E-01,  7.6562E-01
28200, -1.481711E+00, -1.002718E-01,  8.1250E-01
28300, -1.071063E+00, -1.395247E-01,  8.5938E-01
28400, -1.202933E+00, -9.368086E-02,  8.1250E-01
28500, -1.114115E+00, -1.463046E-01,  7.8125E-01
28600, -1.546423E+00, -1.231117E-01,  9.0625E-01
28700, -8.970463E-01, -9.807333E-02,  8.7500E-01
28800, -1.302621E+00, -9.433174E-02,  8.9062E-01
28900, -1.535099E+00, -6.628026E-02,  8.9062E-01
29000, -1.064361E+00, -1.677866E-01,  8.1250E-01
29100, -1.156394E+00, -1.204154E-01,  8.2812E-01
29200, -1.205060E+00, -1.037871E-01,  8.5938E-01
29300, -3.560324E-01, -4.701630E-02,  9.2188E-01
29400, -1.415629E+00, -9.499145E-02,  8.5938E-01
29500, -9.857726E-01, -8.847658E-02,  9.2188E-01
29600, -8.017051E-01, -7.986613E-02,  8.9062E-01
29700, -1.019472E+00, -1.104178E-01,  8.5938E-01
29800, -8.468817E-01, -7.404783E-02,  8.9062E-01
29900, -9.579564E-01, -7.960986E-02,  9.0625E-01
30000, -1.617647E+00, -6.704313E-02,  9.2188E-01
30100, -1.235592E+00, -5.392348E-02,  9.0625E-01
30200, -1.177073E+00, -9.283341E-02,  8.5938E-01
30300, -8.470131E-01, -6.143639E-02,  9.3750E-01
30400, -6.234349E-01, -1.658760E-01,  8.1250E-01
30500, -6.529793E-01, -1.640437E-01,  8.2812E-01
30600, -1.184063E+00, -1.321831E-01,  7.8125E-01
30700, -1.058792E+00, -7.280614E-02,  8.9062E-01
30800, -1.236797E+00, -7.148046E-02,  8.9062E-01
30900, -1.037568E+00, -7.164599E-02,  9.2188E-01
31000, -1.850721E+00, -1.894932E-01,  7.5000E-01
31100, -9.769073E-01, -9.509706E-02,  8.7500E-01
31200, -1.250799E+00, -3.195298E-02,  9.2188E-01
31300, -1.118885E+00, -5.631826E-02,  8.9062E-01
31400, -6.406774E-01, -9.285416E-02,  8.9062E-01
31500, -5.772188E-01, -1.256902E-01,  8.5938E-01
31600, -1.186117E+00, -1.270812E-01,  8.7500E-01
31700, -1.128033E+00, -1.006568E-01,  8.9062E-01
31800, -2.096425E+00, -8.647598E-02,  9.0625E-01
31900, -9.133140E-01, -1.443246E-01,  8.4375E-01
32000, -9.400935E-01, -1.023549E-01,  9.0625E-01
32100, -9.756756E-01, -1.254264E-01,  8.4375E-01
32200, -7.208072E-01, -6.915607E-02,  9.2188E-01
32300, -5.471658E-01, -7.003271E-02,  8.5938E-01
32400, -6.849684E-01, -8.274245E-02,  8.9062E-01
32500, -1.011020E+00, -1.160358E-01,  8.7500E-01
32600, -1.375753E+00, -9.681612E-02,  8.9062E-01
32700, -1.163663E+00, -7.783854E-02,  8.9062E-01
32800, -1.007516E+00, -1.237321E-01,  8.2812E-01
32900, -1.533588E+00, -3.752409E-02,  9.5312E-01
33000, -8.695422E-01, -1.527195E-01,  8.5938E-01
33100, -1.313722E+00, -7.818586E-02,  8.5938E-01
33200, -1.870146E+00, -9.298846E-02,  9.2188E-01
33300, -1.863296E+00, -9.400433E-02,  8.2812E-01
33400, -7.734258E-01, -1.013391E-01,  8.4375E-01
33500, -1.212218E+00, -5.559841E-02,  9.2188E-01
33600,  5.699851E-03, -1.525468E-01,  8.4375E-01
33700, -1.134748E+00, -8.253386E-02,  8.4375E-01
33800, -1.269625E+00, -7.497637E-02,  8.4375E-01
33900, -8.075054E-01, -1.408403E-01,  8.7500E-01
34000, -1.173599E+00, -7.947884E-02,  8.7500E-01
34100, -2.147007E+00, -1.581812E-01,  8.2812E-01
34200, -1.299494E+00, -1.439897E-01,  8.1250E-01
34300, -1.420338E+00, -6.274980E-02,  9.0625E-01
34400, -1.443476E+00, -9.574775E-02,  9.0625E-01
34500, -1.274255E+00, -1.293958E-01,  8.1250E-01
34600, -6.952729E-01, -4.564506E-02,  9.2188E-01
34700, -1.116941E+00, -1.230841E-01,  8.2812E-01
34800, -1.576819E+00, -1.296430E-01,  7.9688E-01
34900, -5.529882E-01, -1.131861E-01,  8.9062E-01
35000, -7.187647E-01, -9.983982E-02,  8.9062E-01
35100, -1.235451E+00, -1.119539E-01,  8.4375E-01
35200, -1.252496E+00, -7.199086E-02,  8.5938E-01
35300, -1.590104E+00, -7.677669E-02,  9.0625E-01
35400, -1.024791E+00, -1.132835E-01,  8.7500E-01
35500, -3.765509E-01, -1.237303E-01,  9.0625E-01
35600, -3.652104E-01, -1.280394E-01,  8.7500E-01
35700, -7.966708E-01, -1.070959E-01,  8.5938E-01
35800, -2.873810E+00, -6.542284E-02,  9.3750E-01
35900, -1.115051E+00, -9.271588E-02,  8.5938E-01
36000, -1.414403E+00, -7.639303E-02,  8.5938E-01
36100, -1.695875E+00, -1.555712E-01,  8.1250E-01
36200, -4.598375E-01, -8.625795E-02,  9.0625E-01
36300, -9.335424E-01, -1.126738E-01,  8.2812E-01
36400, -1.304140E+00, -7.988259E-02,  9.2188E-01
36500, -1.154856E+00, -6.054847E-02,  8.4375E-01
36600, -1.019888E+00, -6.521784E-02,  8.9062E-01
36700, -4.283985E-01, -7.574810E-02,  8.9062E-01
36800, -1.132764E+00, -7.487508E-02,  9.2188E-01
36900, -8.079951E-01, -1.859931E-01,  7.6562E-01
37000, -4.142848E-01, -9.785081E-02,  8.4375E-01
37100, -4.043410E-01, -8.958829E-02,  8.7500E-01
37200, -8.904805E-01, -1.364669E-01,  8.2812E-01
37300, -6.765257E-01, -1.068814E-01,  8.4375E-01
37400, -1.487366E+00, -4.433731E-02,  9.3750E-01
37500, -8.106751E-01, -1.119169E-01,  9.0625E-01
37600, -7.340007E-01, -6.841524E-02,  9.0625E-01
37700, -1.615670E+00, -1.680969E-01,  7.9688E-01
37800, -7.948979E-01, -8.354932E-02,  9.3750E-01
37900, -1.031805E+00, -1.207417E-01,  8.5938E-01
38000, -5.192325E-02, -9.613698E-02,  8.9062E-01
38100, -1.666240E+00, -9.767299E-02,  8.7500E-01
38200, -1.076725E+00, -1.045012E-01,  8.1250E-01
38300, -1.826075E+00, -1.011949E-01,  8.5938E-01
38400, -1.899242E+00, -9.740669E-02,  8.9062E-01
38500, -1.339156E+00, -6.569702E-02,  8.5938E-01
38600, -2.127578E+00, -5.044574E-02,  9.3750E-01
38700, -6.203910E-01, -6.649888E-02,  8.2812E-01
38800, -1.183132E+00, -2.458867E-02,  8.9062E-01
38900, -3.789670E-01, -7.462546E-02,  8.9062E-01
39000, -8.986876E-01, -9.775186E-02,  8.1250E-01
39100, -1.468808E+00, -3.945858E-02,  9.2188E-01
39200, -1.141431E+00, -8.386603E-02,  8.2812E-01
39300, -8.180872E-01, -1.262943E-01,  8.2812E-01
39400, -8.380723E-01, -3.980992E-02,  9.5312E-01
39500, -1.398055E+00, -8.367173E-02,  8.7500E-01
39600, -7.609255E-01, -8.520798E-02,  9.0625E-01
39700, -2.915004E-01, -8.271199E-02,  9.2188E-01
39800, -1.352303E+00, -7.229743E-02,  9.3750E-01
39900, -1.144940E+00, -1.154485E-01,  8.7500E-01
40000, -2.333159E+00, -9.351473E-02,  8.9062E-01
40100, -2.727491E-01, -1.455617E-01,  8.1250E-01
40200, -1.497153E+00, -7.455358E-02,  8.5938E-01
40300, -1.952536E+00, -1.249951E-01,  8.2812E-01
40400, -1.743587E+00, -1.093862E-01,  8.7500E-01
40500, -1.558637E+00, -9.520368E-02,  8.5938E-01
40600, -2.085817E+00, -1.308206E-01,  8.5938E-01
40700, -8.587422E-01, -7.749153E-02,  9.2188E-01
40800, -1.042753E+00, -1.143744E-01,  7.9688E-01
40900, -1.719866E+00, -1.546860E-01,  8.4375E-01
41000, -1.427536E+00, -7.482789E-02,  9.0625E-01
41100, -1.412789E+00, -1.039763E-01,  8.5938E-01
41200, -7.204377E-01, -9.985963E-02,  8.7500E-01
41300, -4.202536E-01, -5.002434E-02,  9.2188E-01
41400, -1.728056E+00, -1.328386E-01,  8.4375E-01
41500, -1.464052E+00, -8.685350E-02,  8.7500E-01
41600, -1.433002E+00, -1.057141E-01,  8.5938E-01
41700, -5.897794E-01, -9.569003E-02,  8.7500E-01
41800, -1.877306E+00, -1.235173E-01,  8.1250E-01
41900, -1.677539E+00, -8.943219E-02,  9.2188E-01
42000, -1.637727E+00, -1.718576E-01,  8.1250E-01
42100, -8.671743E-01, -1.105859E-01,  8.1250E-01
42200, -2.423225E+00, -5.235064E-02,  9.0625E-01
42300, -3.616327E-01, -1.458920E-01,  8.2812E-01
42400, -1.042159E+00, -1.529160E-01,  8.2812E-01
42500, -2.165311E+00, -1.323038E-01,  8.4375E-01
42600, -3.616840E-01, -1.360934E-01,  8.4375E-01
42700, -1.589720E+00, -4.087665E-02,  9.3750E-01
42800, -2.623639E+00, -9.690590E-02,  8.2812E-01
42900, -1.577947E+00, -1.129609E-01,  8.5938E-01
43000, -2.836599E-01, -1.231454E-01,  8.4375E-01
43100, -1.767653E+00, -1.358204E-01,  8.5938E-01
43200, -2.830058E-01, -1.246697E-01,  7.9688E-01
43300, -2.643660E+00, -8.548292E-02,  9.0625E-01
43400, -1.917599E+00, -1.154796E-01,  8.9062E-01
43500, -2.079353E+00, -1.059137E-01,  8.4375E-01
43600, -1.178488E+00, -1.198866E-01,  8.1250E-01
43700, -6.423700E-01, -1.229880E-01,  8.5938E-01
43800, -3.895439E-01, -1.422989E-01,  8.1250E-01
43900, -5.760320E-01, -1.190039E-01,  8.5938E-01
44000, -2.059508E+00, -1.377688E-01,  8.9062E-01
44100, -2.100136E+00, -8.390225E-02,  8.7500E-01
44200, -1.642011E+00, -1.532791E-01,  8.2812E-01
44300, -2.122087E+00, -1.235017E-01,  8.5938E-01
44400, -1.289347E+00, -8.232868E-02,  8.9062E-01
44500, -1.994151E+00, -8.311548E-02,  8.7500E-01
44600, -1.819255E+00, -8.985928E-02,  8.9062E-01
44700, -1.546983E+00, -9.542658E-02,  8.2812E-01
44800, -7.431847E-01, -1.579227E-01,  7.9688E-01
44900, -1.650950E+00, -1.340894E-01,  8.4375E-01
45000, -7.628260E-01, -9.952327E-02,  8.7500E-01
45100, -1.565514E+00, -1.057659E-01,  8.1250E-01
45200, -1.285761E+00, -1.119841E-01,  8.5938E-01
45300, -9.902809E-01, -1.377557E-01,  8.4375E-01
45400, -1.603094E+00, -8.870959E-02,  8.9062E-01
45500, -1.509722E+00, -1.076197E-01,  8.5938E-01
45600, -9.649856E-01, -4.616924E-02,  8.9062E-01
45700,  1.273124E-01, -9.163261E-02,  8.7500E-01
45800, -1.078551E+00, -6.802110E-02,  9.0625E-01
45900, -1.802011E+00, -6.800731E-02,  9.3750E-01
46000, -1.943337E+00, -1.016635E-01,  8.9062E-01
46100, -8.129383E-01, -1.446196E-01,  8.4375E-01
46200, -9.701481E-01, -1.142029E-01,  8.7500E-01
46300, -1.281882E-01, -9.991124E-02,  8.9062E-01
46400, -1.440304E+00, -1.448610E-01,  7.9688E-01
46500, -1.249311E+00, -8.612551E-02,  9.0625E-01
46600, -9.089105E-01, -1.528715E-01,  7.6562E-01
46700, -1.782301E+00, -9.388836E-02,  8.7500E-01
46800, -1.509343E+00, -8.517607E-02,  8.7500E-01
46900, -2.046931E+00, -4.344168E-02,  9.2188E-01
47000, -1.552468E+00, -9.777709E-02,  8.7500E-01
47100, -1.207394E+00, -1.610490E-01,  8.2812E-01
47200, -1.082589E+00, -1.189192E-01,  8.4375E-01
47300, -8.341819E-01, -2.036515E-01,  7.6562E-01
47400, -1.044586E+00, -2.608775E-02,  9.8438E-01
47500, -1.542596E+00, -1.141895E-01,  8.7500E-01
47600, -1.714168E+00, -8.221312E-02,  8.7500E-01
47700, -1.016494E+00, -6.234938E-02,  9.5312E-01
47800, -9.442878E-01, -7.921226E-02,  8.9062E-01
47900, -1.931878E+00, -1.491605E-01,  8.4375E-01
48000, -1.185273E+00, -8.580492E-02,  8.9062E-01
48100, -2.099454E+00, -8.229881E-02,  9.0625E-01
48200, -1.965934E+00, -9.834488E-02,  8.9062E-01
48300, -3.828040E-01, -7.543778E-02,  8.5938E-01
48400, -2.249924E+00, -1.262053E-01,  8.5938E-01
48500, -9.122559E-01, -8.786374E-02,  8.7500E-01
48600, -4.035749E-01, -1.031987E-01,  8.7500E-01
48700, -1.647789E+00, -8.455017E-02,  8.2812E-01
48800, -1.407648E+00, -1.432412E-01,  8.5938E-01
48900, -1.112028E+00, -1.464459E-01,  8.9062E-01
49000, -1.460946E+00, -1.044059E-01,  8.7500E-01
49100, -1.795177E+00, -8.957604E-02,  8.7500E-01
49200, -5.401750E-01, -1.969508E-01,  7.6562E-01
49300, -1.637967E+00, -1.286678E-01,  8.1250E-01
49400, -1.494382E+00, -1.451404E-01,  7.8125E-01
49500, -3.593590E-01, -1.029378E-01,  8.5938E-01
49600, -2.141196E+00, -1.231724E-01,  8.4375E-01
49700,  8.684137E-01, -1.218859E-01,  8.9062E-01
49800, -5.610256E-01, -1.054943E-01,  8.2812E-01
49900, -5.391544E-01, -1.201497E-01,  8.2812E-01
50000, -6.382335E-01, -9.169475E-02,  8.9062E-01
50100, -1.574946E+00, -9.298869E-02,  8.4375E-01
50200, -8.556119E-01, -8.658995E-02,  8.7500E-01
50300,  2.795578E-01, -1.126413E-01,  7.8125E-01
50400, -1.417559E-01, -8.750385E-02,  8.1250E-01
50500, -1.473597E+00, -6.869818E-02,  8.9062E-01
50600, -6.352654E-01, -1.082016E-01,  9.0625E-01
50700, -1.199184E+00, -1.365125E-01,  8.4375E-01
50800, -6.736737E-01, -1.104734E-01,  7.6562E-01
50900, -4.916351E-01, -8.181189E-02,  8.1250E-01
51000, -1.895511E+00, -1.530989E-01,  8.4375E-01
51100, -1.416570E+00, -5.442410E-02,  8.4375E-01
51200, -9.240531E-01, -1.325859E-01,  8.1250E-01
51300, -1.931627E+00, -9.717047E-02,  9.0625E-01
51400, -9.764847E-01, -8.603226E-02,  8.7500E-01
51500, -7.169131E-01, -1.160744E-01,  8.4375E-01
51600, -1.580337E+00, -1.922423E-01,  7.5000E-01
51700, -2.255793E+00, -1.345248E-01,  8.4375E-01
51800, -8.407323E-01, -8.988506E-02,  8.9062E-01
51900,  4.782358E-01, -9.204534E-02,  8.7500E-01
52000, -2.600183E-01, -1.214826E-01,  8.5938E-01
52100, -1.005907E+00, -1.485668E-01,  8.4375E-01
52200, -2.706569E+00, -1.047847E-01,  8.5938E-01
52300, -1.041597E+00, -8.139947E-02,  9.3750E-01
52400, -1.708858E+00, -1.118472E-01,  8.1250E-01
52500, -1.211939E+00, -7.447719E-02,  8.5938E-01
52600, -1.622058E+00, -1.223813E-01,  8.5938E-01
52700, -9.676270E-01, -6.246341E-02,  9.5312E-01
52800, -6.762987E-01, -1.363572E-01,  8.4375E-01
52900, -1.104958E+00, -1.132480E-01,  8.7500E-01
53000, -2.032105E+00, -1.459363E-01,  8.7500E-01
53100, -1.189594E+00, -1.093751E-01,  8.7500E-01
53200, -1.789856E+00, -6.086176E-02,  9.0625E-01
53300, -2.146500E+00, -9.828339E-02,  8.7500E-01
53400, -2.358562E+00, -9.461839E-02,  8.9062E-01
53500, -4.671338E-01, -8.630559E-02,  8.2812E-01
53600, -1.078261E+00, -1.543659E-01,  8.2812E-01
53700, -1.776816E+00, -1.288250E-01,  8.2812E-01
53800,  1.944842E-01, -8.632682E-02,  9.2188E-01
53900, -1.576197E+00, -9.060656E-02,  8.7500E-01
54000, -1.723770E+00, -9.282659E-02,  8.2812E-01
54100, -9.048862E-01, -1.795098E-01,  8.2812E-01
54200, -2.150823E+00, -6.727013E-02,  9.2188E-01
54300, -7.082801E-01, -5.891114E-02,  8.7500E-01
54400, -3.858007E-01, -2.608556E-01,  7.8125E-01
54500, -2.742982E+00, -1.507979E-01,  8.9062E-01
54600, -2.119623E+00, -9.865791E-02,  8.4375E-01
54700, -1.711201E+00, -5.199108E-02,  9.0625E-01
54800, -7.026840E-01, -7.360756E-02,  9.2188E-01
54900, -2.851783E+00, -1.027351E-01,  7.9688E-01
55000, -1.343579E+00, -1.397631E-01,  8.5938E-01
55100, -1.963596E+00, -9.960367E-02,  8.7500E-01
55200, -1.009861E+00, -9.107096E-02,  9.0625E-01
55300, -2.244378E+00, -1.558382E-01,  7.8125E-01
55400, -6.368219E-01, -1.383974E-01,  7.9688E-01
55500, -1.437655E+00, -9.920044E-02,  8.9062E-01
55600, -1.622401E+00, -1.197088E-01,  8.9062E-01
55700, -1.392190E+00, -6.323451E-02,  9.0625E-01
55800, -2.419286E+00, -9.557569E-02,  8.7500E-01
55900, -1.945226E+00, -1.997732E-01,  7.8125E-01
56000, -1.121582E+00, -7.964908E-02,  9.0625E-01
56100, -1.201427E+00, -1.693170E-01,  7.8125E-01
56200, -3.557239E-01, -1.619607E-01,  8.2812E-01
56300,  5.852141E-01, -1.269551E-01,  8.5938E-01
56400, -6.375773E-01, -1.493550E-01,  8.5938E-01
56500, -1.660334E+00, -9.373742E-02,  8.4375E-01
56600, -1.943361E+00, -8.616091E-02,  8.4375E-01
56700, -1.220639E+00, -1.264041E-01,  8.1250E-01
56800, -5.280548E-01, -1.037047E-01,  8.2812E-01
56900, -1.501809E+00, -5.663855E-02,  9.6875E-01
57000, -1.851582E+00, -1.234433E-01,  8.4375E-01
57100, -9.071379E-02, -1.549191E-01,  8.4375E-01
57200, -2.898753E-01, -8.353044E-02,  8.2812E-01
57300, -1.455020E+00, -1.268073E-01,  8.2812E-01
57400, -1.373902E+00, -1.478802E-01,  8.2812E-01
57500, -1.101629E+00, -1.044844E-01,  8.7500E-01
57600,  2.530703E-02, -1.719965E-01,  7.9688E-01
57700, -3.294838E-01, -1.546696E-01,  8.2812E-01
57800, -1.126032E+00, -8.624943E-02,  8.7500E-01
57900, -1.142583E+00, -1.033678E-01,  8.4375E-01
58000, -1.493711E+00, -8.164152E-02,  8.5938E-01
58100, -5.348082E-02, -1.392697E-01,  8.7500E-01
58200, -6.686150E-01, -9.128910E-02,  8.9062E-01
58300, -1.479051E+00, -1.290559E-01,  8.4375E-01
58400, -1.177601E+00, -8.568604E-02,  8.9062E-01
58500, -7.763087E-01, -1.190351E-01,  8.7500E-01
58600, -6.129578E-01, -1.149991E-01,  8.2812E-01
58700, -3.555672E-01, -1.534387E-01,  8.2812E-01
58800, -1.317160E+00, -7.083564E-02,  8.9062E-01
58900, -1.485363E+00, -1.155748E-01,  8.1250E-01
59000, -2.050484E+00, -1.207924E-01,  8.5938E-01
59100, -1.734964E+00, -1.192925E-01,  8.9062E-01
59200, -1.733465E+00, -1.330517E-01,  8.4375E-01
59300, -2.197649E+00, -1.024548E-01,  8.5938E-01
59400, -2.940300E+00, -1.158245E-01,  8.9062E-01
59500, -1.364111E+00, -1.337440E-01,  7.5000E-01
59600, -2.352959E+00, -1.350687E-01,  8.2812E-01
59700, -1.217247E+00, -1.430266E-01,  8.9062E-01
59800, -5.103370E-02, -9.362954E-02,  8.5938E-01
59900, -2.232408E+00, -8.756138E-02,  9.0625E-01
60000, -1.507295E+00, -9.127570E-02,  8.7500E-01
60100, -7.754942E-01, -1.008141E-01,  8.1250E-01
60200, -1.482110E+00, -1.467071E-01,  8.1250E-01
60300, -6.391104E-01, -1.322122E-01,  8.1250E-01
60400, -5.026808E-01, -1.132471E-01,  8.5938E-01
60500, -1.711017E+00, -1.517655E-01,  7.9688E-01
60600, -8.005061E-01, -1.622006E-01,  8.1250E-01
60700,  1.491798E-01, -7.043955E-02,  8.5938E-01
60800, -2.058751E+00, -1.035554E-01,  8.2812E-01
60900, -1.997918E+00, -5.869037E-02,  9.0625E-01
61000, -1.442007E-01, -8.957557E-02,  9.2188E-01
61100, -5.366475E-01, -9.423450E-02,  8.7500E-01
61200, -4.203595E-01, -7.624307E-02,  8.9062E-01
61300, -2.772731E+00, -1.013271E-01,  8.7500E-01
61400, -8.866046E-01, -1.334744E-01,  8.9062E-01
61500, -9.125270E-01, -5.709859E-02,  9.0625E-01
61600, -2.930325E+00, -1.145274E-01,  7.9688E-01
61700, -5.764779E-01, -1.830962E-01,  7.8125E-01
61800, -1.475299E+00, -1.058488E-01,  8.1250E-01
61900, -6.885597E-01, -5.809689E-02,  9.0625E-01
62000, -1.164836E+00, -6.565951E-02,  9.6875E-01
62100, -9.809335E-01, -1.041341E-01,  8.5938E-01
62200, -1.555027E+00, -3.762609E-02,  8.9062E-01
62300,  1.160793E+00, -1.745664E-01,  8.2812E-01
62400, -2.378573E+00, -1.345816E-01,  8.4375E-01
62500, -1.490226E+00, -1.062674E-01,  8.2812E-01
62600, -9.836746E-01, -7.022074E-02,  8.7500E-01
62700, -2.243547E+00, -7.797480E-02,  8.4375E-01
62800, -1.271631E+00, -1.112145E-01,  8.4375E-01
62900,  1.603281E-01, -8.382429E-02,  8.9062E-01
63000, -1.967454E+00, -4.913008E-02,  9.5312E-01
63100,  2.019064E-01, -1.473523E-01,  8.1250E-01
63200, -7.519933E-01, -9.059598E-02,  8.7500E-01
63300, -2.170588E+00, -1.612842E-01,  8.9062E-01
63400, -1.249569E+00, -1.975204E-01,  7.9688E-01
63500, -1.450556E+00, -9.744340E-02,  8.7500E-01
63600, -1.825739E+00, -5.381516E-02,  9.0625E-01
63700, -1.446787E+00, -1.057015E-01,  8.4375E-01
63800, -7.595561E-01, -8.446265E-02,  8.7500E-01
63900,  7.913148E-01, -1.102434E-01,  8.5938E-01
64000, -2.960985E-01, -1.269848E-01,  8.4375E-01
64100, -2.902857E-01, -9.275115E-02,  8.4375E-01
64200, -1.635363E+00, -1.730492E-01,  8.2812E-01
64300, -1.744493E+00, -1.281007E-01,  8.4375E-01
64400, -2.500557E+00, -1.363509E-01,  8.5938E-01
64500, -1.163990E+00, -1.346350E-01,  8.4375E-01
64600, -2.209391E+00, -1.711691E-01,  7.9688E-01
64700, -5.651159E-01, -1.905372E-01,  8.5938E-01
64800, -1.777575E+00, -1.326967E-01,  8.4375E-01
64900, -1.512250E+00, -1.489164E-01,  7.8125E-01
65000, -1.561717E+00, -1.156732E-01,  7.9688E-01
65100, -2.329180E+00, -1.053919E-01,  8.4375E-01
65200, -3.089784E+00, -1.277092E-01,  8.4375E-01
65300, -1.559381E+00, -1.563317E-01,  7.5000E-01
65400,  7.454838E-02, -1.282639E-01,  8.5938E-01
65500, -2.509608E+00, -1.737388E-01,  7.9688E-01
65600, -7.561474E-01, -1.147067E-01,  8.9062E-01
65700, -4.073222E-01, -1.315005E-01,  8.5938E-01
65800, -2.182373E-01, -1.441242E-01,  8.2812E-01
65900, -1.870408E+00, -7.551424E-02,  9.0625E-01
66000, -9.813864E-01, -1.441647E-01,  8.4375E-01
66100,  6.141808E-01, -1.287388E-01,  8.1250E-01
66200, -1.121146E+00, -4.501392E-02,  9.0625E-01
66300,  9.811223E-01, -5.198849E-02,  8.7500E-01
66400, -1.642379E+00, -1.048832E-01,  8.1250E-01
66500, -9.759271E-01, -8.034472E-02,  9.3750E-01
66600, -1.643944E+00, -9.889547E-02,  8.7500E-01
66700, -9.485418E-01, -1.289556E-01,  8.5938E-01
66800, -9.877690E-01, -1.710157E-01,  7.9688E-01
66900, -2.494554E+00, -4.487979E-02,  8.9062E-01
67000, -8.217281E-01, -1.905897E-01,  7.5000E-01
67100, -2.545279E+00, -1.570928E-01,  8.5938E-01
67200, -1.047750E+00, -4.474872E-02,  9.2188E-01
67300, -7.693783E-01, -1.663590E-01,  7.9688E-01
67400,  8.156386E-01, -1.458321E-01,  8.1250E-01
67500, -1.557819E+00, -8.868860E-02,  8.5938E-01
67600,  2.253069E-01, -9.373817E-02,  9.0625E-01
67700, -1.285197E+00, -9.024045E-02,  9.2188E-01
67800, -1.059174E+00, -8.318523E-02,  8.5938E-01
67900, -4.460952E-01, -1.035064E-01,  8.9062E-01
68000, -2.121646E+00, -6.924890E-02,  9.2188E-01
68100, -1.916630E+00, -2.510263E-02,  8.9062E-01
68200, -3.394966E+00, -5.501480E-02,  9.0625E-01
68300, -1.210437E+00, -1.817655E-01,  7.5000E-01
68400, -1.077474E+00, -1.257030E-01,  7.9688E-01
68500, -1.179588E+00, -9.070855E-02,  8.9062E-01
68600, -1.374288E+00, -1.055376E-01,  8.9062E-01
68700,  8.370349E-01, -1.771782E-02,  9.6875E-01
68800, -2.235764E+00, -1.315261E-01,  8.4375E-01
68900, -1.974632E+00, -1.347854E-01,  8.1250E-01
69000, -4.771314E-01, -1.427635E-01,  8.5938E-01
69100, -3.314248E+00, -8.191561E-02,  8.7500E-01
69200, -2.028373E+00, -7.452616E-02,  9.0625E-01
69300, -9.208098E-01, -1.415941E-01,  8.1250E-01
69400, -1.021254E+00, -1.188514E-01,  8.4375E-01
69500, -1.979780E+00, -9.944320E-02,  8.9062E-01
69600, -1.835751E+00, -1.234119E-01,  8.4375E-01
69700, -2.048653E+00, -1.111877E-01,  8.9062E-01
69800, -2.037216E+00, -1.425130E-01,  8.1250E-01
69900, -6.026437E-01, -1.176171E-01,  8.4375E-01
70000, -2.024868E+00, -8.716823E-02,  9.0625E-01
70100, -1.449488E+00, -7.538973E-02,  9.0625E-01
70200, -1.380378E+00, -1.463526E-01,  7.8125E-01
70300, -3.358525E+00, -9.150855E-02,  8.5938E-01
70400, -6.845162E-01, -6.416292E-02,  9.2188E-01
70500, -2.889143E+00, -1.026641E-01,  8.2812E-01
70600, -2.069241E+00, -1.202405E-01,  8.7500E-01
70700, -6.750438E-01, -7.004935E-02,  8.7500E-01
70800, -3.779061E+00,  3.623245E-03,  8.9062E-01
70900, -4.693975E-01, -1.512942E-01,  8.1250E-01
71000, -1.902560E+00, -1.259991E-01,  8.4375E-01
71100, -7.654059E-01, -1.042022E-01,  7.8125E-01
71200, -1.862310E+00, -1.639207E-01,  8.4375E-01
71300, -6.084724E-01, -9.529047E-02,  8.4375E-01
71400, -3.385201E+00, -7.908396E-02,  8.4375E-01
71500, -6.041130E-01, -1.597548E-01,  7.8125E-01
71600, -3.254004E+00, -1.158323E-01,  8.4375E-01
71700, -2.272879E+00, -7.303274E-02,  9.0625E-01
71800, -2.303435E+00, -1.367194E-01,  8.1250E-01
71900, -2.001479E+00, -1.302134E-01,  8.2812E-01
72000, -6.049396E-01, -1.794846E-01,  8.2812E-01
72100, -1.369440E+00, -8.666170E-02,  8.5938E-01
72200, -1.733694E+00, -1.056736E-01,  8.5938E-01
72300, -1.283540E+00, -1.167843E-01,  8.5938E-01
72400, -1.698734E+00, -1.251867E-01,  8.7500E-01
72500, -1.627420E+00, -9.939834E-02,  8.7500E-01
72600, -1.544305E+00, -1.255465E-01,  8.1250E-01
72700, -3.225003E+00, -5.991821E-02,  9.3750E-01
72800,  1.835423E+00, -6.902842E-02,  9.0625E-01
72900, -1.699527E+00, -1.313395E-01,  8.4375E-01
73000, -2.536351E+00, -1.485197E-01,  8.4375E-01
73100, -2.196609E+00, -7.852031E-02,  8.5938E-01
73200,  1.785672E-02, -1.146035E-01,  8.5938E-01
73300, -9.261532E-01, -3.862324E-02,  9.5312E-01
73400, -4.102478E+00, -8.455199E-02,  9.2188E-01
73500, -6.903922E-01, -1.061417E-01,  8.5938E-01
73600, -2.856792E-01, -1.055846E-01,  8.1250E-01
73700, -8.359182E-01, -1.063540E-01,  9.0625E-01
73800, -1.819250E+00, -1.109825E-01,  8.2812E-01
73900, -1.775987E+00, -9.394395E-02,  9.0625E-01
74000, -2.256028E+00, -1.484162E-01,  8.5938E-01
74100, -3.451790E+00, -1.207811E-01,  8.4375E-01
74200, -3.598276E+00, -5.810912E-02,  9.2188E-01
74300, -6.928990E-01, -1.167691E-01,  8.2812E-01
74400, -2.662149E+00, -1.552262E-01,  7.6562E-01
74500, -2.309604E+00, -1.025891E-01,  8.2812E-01
74600, -1.996072E+00, -1.153620E-01,  8.2812E-01
74700, -1.811022E+00, -1.337191E-01,  8.1250E-01
74800, -2.079850E+00, -1.009891E-01,  8.7500E-01
74900, -2.859179E+00, -1.069387E-01,  8.5938E-01
75000, -1.325251E+00, -9.182759E-02,  9.0625E-01
75100, -2.966395E+00, -1.206806E-01,  8.4375E-01
75200, -3.209833E+00, -1.511580E-01,  8.4375E-01
75300, -1.940228E+00, -1.718244E-01,  8.7500E-01
75400, -2.483253E+00, -1.144632E-01,  8.5938E-01
75500, -2.103095E+00, -1.243029E-01,  8.1250E-01
75600, -3.800745E-01, -1.225439E-01,  8.4375E-01
75700,  5.872073E-01, -1.098438E-01,  8.4375E-01
75800, -1.775642E+00, -6.335279E-02,  9.0625E-01
75900, -2.873345E+00, -1.100227E-01,  8.4375E-01
76000, -3.307374E-01, -1.061125E-01,  8.5938E-01
76100, -1.604330E+00, -6.425806E-02,  8.5938E-01
76200, -1.111105E+00, -1.158702E-01,  8.5938E-01
76300, -1.895976E+00, -1.259112E-01,  8.2812E-01
76400, -2.694762E+00, -2.000840E-01,  7.1875E-01
76500, -1.874375E+00, -1.300435E-01,  8.7500E-01
76600, -1.952769E+00, -1.641186E-01,  7.5000E-01
76700, -2.384235E+00, -9.970783E-02,  8.5938E-01
76800, -1.918819E+00, -1.193932E-01,  8.7500E-01
76900, -2.498261E+00, -9.585679E-02,  9.0625E-01
77000,  4.985392E-01, -1.224040E-01,  8.5938E-01
77100, -2.330632E+00, -1.376226E-01,  7.8125E-01
77200, -3.231611E+00, -1.580502E-01,  8.2812E-01
77300, -2.510591E+00, -9.704703E-02,  8.2812E-01
77400, -3.480672E+00, -1.417672E-01,  8.2812E-01
77500, -6.945993E-01, -1.230751E-01,  8.2812E-01
77600, -1.839586E+00, -8.344924E-02,  9.0625E-01
77700, -2.888654E+00, -1.370059E-01,  8.4375E-01
77800, -2.042139E+00, -1.043171E-01,  8.7500E-01
77900, -2.092068E+00, -1.161362E-01,  8.2812E-01
78000, -1.128963E+00, -1.427074E-01,  8.2812E-01
78100, -1.784031E+00, -6.983293E-02,  8.7500E-01
78200, -1.401185E+00, -1.113386E-01,  8.2812E-01
78300, -7.460380E-01, -9.718069E-02,  8.2812E-01
78400, -7.792920E-02, -7.932197E-02,  9.2188E-01
78500, -1.792507E+00, -1.170103E-01,  8.4375E-01
78600, -1.010482E+00, -7.114566E-02,  9.2188E-01
78700, -1.227577E+00, -1.094883E-01,  8.2812E-01
78800, -2.214490E+00, -1.041517E-01,  8.9062E-01
78900, -1.674619E+00, -1.215922E-01,  8.5938E-01
79000, -2.453088E+00, -9.885469E-02,  8.5938E-01
79100, -3.886716E+00, -1.263243E-01,  8.4375E-01
79200, -2.303491E+00, -5.550839E-02,  9.5312E-01
79300,  4.316499E-01, -1.303408E-01,  8.5938E-01
79400, -2.029006E+00, -1.907798E-01,  7.6562E-01
79500, -4.289951E-01, -8.909744E-02,  8.5938E-01
79600, -3.729038E+00, -7.066617E-02,  8.9062E-01
79700, -1.943501E+00, -8.437953E-02,  8.9062E-01
79800, -2.324264E+00, -8.530474E-02,  8.9062E-01
79900, -2.111818E+00, -8.436874E-02,  8.4375E-01
80000, -9.910297E-01, -1.445411E-01,  8.2812E-01
80100, -1.147240E+00, -6.202868E-02,  9.0625E-01
80200, -2.256944E+00, -1.570543E-01,  8.2812E-01
80300, -1.035801E+00, -9.032732E-02,  8.9062E-01
80400, -3.361271E+00, -1.506949E-01,  8.1250E-01
80500, -3.142692E+00, -1.209419E-01,  8.2812E-01
80600, -2.734784E+00, -1.068950E-01,  8.4375E-01
80700, -4.333638E+00, -7.994615E-02,  8.9062E-01
80800, -1.599822E+00, -1.623013E-01,  8.1250E-01
80900, -1.686050E+00, -1.541506E-01,  8.2812E-01
81000, -1.560488E+00, -9.647229E-02,  8.4375E-01
81100, -2.941661E-01, -9.838135E-02,  8.5938E-01
81200, -1.611484E+00, -9.154813E-02,  8.9062E-01
81300, -3.137835E+00, -6.698680E-02,  9.3750E-01
81400, -2.718630E+00, -1.408856E-01,  8.4375E-01
81500, -2.697724E+00, -1.551393E-01,  8.9062E-01
81600, -2.301051E+00, -1.197759E-01,  8.5938E-01
81700, -1.801960E+00, -1.101884E-01,  8.4375E-01
81800, -5.204992E-01, -1.054290E-01,  8.4375E-01
81900, -2.067808E+00, -1.435171E-01,  8.2812E-01
82000, -2.046419E+00, -1.210098E-01,  8.1250E-01
82100, -7.381074E-01, -2.010144E-01,  7.9688E-01
82200, -2.230497E-01, -1.329141E-01,  8.4375E-01
82300, -1.376465E+00, -1.431723E-01,  8.4375E-01
82400, -3.991005E+00, -1.056010E-01,  8.9062E-01
82500, -4.356766E+00, -1.701626E-01,  8.1250E-01
82600, -2.889558E+00, -8.742820E-02,  8.5938E-01
82700, -2.692977E+00, -1.350373E-01,  8.7500E-01
82800, -3.431754E+00, -1.717597E-01,  7.9688E-01
82900, -2.033198E+00, -1.772420E-01,  7.8125E-01
83000, -2.948343E+00, -1.091071E-01,  8.2812E-01
83100, -3.138018E+00, -8.065470E-02,  8.9062E-01
83200, -3.451231E+00, -7.104559E-02,  8.7500E-01
83300, -2.321094E+00, -1.498862E-01,  8.5938E-01
83400, -1.244744E+00, -1.400831E-01,  7.8125E-01
83500, -5.022596E+00, -1.093532E-01,  8.1250E-01
83600, -9.322701E-01, -1.552486E-01,  8.2812E-01
83700, -1.304885E+00, -2.472060E-02,  9.2188E-01
83800, -2.389678E+00, -7.701908E-02,  9.0625E-01
83900, -2.830326E+00, -1.540193E-01,  7.9688E-01
84000, -3.760830E+00, -9.229191E-02,  8.5938E-01
84100, -3.060482E+00, -1.280899E-01,  8.2812E-01
84200, -1.166214E+00, -1.668170E-01,  7.6562E-01
84300, -2.819989E+00, -1.116873E-01,  8.5938E-01
84400, -1.845520E+00, -1.058918E-01,  8.4375E-01
84500, -3.841809E+00, -1.027495E-01,  8.2812E-01
84600, -1.402430E+00, -1.016601E-01,  8.2812E-01
84700, -2.348749E+00, -9.536965E-02,  8.5938E-01
84800, -1.398882E+00, -1.136424E-01,  8.7500E-01
84900, -3.943636E+00, -1.120714E-01,  8.1250E-01
85000, -1.050695E+00, -1.604713E-01,  8.1250E-01
85100, -2.889451E+00, -1.132876E-01,  8.9062E-01
85200, -1.237813E+00, -1.633020E-01,  8.4375E-01
85300, -3.617063E+00, -8.228944E-02,  8.5938E-01
85400, -3.353208E+00, -8.064686E-02,  9.0625E-01
85500, -2.569517E+00, -1.307667E-01,  8.1250E-01
85600, -1.963622E+00, -1.779971E-01,  8.1250E-01
85700, -2.634448E+00, -9.353656E-02,  9.0625E-01
85800, -4.614888E+00, -9.204209E-02,  8.5938E-01
85900, -2.594494E+00, -3.995420E-02,  9.5312E-01
86000, -3.012301E+00, -1.097724E-01,  8.4375E-01
86100, -1.286768E+00, -3.476153E-02,  9.0625E-01
86200,  1.243818E+00, -1.063641E-01,  8.5938E-01
86300, -1.614387E+00, -1.242593E-01,  8.4375E-01
86400, -6.553279E-01, -9.689298E-02,  8.9062E-01
86500, -1.736987E+00, -1.120497E-01,  8.5938E-01
86600, -2.363826E+00, -1.236171E-01,  8.5938E-01
86700, -3.527108E+00, -1.119461E-01,  8.5938E-01
86800, -2.700150E+00, -6.634989E-02,  8.7500E-01
86900, -2.828068E+00, -1.507080E-01,  7.9688E-01
87000, -2.230676E-01, -1.500297E-01,  8.1250E-01
87100, -2.469163E+00, -7.446512E-02,  8.7500E-01
87200, -1.919170E+00, -1.709064E-01,  7.8125E-01
87300, -3.822531E+00, -1.227118E-01,  8.5938E-01
87400, -4.955273E+00, -1.130163E-01,  9.0625E-01
87500, -2.121992E+00, -1.145819E-01,  8.9062E-01
87600, -2.053616E+00, -1.103540E-01,  8.5938E-01
87700, -4.470561E+00, -1.611311E-01,  8.2812E-01
87800, -1.664018E+00, -9.765451E-02,  8.4375E-01
87900, -2.988432E+00, -1.751592E-01,  7.8125E-01
88000, -2.661667E+00, -1.160420E-01,  8.5938E-01
88100, -2.446319E+00, -1.353937E-01,  8.4375E-01
88200, -2.837759E+00, -1.397792E-01,  8.2812E-01
88300, -9.243118E-01, -2.327542E-01,  7.6562E-01
88400, -2.715456E+00, -8.481580E-02,  8.9062E-01
88500, -2.637681E+00, -8.647259E-02,  9.3750E-01
88600, -2.872545E+00, -6.860183E-02,  8.2812E-01
88700, -1.580091E+00, -7.850286E-02,  9.0625E-01
88800, -4.858783E+00, -1.066545E-01,  9.0625E-01
88900, -8.332806E-01, -9.676620E-02,  8.5938E-01
89000, -3.091271E+00, -7.329028E-02,  8.7500E-01
89100, -2.917168E+00, -1.297533E-01,  8.5938E-01
89200, -2.367421E+00, -1.133267E-01,  8.9062E-01
89300, -1.170517E+00, -1.656396E-01,  8.4375E-01
89400, -2.964297E+00, -1.923518E-01,  7.3438E-01
89500, -2.189957E+00, -7.857034E-02,  8.7500E-01
89600, -1.104400E+00, -1.026329E-01,  8.1250E-01
89700, -2.391413E+00, -1.549048E-01,  8.4375E-01
89800, -1.937536E+00, -2.028423E-01,  7.9688E-01
89900, -1.414799E+00, -1.663987E-01,  8.2812E-01
90000, -1.977636E+00, -8.995461E-02,  9.0625E-01
90100, -2.348624E+00, -1.990344E-01,  7.5000E-01
90200, -3.049407E+00, -1.148029E-01,  8.5938E-01
90300, -2.102833E+00, -7.753731E-02,  9.0625E-01
90400, -2.467176E+00, -1.322048E-01,  8.7500E-01
90500, -2.424975E+00, -1.202525E-01,  7.9688E-01
90600, -3.504563E+00, -1.167325E-01,  8.7500E-01
90700, -3.235868E+00, -6.286453E-02,  9.0625E-01
90800, -4.375537E+00, -8.587226E-02,  8.4375E-01
90900, -2.159492E+00, -1.069068E-01,  8.5938E-01
91000, -3.724478E+00, -9.526798E-02,  8.5938E-01
91100, -3.524823E+00, -8.186035E-02,  8.9062E-01
91200, -1.708394E-01, -2.185245E-01,  7.8125E-01
91300, -2.802009E+00, -1.234330E-01,  8.4375E-01
91400, -4.438705E+00, -8.028639E-02,  8.2812E-01
91500, -2.779150E+00, -1.156216E-01,  8.4375E-01
91600, -4.371881E+00, -5.854847E-02,  9.2188E-01
91700, -3.106407E+00, -9.589642E-02,  9.2188E-01
91800, -3.958831E+00, -8.602051E-02,  9.2188E-01
91900, -2.447280E+00, -1.113572E-01,  8.4375E-01
92000, -4.589142E+00, -7.646288E-02,  8.4375E-01
92100, -2.045333E+00, -9.149136E-02,  8.5938E-01
92200, -8.098140E-01, -4.918729E-02,  8.2812E-01
92300, -1.129488E+00, -3.996972E-02,  8.9062E-01
92400, -3.153778E+00, -6.962347E-02,  9.2188E-01
92500, -2.567115E+00, -1.111559E-01,  8.4375E-01
92600, -9.752779E-01, -1.264562E-01,  7.8125E-01
92700, -5.193394E+00, -7.270114E-02,  9.0625E-01
92800, -1.016847E+00, -2.059995E-01,  7.9688E-01
92900, -2.726097E+00, -1.201740E-01,  8.1250E-01
93000, -3.796512E+00, -1.008291E-01,  8.4375E-01
93100, -2.628466E+00, -1.273347E-01,  8.1250E-01
93200, -1.039597E+00, -1.123142E-01,  7.9688E-01
93300, -4.214628E+00, -9.262657E-02,  8.7500E-01
93400, -3.762751E+00, -6.870122E-02,  8.7500E-01
93500,  1.602991E-01, -1.100888E-01,  8.5938E-01
93600, -2.371786E+00, -8.357676E-02,  8.5938E-01
93700, -1.492504E+00, -1.080350E-01,  8.7500E-01
93800, -2.761311E+00, -9.686515E-02,  8.9062E-01
93900, -1.578562E+00, -1.105189E-01,  8.7500E-01
94000, -2.189929E+00, -6.807975E-02,  9.2188E-01
94100, -1.974544E+00, -7.675371E-02,  8.5938E-01
94200, -2.537955E+00, -5.182971E-02,  9.3750E-01
94300, -2.982489E+00, -6.484049E-02,  8.7500E-01
94400, -1.283414E+00, -9.328042E-02,  8.1250E-01
94500, -4.215599E+00, -1.274747E-01,  8.2812E-01
94600, -4.159173E-01, -1.149047E-01,  8.2812E-01
94700, -3.123220E+00, -6.206820E-02,  8.7500E-01
94800, -2.484776E+00, -9.428184E-02,  8.9062E-01
94900, -2.460000E+00, -1.718033E-01,  8.1250E-01
95000, -3.115666E+00, -1.022281E-01,  9.2188E-01
95100, -2.684767E+00, -1.064623E-01,  8.5938E-01
95200, -2.349054E+00, -1.230481E-01,  8.4375E-01
95300, -2.869146E+00, -1.125890E-01,  8.5938E-01
95400, -1.253836E+00, -1.330370E-01,  7.9688E-01
95500, -3.719943E+00, -1.287620E-01,  8.5938E-01
95600,  4.687674E-01, -1.496299E-01,  8.2812E-01
95700, -2.547092E+00, -1.148138E-01,  8.2812E-01
95800, -1.601225E+00, -9.637514E-02,  8.7500E-01
95900, -3.679886E+00, -1.335090E-01,  8.9062E-01
96000, -1.522436E+00, -1.000257E-01,  9.0625E-01
96100, -1.849926E+00, -1.302881E-01,  8.5938E-01
96200, -3.082414E+00, -1.043676E-01,  8.5938E-01
96300, -2.207488E+00, -1.232772E-01,  7.8125E-01
96400, -5.677419E+00, -1.144643E-01,  8.9062E-01
96500, -2.101057E+00, -1.193153E-01,  8.7500E-01
96600, -3.022197E+00, -1.731247E-01,  8.1250E-01
96700, -4.685400E+00, -2.117639E-01,  7.8125E-01
96800, -2.673838E+00, -5.214343E-02,  9.3750E-01
96900, -3.594316E+00, -1.270598E-01,  7.9688E-01
97000, -2.179311E+00, -1.550965E-01,  8.4375E-01
97100, -7.766885E-01, -4.623140E-02,  9.2188E-01
97200, -3.273262E+00, -1.201142E-01,  8.1250E-01
97300, -2.827513E+00, -1.254720E-01,  8.2812E-01
97400, -1.119242E+00, -2.023143E-01,  7.3438E-01
97500, -2.596808E+00, -7.767505E-02,  9.0625E-01
97600, -3.277513E+00, -1.281426E-01,  8.9062E-01
97700,  1.841989E+00, -1.467641E-01,  7.9688E-01
97800, -1.609903E+00, -1.081514E-01,  8.5938E-01
97900, -1.703324E+00, -1.170242E-01,  8.5938E-01
98000, -1.800288E+00, -1.614145E-01,  8.1250E-01
98100, -1.067147E+00, -1.466068E-01,  8.1250E-01
98200, -1.000857E+00, -1.734544E-01,  8.1250E-01
98300, -2.131376E+00, -1.559416E-01,  7.8125E-01
98400, -2.731107E+00, -8.280920E-02,  8.5938E-01
98500, -3.767432E+00, -3.961930E-02,  9.3750E-01
98600, -3.145288E+00, -1.099238E-01,  7.9688E-01
98700, -2.105817E+00, -1.265659E-01,  8.2812E-01
98800, -2.547353E+00, -7.077411E-02,  9.2188E-01
98900, -1.601143E+00, -1.254192E-01,  8.9062E-01
99000, -2.359964E+00, -1.089393E-01,  7.9688E-01
99100, -1.872450E+00, -5.073338E-02,  9.3750E-01
99200, -2.616046E+00, -1.637814E-01,  8.2812E-01
99300, -1.498784E+00, -1.104012E-01,  8.7500E-01
99400, -2.111593E+00, -1.297683E-01,  8.2812E-01
99500, -2.993001E+00, -1.469246E-01,  7.9688E-01
99600,  1.274091E+00, -1.425682E-01,  8.2812E-01
99700, -9.556522E-01, -1.953902E-01,  7.9688E-01
99800, -2.060685E-01, -1.637228E-01,  7.8125E-01
99900, -2.546649E+00, -8.691324E-02,  9.0625E-01
100000, -3.006241E+00, -9.365500E-02,  8.7500E-01
