# step, gen_loss, dis_loss, train_acc
100,  3.782991E-01, -1.669249E-01,  7.1875E-01
200,  3.247947E-01, -7.100636E-02,  8.4375E-01
300,  5.081370E-01, -1.029522E-01,  8.1250E-01
400,  4.056949E-01, -5.802216E-02,  8.4375E-01
500,  5.549617E-01, -7.107377E-02,  8.5938E-01
600,  6.017913E-01, -6.650481E-02,  9.0625E-01
700,  6.693037E-01, -6.251740E-02,  8.1250E-01
800,  6.316016E-01, -5.022344E-02,  8.9062E-01
900,  6.331880E-01, -2.795503E-02,  9.0625E-01
1000,  8.625799E-01, -2.054739E-02,  9.0625E-01
1100,  8.000852E-01, -8.561642E-02,  8.5938E-01
1200,  8.547723E-01, -1.716982E-02,  8.9062E-01
1300,  9.498700E-01, -4.161244E-02,  8.7500E-01
1400,  7.757362E-01, -4.218340E-02,  9.2188E-01
1500,  9.215096E-01, -4.701918E-02,  8.1250E-01
1600,  8.668259E-01, -5.357941E-02,  9.0625E-01
1700,  9.237841E-01, -8.657131E-03,  9.2188E-01
1800,  8.723401E-01, -2.892433E-02,  9.2188E-01
1900,  9.926878E-01, -5.534958E-02,  8.7500E-01
2000,  9.511083E-01, -2.530273E-02,  8.9062E-01
2100,  9.291007E-01, -2.330033E-02,  9.2188E-01
2200,  1.045759E+00, -8.118758E-02,  8.2812E-01
2300,  1.023968E+00, -5.727606E-02,  9.2188E-01
2400,  1.140932E+00, -2.223800E-02,  9.3750E-01
2500,  8.587840E-01, -1.726134E-02,  9.3750E-01
2600,  1.041929E+00, -2.384879E-02,  9.5312E-01
2700,  1.062007E+00, -5.813868E-02,  8.5938E-01
2800,  1.020930E+00, -2.807074E-02,  9.0625E-01
2900,  1.096639E+00, -3.476083E-02,  9.3750E-01
3000,  8.924083E-01, -4.672617E-02,  8.7500E-01
3100,  1.070524E+00, -5.563986E-02,  8.7500E-01
3200,  1.142341E+00, -3.645078E-02,  8.7500E-01
3300,  1.200251E+00, -2.978976E-02,  8.9062E-01
3400,  1.170292E+00, -5.350243E-02,  7.9688E-01
3500,  9.020959E-01, -4.476168E-02,  8.9062E-01
3600,  1.041420E+00, -7.410279E-03,  9.5312E-01
3700,  1.044445E+00, -5.850416E-02,  8.2812E-01
3800,  7.078794E-01, -1.213230E-02,  9.2188E-01
3900,  9.108193E-01, -1.153923E-02,  9.0625E-01
4000,  1.129016E+00, -4.497623E-02,  9.0625E-01
4100,  9.405528E-01, -1.368187E-02,  8.2812E-01
4200,  9.977669E-01, -2.002983E-02,  9.5312E-01
4300,  1.056936E+00,  4.699395E-03,  9.3750E-01
4400,  1.151087E+00, -3.862079E-02,  9.2188E-01
4500,  9.405734E-01, -2.682349E-02,  9.0625E-01
4600,  8.367550E-01, -1.668895E-02,  8.9062E-01
4700,  9.819543E-01, -9.339307E-03,  9.5312E-01
4800,  7.139875E-01,  1.641387E-02,  9.2188E-01
4900,  9.093680E-01,  1.512010E-02,  8.9062E-01
5000,  6.109370E-01, -2.108195E-02,  8.4375E-01
5100,  1.895930E-01, -2.069065E-02,  8.9062E-01
5200,  5.696474E-02, -1.703261E-02,  8.9062E-01
5300,  5.980697E-02, -4.438876E-02,  8.5938E-01
5400,  2.279068E-01, -2.666189E-02,  9.2188E-01
5500,  4.555180E-01, -2.366422E-02,  9.3750E-01
5600,  3.637806E-01, -2.041549E-02,  9.3750E-01
5700,  2.681940E-01, -1.796709E-02,  9.3750E-01
5800,  6.894985E-01, -2.400380E-02,  9.0625E-01
5900,  4.860108E-01, -2.643706E-02,  9.5312E-01
6000,  3.753118E-01, -1.419200E-02,  9.2188E-01
6100,  4.946258E-01, -3.101132E-02,  8.7500E-01
6200,  6.786675E-02, -2.232413E-02,  8.5938E-01
6300,  3.506956E-01, -1.421432E-02,  9.6875E-01
6400,  3.309450E-01, -2.400689E-02,  8.9062E-01
6500,  2.042474E-01,  9.155553E-05,  9.0625E-01
6600, -1.314556E-01, -8.231795E-03,  9.0625E-01
6700, -1.460823E-02, -3.706237E-02,  9.2188E-01
6800, -6.893380E-02, -2.420079E-02,  9.2188E-01
6900,  1.736785E-01, -3.705044E-02,  9.0625E-01
7000, -5.490980E-02, -1.689906E-02,  9.0625E-01
7100,  2.173225E-01, -3.769280E-02,  8.7500E-01
7200,  1.667751E-01, -1.129732E-02,  8.5938E-01
7300,  4.084818E-01, -1.665084E-04,  8.9062E-01
7400,  2.283612E-01, -1.224313E-02,  9.6875E-01
7500,  8.137815E-01, -4.312227E-03,  9.0625E-01
7600,  2.442681E-01, -1.310452E-02,  9.3750E-01
7700,  6.744196E-02, -2.303161E-02,  8.7500E-01
7800, -3.979148E-01, -8.538589E-04,  8.9062E-01
7900, -8.007838E-01,  1.514236E-02,  9.5312E-01
8000, -4.510275E-01, -1.186925E-02,  8.9062E-01
8100, -2.340449E-01, -1.755694E-02,  8.7500E-01
8200, -4.510312E-01,  5.027729E-03,  9.0625E-01
8300, -1.051425E-01,  2.977865E-02,  8.9062E-01
8400,  5.118605E-02, -2.245064E-02,  9.0625E-01
8500, -4.297644E-01, -2.147493E-02,  9.3750E-01
8600, -5.227106E-01,  7.921776E-03,  8.7500E-01
8700,  5.997307E-01,  2.154209E-02,  8.7500E-01
8800,  3.473022E-01, -3.453344E-02,  7.0312E-01
8900,  4.837409E-02, -1.212396E-03,  8.2812E-01
9000, -9.249106E-01,  1.630181E-02,  8.7500E-01
9100, -3.228866E-03, -2.058501E-03,  9.2188E-01
9200, -4.225484E-01, -2.905335E-02,  8.7500E-01
9300, -6.250908E-01,  5.634861E-03,  9.2188E-01
9400, -1.049069E+00,  2.383308E-02,  8.9062E-01
9500,  5.567723E-01,  3.825259E-03,  8.9062E-01
9600, -6.001185E-02, -2.239130E-03,  8.2812E-01
9700,  1.337527E+00,  6.419247E-03,  7.8125E-01
9800, -1.205563E+00,  2.923835E-02,  7.9688E-01
9900, -2.306522E+00,  2.027486E-02,  8.1250E-01
10000, -8.588634E-02,  6.644059E-02,  8.1250E-01
10100, -4.550462E-01,  4.251614E-02,  8.2812E-01
10200,  6.891881E-01,  1.704275E-02,  8.4375E-01
10300,  6.492465E-01,  4.560674E-03,  8.2812E-01
10400, -2.524736E-01,  7.803746E-03,  9.0625E-01
10500, -7.779747E-01, -8.150888E-03,  8.5938E-01
10600, -1.133115E-01,  3.660405E-02,  8.2812E-01
10700, -5.612764E-01,  1.891782E-02,  9.6875E-01
10800, -1.348384E+00,  2.178146E-02,  8.4375E-01
10900, -1.022338E+00,  4.627675E-02,  8.9062E-01
11000, -6.757517E-01,  2.913887E-02,  8.7500E-01
11100, -1.098762E+00,  4.030025E-02,  8.1250E-01
11200, -6.495908E-01,  5.353171E-02,  8.4375E-01
11300, -6.017009E-01,  6.288908E-02,  8.7500E-01
11400, -9.592521E-01,  4.571149E-02,  7.9688E-01
11500, -1.177514E-01,  3.220698E-02,  7.5000E-01
11600, -5.858948E-01,  2.215069E-02,  8.9062E-01
11700, -8.995579E-01,  4.267744E-02,  8.2812E-01
11800, -1.961004E-01, -3.278110E-03,  6.0938E-01
11900, -4.789549E-01,  1.329816E-03,  7.9688E-01
12000, -3.345013E-01,  1.157170E-03,  6.8750E-01
12100, -2.960768E-04, -9.278486E-03,  8.2812E-01
12200,  4.286141E-01,  8.707089E-03,  8.7500E-01
12300,  1.825994E+00,  1.301950E-02,  8.2812E-01
12400,  1.914876E+00,  4.283698E-03,  7.9688E-01
12500,  2.672765E+00, -2.237519E-03,  7.3438E-01
12600,  2.372084E+00,  1.635848E-03,  8.4375E-01
12700,  2.571883E+00, -3.219876E-03,  8.7500E-01
12800,  2.626324E+00,  6.952023E-03,  9.2188E-01
12900,  3.224570E+00, -9.933930E-03,  7.9688E-01
13000,  3.606888E+00, -1.989733E-03,  8.4375E-01
13100,  4.616119E+00,  7.871435E-04,  8.4375E-01
13200,  4.493151E+00,  1.963181E-02,  7.8125E-01
13300,  3.300858E+00, -4.262459E-03,  8.9062E-01
13400,  3.206467E+00,  5.746837E-03,  7.9688E-01
13500,  2.319081E+00,  8.102600E-02,  8.7500E-01
13600, -7.351550E-01,  3.711699E-03,  7.9688E-01
13700, -2.289349E-01, -1.591754E-03,  8.9062E-01
13800, -1.069107E+00, -2.262484E-03,  7.6562E-01
13900, -3.192740E+00,  1.439284E-02,  8.2812E-01
14000, -2.649382E+00, -4.637484E-03,  8.5938E-01
14100, -2.687189E+00,  1.932195E-02,  8.1250E-01
14200, -3.591444E+00, -1.571851E-02,  8.1250E-01
14300, -3.699637E+00,  2.216073E-02,  8.2812E-01
14400, -2.855924E+00,  3.555126E-03,  7.5000E-01
14500, -3.444137E+00,  1.759651E-02,  7.8125E-01
14600, -2.674333E+00,  2.625043E-03,  8.9062E-01
14700, -3.207141E+00,  9.437209E-03,  9.0625E-01
14800, -3.006978E+00, -3.807991E-03,  9.2188E-01
14900, -2.587865E+00, -1.224720E-03,  8.5938E-01
15000, -3.069117E+00,  1.347977E-02,  8.7500E-01
15100, -3.977498E+00,  1.260813E-02,  8.9062E-01
15200, -3.749774E+00,  1.577751E-02,  7.3438E-01
15300, -3.518729E+00,  1.120962E-02,  8.7500E-01
15400, -4.011641E+00,  9.767178E-03,  8.1250E-01
15500, -4.245891E+00,  5.660802E-03,  7.9688E-01
15600, -3.839401E+00, -2.592244E-03,  7.8125E-01
15700, -3.805075E+00,  8.383794E-02,  8.2812E-01
15800, -3.359123E+00,  1.284776E-02,  8.2812E-01
15900, -2.645186E+00,  6.842109E-02,  7.5000E-01
16000, -1.174587E+00,  8.803150E-02,  7.8125E-01
16100, -9.237598E-01,  5.273898E-02,  8.7500E-01
16200, -1.503125E-01,  1.400517E-02,  7.9688E-01
16300, -3.871623E-01,  3.441326E-02,  7.6562E-01
16400,  4.081285E-02,  1.142241E-02,  7.8125E-01
16500, -3.187759E-01,  1.541584E-02,  8.4375E-01
16600, -2.772354E-01,  7.441714E-03,  8.4375E-01
16700, -7.091761E-01,  5.722766E-02,  7.5000E-01
16800, -3.444514E-01,  2.960243E-02,  8.1250E-01
16900, -1.093690E+00,  3.246089E-02,  8.5938E-01
17000, -1.550711E+00,  1.258410E-02,  8.9062E-01
17100, -1.195383E+00,  4.164718E-02,  7.3438E-01
17200, -2.538846E+00,  3.694743E-02,  8.1250E-01
17300, -1.546478E+00,  2.951018E-02,  8.4375E-01
17400, -1.123095E+00,  6.628894E-02,  8.7500E-01
17500, -2.917686E-01,  7.587526E-02,  7.6562E-01
17600, -3.031620E-01,  9.952427E-02,  8.4375E-01
17700, -1.061378E-01,  7.033399E-02,  7.8125E-01
17800,  2.318305E-01,  6.791980E-02,  7.9688E-01
17900,  6.647989E-02,  5.716541E-02,  7.3438E-01
18000,  1.953169E-01,  4.438883E-02,  7.0312E-01
18100,  2.702608E-01,  1.157666E-01,  7.6562E-01
18200,  8.695676E-01,  2.159422E-02,  7.6562E-01
18300,  6.365094E-01,  3.220037E-02,  7.8125E-01
18400,  6.696470E-01,  2.504591E-02,  8.1250E-01
18500,  1.098766E+00,  3.224035E-02,  7.5000E-01
18600,  1.290757E-01,  1.385132E-02,  6.5625E-01
18700,  5.278615E-01,  4.088182E-02,  7.0312E-01
18800,  2.340036E-01,  2.595026E-02,  8.2812E-01
18900,  4.457218E-01,  2.533297E-02,  7.8125E-01
19000,  8.682178E-01,  4.073267E-02,  8.1250E-01
19100,  5.944349E-01,  1.773202E-02,  8.2812E-01
19200,  3.823490E-01,  5.432766E-03,  8.7500E-01
19300,  1.085903E+00,  1.295224E-02,  9.3750E-01
19400,  9.463500E-01,  1.477613E-02,  9.0625E-01
19500,  9.562874E-01,  3.332272E-04,  8.1250E-01
19600,  6.655434E-01,  2.958536E-02,  8.7500E-01
19700,  1.693167E-01,  1.588618E-02,  7.9688E-01
19800, -1.604007E-01,  1.721163E-02,  8.9062E-01
19900, -7.254381E-01,  1.554999E-02,  7.1875E-01
20000, -4.478981E-01,  2.103958E-02,  8.7500E-01
20100, -7.463676E-01,  4.916318E-02,  8.5938E-01
20200, -1.178292E+00,  6.886570E-02,  8.2812E-01
20300, -1.138767E+00,  6.029075E-02,  7.8125E-01
20400, -1.114223E+00,  5.983806E-02,  8.7500E-01
20500, -6.087561E-01,  2.081855E-02,  8.2812E-01
20600, -1.454268E+00,  1.910535E-02,  8.7500E-01
20700, -5.566238E-01,  2.206033E-02,  8.5938E-01
20800, -4.828491E-01,  2.205830E-02,  7.9688E-01
20900,  8.660772E-02,  8.254020E-03,  7.1875E-01
21000,  6.324700E-01, -5.853549E-04,  7.9688E-01
21100,  1.433816E+00,  1.309219E-02,  7.8125E-01
21200,  1.083733E+00,  1.745924E-02,  8.5938E-01
21300,  4.855692E-01,  1.436807E-02,  8.1250E-01
21400,  5.022190E-03,  2.460731E-02,  8.4375E-01
21500,  4.279048E-01,  1.554300E-02,  8.5938E-01
21600,  6.309375E-01,  3.266282E-02,  7.9688E-01
21700,  6.598713E-01,  3.391810E-02,  7.9688E-01
21800,  4.406071E-01,  5.563381E-02,  7.5000E-01
21900,  2.264935E-01,  1.043365E-01,  7.5000E-01
22000,  1.992714E-01,  1.013099E-01,  7.3438E-01
22100,  1.285017E-01,  5.637459E-02,  7.5000E-01
22200,  1.248239E-01,  9.329720E-02,  7.0312E-01
22300, -9.230319E-02,  4.416401E-02,  7.0312E-01
22400,  1.592749E-01,  2.150445E-02,  7.9688E-01
22500,  5.211161E-01,  1.746580E-02,  7.6562E-01
22600, -2.449485E-02,  5.010183E-02,  6.7188E-01
22700, -3.591426E-01,  1.855853E-02,  8.5938E-01
22800, -8.525432E-01,  7.316665E-02,  7.6562E-01
22900, -3.637306E-02,  3.563895E-02,  7.6562E-01
23000,  4.374931E-01,  3.186565E-02,  7.6562E-01
23100, -5.652480E-01,  3.157661E-02,  8.4375E-01
23200, -1.853458E-01,  1.833700E-02,  7.8125E-01
23300,  9.416938E-02,  5.372212E-02,  7.6562E-01
23400,  1.528752E+00,  8.007161E-03,  8.1250E-01
23500, -6.117014E-01,  4.703382E-02,  8.4375E-01
23600,  5.441544E-01,  1.758191E-02,  8.4375E-01
23700,  6.028073E-02,  5.123396E-02,  7.9688E-01
23800,  6.105920E-02,  6.035363E-02,  8.1250E-01
23900,  1.212858E+00,  1.460546E-02,  8.5938E-01
24000,  2.069604E+00,  2.322594E-02,  8.9062E-01
24100,  1.678810E+00,  4.519970E-02,  7.5000E-01
24200,  2.552351E+00,  9.683048E-03,  7.9688E-01
24300,  2.091815E+00,  1.026484E-02,  8.2812E-01
24400,  1.316768E+00,  1.307755E-02,  8.4375E-01
24500,  9.252446E-01,  3.160329E-02,  8.2812E-01
24600,  9.919699E-01,  7.581023E-03,  7.9688E-01
24700,  9.812478E-01,  2.588142E-02,  7.5000E-01
24800,  1.081383E+00,  1.012202E-02,  8.4375E-01
24900,  1.793057E+00,  1.411233E-02,  7.8125E-01
25000,  2.111741E+00,  5.087358E-03,  7.5000E-01
25100,  2.539455E+00,  6.967218E-03,  8.4375E-01
25200,  2.923020E+00, -5.408686E-03,  7.1875E-01
25300,  2.923141E+00, -1.819845E-03,  7.5000E-01
25400,  3.161470E+00,  3.132616E-03,  7.6562E-01
25500,  3.760151E+00,  7.813258E-03,  8.4375E-01
25600,  3.742100E+00,  7.670340E-04,  8.2812E-01
25700,  3.848970E+00, -3.451525E-03,  6.8750E-01
25800,  4.086439E+00,  1.625702E-03,  6.7188E-01
25900,  3.944519E+00, -3.416434E-03,  7.5000E-01
26000,  4.203677E+00,  3.153722E-03,  7.3438E-01
26100,  3.976777E+00,  1.553178E-04,  7.1875E-01
26200,  3.803367E+00, -3.601321E-03,  7.1875E-01
26300,  3.992535E+00,  5.813711E-03,  7.3438E-01
26400,  4.285374E+00,  3.586357E-03,  5.9375E-01
26500,  4.836581E+00,  2.654568E-03,  7.1875E-01
26600,  4.257465E+00,  3.314508E-02,  7.6562E-01
26700,  3.963493E+00, -2.986742E-03,  7.3438E-01
26800,  3.990768E+00,  9.692332E-04,  7.1875E-01
26900,  4.153718E+00,  4.688639E-03,  7.3438E-01
27000,  5.574010E+00, -1.027548E-02,  6.4062E-01
27100,  4.582115E+00,  5.124825E-03,  5.3125E-01
27200,  5.122267E+00, -1.763648E-03,  7.5000E-01
27300,  4.365617E+00,  6.584022E-04,  7.8125E-01
27400,  4.582377E+00,  3.672566E-04,  7.8125E-01
27500,  4.040900E+00,  4.165209E-03,  7.1875E-01
27600,  5.426513E+00, -6.559080E-03,  7.9688E-01
27700,  6.296448E+00, -6.123333E-03,  7.5000E-01
27800,  5.876350E+00,  6.032573E-04,  7.9688E-01
27900,  6.058775E+00, -4.087931E-03,  7.8125E-01
28000,  5.921790E+00,  4.462505E-04,  7.5000E-01
28100,  5.677503E+00,  3.378790E-03,  7.3438E-01
28200,  5.135246E+00,  3.591435E-03,  7.8125E-01
28300,  6.776181E+00, -1.011642E-03,  7.1875E-01
28400,  5.258480E+00, -1.250302E-02,  7.1875E-01
28500,  6.344370E+00,  9.710510E-03,  7.3438E-01
28600,  6.323504E+00, -2.306296E-03,  9.2188E-01
28700,  5.668172E+00, -6.146220E-03,  7.9688E-01
28800,  5.444002E+00,  1.397850E-03,  7.6562E-01
28900,  5.939410E+00,  2.791534E-03,  7.8125E-01
29000,  6.218113E+00, -3.548732E-03,  8.7500E-01
29100,  6.110611E+00, -1.019339E-02,  7.3438E-01
29200,  5.807720E+00, -1.820155E-03,  8.4375E-01
29300,  5.862656E+00, -7.025848E-03,  8.4375E-01
29400,  6.718640E+00, -8.187301E-03,  8.1250E-01
29500,  6.618031E+00, -1.210570E-02,  7.9688E-01
29600,  6.242604E+00, -5.826033E-03,  8.9062E-01
29700,  6.474134E+00,  6.789085E-03,  8.2812E-01
29800,  4.100984E+00, -1.467133E-02,  8.4375E-01
29900,  4.004239E+00,  4.072359E-03,  8.5938E-01
30000,  4.400132E+00,  3.161117E-03,  9.0625E-01
30100,  3.814289E+00, -1.958684E-02,  7.8125E-01
30200,  4.590888E+00, -9.636717E-03,  7.8125E-01
30300,  4.021101E+00, -1.260518E-02,  8.2812E-01
30400,  4.239062E+00, -4.399455E-03,  8.4375E-01
30500,  5.367465E+00, -6.370088E-04,  7.6562E-01
30600,  5.333884E+00, -3.603118E-03,  7.8125E-01
30700,  5.550644E+00, -1.899099E-02,  7.6562E-01
30800,  5.533324E+00,  2.524985E-02,  7.9688E-01
30900,  5.844569E+00, -3.943067E-02,  7.6562E-01
31000,  6.515976E+00, -6.312202E-03,  8.5938E-01
31100,  7.220329E+00, -1.135817E-02,  8.2812E-01
31200,  1.009116E+01, -1.001225E-02,  8.1250E-01
31300,  9.419861E+00, -4.309881E-03,  8.7500E-01
31400,  1.063760E+01,  6.600952E-02,  7.1875E-01
31500,  7.249559E+00,  1.794065E-01,  5.9375E-01
31600,  2.224755E+01,  9.769224E-02,  7.1875E-01
31700,  3.292640E+01, -1.373292E-02,  8.2812E-01
31800,  2.587682E+01, -1.815999E-03,  6.2500E-01
31900,  2.407428E+01,  2.911322E-02,  8.1250E-01
32000,  3.234255E+01,  2.924876E-01,  4.8438E-01
32100,  3.710184E+01,  3.244880E-01,  5.0000E-01
32200,  3.558852E+01,  1.090072E-01,  6.7188E-01
32300,  4.396857E+01,  5.397805E-02,  7.3438E-01
32400,  4.997457E+01,  2.912822E-01,  7.9688E-01
32500,  5.065223E+01,  1.803622E-01,  7.0312E-01
32600,  5.086615E+01,  3.871655E-01,  7.0312E-01
32700,  4.688358E+01,  2.322933E-01,  6.0938E-01
32800,  4.429905E+01,  1.167684E-01,  4.8438E-01
32900,  3.591740E+01,  9.858429E-02,  7.5000E-01
33000,  3.509170E+01,  8.432543E-02,  6.2500E-01
33100,  3.690841E+01,  8.553015E-02,  7.6562E-01
33200,  3.066409E+01, -1.572133E-02,  6.5625E-01
33300,  3.599908E+01,  1.394555E-01,  7.3438E-01
33400,  4.152840E+01,  4.247970E-01,  7.0312E-01
33500,  3.996437E+01,  1.403431E-01,  5.3125E-01
33600,  4.017455E+01,  5.702315E-02,  4.8438E-01
33700,  4.199915E+01,  2.000620E-01,  6.5625E-01
33800,  4.360139E+01,  4.033241E-02,  4.5312E-01
33900,  4.247318E+01,  4.013159E-02,  6.4062E-01
34000,  4.166095E+01, -1.118263E-02,  5.3125E-01
34100,  3.804675E+01,  4.482237E-02,  5.4688E-01
34200,  4.125581E+01,  8.366572E-03,  4.6875E-01
34300,  4.045428E+01,  2.052089E-02,  6.7188E-01
34400,  4.230780E+01, -6.900357E-03,  6.4062E-01
34500,  4.226401E+01,  1.494495E-02,  6.0938E-01
34600,  4.083236E+01, -1.079936E-02,  6.7188E-01
34700,  4.099934E+01,  2.819123E-03,  6.4062E-01
34800,  4.010486E+01,  1.874238E-02,  7.1875E-01
34900,  3.827875E+01, -1.616730E-03,  7.0312E-01
35000,  3.919625E+01, -1.235719E-02,  6.5625E-01
35100,  3.727512E+01, -3.674953E-03,  7.5000E-01
35200,  3.747480E+01,  8.912483E-03,  7.3438E-01
35300,  3.759598E+01,  7.522772E-03,  7.3438E-01
35400,  4.246291E+01,  1.235452E-02,  7.1875E-01
35500,  4.476968E+01,  1.811192E-01,  5.9375E-01
35600,  4.780853E+01,  1.502125E-01,  6.7188E-01
35700,  5.040807E+01,  7.496132E-02,  6.7188E-01
35800,  5.132157E+01,  4.463615E-02,  6.7188E-01
35900,  4.787547E+01,  1.192455E-02,  7.5000E-01
36000,  4.601995E+01, -1.570938E-02,  6.7188E-01
36100,  4.460785E+01,  3.284052E-03,  6.8750E-01
36200,  3.838167E+01,  7.837144E-02,  5.4688E-01
36300,  3.392263E+01,  9.804346E-03,  7.1875E-01
36400,  3.309364E+01,  1.291647E-02,  6.2500E-01
36500,  3.310635E+01,  3.297903E-02,  5.6250E-01
36600,  3.028686E+01,  2.310464E-02,  7.8125E-01
36700,  2.997493E+01,  2.520916E-01,  5.7812E-01
36800,  3.904836E+01,  1.006556E-01,  6.4062E-01
36900,  3.511813E+01,  1.598969E-01,  5.7812E-01
37000,  4.001601E+01,  1.617205E-01,  4.8438E-01
37100,  4.325206E+01,  1.441517E-01,  5.4688E-01
37200,  4.684223E+01,  1.187377E-01,  6.0938E-01
37300,  4.586003E+01,  1.067846E-01,  5.9375E-01
37400,  4.756234E+01,  7.068036E-02,  4.5312E-01
37500,  4.738077E+01,  7.548452E-02,  4.8438E-01
37600,  4.752580E+01,  2.856226E-02,  5.9375E-01
37700,  4.646158E+01,  2.701443E-02,  6.0938E-01
37800,  4.396149E+01,  1.284165E-01,  4.8438E-01
37900,  4.284588E+01,  7.280141E-02,  6.0938E-01
38000,  4.137654E+01,  5.403616E-02,  5.6250E-01
38100,  4.089592E+01,  1.384840E-01,  6.0938E-01
38200,  4.102922E+01,  1.004539E-01,  5.7812E-01
38300,  4.082666E+01,  7.544618E-02,  5.0000E-01
38400,  3.863454E+01,  6.531031E-02,  6.4062E-01
38500,  3.408018E+01,  1.597875E-01,  5.3125E-01
38600,  3.513239E+01,  1.204462E-01,  7.1875E-01
38700,  2.841808E+01,  2.897891E-01,  6.0938E-01
38800,  2.378978E+01,  1.254508E-01,  5.4688E-01
38900,  2.105872E+01,  5.512090E-02,  6.2500E-01
39000,  1.934136E+01,  4.111870E-02,  7.1875E-01
39100,  1.785370E+01, -2.436982E-03,  7.1875E-01
39200,  1.733033E+01,  1.407522E-02,  7.0312E-01
39300,  1.907726E+01,  5.952401E-02,  6.8750E-01
39400,  1.702415E+01, -3.298447E-02,  6.4062E-01
39500,  1.866452E+01,  2.522478E-02,  7.0312E-01
39600,  1.708303E+01,  1.136661E-01,  5.4688E-01
39700,  2.854051E+01,  3.372370E-01,  5.1562E-01
39800,  3.998972E+01,  1.674024E-01,  5.3125E-01
39900,  4.053795E+01,  1.990454E-01,  5.9375E-01
40000,  4.267841E+01,  7.548182E-02,  6.2500E-01
40100,  4.819362E+01,  5.984352E-02,  6.2500E-01
40200,  4.281542E+01,  7.468259E-02,  5.7812E-01
40300,  3.353287E+01,  2.787995E-02,  7.3438E-01
40400,  3.031593E+01,  1.924858E-02,  7.3438E-01
40500,  2.503497E+01,  5.658175E-02,  6.5625E-01
40600,  2.708858E+01,  1.059493E-01,  7.8125E-01
40700,  3.567721E+01,  3.780640E-02,  6.7188E-01
40800,  3.455722E+01,  5.068397E-02,  6.5625E-01
40900,  3.799081E+01,  2.650135E-02,  6.5625E-01
41000,  3.480788E+01,  1.409911E-02,  6.0938E-01
41100,  3.430864E+01,  7.502132E-02,  6.5625E-01
41200,  3.055029E+01,  8.401376E-02,  6.8750E-01
41300,  3.154761E+01,  1.019174E-01,  6.0938E-01
41400,  2.875841E+01,  6.736895E-02,  6.7188E-01
41500,  3.111636E+01,  9.686776E-02,  6.2500E-01
41600,  2.971343E+01,  4.467577E-02,  4.8438E-01
41700,  3.006221E+01,  1.200936E-01,  5.1562E-01
41800,  3.036244E+01,  3.987557E-02,  6.5625E-01
41900,  3.522853E+01,  3.607903E-02,  5.6250E-01
42000,  2.794839E+01,  2.759359E-02,  5.6250E-01
42100,  2.761934E+01,  8.208526E-03,  6.2500E-01
42200,  2.529994E+01,  9.476025E-03,  6.7188E-01
42300,  2.868615E+01,  4.213322E-01,  5.6250E-01
42400,  3.065721E+01,  1.819807E-01,  3.4375E-01
42500,  3.117042E+01,  4.106690E-02,  5.1562E-01
42600,  3.317742E+01,  9.095818E-02,  6.5625E-01
42700,  3.006009E+01,  1.379569E-01,  6.4062E-01
42800,  2.853596E+01,  4.485484E-02,  7.0312E-01
42900,  3.419925E+01,  1.464100E-01,  5.6250E-01
43000,  3.291114E+01,  4.812158E-02,  5.9375E-01
43100,  3.863137E+01,  1.097828E-01,  5.4688E-01
43200,  3.322221E+01,  1.899132E-01,  5.6250E-01
43300,  3.066166E+01,  1.462488E-01,  7.0312E-01
43400,  3.032779E+01,  1.137354E-01,  4.5312E-01
43500,  2.967416E+01, -1.911919E-02,  6.7188E-01
43600,  2.574184E+01,  7.460745E-02,  7.0312E-01
43700,  2.106735E+01,  5.655472E-02,  6.5625E-01
43800,  2.009547E+01,  1.410126E-01,  7.3438E-01
43900,  2.104510E+01,  1.350659E-01,  6.5625E-01
44000,  2.251512E+01,  5.086870E-02,  6.5625E-01
44100,  2.216991E+01,  2.659478E-02,  6.0938E-01
44200,  2.112205E+01,  2.206329E-03,  7.3438E-01
44300,  2.037345E+01,  5.020551E-03,  7.0312E-01
44400,  2.317254E+01,  2.350107E-01,  7.0312E-01
44500,  3.294855E+01,  2.216326E-01,  7.9688E-01
44600,  4.462967E+01,  7.988895E-02,  7.1875E-01
44700,  4.082836E+01,  2.401311E-02,  7.1875E-01
44800,  3.749596E+01,  6.237643E-02,  8.2812E-01
44900,  3.119213E+01,  2.688071E-01,  5.3125E-01
45000,  2.534469E+01,  1.615862E-01,  6.7188E-01
45100,  2.030068E+01,  5.281632E-02,  6.7188E-01
45200,  2.199171E+01,  1.048368E-01,  6.7188E-01
45300,  2.082223E+01,  5.377824E-02,  5.7812E-01
45400,  2.346378E+01,  1.358890E-01,  6.0938E-01
45500,  2.219085E+01,  1.837667E-01,  5.1562E-01
45600,  2.252242E+01,  1.485194E-01,  7.0312E-01
45700,  2.215930E+01,  1.334059E-02,  6.2500E-01
45800,  2.469764E+01,  7.561750E-03,  7.5000E-01
45900,  2.079465E+01, -1.161881E-02,  7.1875E-01
46000,  2.385735E+01,  1.200958E-02,  6.7188E-01
46100,  2.301663E+01,  4.179371E-03,  7.5000E-01
46200,  2.222615E+01,  2.624063E-02,  7.0312E-01
46300,  2.260962E+01,  2.567794E-02,  7.0312E-01
46400,  2.282125E+01,  5.019633E-02,  8.1250E-01
46500,  2.186230E+01,  4.780749E-02,  7.8125E-01
46600,  1.970461E+01,  2.167008E-02,  6.5625E-01
46700,  1.990707E+01,  5.236712E-03,  7.6562E-01
46800,  1.959388E+01,  9.225018E-03,  8.1250E-01
46900,  1.865921E+01, -1.287664E-03,  7.3438E-01
47000,  1.890214E+01,  1.399470E-02,  7.5000E-01
47100,  1.895566E+01,  6.549903E-03,  5.9375E-01
47200,  1.939565E+01,  2.815298E-02,  6.7188E-01
47300,  1.989968E+01,  3.964348E-03,  7.8125E-01
47400,  1.938022E+01, -2.179651E-03,  7.5000E-01
47500,  1.921011E+01,  1.262138E-02,  7.3438E-01
47600,  1.876263E+01, -6.131082E-03,  7.8125E-01
47700,  2.038897E+01, -8.073034E-03,  7.1875E-01
47800,  2.825525E+01,  4.045127E-01,  5.0000E-01
47900,  2.519511E+01,  1.526265E-01,  6.2500E-01
48000,  2.497996E+01,  1.966943E-01,  7.0312E-01
48100,  2.465802E+01,  2.774417E-01,  6.5625E-01
48200,  3.317032E+01,  2.384723E-01,  6.0938E-01
48300,  3.465197E+01,  8.503697E-02,  6.2500E-01
48400,  3.246415E+01,  2.685145E-03,  6.5625E-01
48500,  2.949757E+01,  3.012718E-01,  5.0000E-01
48600,  2.740390E+01,  3.829590E-01,  4.6875E-01
48700,  3.071982E+01,  1.966218E-01,  5.3125E-01
48800,  3.086428E+01, -1.091394E-02,  5.3125E-01
48900,  3.019252E+01, -1.692186E-02,  4.8438E-01
49000,  2.877111E+01,  1.404077E-01,  5.0000E-01
49100,  2.736757E+01,  6.884858E-02,  5.7812E-01
49200,  2.718454E+01,  2.435883E-01,  5.0000E-01
49300,  2.932754E+01,  1.043326E-01,  5.1562E-01
49400,  2.777342E+01,  1.006869E-01,  6.2500E-01
49500,  2.511081E+01,  3.457082E-02,  6.0938E-01
49600,  2.442913E+01,  1.429739E-01,  5.4688E-01
49700,  2.187360E+01,  2.538178E-01,  4.3750E-01
49800,  1.947552E+01,  1.884411E-01,  5.6250E-01
49900,  1.721344E+01,  7.007810E-01,  4.5312E-01
50000,  1.670162E+01,  3.232957E-01,  5.1562E-01
50100,  1.559842E+01,  5.088143E-02,  5.3125E-01
50200,  1.487355E+01,  2.906617E-01,  3.9062E-01
50300,  1.231479E+01,  2.477620E-01,  4.2188E-01
50400,  1.198292E+01,  3.361872E-01,  5.1562E-01
50500,  1.103199E+01,  2.730327E-01,  5.9375E-01
50600,  1.179473E+01,  1.943832E-01,  5.3125E-01
50700,  1.682667E+01, -1.331373E-02,  6.8750E-01
50800,  1.766165E+01, -1.490676E-02,  6.8750E-01
50900,  1.729966E+01,  6.595198E-02,  7.1875E-01
51000,  1.427537E+01,  5.857462E-02,  6.5625E-01
51100,  1.357671E+01,  3.068782E-01,  6.4062E-01
51200,  1.046377E+01,  2.864425E-01,  5.9375E-01
51300,  9.693020E+00,  5.112298E-01,  4.6875E-01
51400,  1.174237E+01,  3.267549E-01,  4.0625E-01
51500,  1.182967E+01,  2.294713E-02,  3.9062E-01
51600,  1.286531E+01,  6.375936E-02,  6.0938E-01
51700,  1.276933E+01,  2.164542E-02,  6.5625E-01
51800,  1.200695E+01,  1.554117E-02,  6.4062E-01
51900,  1.246129E+01,  5.555873E-02,  5.9375E-01
52000,  1.322593E+01,  1.996496E-01,  6.0938E-01
52100,  1.256421E+01,  3.971003E-02,  6.7188E-01
52200,  1.211490E+01,  1.151387E-02,  7.0312E-01
52300,  1.290860E+01, -2.977989E-02,  5.4688E-01
52400,  1.265375E+01,  2.929095E-03,  5.3125E-01
52500,  1.274489E+01, -1.856079E-05,  5.9375E-01
52600,  1.172108E+01,  1.834850E-03,  7.1875E-01
52700,  1.110426E+01,  9.028160E-03,  6.7188E-01
52800,  1.050884E+01, -4.397744E-03,  6.2500E-01
52900,  1.020096E+01,  8.608617E-03,  7.6562E-01
53000,  9.731675E+00,  1.559189E-03,  7.6562E-01
53100,  9.309810E+00, -3.554775E-03,  6.4062E-01
53200,  9.810919E+00, -8.957775E-03,  5.9375E-01
53300,  1.059640E+01,  8.868746E-03,  5.1562E-01
53400,  1.072050E+01, -9.937364E-03,  6.4062E-01
53500,  1.134830E+01, -9.808124E-04,  5.9375E-01
53600,  1.060415E+01, -3.508958E-03,  7.1875E-01
53700,  1.198492E+01, -9.329698E-04,  6.0938E-01
53800,  1.209550E+01, -4.671310E-03,  6.0938E-01
53900,  1.115249E+01,  2.217839E-03,  7.0312E-01
54000,  1.224090E+01, -8.080246E-04,  6.4062E-01
54100,  1.195928E+01, -7.260866E-03,  6.5625E-01
54200,  1.179114E+01, -8.033268E-03,  7.1875E-01
54300,  1.214025E+01, -5.822605E-03,  6.5625E-01
54400,  1.239252E+01,  7.709865E-03,  6.2500E-01
54500,  1.214494E+01, -8.595061E-03,  7.3438E-01
54600,  1.279269E+01, -7.214938E-03,  7.1875E-01
54700,  1.260823E+01, -9.640839E-03,  6.8750E-01
54800,  1.129881E+01,  8.342925E-03,  6.7188E-01
54900,  1.278741E+01,  9.986334E-03,  5.4688E-01
55000,  1.235554E+01, -8.130480E-03,  6.4062E-01
55100,  1.254181E+01,  3.928255E-03,  5.9375E-01
55200,  1.257813E+01,  7.286449E-03,  7.1875E-01
55300,  1.310654E+01,  5.164943E-01,  5.1562E-01
55400,  1.362623E+01,  4.931231E-01,  3.9062E-01
55500,  1.162344E+01,  3.169797E-03,  4.3750E-01
55600,  1.131394E+01,  4.721794E-02,  5.3125E-01
55700,  1.344788E+01, -8.948125E-02,  5.1562E-01
55800,  1.403068E+01,  2.190141E-01,  5.6250E-01
55900,  2.477599E+01,  4.139600E-01,  6.5625E-01
56000,  2.242542E+01,  2.130331E-01,  5.6250E-01
56100,  2.330930E+01,  3.271895E-02,  5.6250E-01
56200,  2.175056E+01,  9.627859E-02,  6.5625E-01
56300,  2.160883E+01, -4.471035E-02,  5.1562E-01
56400,  2.097462E+01,  2.575462E-02,  6.4062E-01
56500,  2.348872E+01,  4.540688E-01,  6.2500E-01
56600,  1.937150E+01,  3.651502E-01,  5.4688E-01
56700,  1.784637E+01,  4.821557E-01,  4.5312E-01
56800,  1.905113E+01,  4.285323E-02,  5.4688E-01
56900,  2.064866E+01, -3.320992E-02,  5.6250E-01
57000,  2.194646E+01,  3.441888E-02,  6.4062E-01
57100,  2.123625E+01,  4.770235E-02,  6.2500E-01
57200,  1.932601E+01,  2.412249E-01,  5.7812E-01
57300,  1.999030E+01, -1.210764E-02,  6.4062E-01
57400,  1.857786E+01,  1.259011E-01,  5.4688E-01
57500,  1.824862E+01,  2.090763E-01,  4.6875E-01
57600,  1.705769E+01,  1.472523E-01,  4.6875E-01
57700,  1.743987E+01,  8.961119E-02,  6.5625E-01
57800,  1.390511E+01,  2.138433E-01,  5.4688E-01
57900,  1.149158E+01,  3.051162E-01,  4.2188E-01
58000,  1.265945E+01,  9.261015E-02,  5.6250E-01
58100,  1.566042E+01,  1.023267E-01,  5.9375E-01
58200,  1.452572E+01,  1.217410E-01,  5.3125E-01
58300,  1.318373E+01,  1.546322E-01,  6.4062E-01
58400,  1.279727E+01,  3.177482E-01,  6.5625E-01
58500,  1.355782E+01,  9.431139E-03,  3.9062E-01
58600,  1.311760E+01,  1.086289E-02,  5.7812E-01
58700,  1.526273E+01,  3.307999E-02,  5.1562E-01
58800,  1.454251E+01, -2.176916E-02,  6.8750E-01
58900,  1.464433E+01,  1.075037E-02,  6.7188E-01
59000,  1.522812E+01,  5.595183E-03,  7.5000E-01
59100,  1.587553E+01, -1.740503E-02,  6.0938E-01
59200,  1.525948E+01,  2.671785E-02,  6.4062E-01
59300,  1.435694E+01, -3.962837E-03,  6.5625E-01
59400,  1.477736E+01,  1.379079E-03,  6.7188E-01
59500,  1.381658E+01,  1.089390E-01,  6.0938E-01
59600,  1.399893E+01,  6.740251E-02,  4.6875E-01
59700,  1.350176E+01,  9.945847E-03,  6.0938E-01
59800,  1.447111E+01,  1.184118E-01,  5.0000E-01
59900,  1.445802E+01,  1.457487E-01,  5.6250E-01
60000,  1.388358E+01,  1.401528E-01,  5.7812E-01
60100,  1.460369E+01,  2.749269E-01,  7.0312E-01
60200,  1.286335E+01,  1.820913E-01,  6.7188E-01
60300,  1.390578E+01,  2.758053E-02,  5.1562E-01
60400,  1.339349E+01,  1.947168E-01,  6.8750E-01
60500,  1.352722E+01,  3.292027E-02,  7.0312E-01
60600,  1.253886E+01,  1.280622E-02,  6.7188E-01
60700,  1.418406E+01,  2.782551E-02,  6.5625E-01
60800,  1.524435E+01,  1.987445E-02,  6.0938E-01
60900,  1.385951E+01,  1.400265E-03,  8.1250E-01
61000,  1.277256E+01,  5.535925E-02,  6.4062E-01
61100,  1.444612E+01,  8.668224E-02,  6.5625E-01
61200,  1.669070E+01,  1.934887E-01,  5.7812E-01
61300,  1.875170E+01,  3.159614E-02,  6.5625E-01
61400,  1.421871E+01,  8.993819E-02,  6.4062E-01
61500,  1.180222E+01,  9.659056E-03,  7.0312E-01
61600,  1.051995E+01, -1.105830E-02,  5.1562E-01
61700,  8.760350E+00,  3.301897E-02,  4.5312E-01
61800,  6.717813E+00,  3.371721E-02,  6.0938E-01
61900,  7.859902E+00,  8.081676E-02,  5.1562E-01
62000,  7.092228E+00,  1.118928E-02,  5.4688E-01
62100,  6.764246E+00, -9.059381E-03,  6.0938E-01
62200,  6.241074E+00,  8.851743E-02,  6.8750E-01
62300,  7.113354E+00,  3.418446E-01,  5.4688E-01
62400,  6.571867E+00,  8.350846E-02,  4.6875E-01
62500,  7.577538E+00,  1.999929E-01,  5.6250E-01
62600,  9.351585E+00,  6.539999E-03,  6.8750E-01
62700,  5.701492E+00, -3.464350E-02,  6.7188E-01
62800,  7.882927E+00,  3.319272E-01,  6.2500E-01
62900,  1.165755E+01,  2.031077E-01,  5.6250E-01
63000,  1.582508E+01,  7.545962E-02,  4.5312E-01
63100,  1.950677E+01,  5.050386E-02,  6.2500E-01
63200,  2.331559E+01,  3.991448E-02,  6.8750E-01
63300,  2.412222E+01,  8.266584E-02,  6.5625E-01
63400,  2.333816E+01,  4.754383E-02,  6.0938E-01
63500,  2.084928E+01,  3.660925E-02,  7.0312E-01
63600,  2.044086E+01,  3.304756E-02,  6.7188E-01
63700,  1.977607E+01,  1.221741E-02,  6.8750E-01
63800,  1.829525E+01,  2.452687E-03,  7.0312E-01
63900,  1.624389E+01,  6.724135E-02,  6.0938E-01
64000,  1.573454E+01,  6.048352E-01,  5.9375E-01
64100,  1.473653E+01,  7.765433E-02,  4.6875E-01
64200,  1.406173E+01,  4.790376E-01,  5.9375E-01
64300,  1.830229E+01,  3.027496E-01,  5.4688E-01
64400,  1.699931E+01,  1.046445E-01,  5.9375E-01
64500,  1.214474E+01,  1.158174E+00,  4.6875E-01
64600,  1.100134E+01,  1.202157E+00,  4.3750E-01
64700,  1.097261E+01,  4.608902E-01,  3.5938E-01
64800,  1.072828E+01,  2.166839E-01,  4.8438E-01
64900,  9.740826E+00,  1.199994E-01,  3.1250E-01
65000,  1.011859E+01, -1.362035E-02,  3.7500E-01
65100,  7.309978E+00,  3.911332E-01,  4.2188E-01
65200,  8.394497E+00,  5.374991E-01,  6.0938E-01
65300,  1.114156E+01,  1.610911E-01,  5.3125E-01
65400,  1.180082E+01, -5.714661E-02,  4.5312E-01
65500,  1.262368E+01, -1.425236E-02,  5.6250E-01
65600,  1.313227E+01,  8.491304E-03,  3.5938E-01
65700,  1.267986E+01,  3.287457E-01,  4.5312E-01
65800,  1.486530E+01,  2.421837E-01,  3.5938E-01
65900,  1.626308E+01,  2.273079E-01,  3.7500E-01
66000,  1.945523E+01, -2.215553E-02,  4.0625E-01
66100,  1.939928E+01,  2.112119E-01,  5.4688E-01
66200,  1.544626E+01,  1.334921E-01,  5.3125E-01
66300,  1.287318E+01,  1.672110E-02,  6.5625E-01
66400,  9.159458E+00, -1.731435E-02,  5.7812E-01
66500,  1.061714E+01,  5.967607E-02,  6.4062E-01
66600,  1.181129E+01,  4.806957E-02,  4.5312E-01
66700,  1.201468E+01,  3.163559E-02,  5.0000E-01
66800,  1.067222E+01, -1.267337E-02,  4.8438E-01
66900,  9.445375E+00,  3.057756E-04,  4.8438E-01
67000,  1.020008E+01,  2.938792E-01,  5.7812E-01
67100,  9.200991E+00, -6.188781E-03,  5.3125E-01
67200,  9.466581E+00,  4.651939E-02,  6.7188E-01
67300,  9.012112E+00, -1.025057E-02,  5.6250E-01
67400,  9.556925E+00, -8.875439E-03,  5.4688E-01
67500,  8.461494E+00, -4.225615E-03,  5.7812E-01
67600,  9.780445E+00, -4.822265E-03,  5.3125E-01
67700,  9.769588E+00, -5.425373E-03,  5.7812E-01
67800,  9.257954E+00, -8.104770E-04,  6.2500E-01
67900,  9.699123E+00,  6.012289E-03,  5.7812E-01
68000,  9.569342E+00,  2.105634E-02,  6.5625E-01
68100,  9.648550E+00, -1.671595E-03,  5.4688E-01
68200,  8.654498E+00,  3.453397E-03,  6.4062E-01
68300,  8.646780E+00,  2.946158E-03,  7.0312E-01
68400,  7.347555E+00, -4.685029E-03,  6.8750E-01
68500,  8.420027E+00,  5.866063E-04,  5.9375E-01
68600,  7.661945E+00, -1.401128E-02,  6.0938E-01
68700,  7.672941E+00,  7.033845E-03,  6.7188E-01
68800,  8.699680E+00,  2.976494E-03,  5.4688E-01
68900,  7.417428E+00,  5.213668E-03,  6.7188E-01
69000,  7.346306E+00, -4.693996E-04,  5.9375E-01
69100,  7.570934E+00,  4.190518E-03,  6.4062E-01
69200,  6.196046E+00,  5.466539E-03,  6.2500E-01
69300,  6.753811E+00, -4.129549E-03,  6.8750E-01
69400,  7.814260E+00,  9.950261E-03,  6.7188E-01
69500,  7.643484E+00, -5.440984E-03,  5.9375E-01
69600,  8.444073E+00,  3.919609E-03,  7.0312E-01
69700,  8.347584E+00, -9.457837E-05,  7.3438E-01
69800,  9.253754E+00,  8.469215E-06,  7.1875E-01
69900,  7.519092E+00, -1.022245E-02,  5.9375E-01
70000,  7.122504E+00, -9.826427E-03,  6.2500E-01
70100,  7.284849E+00,  1.400871E-02,  7.1875E-01
70200,  7.189993E+00,  9.119133E-03,  7.8125E-01
70300,  6.915144E+00, -3.071351E-04,  7.9688E-01
70400,  5.896397E+00,  2.334045E-03,  6.7188E-01
70500,  6.015637E+00,  4.404875E-03,  6.8750E-01
70600,  5.026212E+00,  5.758545E-03,  7.6562E-01
70700,  5.107872E+00, -4.485259E-03,  6.8750E-01
70800,  5.290440E+00,  3.836827E-03,  6.8750E-01
70900,  6.026865E+00, -9.416448E-03,  7.0312E-01
71000,  5.562937E+00,  1.322051E-03,  7.5000E-01
71100,  6.157757E+00,  1.414748E-02,  6.7188E-01
71200,  6.429908E+00, -2.105843E-03,  7.8125E-01
71300,  6.399169E+00, -1.087307E-03,  7.6562E-01
71400,  6.124588E+00,  1.742910E-03,  6.7188E-01
71500,  7.619668E+00,  4.994991E-03,  6.7188E-01
71600,  7.506039E+00, -2.128428E-02,  6.8750E-01
71700,  8.689793E+00,  8.481745E-04,  6.4062E-01
71800,  9.091332E+00,  3.178989E-03,  6.5625E-01
71900,  6.423823E+00, -3.116787E-03,  7.0312E-01
72000,  6.743594E+00, -1.936895E-02,  6.7188E-01
72100,  6.925810E+00, -1.359217E-03,  7.1875E-01
72200,  8.228153E+00,  9.817643E-03,  7.5000E-01
72300,  9.268499E+00,  1.863798E-02,  6.7188E-01
72400,  1.018972E+01,  1.194380E-02,  7.0312E-01
72500,  1.138343E+01, -6.850138E-03,  7.3438E-01
72600,  1.091648E+01,  7.256002E-03,  6.7188E-01
72700,  1.001895E+01, -1.362923E-02,  6.5625E-01
72800,  8.372463E+00,  2.707458E-02,  6.4062E-01
72900,  9.006805E+00,  8.820186E-03,  7.0312E-01
73000,  9.103344E+00,  5.367454E-01,  6.4062E-01
73100,  1.054554E+01,  2.966521E+00,  6.5625E-01
73200,  1.315059E+01,  6.810126E-01,  4.8438E-01
73300,  1.676995E+01,  4.075564E-01,  3.9062E-01
73400,  1.820911E+01,  1.428905E-01,  4.3750E-01
73500,  1.804709E+01, -3.564139E-02,  4.5312E-01
73600,  1.282183E+01, -2.552184E-02,  5.4688E-01
73700,  1.361474E+01,  6.622891E-02,  6.4062E-01
73800,  1.761396E+01,  5.655149E-02,  6.4062E-01
73900,  1.840247E+01,  2.110354E-01,  6.2500E-01
74000,  1.938055E+01,  1.017526E+00,  4.6875E-01
74100,  2.416141E+01,  4.656388E-01,  3.9062E-01
74200,  2.052901E+01,  3.584472E-01,  4.5312E-01
74300,  2.271743E+01,  6.372501E-02,  5.3125E-01
74400,  1.979606E+01,  5.236696E-01,  7.0312E-01
74500,  1.866558E+01,  1.550314E-01,  6.8750E-01
74600,  2.003738E+01, -1.052565E-01,  5.6250E-01
74700,  2.062868E+01, -8.461134E-03,  7.1875E-01
74800,  2.087085E+01,  2.567289E-02,  6.2500E-01
74900,  2.032752E+01,  1.408100E-03,  7.0312E-01
75000,  2.089787E+01,  3.523252E-02,  6.2500E-01
75100,  2.185351E+01,  9.908935E-02,  6.5625E-01
75200,  2.077283E+01, -5.795139E-03,  6.2500E-01
75300,  1.858611E+01,  2.403362E-02,  5.6250E-01
75400,  1.680452E+01,  8.356603E-03,  5.6250E-01
75500,  1.501901E+01,  3.275840E-02,  7.1875E-01
75600,  1.541183E+01,  1.097718E-03,  5.6250E-01
75700,  1.693338E+01,  9.955745E-03,  6.0938E-01
75800,  1.679633E+01,  1.046353E-02,  7.1875E-01
75900,  1.753300E+01,  4.272212E-03,  6.8750E-01
76000,  1.716809E+01,  8.505315E-03,  7.0312E-01
76100,  1.852732E+01,  2.635239E-02,  5.7812E-01
76200,  1.906630E+01, -6.053097E-03,  6.7188E-01
76300,  1.909841E+01, -2.340467E-03,  6.4062E-01
76400,  1.925246E+01, -1.452615E-02,  6.0938E-01
76500,  2.015783E+01, -1.099577E-02,  6.2500E-01
76600,  1.946987E+01,  1.109643E-02,  7.0312E-01
76700,  1.663016E+01,  1.151353E-02,  6.7188E-01
76800,  1.858265E+01,  1.370675E-01,  6.8750E-01
76900,  1.769706E+01,  3.671275E-01,  6.7188E-01
77000,  1.310408E+01,  1.114516E+00,  6.2500E-01
77100,  1.193202E+01,  2.971529E-01,  7.3438E-01
77200,  1.277142E+01,  8.699184E-02,  6.2500E-01
77300,  1.461087E+01,  2.935865E-02,  7.6562E-01
77400,  1.390249E+01,  6.950775E-03,  6.8750E-01
77500,  1.473086E+01,  1.386289E-03,  5.4688E-01
77600,  1.470382E+01, -1.610573E-02,  7.1875E-01
77700,  1.552173E+01,  1.894537E-02,  5.9375E-01
77800,  1.503655E+01, -7.766987E-03,  6.7188E-01
77900,  1.552452E+01, -3.490431E-03,  6.7188E-01
78000,  1.696239E+01,  1.568540E-02,  6.4062E-01
78100,  1.613289E+01, -4.074639E-03,  6.2500E-01
78200,  1.785170E+01, -1.128238E-02,  6.7188E-01
78300,  1.731680E+01,  4.239450E-04,  7.3438E-01
78400,  1.797273E+01,  5.890913E-04,  6.4062E-01
78500,  1.826707E+01,  3.344077E-03,  7.8125E-01
78600,  1.856562E+01, -3.899666E-03,  6.5625E-01
78700,  1.894963E+01, -2.760911E-03,  6.4062E-01
78800,  2.083784E+01, -3.148825E-04,  7.8125E-01
78900,  1.981499E+01,  5.376274E-03,  6.8750E-01
79000,  1.922026E+01,  1.939481E-02,  7.5000E-01
79100,  1.849713E+01, -5.824252E-03,  7.1875E-01
79200,  1.869881E+01,  2.001741E-03,  7.0312E-01
79300,  1.822355E+01,  2.948997E-02,  5.7812E-01
79400,  1.649428E+01,  7.516664E-02,  7.0312E-01
79500,  1.572307E+01,  1.536657E-02,  7.3438E-01
79600,  1.447168E+01,  5.758711E-02,  6.8750E-01
79700,  1.449922E+01,  1.240314E-02,  8.2812E-01
79800,  1.476880E+01,  6.010913E-03,  7.3438E-01
79900,  1.422471E+01, -1.354814E-02,  5.7812E-01
80000,  1.427850E+01,  7.631723E-06,  7.1875E-01
80100,  1.431318E+01, -2.672939E-03,  7.3438E-01
80200,  1.432007E+01,  1.572478E-02,  7.1875E-01
80300,  1.444117E+01, -2.903625E-02,  7.0312E-01
80400,  1.451543E+01, -6.030697E-03,  6.7188E-01
80500,  1.443642E+01, -2.524708E-03,  7.9688E-01
80600,  1.479390E+01, -3.810752E-03,  7.6562E-01
80700,  1.473660E+01,  2.925157E-04,  8.4375E-01
80800,  1.482841E+01, -8.597408E-03,  6.4062E-01
80900,  1.474593E+01,  1.455562E-02,  6.0938E-01
81000,  1.528983E+01,  1.528836E-03,  7.6562E-01
81100,  1.566973E+01,  9.525095E-03,  6.0938E-01
81200,  1.539443E+01, -2.902307E-03,  7.3438E-01
81300,  1.555917E+01,  6.767967E-03,  8.1250E-01
81400,  1.561413E+01,  8.416267E-03,  6.5625E-01
81500,  1.539303E+01, -8.320943E-03,  6.4062E-01
81600,  1.563893E+01, -6.864623E-03,  6.2500E-01
81700,  1.558579E+01,  1.257961E-02,  6.5625E-01
81800,  1.482870E+01,  1.260456E-02,  6.7188E-01
81900,  1.540729E+01, -2.983238E-03,  6.7188E-01
82000,  1.530980E+01, -1.397889E-02,  6.4062E-01
82100,  1.507068E+01, -1.662409E-03,  7.0312E-01
82200,  1.454019E+01,  3.030545E-03,  7.5000E-01
82300,  1.435446E+01, -4.633757E-03,  6.7188E-01
82400,  1.452943E+01, -9.169005E-03,  7.1875E-01
82500,  1.492906E+01, -8.852329E-04,  6.8750E-01
82600,  1.403052E+01,  7.792049E-03,  7.1875E-01
82700,  1.336138E+01,  5.344129E-03,  7.3438E-01
82800,  1.321652E+01,  1.163785E-03,  6.7188E-01
82900,  1.440745E+01,  2.039830E-02,  7.0312E-01
83000,  1.348446E+01, -8.447774E-03,  6.5625E-01
83100,  1.385970E+01,  4.234402E-03,  6.4062E-01
83200,  1.411357E+01, -5.805827E-03,  7.1875E-01
83300,  1.425312E+01, -8.252840E-04,  8.2812E-01
83400,  1.414872E+01,  1.613144E-04,  6.2500E-01
83500,  1.357442E+01,  4.611584E-03,  6.4062E-01
83600,  1.366117E+01, -1.534266E-03,  7.3438E-01
83700,  1.372437E+01,  3.178457E-03,  6.7188E-01
83800,  1.373326E+01,  1.718619E-03,  7.6562E-01
83900,  1.367188E+01, -5.934746E-03,  6.7188E-01
84000,  1.443197E+01, -2.930498E-03,  6.4062E-01
84100,  1.482795E+01,  4.185557E-03,  7.9688E-01
84200,  1.490850E+01, -4.868215E-03,  7.0312E-01
84300,  1.466684E+01,  4.902603E-02,  7.9688E-01
84400,  1.559898E+01,  8.177830E-02,  5.7812E-01
84500,  1.560490E+01,  3.937597E-02,  6.5625E-01
84600,  1.558292E+01,  1.035853E-01,  5.7812E-01
84700,  1.558438E+01,  1.914243E-02,  7.8125E-01
84800,  1.547227E+01,  1.420510E-02,  7.5000E-01
84900,  1.487672E+01,  3.500475E-02,  7.5000E-01
85000,  1.494509E+01,  6.390820E-03,  7.0312E-01
85100,  1.460985E+01,  3.833099E-02,  7.6562E-01
85200,  1.578050E+01, -1.270217E-02,  6.7188E-01
85300,  1.495791E+01, -3.549780E-03,  6.5625E-01
85400,  1.543373E+01,  4.927706E-03,  7.6562E-01
85500,  1.466744E+01, -3.414834E-03,  7.0312E-01
85600,  1.477600E+01,  1.111622E-03,  7.6562E-01
85700,  1.433071E+01,  1.199908E-02,  6.4062E-01
85800,  1.270732E+01, -3.552346E-03,  7.8125E-01
85900,  1.325948E+01,  7.796194E-03,  7.6562E-01
86000,  1.312872E+01,  2.749022E-04,  8.1250E-01
86100,  1.234170E+01,  6.939583E-03,  7.3438E-01
86200,  1.454137E+01,  6.901704E-01,  7.0312E-01
86300,  1.369398E+01,  1.777653E+00,  6.7188E-01
86400,  1.107585E+01,  7.453159E-01,  6.0938E-01
86500,  1.003858E+01,  1.530798E-01,  5.0000E-01
86600,  1.053809E+01, -6.727302E-02,  5.9375E-01
86700,  9.816125E+00,  1.505481E-01,  7.3438E-01
86800,  9.371839E+00,  1.817946E-01,  7.5000E-01
86900,  9.312778E+00,  6.692231E-03,  6.0938E-01
87000,  1.130544E+01,  2.538300E-02,  6.5625E-01
87100,  1.147195E+01,  2.125846E-01,  7.8125E-01
87200,  1.071374E+01, -2.026208E-02,  6.2500E-01
87300,  1.077282E+01,  4.385736E-02,  7.3438E-01
87400,  1.117790E+01,  2.637639E-02,  6.5625E-01
87500,  1.193519E+01,  7.399136E-02,  7.6562E-01
87600,  1.304153E+01,  2.984248E-02,  6.8750E-01
87700,  1.430626E+01,  3.504256E-02,  7.0312E-01
87800,  1.413959E+01, -1.221380E-02,  5.9375E-01
87900,  1.397288E+01,  9.738944E-03,  5.9375E-01
88000,  1.489947E+01,  3.637577E-02,  7.0312E-01
88100,  1.551606E+01,  2.289636E-02,  6.7188E-01
88200,  1.509193E+01,  3.379757E-02,  7.0312E-01
88300,  1.438500E+01,  1.375478E-02,  6.8750E-01
88400,  1.427998E+01,  1.485247E-03,  7.0312E-01
88500,  1.410163E+01,  1.274623E-03,  7.1875E-01
88600,  1.408848E+01,  9.637147E-03,  7.6562E-01
88700,  1.352325E+01,  1.004618E-01,  8.1250E-01
88800,  1.245572E+01,  2.457190E+00,  7.5000E-01
88900,  1.185910E+01,  2.542771E-02,  7.6562E-01
89000,  1.111820E+01,  1.560751E-01,  6.5625E-01
89100,  1.225219E+01, -4.692554E-03,  6.2500E-01
89200,  1.150133E+01,  6.460771E-05,  7.3438E-01
89300,  1.133803E+01,  5.187235E-02,  6.2500E-01
89400,  1.070785E+01,  7.773146E-02,  6.7188E-01
89500,  9.870804E+00,  4.242141E-02,  7.5000E-01
89600,  9.345268E+00,  1.056426E-01,  6.4062E-01
89700,  8.333017E+00,  6.105564E-02,  7.3438E-01
89800,  7.226466E+00,  8.457173E-02,  7.3438E-01
89900,  6.690722E+00,  1.161187E-01,  7.3438E-01
90000,  6.224543E+00,  4.523467E-01,  6.4062E-01
90100,  6.413794E+00,  1.336212E-01,  7.8125E-01
90200,  6.911336E+00,  1.132847E-01,  6.5625E-01
90300,  6.470068E+00,  1.357149E-01,  6.8750E-01
90400,  6.102324E+00,  7.184025E-02,  6.2500E-01
90500,  5.654836E+00,  1.217069E-01,  6.2500E-01
90600,  5.618993E+00,  2.108910E-01,  6.0938E-01
90700,  5.737152E+00,  1.078382E-01,  6.8750E-01
90800,  6.757770E+00,  7.298128E-02,  7.0312E-01
90900,  6.796087E+00,  8.397104E-02,  7.0312E-01
91000,  6.791699E+00,  8.820236E-02,  6.4062E-01
91100,  6.536116E+00,  7.643947E-02,  7.6562E-01
91200,  6.004456E+00,  2.279490E-01,  7.0312E-01
91300,  5.894292E+00,  1.272262E-01,  5.1562E-01
91400,  5.657076E+00,  9.178573E-02,  6.4062E-01
91500,  5.263905E+00,  1.287493E-01,  6.0938E-01
91600,  4.927250E+00,  1.279051E-01,  7.1875E-01
91700,  4.473634E+00,  1.090189E-01,  5.9375E-01
91800,  4.294652E+00,  8.002090E-02,  6.0938E-01
91900,  3.822647E+00,  1.361672E-01,  6.0938E-01
92000,  3.863706E+00,  4.879132E-02,  5.4688E-01
92100,  3.450002E+00,  1.539418E-01,  6.0938E-01
92200,  3.336665E+00,  1.075424E-01,  5.9375E-01
92300,  2.862265E+00,  9.147738E-02,  7.9688E-01
92400,  3.344178E+00,  1.805732E-01,  5.3125E-01
92500,  3.126095E+00,  1.474123E-01,  6.0938E-01
92600,  3.294000E+00,  1.270529E-01,  5.4688E-01
92700,  3.190557E+00,  9.618189E-02,  5.6250E-01
92800,  2.661929E+00,  1.817662E-01,  6.0938E-01
92900,  1.996216E+00,  2.942966E-01,  5.4688E-01
93000,  7.638150E-01,  3.436140E-01,  5.4688E-01
93100,  8.875746E-01,  2.537082E-01,  5.6250E-01
93200,  1.472837E+00, -4.101700E-02,  4.5312E-01
93300,  2.164139E+00,  1.135832E-01,  6.0938E-01
93400,  2.429373E+00,  1.870654E-01,  7.3438E-01
93500,  1.727794E+00,  3.032735E-01,  7.6562E-01
93600,  4.120147E-01,  2.368362E-01,  6.7188E-01
93700, -3.850383E-01,  1.366536E-01,  5.7812E-01
93800, -6.325202E-01,  2.044753E-01,  6.5625E-01
93900, -6.743283E-01,  2.900496E-01,  5.3125E-01
94000, -1.062103E+00,  1.800890E-01,  5.9375E-01
94100,  5.168195E-01,  1.848450E-01,  6.5625E-01
94200,  2.642357E+00,  1.050572E-01,  6.7188E-01
94300,  3.224723E+00,  6.372625E-02,  7.3438E-01
94400,  3.145997E+00,  5.152041E-02,  5.3125E-01
94500,  3.543872E+00,  1.183889E-01,  6.4062E-01
94600,  3.960218E+00,  1.672489E-01,  5.1562E-01
94700,  3.434164E+00,  6.081511E-02,  7.3438E-01
94800,  2.848819E+00,  9.481665E-02,  6.0938E-01
94900,  3.159174E+00,  1.396800E-01,  3.7500E-01
95000,  4.257270E+00,  5.660514E-02,  6.5625E-01
95100,  5.009298E+00,  1.276630E-02,  6.2500E-01
95200,  5.954234E+00, -6.957184E-03,  6.2500E-01
95300,  5.643677E+00,  2.930331E-03,  6.2500E-01
95400,  6.095581E+00, -8.803322E-04,  5.9375E-01
95500,  6.181242E+00,  8.601755E-03,  6.5625E-01
95600,  6.446128E+00, -3.443093E-03,  7.5000E-01
95700,  6.780901E+00, -2.618173E-03,  6.4062E-01
95800,  6.552595E+00, -9.532543E-03,  6.2500E-01
95900,  6.462812E+00, -1.858941E-03,  6.2500E-01
96000,  6.340247E+00,  2.632045E-03,  6.2500E-01
96100,  6.662865E+00,  5.914951E-03,  6.7188E-01
96200,  6.389351E+00, -4.235649E-03,  7.0312E-01
96300,  6.816348E+00, -1.713725E-03,  6.5625E-01
96400,  5.363629E+00,  1.492518E-01,  6.7188E-01
96500,  3.416162E+00,  1.182544E-01,  4.8438E-01
96600,  4.286577E+00,  2.525953E-01,  6.7188E-01
96700,  4.639491E+00,  1.429037E-01,  5.3125E-01
96800,  3.894014E+00,  7.642728E-02,  6.7188E-01
96900,  4.973768E+00,  6.813990E-03,  6.7188E-01
97000,  2.223100E+00,  2.346873E-02,  5.9375E-01
97100,  3.515614E+00,  3.643924E-03,  7.3438E-01
97200,  2.408159E+00,  7.804703E-03,  6.0938E-01
97300,  1.897997E+00,  3.120618E-02,  7.1875E-01
97400,  9.274853E-01,  1.736435E-02,  6.7188E-01
97500,  1.098216E+00,  2.489044E-02,  6.4062E-01
97600,  1.274980E+00,  4.325699E-02,  6.8750E-01
97700,  2.273454E+00,  3.769977E-02,  6.0938E-01
97800,  1.713396E+00,  1.422151E-01,  5.9375E-01
97900, -1.223963E+00,  1.603782E-01,  7.5000E-01
98000, -2.177333E+00,  2.213586E-01,  6.7188E-01
98100, -1.320096E+00,  6.423878E-02,  6.2500E-01
98200, -1.111610E+00,  6.895500E-02,  6.0938E-01
98300, -2.081542E+00,  5.450030E-02,  5.9375E-01
98400,  1.600359E+00,  1.262368E-02,  6.2500E-01
98500,  4.747952E-01,  7.532238E-02,  7.0312E-01
98600,  1.279278E-01,  4.763119E-03,  6.4062E-01
98700, -1.027123E+00, -1.584215E-02,  5.7812E-01
98800, -9.978555E-01,  1.352509E-02,  7.6562E-01
98900, -1.152505E+00,  1.808656E-04,  6.8750E-01
99000, -4.666921E-01,  8.165803E-03,  7.0312E-01
99100, -5.338848E-01, -3.181184E-03,  7.6562E-01
99200, -5.776917E-01,  8.955454E-03,  7.3438E-01
99300,  9.094247E-03, -3.546016E-03,  6.8750E-01
99400, -6.891443E-01, -3.721011E-03,  6.4062E-01
99500, -2.958121E-01,  1.094004E-02,  7.0312E-01
99600, -3.765370E-01,  1.560007E-02,  7.0312E-01
99700,  7.539387E-01,  3.166319E-03,  6.4062E-01
99800, -3.393337E-01, -6.144684E-03,  5.9375E-01
99900,  1.360080E-01, -1.422220E-03,  8.1250E-01
100000,  1.316857E+00, -1.357269E-03,  6.5625E-01
