# step, gen_loss, dis_loss, train_acc
100,  2.978563E-01, -3.911161E-01,  3.1250E-01
200, -5.683850E+00, -1.759394E-01,  5.7812E-01
300,  1.056025E+01, -1.078765E-01,  6.4062E-01
400, -7.313573E+00, -1.649201E-01,  6.5625E-01
500,  1.470337E+01, -6.178387E-03,  6.7188E-01
600, -3.178949E+00, -2.065979E-03,  8.4375E-01
700,  8.343596E+00, -2.003105E-02,  7.5000E-01
800, -7.499984E+00, -4.632762E-02,  6.4062E-01
900,  1.465926E+00, -4.256701E-02,  7.3438E-01
1000, -4.269171E-02, -5.320311E-02,  6.7188E-01
1100,  6.587259E-01, -2.081950E-02,  7.9688E-01
1200, -3.493186E+00, -2.052568E-02,  8.9062E-01
1300, -1.815557E+01, -4.051563E-02,  7.3438E-01
1400, -4.941108E+00, -3.092613E-02,  7.9688E-01
1500,  3.903173E+00, -4.400166E-02,  7.9688E-01
1600,  1.563133E+01, -5.987694E-02,  7.0312E-01
1700, -1.556680E+00, -8.347476E-03,  9.5312E-01
1800, -1.328378E+01, -1.038201E-02,  8.7500E-01
1900,  5.161860E+00, -5.537608E-02,  7.5000E-01
2000, -1.075790E+01, -3.239673E-02,  7.8125E-01
2100, -9.994866E+00, -4.329979E-02,  7.9688E-01
2200, -8.162464E+00, -3.923482E-02,  7.9688E-01
2300, -3.143231E+00, -3.685697E-02,  8.1250E-01
2400, -1.285082E+01, -2.003950E-02,  8.7500E-01
2500, -1.563420E+01, -1.192112E-02,  8.7500E-01
2600, -1.498475E+01, -1.939977E-02,  8.5938E-01
2700, -1.744398E-01, -3.662207E-03,  9.3750E-01
2800,  5.815336E+00,  3.721574E-03,  9.0625E-01
2900, -1.762424E+01, -4.619093E-02,  8.1250E-01
3000, -3.819753E+00, -6.659862E-03,  8.7500E-01
3100, -1.432142E+01, -1.448197E-02,  8.5938E-01
3200,  1.367805E+01, -2.610070E-02,  8.4375E-01
3300,  1.383583E+01, -1.627773E-03,  9.0625E-01
3400, -1.392354E+01, -4.214227E-02,  8.1250E-01
3500,  6.049169E+00, -1.031682E-02,  8.4375E-01
3600,  1.519656E+01, -2.263477E-02,  8.2812E-01
3700,  3.904123E-01, -1.802056E-02,  8.7500E-01
3800, -3.975327E+00, -2.020261E-02,  8.9062E-01
3900,  3.071754E+00,  1.050305E-02,  8.4375E-01
4000,  1.586409E+01, -4.369372E-02,  8.2812E-01
4100, -1.665447E+00, -1.911999E-02,  8.1250E-01
4200, -1.140997E+00, -2.605786E-02,  8.5938E-01
4300,  6.446866E-01, -7.985474E-03,  8.9062E-01
4400, -6.833496E+00,  3.313977E-03,  7.9688E-01
4500, -1.448710E+00, -2.198080E-02,  8.2812E-01
4600,  1.666839E+00, -1.677495E-02,  8.9062E-01
4700, -1.452470E+01, -2.567419E-02,  8.7500E-01
4800, -1.379579E+00, -3.892409E-02,  8.1250E-01
4900, -1.573329E+01, -1.135707E-02,  9.3750E-01
5000,  4.410231E-01, -1.258878E-03,  8.5938E-01
5100,  6.998515E-01,  4.497040E-03,  8.1250E-01
5200,  2.658671E-01, -2.408715E-02,  9.0625E-01
5300,  1.916459E+01, -1.073752E-02,  8.7500E-01
5400,  5.253743E+00, -1.060516E-02,  8.9062E-01
5500, -3.902459E+00, -3.140782E-03,  8.9062E-01
5600,  5.272019E+00,  3.679184E-03,  9.0625E-01
5700, -7.866369E-01, -9.240437E-03,  9.2188E-01
5800,  1.358165E+01, -1.088202E-03,  8.7500E-01
5900,  1.318491E+01, -5.803539E-03,  9.3750E-01
6000,  9.799893E+00, -3.241283E-02,  8.9062E-01
6100,  1.138435E+00, -5.108839E-02,  7.9688E-01
6200,  3.887160E+00, -4.566178E-02,  7.9688E-01
6300,  8.525105E+00, -1.883049E-02,  8.5938E-01
6400,  1.436589E+00,  4.577327E-03,  9.5312E-01
6500,  1.689629E+01, -1.545765E-02,  9.3750E-01
6600, -1.428104E+00, -7.225093E-03,  8.7500E-01
6700,  2.402681E+00, -1.962009E-02,  8.1250E-01
6800, -3.945859E+00, -1.252383E-02,  8.4375E-01
6900,  1.366084E+01, -6.247578E-03,  9.6875E-01
7000, -1.306678E+01, -4.825460E-03,  8.7500E-01
7100,  7.279539E+00, -3.807155E-02,  7.9688E-01
7200, -3.371270E+00, -3.510893E-02,  8.4375E-01
7300,  8.811472E+00, -7.199347E-04,  9.0625E-01
7400,  1.778076E+01, -3.013223E-02,  8.5938E-01
7500, -7.213145E-02, -9.844437E-03,  9.5312E-01
7600,  1.884534E+01, -7.907547E-03,  8.4375E-01
7700,  2.887366E+01, -6.408818E-03,  8.4375E-01
7800, -8.049397E+00, -1.084341E-02,  9.0625E-01
7900,  1.395076E+01, -4.728231E-03,  9.0625E-01
8000, -1.289326E+00, -1.676101E-02,  8.7500E-01
8100,  2.143713E+00, -1.118911E-02,  8.7500E-01
8200,  4.981014E+00, -2.126535E-02,  8.9062E-01
8300,  1.381533E+00, -9.536214E-03,  9.0625E-01
8400,  1.239205E+01, -4.025378E-03,  8.9062E-01
8500,  9.970554E+00, -3.076827E-02,  8.7500E-01
8600, -7.396790E+00, -4.766518E-04,  8.5938E-01
8700,  1.382429E+00, -7.107478E-03,  9.2188E-01
8800,  5.397178E+00, -2.314988E-02,  9.0625E-01
8900, -1.063184E+01, -1.168071E-02,  9.0625E-01
9000,  7.652043E+00, -3.843438E-04,  9.0625E-01
9100,  8.004608E+00, -3.310800E-02,  8.1250E-01
9200,  4.340596E+00,  4.532932E-03,  9.0625E-01
9300, -1.159755E+00, -1.668518E-02,  9.0625E-01
9400,  8.954954E+00, -2.118478E-02,  8.9062E-01
9500, -3.966520E+00, -3.810694E-03,  9.3750E-01
9600, -1.107810E+01, -1.959232E-02,  8.7500E-01
9700,  7.559415E+00, -3.788854E-03,  9.0625E-01
9800,  9.246857E+00, -1.236771E-02,  8.5938E-01
9900,  8.638678E+00,  3.002333E-04,  8.9062E-01
10000,  1.571192E+01, -5.037057E-02,  8.1250E-01
10100,  8.117962E+00, -1.527681E-02,  8.7500E-01
10200,  3.438985E+00, -2.940724E-02,  8.5938E-01
10300,  3.980933E+00, -1.330473E-02,  9.0625E-01
10400,  2.682744E+01, -2.832162E-02,  8.5938E-01
10500,  2.554283E+01, -1.967054E-02,  8.7500E-01
10600,  2.975434E+00, -3.096067E-02,  8.9062E-01
10700, -6.471273E+00, -1.640794E-03,  9.3750E-01
10800,  1.849010E+01, -3.545428E-02,  8.5938E-01
10900, -2.168445E+00, -2.388677E-02,  8.5938E-01
11000,  5.205421E+00, -3.271427E-02,  8.7500E-01
11100, -3.769251E+00, -1.294191E-02,  8.4375E-01
11200,  4.002751E+00, -7.241177E-04,  8.9062E-01
11300,  5.648643E+00, -1.157226E-02,  9.0625E-01
11400, -5.588098E-02, -2.354723E-03,  8.7500E-01
11500,  2.873527E+00, -1.323369E-02,  8.4375E-01
11600,  2.822236E+00, -1.338350E-02,  8.7500E-01
11700,  1.290480E+01, -2.305769E-02,  9.2188E-01
11800, -6.014246E+00, -2.329307E-02,  8.5938E-01
11900,  1.639156E-01, -1.690909E-02,  9.0625E-01
12000, -2.060470E+01, -7.110801E-03,  9.2188E-01
12100, -1.502839E+00, -1.228545E-02,  8.5938E-01
12200, -1.705623E-01, -2.219429E-02,  8.7500E-01
12300, -9.555465E+00, -8.473763E-03,  8.9062E-01
12400, -9.280891E-01, -3.012062E-02,  8.4375E-01
12500,  9.509171E+00, -8.992435E-03,  9.3750E-01
12600,  7.134545E+00, -2.465773E-02,  8.5938E-01
12700,  1.802543E+00, -2.530435E-02,  8.5938E-01
12800,  3.582280E+00, -2.750963E-02,  8.5938E-01
12900,  3.049893E+00, -1.021151E-02,  9.0625E-01
13000, -2.636102E+00, -2.345114E-02,  9.0625E-01
13100,  3.378255E-01, -2.216402E-02,  8.1250E-01
13200, -8.090348E+00, -1.765120E-02,  9.0625E-01
13300,  9.002035E+00,  6.227097E-03,  9.2188E-01
13400,  3.143504E+00, -7.682595E-03,  9.2188E-01
13500,  4.813079E+00, -3.241943E-03,  9.2188E-01
13600,  9.102549E-01, -3.533229E-02,  9.2188E-01
13700, -7.179461E+00, -2.724873E-02,  9.0625E-01
13800,  5.118933E+00, -1.874089E-02,  8.7500E-01
13900,  2.582993E+00, -1.686639E-02,  9.0625E-01
14000, -2.482672E+00, -2.517154E-02,  8.4375E-01
14100,  7.012442E+00, -4.814357E-03,  8.7500E-01
14200,  1.469007E+00, -2.129211E-02,  9.3750E-01
14300,  4.658716E+00,  2.653040E-03,  8.7500E-01
14400,  6.272589E+00, -9.967444E-03,  9.0625E-01
14500, -9.605325E-01, -3.418903E-02,  8.9062E-01
14600,  9.245543E+00, -1.644158E-02,  9.3750E-01
14700, -9.581115E+00, -2.837306E-02,  9.0625E-01
14800,  3.381653E+00, -1.340617E-02,  9.0625E-01
14900,  1.980360E+01, -1.683746E-02,  8.7500E-01
15000, -9.318014E+00, -4.406007E-02,  8.7500E-01
15100, -4.947552E-02, -3.389654E-03,  9.2188E-01
15200,  3.939121E+00,  4.331116E-05,  9.2188E-01
15300,  2.559758E+01, -4.364336E-02,  7.9688E-01
15400,  1.281699E+00,  3.103442E-03,  9.0625E-01
15500,  2.058415E+00, -2.866654E-02,  8.4375E-01
15600, -4.877946E+00, -1.288217E-02,  8.9062E-01
15700,  3.734151E-01, -1.039147E-02,  9.0625E-01
15800,  9.012548E+00, -4.071210E-03,  9.2188E-01
15900,  8.169472E+00,  4.432154E-03,  9.3750E-01
16000,  5.103698E+00, -1.855160E-02,  9.0625E-01
16100,  7.869298E+00, -4.656206E-02,  8.7500E-01
16200, -7.752186E+00, -2.164843E-02,  8.7500E-01
16300,  4.246875E+00, -2.159093E-02,  8.2812E-01
16400, -2.484244E+00, -1.855552E-02,  9.0625E-01
16500,  1.094944E+00, -3.212001E-02,  8.7500E-01
16600,  3.576423E+00, -2.043042E-02,  8.9062E-01
16700,  1.278841E+01, -2.037416E-02,  8.5938E-01
16800, -3.263898E-01,  4.612068E-03,  8.5938E-01
16900,  5.059434E+00, -1.208461E-02,  8.7500E-01
17000,  6.768074E+00, -1.275549E-03,  9.3750E-01
17100,  2.597040E+00,  1.235854E-02,  9.3750E-01
17200, -7.692377E+00, -1.865777E-02,  9.2188E-01
17300,  4.231414E+00, -1.928263E-02,  8.9062E-01
17400,  3.207051E+00, -1.232797E-02,  9.2188E-01
17500, -2.982773E+00,  2.204617E-03,  8.9062E-01
17600,  4.964882E+00, -1.561059E-02,  8.5938E-01
17700,  4.689227E+00, -2.450477E-02,  8.9062E-01
17800,  8.947895E+00, -1.629656E-02,  9.3750E-01
17900, -3.564003E+00, -2.714587E-02,  8.7500E-01
18000,  7.712567E+00, -3.978845E-03,  9.2188E-01
18100,  2.653265E+00, -3.803402E-02,  8.2812E-01
18200, -5.448376E+00, -1.029333E-02,  9.3750E-01
18300, -1.273502E+00, -4.800836E-03,  8.9062E-01
18400,  1.547725E+00, -1.027789E-02,  9.0625E-01
18500, -4.644093E+00, -1.407563E-02,  8.9062E-01
18600,  2.985586E+00, -1.473753E-02,  9.0625E-01
18700, -1.595257E+00, -2.177212E-02,  8.7500E-01
18800,  9.116693E-01, -3.947196E-02,  8.5938E-01
18900, -2.592513E+00, -1.056887E-03,  9.3750E-01
19000,  7.511908E+00, -2.224002E-03,  9.3750E-01
19100,  1.291968E+00,  1.519575E-03,  9.2188E-01
19200,  9.113613E+00, -1.923894E-02,  8.7500E-01
19300,  1.507713E+01, -2.986846E-02,  8.7500E-01
19400,  3.896146E+00, -4.078886E-03,  9.2188E-01
19500,  1.283850E+01, -3.710792E-02,  7.8125E-01
19600,  6.080034E+00, -9.114539E-03,  9.2188E-01
19700,  7.439986E+00, -3.749854E-03,  9.0625E-01
19800,  7.515533E+00, -7.021346E-03,  9.0625E-01
19900,  2.163555E+00, -1.057693E-02,  8.9062E-01
20000,  6.637518E+00, -4.044957E-02,  8.9062E-01
20100,  3.953129E+00, -5.710368E-03,  9.0625E-01
20200,  6.371512E+00, -3.852408E-03,  9.3750E-01
20300, -4.723975E+00, -2.689953E-02,  9.2188E-01
20400, -5.162459E+00, -1.156533E-02,  9.2188E-01
20500,  1.064041E+00, -2.520909E-02,  8.7500E-01
20600, -3.276047E+00, -9.268524E-03,  8.9062E-01
20700,  8.376201E+00, -1.481109E-02,  8.9062E-01
20800, -6.074248E+00, -4.841867E-02,  8.2812E-01
20900, -3.236360E+00, -3.795557E-03,  9.3750E-01
21000,  3.176558E+00, -1.295993E-02,  8.5938E-01
21100,  1.147008E+00, -1.406196E-02,  9.0625E-01
21200, -7.561480E+00, -1.489983E-02,  9.0625E-01
21300,  2.959255E+00,  3.364813E-04,  9.0625E-01
21400,  8.658509E+00, -6.362129E-03,  8.9062E-01
21500,  1.155253E+01, -1.023031E-02,  9.3750E-01
21600,  5.254167E+00, -2.436150E-02,  8.9062E-01
21700, -7.767131E+00, -2.787616E-02,  8.7500E-01
21800,  1.664856E+00, -3.282114E-02,  8.4375E-01
21900,  2.159372E+00, -5.780718E-02,  8.1250E-01
22000,  7.780250E+00, -9.255115E-03,  9.5312E-01
22100,  1.117748E+00, -2.751491E-02,  8.9062E-01
22200, -2.386583E-01, -1.360171E-02,  8.7500E-01
22300,  2.683290E+00, -1.849334E-02,  8.7500E-01
22400,  8.390434E+00, -1.089943E-02,  9.0625E-01
22500, -1.642938E-01,  1.038095E-03,  9.8438E-01
22600,  1.548472E+00, -2.619793E-02,  8.9062E-01
22700,  4.628069E+00, -2.451264E-02,  8.5938E-01
22800,  8.392667E+00, -7.988267E-03,  8.7500E-01
22900, -3.223853E-01, -1.948257E-02,  9.0625E-01
23000,  3.128240E+00, -3.809420E-02,  8.7500E-01
23100,  2.243375E+00, -4.182915E-02,  8.5938E-01
23200, -6.123946E-01, -3.689172E-02,  8.2812E-01
23300, -4.851548E+00, -1.351926E-02,  9.3750E-01
23400,  6.675366E+00, -3.537644E-02,  8.5938E-01
23500, -1.161251E+01, -1.372878E-02,  9.0625E-01
23600, -2.394949E+00, -4.156645E-02,  8.2812E-01
23700, -3.571741E+00, -1.280085E-02,  9.0625E-01
23800,  4.524532E-01, -1.744334E-02,  8.7500E-01
23900, -2.464634E+00, -4.784839E-02,  8.2812E-01
24000, -3.039115E+00,  7.822501E-03,  9.0625E-01
24100, -2.080235E+00, -3.443968E-03,  9.3750E-01
24200, -2.378827E+00, -1.992722E-02,  8.9062E-01
24300,  3.049392E-01, -3.194425E-02,  9.0625E-01
24400,  1.322898E-01, -2.116126E-02,  8.5938E-01
24500,  3.754092E+00, -2.430253E-02,  9.2188E-01
24600, -2.884883E-01, -1.843677E-02,  9.0625E-01
24700,  2.464453E+00, -2.370317E-03,  9.3750E-01
24800,  1.309096E+00,  8.738998E-03,  8.9062E-01
24900,  6.448460E-01, -2.896358E-03,  9.3750E-01
25000,  8.864883E+00, -2.092055E-02,  8.7500E-01
25100,  7.556007E+00, -4.747900E-02,  8.5938E-01
25200, -5.396556E+00, -2.358171E-02,  8.4375E-01
25300, -1.892240E+00, -1.434521E-02,  9.2188E-01
25400,  7.057142E+00, -2.113396E-02,  9.2188E-01
25500, -1.072480E+00, -5.391096E-02,  8.1250E-01
25600, -7.672937E-01, -2.516392E-03,  8.9062E-01
25700,  2.664276E+00, -9.413020E-03,  9.3750E-01
25800,  5.880591E+00, -1.039984E-02,  9.2188E-01
25900,  8.724806E+00,  3.374792E-03,  8.9062E-01
26000,  3.902192E+00, -2.783504E-02,  9.0625E-01
26100, -1.238042E+00, -1.446588E-02,  9.5312E-01
26200,  7.936003E+00, -7.851989E-03,  9.2188E-01
26300,  3.585672E+00, -2.652343E-02,  8.5938E-01
26400,  7.823758E-01, -3.696292E-02,  8.7500E-01
26500,  1.382949E+01, -3.682635E-03,  8.9062E-01
26600,  3.918546E+00, -1.347284E-02,  9.3750E-01
26700,  2.427927E+00, -2.163751E-02,  9.2188E-01
26800, -2.275151E+00, -5.759783E-03,  9.3750E-01
26900,  7.478555E+00, -4.429618E-03,  9.6875E-01
27000,  3.205551E+00, -4.534681E-02,  8.7500E-01
27100,  8.551516E+00,  2.503640E-03,  9.6875E-01
27200,  7.276307E+00, -3.501277E-02,  9.0625E-01
27300,  2.655141E+00, -1.375352E-02,  8.9062E-01
27400, -4.522631E+00, -2.308757E-02,  8.7500E-01
27500,  8.899679E+00, -2.238167E-02,  8.9062E-01
27600,  4.226709E+00, -3.635713E-03,  9.5312E-01
27700,  3.864048E+00,  6.291395E-03,  9.3750E-01
27800,  1.879676E-01, -2.318858E-02,  9.2188E-01
27900, -1.740443E-01, -1.827720E-02,  8.5938E-01
28000, -2.178082E+00, -7.493353E-03,  9.5312E-01
28100,  3.671093E+00,  1.921153E-03,  9.2188E-01
28200, -7.919518E+00, -2.036251E-02,  8.5938E-01
28300, -1.793923E+00, -2.192800E-02,  9.2188E-01
28400,  5.352715E+00, -9.426165E-03,  9.3750E-01
28500, -4.009929E-01,  1.263177E-02,  9.0625E-01
28600,  3.942242E+00, -1.340727E-02,  8.7500E-01
28700,  6.968796E+00, -2.108651E-02,  9.3750E-01
28800,  7.056049E+00, -2.493738E-02,  8.9062E-01
28900,  6.317927E+00, -2.955765E-02,  8.5938E-01
29000,  9.041005E+00, -1.905242E-02,  8.9062E-01
29100,  5.197122E+00, -1.491042E-02,  9.2188E-01
29200,  4.343052E+00, -1.064849E-02,  9.3750E-01
29300,  3.704615E+00,  4.676050E-03,  9.5312E-01
29400,  1.119848E+01, -2.654880E-02,  8.7500E-01
29500,  1.250733E+00, -6.920444E-03,  8.7500E-01
29600,  1.677377E+01, -2.630123E-02,  8.5938E-01
29700,  5.552581E+00, -2.809399E-03,  9.3750E-01
29800,  5.697704E+00, -5.507995E-03,  9.6875E-01
29900,  1.356454E+01, -3.668249E-02,  8.5938E-01
30000, -2.581713E+00,  1.532717E-02,  9.5312E-01
30100,  2.841787E+00, -5.115633E-02,  8.1250E-01
30200,  2.793478E+00, -2.218289E-03,  8.7500E-01
30300,  8.681095E+00, -8.921346E-03,  9.6875E-01
30400,  6.902699E+00,  1.354222E-03,  9.5312E-01
30500,  6.218627E+00, -2.761500E-02,  8.2812E-01
30600,  7.887257E+00, -1.686036E-02,  9.5312E-01
30700,  1.200849E+01, -1.420703E-02,  9.2188E-01
30800, -2.600832E+00,  1.010992E-02,  9.3750E-01
30900,  4.786946E+00, -1.949720E-02,  9.0625E-01
31000,  3.656543E+00, -3.231853E-02,  8.5938E-01
31100,  7.154961E+00, -4.023187E-03,  9.0625E-01
31200,  2.315145E+00, -2.019721E-02,  8.9062E-01
31300,  1.029575E+01, -4.211707E-02,  8.4375E-01
31400,  4.662082E+00, -3.873568E-02,  8.5938E-01
31500,  4.094571E+00, -3.048487E-02,  8.4375E-01
31600,  2.713644E+00, -3.395763E-02,  8.7500E-01
31700,  1.058767E+00, -1.609020E-03,  9.5312E-01
31800,  1.284332E+01, -2.245222E-02,  8.9062E-01
31900,  5.815377E+00, -3.122286E-03,  9.5312E-01
32000,  8.113006E+00, -2.550695E-02,  9.0625E-01
32100,  8.492083E+00, -7.988769E-03,  9.2188E-01
32200,  5.336447E+00, -2.256631E-02,  8.4375E-01
32300,  5.662352E+00, -2.075261E-02,  9.2188E-01
32400,  8.488654E+00, -8.415807E-03,  9.3750E-01
32500,  1.191223E+01, -4.044108E-02,  8.5938E-01
32600,  1.278919E+01, -3.176093E-02,  9.2188E-01
32700,  2.068733E+01, -3.919236E-02,  7.9688E-01
32800,  1.794698E+01, -2.748636E-02,  9.2188E-01
32900,  8.398119E+00, -3.195780E-02,  8.5938E-01
33000,  2.744443E+00, -1.883455E-02,  8.1250E-01
33100,  1.599863E+00, -7.468171E-03,  9.3750E-01
33200,  4.577041E+00, -1.615242E-02,  9.5312E-01
33300,  1.062190E+01, -2.844743E-02,  8.5938E-01
33400,  4.234457E+00, -1.390570E-02,  9.3750E-01
33500,  8.267726E+00,  9.718258E-04,  9.2188E-01
33600,  1.633276E+00, -2.557005E-02,  8.5938E-01
33700,  7.031775E+00, -2.013569E-02,  8.2812E-01
33800,  8.253729E+00, -1.881343E-03,  9.3750E-01
33900, -5.538940E+00, -4.209644E-02,  8.4375E-01
34000,  5.748175E+00, -1.438562E-02,  9.3750E-01
34100, -1.183762E+00, -6.574754E-03,  9.0625E-01
34200,  2.313751E-01, -1.732931E-04,  9.5312E-01
34300,  3.793080E+00, -4.901273E-02,  8.5938E-01
34400, -1.630704E+00, -1.869552E-02,  9.0625E-01
34500,  9.047197E+00, -2.566874E-02,  9.0625E-01
34600,  3.670841E+00, -6.095039E-03,  9.3750E-01
34700, -1.103507E+01, -1.463808E-02,  9.0625E-01
34800, -4.765329E+00, -5.153282E-02,  8.4375E-01
34900, -3.149826E+00, -4.127301E-02,  8.4375E-01
35000,  1.253723E+00, -1.596359E-02,  9.2188E-01
35100,  3.233649E+00, -1.940964E-02,  9.2188E-01
35200, -1.959051E+00, -2.415777E-02,  9.2188E-01
35300, -6.604245E+00, -3.619701E-02,  8.5938E-01
35400,  3.219686E+00, -1.985431E-02,  9.3750E-01
35500,  4.385341E-01, -1.222650E-02,  9.0625E-01
35600, -5.302373E+00, -3.322541E-02,  8.7500E-01
35700, -1.161998E+00, -2.581008E-02,  8.7500E-01
35800,  5.793329E+00, -1.959637E-03,  9.0625E-01
35900,  3.558069E+00,  4.033464E-03,  9.2188E-01
36000, -2.749469E+00, -1.376597E-02,  9.0625E-01
36100,  4.561958E+00, -2.497516E-02,  9.2188E-01
36200,  5.551523E+00,  5.312976E-04,  9.8438E-01
36300,  3.909680E+00, -1.775074E-02,  8.9062E-01
36400,  4.956874E+00, -2.384637E-02,  9.2188E-01
36500, -6.620506E-01, -1.666814E-02,  9.2188E-01
36600,  4.922790E+00, -4.032569E-03,  9.0625E-01
36700,  4.324517E+00, -1.349663E-02,  9.3750E-01
36800, -4.858285E+00, -6.272588E-04,  9.2188E-01
36900,  4.161839E+00, -7.422430E-03,  9.2188E-01
37000,  6.419793E+00, -3.362696E-03,  9.2188E-01
37100,  4.136447E+00, -5.161273E-02,  8.4375E-01
37200,  6.778588E+00, -4.309534E-02,  7.8125E-01
37300,  6.274633E+00, -3.750018E-02,  8.5938E-01
37400,  4.331322E+00, -4.974259E-03,  8.9062E-01
37500,  9.402525E-01, -4.155667E-02,  8.9062E-01
37600,  3.569345E+00, -1.347429E-02,  9.3750E-01
37700,  5.820988E+00, -1.655380E-02,  9.2188E-01
37800, -6.505088E+00, -3.365824E-02,  9.2188E-01
37900,  1.036662E+00, -1.102363E-02,  9.0625E-01
38000,  5.744039E+00, -3.061548E-02,  9.0625E-01
38100,  2.376063E+00, -1.596916E-02,  9.3750E-01
38200,  7.089725E+00, -1.579094E-02,  8.7500E-01
38300,  7.275164E-01, -2.136326E-02,  8.9062E-01
38400,  9.023596E+00, -2.476657E-02,  9.2188E-01
38500,  5.103567E+00, -3.090820E-02,  8.9062E-01
38600, -5.276704E+00, -1.831115E-03,  8.9062E-01
38700, -2.249928E+00, -8.063857E-04,  9.5312E-01
38800,  6.656093E+00, -1.359574E-02,  9.2188E-01
38900,  4.498123E+00,  1.133510E-02,  9.8438E-01
39000,  3.956341E+00, -5.136952E-04,  9.0625E-01
39100,  7.984632E-01, -3.478123E-02,  8.9062E-01
39200, -5.401121E-01, -1.547909E-02,  9.0625E-01
39300,  6.468841E+00, -2.785912E-02,  9.0625E-01
39400,  1.049813E+01, -5.055790E-02,  7.9688E-01
39500,  6.486433E+00, -2.274203E-02,  8.9062E-01
39600,  4.866590E+00, -3.994237E-02,  8.7500E-01
39700, -2.345298E+00, -1.245062E-02,  9.2188E-01
39800,  3.371886E+00, -1.900000E-02,  8.9062E-01
39900,  7.399623E+00, -9.018702E-03,  9.0625E-01
40000,  1.980051E-01, -1.591948E-02,  9.2188E-01
40100,  1.326190E+00, -7.584605E-03,  9.5312E-01
40200,  2.555783E+00, -3.753581E-02,  8.9062E-01
40300,  7.737240E+00, -1.757144E-02,  8.9062E-01
40400,  6.542264E+00, -2.164430E-02,  8.4375E-01
40500, -2.815986E+00, -2.286381E-02,  8.7500E-01
40600,  4.813613E+00, -1.922586E-02,  8.5938E-01
40700, -1.798940E-01, -1.952621E-02,  9.0625E-01
40800,  5.357301E+00, -5.459739E-02,  8.2812E-01
40900,  4.798406E+00, -1.317604E-02,  8.9062E-01
41000,  6.145902E-02, -1.769965E-02,  9.2188E-01
41100,  7.946429E+00, -2.317322E-02,  9.0625E-01
41200,  1.212441E+00, -1.516940E-02,  9.5312E-01
41300,  8.330496E+00,  1.958112E-03,  9.5312E-01
41400,  6.945351E+00, -3.343648E-02,  9.2188E-01
41500,  1.144416E+01,  3.702801E-03,  9.5312E-01
41600,  6.229156E+00, -2.449943E-03,  9.8438E-01
41700,  6.879208E+00, -3.489226E-02,  8.9062E-01
41800,  2.776682E+00, -7.252570E-03,  9.0625E-01
41900,  8.272211E+00, -1.378123E-02,  9.0625E-01
42000,  1.377204E+01, -9.060317E-03,  9.3750E-01
42100,  1.138356E+01, -1.766411E-02,  8.7500E-01
42200,  1.526920E+01, -3.823521E-03,  9.5312E-01
42300,  9.273609E+00, -3.116098E-02,  8.5938E-01
42400,  5.528617E+00,  4.181451E-03,  9.3750E-01
42500,  9.743219E+00, -3.756883E-02,  8.9062E-01
42600,  1.240851E+01, -2.867954E-02,  9.0625E-01
42700,  9.322113E+00, -6.734665E-03,  9.5312E-01
42800,  2.699361E+00, -4.401909E-02,  8.1250E-01
42900, -8.858789E-01, -4.273304E-02,  8.4375E-01
43000,  1.368173E+00, -2.821968E-02,  9.0625E-01
43100,  1.273795E+01, -4.655994E-03,  8.9062E-01
43200,  8.909508E+00, -5.255200E-02,  8.1250E-01
43300,  7.877138E+00, -4.257756E-02,  8.5938E-01
43400,  1.136480E+01, -1.238381E-02,  9.2188E-01
43500,  6.107764E+00, -1.432690E-03,  9.2188E-01
43600,  1.315453E+01, -4.243935E-04,  9.0625E-01
43700,  1.136861E+01, -5.210071E-03,  8.9062E-01
43800,  9.914639E+00, -3.494994E-02,  8.7500E-01
43900,  5.459718E+00, -5.621024E-03,  8.9062E-01
44000, -3.616663E-01, -1.757963E-02,  9.2188E-01
44100,  9.012693E+00, -3.117828E-02,  8.5938E-01
44200,  1.148288E+01, -1.603232E-02,  8.9062E-01
44300,  7.949781E+00, -3.985706E-02,  8.7500E-01
44400,  1.107066E+01, -1.647982E-02,  9.2188E-01
44500,  6.481367E+00, -6.597115E-03,  9.0625E-01
44600,  8.943122E+00, -1.865525E-02,  9.2188E-01
44700,  7.146167E+00, -3.341644E-02,  8.7500E-01
44800,  4.611508E+00,  3.719015E-03,  9.3750E-01
44900,  7.106345E+00, -1.419345E-02,  8.5938E-01
45000,  8.471128E+00, -2.873598E-03,  9.5312E-01
45100,  2.815613E+00, -6.052163E-02,  8.7500E-01
45200,  1.363482E+01, -2.007436E-02,  9.2188E-01
45300,  6.625301E+00, -4.058431E-02,  8.9062E-01
45400,  9.333695E+00, -1.081376E-02,  9.0625E-01
45500,  7.430174E+00, -2.474699E-02,  8.4375E-01
45600,  1.904368E-01, -2.338837E-02,  9.2188E-01
45700,  1.021402E+00, -1.482262E-02,  9.3750E-01
45800,  4.397808E+00,  8.840649E-03,  9.8438E-01
45900,  3.467381E+00, -2.929624E-02,  9.2188E-01
46000,  3.712971E+00, -1.884764E-03,  9.2188E-01
46100,  2.402417E+00, -1.874799E-02,  9.2188E-01
46200,  4.746389E+00, -2.383032E-02,  8.7500E-01
46300,  1.100438E+00, -1.806679E-02,  8.5938E-01
46400, -7.202572E+00, -9.421448E-03,  9.3750E-01
46500,  3.311935E+00, -1.706258E-02,  9.0625E-01
46600, -5.481517E-01, -2.292886E-02,  9.2188E-01
46700,  4.990060E+00, -2.915145E-03,  9.6875E-01
46800,  2.191257E+00, -1.249509E-03,  9.6875E-01
46900,  3.556196E+00, -1.476353E-02,  9.2188E-01
47000,  3.961744E+00, -3.022278E-02,  9.0625E-01
47100,  5.754286E+00, -2.349948E-02,  8.7500E-01
47200,  6.558989E-01, -2.628098E-02,  9.0625E-01
47300,  7.582026E+00, -1.463347E-02,  8.7500E-01
47400,  4.555812E+00, -8.489417E-03,  9.2188E-01
47500,  2.198150E+00, -3.891665E-02,  9.0625E-01
47600,  7.833251E+00, -1.400523E-02,  8.9062E-01
47700,  6.320248E+00, -3.149647E-02,  8.9062E-01
47800,  4.253095E+00, -1.123390E-02,  9.0625E-01
47900,  2.817013E-01, -3.305835E-02,  8.5938E-01
48000,  4.420779E-01, -7.228844E-03,  8.9062E-01
48100,  5.592027E+00, -2.790470E-02,  8.5938E-01
48200,  6.885978E+00, -4.583466E-03,  9.5312E-01
48300,  3.301432E+00, -1.751771E-02,  9.0625E-01
48400,  3.250206E+00, -2.413971E-02,  8.7500E-01
48500,  4.035596E+00, -2.429417E-02,  9.3750E-01
48600,  2.757532E+00, -1.469581E-02,  9.2188E-01
48700,  5.738882E+00, -1.735070E-02,  9.2188E-01
48800,  6.736533E+00, -1.648388E-02,  9.5312E-01
48900,  1.262731E+01, -3.540600E-02,  7.9688E-01
49000,  4.606121E+00, -1.398829E-02,  8.2812E-01
49100,  5.474290E+00, -3.618746E-02,  8.9062E-01
49200,  8.876989E+00, -1.462274E-02,  9.3750E-01
49300,  5.852775E+00, -2.140740E-03,  9.2188E-01
49400,  9.135198E+00, -4.314449E-02,  8.5938E-01
49500,  9.578593E+00, -1.971318E-02,  9.3750E-01
49600,  1.254721E+01, -1.602597E-02,  9.5312E-01
49700,  6.673684E+00, -1.138069E-02,  8.9062E-01
49800,  5.002697E+00, -1.094718E-02,  8.7500E-01
49900,  7.624396E-01, -4.140427E-02,  8.4375E-01
50000,  1.638521E+00, -2.123357E-02,  9.2188E-01
50100,  1.940456E-01, -2.000129E-02,  8.5938E-01
50200,  3.521337E+00, -3.431822E-02,  8.5938E-01
50300,  1.522167E+00, -4.630487E-03,  9.3750E-01
50400,  7.537735E+00, -9.046597E-04,  9.3750E-01
50500, -4.094081E+00, -1.703866E-02,  9.0625E-01
50600, -8.637093E-02, -1.308245E-02,  9.2188E-01
50700,  2.569346E+00, -2.883462E-02,  8.9062E-01
50800,  4.705175E+00,  1.588954E-02,  8.7500E-01
50900,  5.561603E+00, -5.590885E-02,  8.2812E-01
51000,  8.140926E-01, -1.255590E-02,  9.2188E-01
51100, -1.214913E+00, -3.263452E-02,  9.0625E-01
51200,  5.021739E+00, -1.969012E-02,  9.3750E-01
51300,  3.546713E+00, -1.089178E-02,  9.2188E-01
51400,  5.454360E+00, -3.529026E-03,  9.2188E-01
51500,  5.980695E+00, -2.926382E-03,  9.5312E-01
51600, -9.906504E-01, -2.122505E-02,  9.0625E-01
51700,  5.919641E+00, -3.288821E-02,  8.2812E-01
51800,  2.135326E+00, -1.666461E-02,  9.3750E-01
51900,  1.047682E+00, -4.800848E-02,  8.7500E-01
52000,  2.341959E+00, -8.384582E-03,  9.2188E-01
52100,  3.038050E+00, -1.082848E-02,  9.2188E-01
52200, -1.600566E+00, -2.219799E-02,  9.0625E-01
52300,  6.627447E-01, -6.318980E-02,  8.4375E-01
52400,  1.131016E+00, -2.950241E-02,  9.2188E-01
52500, -9.986991E-01, -2.517048E-02,  8.9062E-01
52600,  3.949462E+00, -2.318475E-02,  9.2188E-01
52700, -3.120254E+00,  1.012173E-02,  1.0000E+00
52800,  4.723600E+00, -1.233017E-02,  9.3750E-01
52900,  7.794791E+00, -3.850776E-02,  8.4375E-01
53000, -3.372842E+00, -1.465085E-02,  9.2188E-01
53100,  1.357811E+00, -2.191824E-02,  8.5938E-01
53200,  3.905804E+00, -4.077482E-02,  8.9062E-01
53300,  5.658645E+00, -2.041980E-02,  9.2188E-01
53400,  5.015380E+00, -1.818743E-02,  9.2188E-01
53500,  5.144734E+00, -2.721920E-02,  9.0625E-01
53600,  2.793208E+00, -1.109612E-02,  8.7500E-01
53700,  7.057808E+00, -3.833830E-02,  8.4375E-01
53800,  3.417638E+00,  1.151986E-03,  9.3750E-01
53900, -2.803967E+00, -1.751155E-02,  8.7500E-01
54000, -3.619974E+00, -2.335820E-02,  8.9062E-01
54100,  1.103282E+00, -1.463448E-02,  9.2188E-01
54200,  2.038589E+00,  1.334996E-02,  9.5312E-01
54300,  3.410946E+00, -3.119681E-02,  8.2812E-01
54400,  6.062120E+00, -1.025387E-02,  9.0625E-01
54500,  5.091767E+00, -8.447083E-03,  9.2188E-01
54600,  5.982613E+00, -1.864386E-02,  8.7500E-01
54700,  5.125576E+00, -2.727629E-02,  9.2188E-01
54800,  1.512891E+00, -1.839871E-02,  9.0625E-01
54900,  1.084072E-01, -2.430657E-02,  8.9062E-01
55000,  4.667319E+00, -4.231793E-02,  8.4375E-01
55100, -3.812212E+00, -1.026550E-02,  9.0625E-01
55200,  2.205789E+00, -2.912734E-02,  9.2188E-01
55300,  3.894005E+00, -6.940676E-03,  9.6875E-01
55400, -2.422200E+00, -2.476377E-02,  8.1250E-01
55500, -1.110343E+00, -1.059259E-02,  8.9062E-01
55600,  3.152473E+00, -6.549861E-04,  9.8438E-01
55700,  4.973164E+00,  1.437149E-03,  9.6875E-01
55800,  5.959006E+00, -1.477243E-02,  9.5312E-01
55900, -2.853410E+00, -3.401713E-02,  8.7500E-01
56000,  2.378630E+00, -1.263251E-02,  9.2188E-01
56100,  6.434409E+00, -2.377793E-02,  9.2188E-01
56200,  5.286618E+00, -1.482359E-02,  9.2188E-01
56300,  6.285095E+00, -4.177123E-02,  8.4375E-01
56400,  7.881755E+00, -1.844176E-02,  8.9062E-01
56500,  5.203314E+00, -3.839833E-02,  8.5938E-01
56600,  3.476968E+00, -2.179156E-02,  9.2188E-01
56700, -1.308351E+01, -4.094150E-04,  9.0625E-01
56800,  2.251663E+00, -8.035595E-03,  9.2188E-01
56900,  1.962061E+00, -1.097306E-02,  9.3750E-01
57000,  1.301970E+00, -4.082744E-02,  8.4375E-01
57100, -1.596975E+00, -3.176979E-02,  8.1250E-01
57200, -1.328566E+00, -2.177612E-02,  9.2188E-01
57300,  4.203729E+00, -6.312215E-03,  9.2188E-01
57400,  7.477010E+00, -3.241114E-02,  8.5938E-01
57500,  2.396598E+00, -3.606774E-02,  8.7500E-01
57600,  3.742553E+00, -1.286535E-02,  9.0625E-01
57700,  3.332706E+00, -2.435560E-02,  9.2188E-01
57800,  3.478478E+00, -2.989618E-02,  8.5938E-01
57900,  2.450456E+00, -3.748105E-02,  8.4375E-01
58000,  2.405527E+00, -1.355776E-02,  9.0625E-01
58100,  2.102711E+00, -3.327825E-02,  8.2812E-01
58200,  3.436147E+00, -9.685534E-03,  9.0625E-01
58300,  1.631008E+00, -3.990816E-02,  8.7500E-01
58400,  6.388352E-01, -6.510011E-03,  8.9062E-01
58500,  4.820163E+00, -1.718376E-02,  9.3750E-01
58600, -4.238421E-01,  8.851354E-03,  9.5312E-01
58700, -1.257267E-01, -3.207382E-03,  8.7500E-01
58800,  1.705202E-01, -2.421302E-02,  8.9062E-01
58900,  2.303461E-01, -1.025824E-02,  9.5312E-01
59000, -6.355654E-01, -1.215011E-02,  9.2188E-01
59100,  5.453550E+00,  7.893411E-03,  9.3750E-01
59200,  5.725343E-01, -3.733627E-02,  9.0625E-01
59300,  1.459164E+00, -3.217804E-02,  8.5938E-01
59400,  1.679753E+00, -1.458394E-02,  8.4375E-01
59500, -4.556881E+00, -2.995818E-02,  8.9062E-01
59600, -1.802079E+00, -2.092716E-02,  9.5312E-01
59700,  8.288547E-03, -1.734442E-02,  9.3750E-01
59800, -6.922146E-01, -5.715789E-03,  9.0625E-01
59900, -2.645977E+00, -1.239599E-02,  9.0625E-01
60000,  2.083765E+00, -3.031387E-02,  8.7500E-01
60100,  5.018272E+00, -4.458916E-02,  7.8125E-01
60200,  7.870749E-01, -1.043505E-02,  9.0625E-01
60300,  1.450522E+00, -3.560381E-03,  9.3750E-01
60400,  3.367058E+00, -6.187615E-03,  9.2188E-01
60500,  4.381505E+00, -1.818336E-02,  9.3750E-01
60600,  5.140421E+00, -9.469112E-03,  9.3750E-01
60700, -5.063322E-02, -1.302017E-02,  9.2188E-01
60800, -2.250401E+00, -3.745539E-02,  8.4375E-01
60900, -1.182801E+00, -3.222625E-02,  9.0625E-01
61000, -4.976696E+00, -2.709628E-02,  9.0625E-01
61100,  2.017710E+00, -3.709991E-02,  9.0625E-01
61200, -1.617601E+00, -1.197375E-02,  9.3750E-01
61300, -3.231719E+00, -6.457799E-03,  9.0625E-01
61400, -7.627711E+00, -1.870627E-02,  9.0625E-01
61500, -8.074903E+00,  3.460856E-03,  9.6875E-01
61600,  2.470623E+00,  7.116236E-05,  9.0625E-01
61700, -3.600780E+00, -2.374661E-03,  9.5312E-01
61800, -6.668555E+00, -3.684947E-02,  9.0625E-01
61900, -5.537692E+00, -1.283404E-02,  8.9062E-01
62000, -4.758106E+00, -2.673974E-02,  8.9062E-01
62100, -3.108415E+00, -5.757622E-02,  8.5938E-01
62200, -8.652000E+00, -2.122223E-02,  9.5312E-01
62300, -3.503031E+00, -1.805967E-02,  9.2188E-01
62400, -1.032574E+00, -3.995593E-02,  8.7500E-01
62500, -1.408956E+00, -2.745213E-02,  9.0625E-01
62600, -4.064008E+00,  6.008710E-03,  9.0625E-01
62700, -9.095654E+00, -3.867490E-03,  9.2188E-01
62800, -8.900045E+00, -8.788584E-03,  9.2188E-01
62900, -3.843639E+00, -3.530678E-02,  8.7500E-01
63000,  2.902545E-02, -4.995345E-02,  8.5938E-01
63100,  2.219756E+00, -2.270964E-02,  8.7500E-01
63200, -1.653708E+00,  3.708620E-03,  9.6875E-01
63300, -2.394249E+00, -4.401769E-02,  8.7500E-01
63400, -2.140293E-01, -2.836799E-02,  8.4375E-01
63500, -2.224780E+00, -2.482910E-02,  8.9062E-01
63600,  5.904423E-01, -7.661258E-03,  9.2188E-01
63700, -2.045110E-01, -5.488846E-03,  9.5312E-01
63800, -1.069224E-01, -1.867584E-02,  9.2188E-01
63900,  5.829028E-01,  1.282046E-02,  9.5312E-01
64000,  1.065179E+00, -1.788972E-02,  9.2188E-01
64100, -5.172915E+00, -6.270209E-03,  9.3750E-01
64200, -1.650104E+00, -2.088642E-02,  8.7500E-01
64300, -4.548915E+00, -9.335751E-03,  8.9062E-01
64400, -4.527193E+00, -3.310816E-03,  9.2188E-01
64500, -1.577090E+00, -3.185644E-02,  8.9062E-01
64600,  1.317509E+00, -3.847619E-02,  8.5938E-01
64700, -8.839397E+00, -1.862532E-02,  9.0625E-01
64800,  5.817154E-02,  2.189977E-04,  9.0625E-01
64900, -1.533567E+00, -5.431621E-02,  8.5938E-01
65000, -1.461370E-01, -1.893762E-03,  9.5312E-01
65100, -3.655897E+00, -4.586005E-03,  9.2188E-01
65200,  2.004127E+00, -4.036436E-02,  8.7500E-01
65300,  2.766086E+00,  3.727795E-03,  9.3750E-01
65400, -1.912786E+00, -3.381657E-02,  9.0625E-01
65500, -1.256655E+00, -8.815276E-03,  9.0625E-01
65600, -2.896329E+00, -3.595142E-02,  8.9062E-01
65700, -1.048192E+01, -2.277390E-02,  8.5938E-01
65800, -5.865347E+00, -2.440344E-03,  9.3750E-01
65900, -3.321925E+00, -3.221659E-02,  9.0625E-01
66000,  1.184349E+00, -2.069365E-03,  8.9062E-01
66100, -3.124469E+00, -2.189717E-02,  9.2188E-01
66200, -1.884822E+00, -4.957598E-02,  8.7500E-01
66300, -2.314508E-01, -3.795854E-02,  8.5938E-01
66400,  4.053396E+00, -8.939436E-03,  9.0625E-01
66500, -4.304763E+00, -4.615456E-02,  8.5938E-01
66600, -1.276111E+00, -1.547960E-02,  9.3750E-01
66700, -2.731393E+00, -1.705268E-02,  8.9062E-01
66800, -2.314621E+00, -1.052712E-02,  9.0625E-01
66900, -4.711333E-01, -5.934121E-02,  8.2812E-01
67000, -6.025896E+00, -1.698644E-02,  9.2188E-01
67100,  6.975547E+00,  7.352362E-03,  9.6875E-01
67200,  3.203868E+00, -3.369221E-02,  9.2188E-01
67300,  1.531883E+00, -2.136691E-02,  9.0625E-01
67400, -5.800186E+00, -1.065346E-02,  9.2188E-01
67500, -4.436828E+00, -1.802094E-03,  9.6875E-01
67600, -1.891532E-01, -3.236081E-02,  8.9062E-01
67700,  3.673978E-01, -2.109212E-02,  8.7500E-01
67800, -5.324070E+00, -6.772564E-02,  8.4375E-01
67900, -4.100302E+00, -8.312977E-03,  8.9062E-01
68000, -9.207056E-01, -7.101935E-04,  9.3750E-01
68100, -4.535236E+00, -3.213543E-02,  8.7500E-01
68200,  2.651917E+00, -2.074250E-02,  9.3750E-01
68300, -1.298724E+01, -2.000016E-02,  8.4375E-01
68400, -5.649473E+00, -4.357044E-02,  8.2812E-01
68500, -3.098264E+00, -3.084723E-02,  8.5938E-01
68600, -3.009427E+00, -1.169031E-02,  9.5312E-01
68700, -7.858124E+00, -1.853376E-02,  8.9062E-01
68800,  1.274556E+00, -2.417019E-02,  8.7500E-01
68900, -4.105292E+00, -1.332884E-02,  9.2188E-01
69000, -1.683117E+00, -4.705583E-02,  8.4375E-01
69100, -5.841753E-01, -7.813842E-03,  9.5312E-01
69200,  8.119020E-01, -1.157513E-02,  8.9062E-01
69300, -2.085502E+00, -1.371842E-02,  9.3750E-01
69400, -5.874938E+00, -2.519225E-02,  9.2188E-01
69500, -4.802361E-03, -3.519854E-02,  9.2188E-01
69600,  3.652137E+00, -1.203845E-02,  8.4375E-01
69700,  4.820990E+00, -1.798000E-02,  8.9062E-01
69800, -2.596135E+00, -2.807079E-02,  8.2812E-01
69900, -8.624391E+00, -2.020086E-02,  9.2188E-01
70000, -1.468609E+00, -3.451666E-02,  8.9062E-01
70100, -1.584258E+00, -9.660190E-03,  9.0625E-01
70200, -1.700495E+00,  1.587291E-02,  9.2188E-01
70300, -2.730671E+00,  1.040792E-03,  9.5312E-01
70400, -3.967298E+00, -5.022798E-03,  9.3750E-01
70500, -4.244360E+00, -3.783245E-02,  8.5938E-01
70600,  1.938388E+00, -1.114275E-02,  9.5312E-01
70700,  5.276293E-01, -3.836606E-02,  8.4375E-01
70800, -1.028048E+00, -1.843570E-02,  9.2188E-01
70900, -5.914527E-01, -4.353981E-02,  8.9062E-01
71000, -9.844811E-01, -1.960129E-02,  9.0625E-01
71100, -3.301525E+00, -1.660963E-02,  9.2188E-01
71200, -6.754005E+00, -5.959396E-03,  9.0625E-01
71300, -1.009759E+00, -1.508057E-02,  9.3750E-01
71400, -9.864105E-01, -2.621906E-02,  8.5938E-01
71500,  2.466575E+00, -3.825624E-03,  9.5312E-01
71600,  5.250190E+00, -2.835270E-02,  9.2188E-01
71700,  2.271944E-02, -1.880519E-02,  9.0625E-01
71800,  3.046319E+00, -3.110815E-02,  9.0625E-01
71900,  9.746209E-01, -2.973820E-02,  9.0625E-01
72000, -1.431578E+00, -9.365171E-03,  8.4375E-01
72100, -4.073518E+00,  4.203528E-03,  8.7500E-01
72200,  2.772586E+00, -1.040198E-03,  9.2188E-01
72300,  4.543622E+00, -2.509837E-02,  8.7500E-01
72400,  1.513247E+00, -2.113915E-02,  9.2188E-01
72500, -4.882319E+00, -1.388172E-02,  9.2188E-01
72600, -3.155185E+00, -3.298321E-02,  9.0625E-01
72700, -8.672737E+00, -1.126140E-02,  9.6875E-01
72800, -5.466312E-01, -1.467563E-02,  9.0625E-01
72900,  3.329275E+00, -5.015164E-02,  9.0625E-01
73000,  1.680440E+00, -3.452314E-02,  8.9062E-01
73100, -1.628921E+00, -5.594964E-02,  7.8125E-01
73200, -4.172058E+00, -1.755402E-02,  8.9062E-01
73300,  5.145345E+00, -1.777673E-02,  9.3750E-01
73400,  9.831980E-01, -4.486421E-02,  8.7500E-01
73500,  5.065196E-01, -1.009762E-02,  9.2188E-01
73600, -5.591590E-01, -3.952107E-02,  8.2812E-01
73700, -6.940986E+00, -2.762424E-02,  8.7500E-01
73800,  2.916801E+00, -2.752657E-02,  8.5938E-01
73900, -9.961069E-01, -1.090393E-02,  8.9062E-01
74000, -2.432387E+00, -1.062589E-02,  8.9062E-01
74100, -9.037749E-01, -3.975181E-03,  9.5312E-01
74200, -1.215207E+00, -1.301266E-02,  8.9062E-01
74300,  2.638203E+00, -2.702032E-02,  9.2188E-01
74400, -5.983882E+00, -2.865606E-02,  8.9062E-01
74500, -3.122757E+00, -2.774984E-02,  7.8125E-01
74600, -2.067513E+00, -1.618989E-02,  9.0625E-01
74700,  6.903002E+00, -2.553983E-02,  8.5938E-01
74800,  1.617615E+00, -2.210028E-02,  9.5312E-01
74900, -1.212818E+00, -1.799832E-03,  8.5938E-01
75000, -2.176442E+00,  1.346129E-02,  9.0625E-01
75100, -3.827479E+00, -4.950318E-02,  8.5938E-01
75200,  7.605755E-02, -1.029906E-02,  9.3750E-01
75300,  2.800072E+00, -9.290177E-03,  9.5312E-01
75400, -2.004786E+00, -4.664920E-02,  8.5938E-01
75500, -3.795925E+00, -2.127463E-02,  9.0625E-01
75600, -7.880579E+00, -1.682329E-02,  9.3750E-01
75700, -7.375947E+00,  1.092095E-02,  9.0625E-01
75800,  2.285290E+00, -9.469781E-04,  9.0625E-01
75900,  2.233414E+00, -2.100834E-02,  9.0625E-01
76000,  2.506818E+00, -1.145042E-04,  9.5312E-01
76100, -2.235134E+00, -3.062740E-02,  8.7500E-01
76200, -3.915149E+00,  3.080640E-03,  9.2188E-01
76300,  1.520536E+00, -1.663842E-02,  9.3750E-01
76400,  4.800229E-01, -6.764434E-03,  9.6875E-01
76500, -2.002160E+00, -2.899151E-02,  8.7500E-01
76600, -4.632469E-01, -2.870339E-02,  9.0625E-01
76700, -5.691510E+00, -6.314026E-03,  9.3750E-01
76800, -8.182151E+00, -1.292453E-02,  8.9062E-01
76900, -1.624998E+00, -4.529192E-02,  8.9062E-01
77000, -2.100814E+00, -9.297775E-03,  9.3750E-01
77100, -2.719206E+00, -1.451900E-03,  9.3750E-01
77200, -5.259455E+00, -2.940911E-02,  8.5938E-01
77300, -3.327285E+00, -9.123845E-03,  9.2188E-01
77400, -8.510646E+00, -2.473449E-02,  8.9062E-01
77500, -1.255047E+00, -1.472540E-02,  9.0625E-01
77600,  4.228754E+00, -7.087405E-03,  9.2188E-01
77700, -3.617802E+00, -1.326070E-02,  8.9062E-01
77800, -3.863451E+00, -2.133567E-02,  8.9062E-01
77900, -2.298311E+00, -3.571270E-02,  8.7500E-01
78000,  3.106665E+00, -1.896725E-02,  9.0625E-01
78100, -3.036179E+00, -9.807512E-03,  9.3750E-01
78200, -4.342647E+00, -7.441139E-03,  9.0625E-01
78300, -1.531883E+00, -4.448923E-03,  9.0625E-01
78400,  7.778372E-01, -9.782143E-03,  9.5312E-01
78500, -1.101780E+00, -1.977520E-02,  9.2188E-01
78600, -2.177593E+00, -6.748362E-03,  9.3750E-01
78700, -3.530764E+00, -3.809355E-03,  9.2188E-01
78800, -4.905317E-01, -2.484386E-03,  9.0625E-01
78900,  3.358476E-01, -1.078175E-02,  9.2188E-01
79000, -1.710422E+00,  1.647519E-03,  9.2188E-01
79100, -8.713634E+00, -2.909226E-02,  9.3750E-01
79200, -3.599628E+00, -8.509671E-03,  9.3750E-01
79300, -6.452350E-01, -3.345720E-02,  8.5938E-01
79400, -2.472170E+00, -2.338276E-02,  8.2812E-01
79500, -3.260263E+00, -2.867812E-02,  9.0625E-01
79600, -5.004732E-01, -2.175844E-02,  9.0625E-01
79700, -5.945545E-01, -3.344725E-02,  8.9062E-01
79800,  1.356307E+00, -1.516966E-02,  8.9062E-01
79900,  4.625349E+00, -1.423739E-02,  9.3750E-01
80000, -5.268439E-01,  3.668938E-03,  9.2188E-01
80100, -6.692697E+00, -2.208255E-02,  8.9062E-01
80200,  1.899795E+00, -8.679587E-03,  9.2188E-01
80300,  1.579244E-01, -1.947729E-02,  8.9062E-01
80400, -2.645121E-01, -2.008078E-02,  9.2188E-01
80500, -9.603880E-02, -2.465224E-02,  9.3750E-01
80600,  4.737432E+00, -3.538221E-02,  9.0625E-01
80700,  6.721315E+00, -3.745946E-02,  8.7500E-01
80800, -1.587436E+00, -2.292285E-03,  9.5312E-01
80900,  2.495495E-01, -5.627615E-02,  8.2812E-01
81000,  6.651688E+00, -2.245362E-02,  9.0625E-01
81100, -5.054171E-01, -2.631710E-02,  8.9062E-01
81200, -3.915498E-01, -1.343850E-02,  8.9062E-01
81300, -1.986844E+00, -2.232878E-02,  8.7500E-01
81400,  1.522749E+00, -1.434501E-02,  9.2188E-01
81500,  1.448362E+00, -1.556896E-03,  9.3750E-01
81600, -4.527849E-01, -2.706390E-02,  8.9062E-01
81700, -3.251783E+00, -2.273271E-03,  9.5312E-01
81800, -1.841677E+00, -7.303921E-02,  8.4375E-01
81900,  1.709126E+00, -2.944957E-03,  9.6875E-01
82000, -3.008266E+00, -3.639834E-02,  9.0625E-01
82100,  5.027606E+00, -2.257545E-02,  8.9062E-01
82200,  1.878844E+00,  1.515261E-03,  9.6875E-01
82300, -1.173082E+00, -1.648067E-02,  9.5312E-01
82400,  9.034377E-01, -1.638252E-02,  9.2188E-01
82500, -1.918702E+00, -2.508482E-02,  9.2188E-01
82600, -1.679172E+00, -1.136646E-02,  9.2188E-01
82700,  9.843728E-01, -3.348236E-02,  8.5938E-01
82800,  6.139425E+00, -1.847585E-02,  9.3750E-01
82900, -1.442995E+00, -2.240198E-02,  9.5312E-01
83000,  2.263773E+00, -1.686247E-02,  9.5312E-01
83100,  3.760944E+00, -5.360816E-03,  9.3750E-01
83200, -3.823916E+00, -7.767792E-03,  9.6875E-01
83300,  3.351892E+00, -3.574739E-02,  8.7500E-01
83400, -1.041878E+00, -3.774548E-02,  8.7500E-01
83500,  8.600845E-01, -1.251275E-02,  9.2188E-01
83600,  5.320048E-01, -2.085266E-02,  9.3750E-01
83700,  7.987721E-01, -2.361532E-02,  9.0625E-01
83800,  4.314936E+00, -4.025035E-02,  9.0625E-01
83900, -2.715947E+00, -1.305933E-02,  9.3750E-01
84000,  5.071802E+00, -3.316017E-02,  8.9062E-01
84100, -1.534025E+00, -1.478753E-02,  9.3750E-01
84200,  1.290746E+00, -6.124520E-02,  8.5938E-01
84300,  1.542194E+00, -4.205671E-02,  8.5938E-01
84400,  2.670330E+00, -1.120753E-02,  9.2188E-01
84500,  2.848415E+00, -1.729494E-02,  9.3750E-01
84600,  4.685083E+00, -4.306570E-03,  9.2188E-01
84700, -2.141747E+00, -2.856953E-02,  9.0625E-01
84800,  1.783119E+00,  2.170556E-03,  9.6875E-01
84900, -3.522530E+00, -1.730105E-02,  9.2188E-01
85000, -1.710921E+00, -5.981632E-02,  8.7500E-01
85100,  7.616079E-01, -6.606527E-02,  8.2812E-01
85200, -1.236470E+00, -9.646658E-04,  9.0625E-01
85300, -3.145536E+00, -3.627931E-02,  8.5938E-01
85400, -1.711322E+00, -9.740912E-03,  8.7500E-01
85500, -7.748976E-02, -1.266159E-02,  9.5312E-01
85600, -3.642158E+00, -1.550466E-02,  9.5312E-01
85700, -8.517550E-01, -1.729317E-02,  9.2188E-01
85800, -1.038848E+00, -3.770582E-02,  8.4375E-01
85900, -5.341689E+00, -7.645269E-03,  9.3750E-01
86000, -2.378617E+00, -4.487502E-02,  8.1250E-01
86100,  2.542871E-01, -1.490439E-02,  8.9062E-01
86200,  1.221429E+00, -1.758677E-02,  9.2188E-01
86300, -1.315712E+00,  2.799560E-04,  9.6875E-01
86400, -1.174991E-01, -1.179113E-02,  9.3750E-01
86500,  1.349619E+00, -2.629682E-02,  9.0625E-01
86600,  1.586422E+00, -3.294579E-02,  8.7500E-01
86700, -1.870025E+00, -1.412930E-02,  9.0625E-01
86800, -1.026508E+00, -1.900566E-02,  9.2188E-01
86900,  2.726370E+00,  5.300833E-03,  9.6875E-01
87000, -2.992220E+00, -5.143603E-03,  9.0625E-01
87100,  1.723228E+00, -3.615126E-02,  8.7500E-01
87200,  2.097783E+00,  3.348699E-03,  9.8438E-01
87300,  3.421975E+00, -4.058839E-02,  8.4375E-01
87400,  1.248493E+01, -1.976602E-02,  8.7500E-01
87500,  8.894433E+00, -5.560194E-02,  8.2812E-01
87600,  1.253983E+01, -8.142641E-03,  9.0625E-01
87700,  5.444211E+00, -5.127948E-02,  8.5938E-01
87800,  1.700910E+00,  1.042871E-02,  9.2188E-01
87900,  9.597852E-01,  8.780230E-03,  9.5312E-01
88000,  3.102686E+00, -3.587590E-02,  8.7500E-01
88100,  3.214521E+00, -1.230864E-03,  8.4375E-01
88200, -4.923425E+00, -2.785537E-02,  8.9062E-01
88300,  4.018987E-01, -3.147762E-02,  8.9062E-01
88400, -7.301289E-01, -1.000725E-02,  9.0625E-01
88500,  2.791036E+00, -6.710360E-03,  9.3750E-01
88600,  4.386316E+00, -2.462469E-02,  8.5938E-01
88700, -8.657515E-01, -8.748767E-03,  9.2188E-01
88800,  3.207519E+00, -1.391591E-02,  8.7500E-01
88900,  5.404412E+00, -1.060138E-02,  9.3750E-01
89000, -1.364155E-01, -9.064058E-03,  9.6875E-01
89100, -1.740185E-01, -2.948096E-02,  8.9062E-01
89200, -6.406550E+00, -1.916681E-02,  9.0625E-01
89300, -2.832487E+00, -1.595514E-02,  9.3750E-01
89400, -1.251054E+00, -9.938151E-03,  9.5312E-01
89500, -1.482429E+00, -2.711726E-03,  9.6875E-01
89600,  1.824607E+00, -7.830434E-03,  9.5312E-01
89700,  2.179717E+00, -1.015564E-02,  8.9062E-01
89800,  2.987100E+00, -2.009839E-02,  8.5938E-01
89900,  5.758322E+00, -2.687920E-02,  8.5938E-01
90000, -2.457148E+00, -3.299256E-02,  8.9062E-01
90100, -4.274325E+00, -1.301629E-02,  9.2188E-01
90200, -3.414093E+00, -3.958936E-02,  8.9062E-01
90300,  1.723603E+00, -1.293424E-02,  8.5938E-01
90400, -1.535884E+00, -1.944451E-02,  9.2188E-01
90500, -8.535224E-01, -1.409215E-02,  9.5312E-01
90600,  2.424229E+00, -1.203807E-02,  9.5312E-01
90700,  2.830875E+00,  1.008414E-02,  9.5312E-01
90800,  2.328291E+00, -1.627272E-02,  9.5312E-01
90900,  2.208382E+00, -6.693797E-03,  9.0625E-01
91000, -5.691123E+00,  1.148385E-02,  8.4375E-01
91100, -4.352862E+00, -2.348521E-02,  8.9062E-01
91200, -6.768538E-01, -3.391890E-02,  8.9062E-01
91300,  2.831168E+00, -2.190235E-03,  9.3750E-01
91400, -3.393276E+00, -3.946484E-02,  8.7500E-01
91500, -3.480301E+00, -1.445813E-02,  9.3750E-01
91600, -4.298944E+00, -1.420056E-02,  9.2188E-01
91700, -2.065049E+00, -5.689528E-03,  9.2188E-01
91800,  5.036009E+00, -7.443903E-02,  8.4375E-01
91900,  1.249785E+00, -3.625616E-02,  8.5938E-01
92000,  2.276670E+00, -3.850319E-02,  9.3750E-01
92100,  1.350473E+00, -2.890518E-02,  8.7500E-01
92200,  3.128888E+00, -3.057266E-02,  8.7500E-01
92300, -1.842875E+00, -1.792537E-02,  9.2188E-01
92400, -8.761121E-01, -5.455352E-02,  8.9062E-01
92500, -9.500569E-01, -9.237713E-03,  9.3750E-01
92600,  1.557844E+00, -2.467350E-02,  8.7500E-01
92700, -4.613242E+00, -1.610887E-02,  9.2188E-01
92800, -2.954312E+00, -2.832123E-02,  8.9062E-01
92900, -2.358554E+00, -1.625861E-02,  9.3750E-01
93000,  3.892673E+00, -4.675892E-02,  8.2812E-01
93100, -2.064554E-01, -3.770082E-02,  8.5938E-01
93200, -2.688756E+00, -8.636665E-03,  9.5312E-01
93300,  7.701410E+00, -7.951142E-03,  9.3750E-01
93400, -3.880899E-01, -5.231190E-02,  8.4375E-01
93500,  4.881859E+00, -1.298152E-02,  9.3750E-01
93600,  3.424866E+00, -4.489778E-03,  9.6875E-01
93700,  4.819985E+00, -3.268052E-02,  8.9062E-01
93800,  6.296062E+00, -1.629214E-02,  9.6875E-01
93900,  3.895755E+00, -3.501973E-02,  9.0625E-01
94000, -4.733303E-01, -1.324480E-02,  9.5312E-01
94100,  2.564857E+00, -2.629825E-02,  8.9062E-01
94200,  9.999845E+00, -1.161825E-02,  9.2188E-01
94300,  5.591908E+00, -3.536818E-02,  8.5938E-01
94400,  2.429251E+00, -2.460606E-03,  9.0625E-01
94500,  7.903632E-01, -1.530754E-02,  9.2188E-01
94600,  7.090657E-01, -2.147841E-02,  9.0625E-01
94700,  1.958466E+00, -4.027863E-02,  8.7500E-01
94800, -5.304679E-01, -1.193880E-02,  8.7500E-01
94900,  2.003854E-01, -1.153331E-02,  9.2188E-01
95000,  2.612706E+00, -2.696825E-02,  9.2188E-01
95100, -5.609184E-01, -1.304064E-02,  9.3750E-01
95200, -6.448036E+00, -4.479885E-03,  9.5312E-01
95300,  1.952860E+00, -2.387442E-02,  9.2188E-01
95400, -5.271215E+00, -1.276207E-02,  8.7500E-01
95500, -2.418222E+00, -9.341892E-03,  9.3750E-01
95600, -2.887693E+00, -1.944091E-02,  9.2188E-01
95700,  4.574120E+00, -2.891260E-02,  8.7500E-01
95800, -6.569192E-01, -3.038796E-02,  8.9062E-01
95900,  1.909992E+00, -2.695183E-02,  8.9062E-01
96000, -1.888155E+00, -5.162496E-03,  9.2188E-01
96100,  6.899468E+00, -2.695021E-02,  8.9062E-01
96200, -3.784512E-02,  3.521908E-03,  9.6875E-01
96300,  2.896052E+00, -1.757246E-02,  9.2188E-01
96400, -2.658628E-01, -4.960303E-02,  7.9688E-01
96500,  3.045787E+00, -1.920770E-02,  9.0625E-01
96600, -4.326920E+00, -1.243674E-02,  9.3750E-01
96700,  1.355134E+00, -1.569596E-02,  9.2188E-01
96800,  3.248697E+00, -1.401311E-02,  9.2188E-01
96900,  5.062370E-01, -9.922387E-03,  8.7500E-01
97000,  1.526427E+00, -5.470811E-03,  9.5312E-01
97100,  5.094944E+00, -3.704536E-02,  9.0625E-01
97200,  3.114955E+00, -1.333197E-02,  9.5312E-01
97300, -9.421486E-01, -1.857053E-03,  8.9062E-01
97400,  4.658990E+00, -1.963309E-03,  9.2188E-01
97500,  3.429887E+00,  4.294003E-03,  9.0625E-01
97600,  2.516139E-01, -2.091870E-02,  9.2188E-01
97700, -2.642487E+00, -3.460180E-02,  8.5938E-01
97800,  1.401728E+00, -3.301140E-02,  8.9062E-01
97900,  6.458205E+00, -3.530892E-02,  8.7500E-01
98000, -2.016478E+00, -2.020699E-02,  8.9062E-01
98100,  1.249833E+00, -2.730486E-03,  9.5312E-01
98200,  4.283763E+00, -1.077801E-02,  9.0625E-01
98300,  1.564498E+00, -2.025855E-02,  8.9062E-01
98400,  4.859185E+00, -8.680169E-03,  9.6875E-01
98500,  3.602466E+00, -3.854071E-02,  8.9062E-01
98600,  6.923788E+00, -1.174538E-02,  8.9062E-01
98700,  3.390934E+00, -2.066837E-03,  9.5312E-01
98800,  2.588323E+00, -8.528531E-03,  9.0625E-01
98900,  2.473325E+00, -3.002652E-02,  8.7500E-01
99000,  4.134479E+00,  7.887367E-03,  9.5312E-01
99100,  4.900450E+00, -3.576016E-02,  8.5938E-01
99200,  6.698485E+00, -2.557768E-02,  9.2188E-01
99300, -1.613431E+00, -5.557532E-02,  8.7500E-01
99400,  7.357699E+00, -3.822234E-02,  9.0625E-01
99500,  6.936876E-02, -2.748461E-02,  8.2812E-01
99600, -1.599792E+00, -1.291183E-02,  9.2188E-01
99700,  5.673636E+00, -2.256420E-02,  9.0625E-01
99800,  8.434584E-01, -2.807285E-02,  9.2188E-01
99900,  1.031361E+00, -1.816080E-02,  9.2188E-01
100000, -8.950637E-02, -9.144682E-03,  9.2188E-01
