# step, gen_loss, dis_loss, train_acc
100,  6.456697E-03, -8.722116E-03,  1.0938E-01
200,  4.880374E-03, -1.497316E-02,  6.2500E-02
300,  2.805228E-03, -1.008026E-02,  1.5625E-02
400,  6.868421E-03, -6.945729E-03,  1.2500E-01
500,  4.841103E-03, -1.078882E-02,  9.3750E-02
600,  6.640770E-03, -7.831639E-03,  1.5625E-01
700,  3.837881E-03, -3.331633E-03,  7.8125E-02
800,  2.574897E-03, -6.496084E-03,  9.3750E-02
900,  4.587871E-03, -5.307716E-03,  1.2500E-01
1000,  4.861602E-03, -3.907096E-03,  1.5625E-01
1100,  5.682873E-03, -5.357007E-03,  1.5625E-01
1200,  5.480927E-03, -2.946888E-03,  9.3750E-02
1300,  4.740749E-03, -2.997973E-03,  1.2500E-01
1400,  5.488939E-03, -3.835468E-03,  1.4062E-01
1500,  6.421716E-03, -4.065186E-03,  1.2500E-01
1600,  6.774657E-03, -2.811168E-03,  7.8125E-02
1700,  6.607108E-03, -3.552513E-03,  1.4062E-01
1800,  5.179129E-03, -2.054347E-03,  1.5625E-01
1900,  7.027252E-03, -3.013557E-03,  1.0938E-01
2000,  7.892516E-03, -2.491185E-03,  1.7188E-01
2100,  4.395543E-03, -3.830925E-03,  1.4062E-01
2200,  7.834869E-03, -3.355218E-03,  1.2500E-01
2300,  1.992669E-03, -6.057965E-03,  9.3750E-02
2400,  6.489957E-03, -1.595246E-03,  9.3750E-02
2500,  5.998157E-03, -2.157045E-03,  1.8750E-01
2600,  6.614346E-03, -1.513686E-03,  2.9688E-01
2700,  7.943383E-04,  7.008573E-04,  2.8125E-01
2800,  4.416985E-03, -4.857641E-03,  1.8750E-01
2900,  2.533345E-03, -4.857243E-03,  1.2500E-01
3000,  2.790288E-03, -7.341187E-04,  1.8750E-01
3100,  1.723070E-03, -1.840636E-03,  2.9688E-01
3200,  5.163283E-03, -1.961880E-03,  3.1250E-01
3300,  6.542872E-03, -1.622706E-03,  1.7188E-01
3400,  7.665654E-03, -2.935651E-03,  2.1875E-01
3500,  1.027710E-03, -3.541590E-04,  1.4062E-01
3600,  7.096612E-03, -1.698967E-03,  2.0312E-01
3700,  1.767247E-03, -9.759364E-04,  2.5000E-01
3800,  5.920263E-03, -2.150899E-03,  2.5000E-01
3900,  4.422257E-03, -2.657988E-03,  2.3438E-01
4000,  3.172623E-03, -6.836208E-04,  2.8125E-01
4100,  5.314108E-03, -1.499520E-03,  3.5938E-01
4200,  3.840532E-03, -3.949355E-04,  2.8125E-01
4300,  1.533382E-03, -1.271882E-03,  2.3438E-01
4400,  3.961165E-03,  2.057226E-04,  2.0312E-01
4500,  4.886528E-03, -2.740143E-03,  1.5625E-01
4600,  3.556704E-03,  2.812424E-04,  1.5625E-01
4700,  8.131461E-03, -1.145927E-03,  2.5000E-01
4800,  2.808674E-03, -9.339963E-04,  1.7188E-01
4900,  3.567793E-03, -3.109565E-04,  2.5000E-01
5000,  5.112293E-03, -2.297918E-03,  2.9688E-01
5100,  8.084527E-03, -9.670556E-04,  3.5938E-01
5200,  5.877781E-03, -6.189705E-04,  3.1250E-01
5300,  3.186127E-03, -2.086489E-05,  2.8125E-01
5400,  2.555686E-03, -1.595310E-03,  3.7500E-01
5500,  2.455690E-03, -1.269669E-03,  2.3438E-01
5600,  4.040715E-03, -9.325841E-04,  3.1250E-01
5700,  4.617695E-03, -8.973936E-04,  2.1875E-01
5800,  5.301307E-03, -2.479796E-03,  1.7188E-01
5900,  3.017978E-03, -2.764026E-03,  2.0312E-01
6000,  3.747408E-03, -1.222315E-03,  1.0938E-01
6100,  6.084751E-03, -2.940173E-03,  1.2500E-01
6200,  5.358868E-03, -1.788312E-03,  3.1250E-01
6300,  5.594204E-03, -2.263446E-03,  2.3438E-01
6400,  5.968072E-03, -2.399620E-03,  3.7500E-01
6500,  3.501760E-03, -2.091852E-03,  1.5625E-01
6600,  4.381108E-03, -1.681987E-03,  3.2812E-01
6700,  2.863581E-03, -5.032239E-04,  3.4375E-01
6800,  5.560189E-03, -3.267142E-03,  2.0312E-01
6900,  6.045793E-03, -9.942790E-04,  2.6562E-01
7000,  4.561075E-03, -9.158067E-05,  3.2812E-01
7100, -1.779252E-03, -1.184898E-04,  2.6562E-01
7200,  6.271861E-03,  6.939331E-05,  2.6562E-01
7300,  2.740581E-03, -1.982801E-03,  3.1250E-01
7400,  4.406353E-03, -2.041129E-03,  2.1875E-01
7500,  3.226065E-03, -1.737868E-03,  2.8125E-01
7600,  3.202097E-03, -2.659448E-03,  3.1250E-01
7700,  5.683278E-03, -3.229761E-04,  1.5625E-01
7800,  3.839936E-03, -2.715755E-03,  2.0312E-01
7900,  7.163922E-03, -1.839739E-04,  1.8750E-01
8000,  6.951008E-03, -1.295569E-03,  2.5000E-01
8100,  2.710775E-03, -4.393340E-04,  1.4062E-01
8200,  6.046174E-03,  2.088598E-04,  2.9688E-01
8300,  5.447627E-03,  4.023812E-04,  2.6562E-01
8400,  5.238790E-03, -6.300774E-04,  3.4375E-01
8500,  6.305518E-03, -7.165624E-04,  2.1875E-01
8600,  6.244094E-03, -3.065804E-03,  3.1250E-01
8700,  7.463192E-03, -1.847448E-03,  2.3438E-01
8800,  3.961978E-03, -1.280979E-03,  2.9688E-01
8900,  1.587186E-03, -1.144885E-03,  2.0312E-01
9000,  3.774674E-03,  7.491615E-04,  2.0312E-01
9100,  5.111109E-03, -6.653368E-05,  1.0938E-01
9200,  5.952377E-03, -1.291320E-03,  3.1250E-01
9300,  6.224301E-03, -8.812733E-04,  2.9688E-01
9400,  5.868280E-03, -4.096036E-04,  2.3438E-01
9500,  4.874517E-03,  1.447182E-04,  2.8125E-01
9600,  6.424131E-03,  1.637326E-04,  2.1875E-01
9700,  5.778331E-03, -1.935431E-03,  1.7188E-01
9800,  6.280995E-03, -1.532870E-03,  3.1250E-01
9900,  6.593178E-03,  7.713893E-04,  2.9688E-01
10000,  6.535490E-03, -1.400209E-03,  2.1875E-01
10100,  7.522276E-03, -2.030727E-03,  2.1875E-01
10200,  7.227493E-03, -2.367110E-04,  2.5000E-01
10300,  7.641275E-03, -3.704072E-03,  2.3438E-01
10400,  5.864530E-03, -3.045115E-03,  3.1250E-01
10500,  6.301191E-03, -1.447662E-03,  3.1250E-01
10600,  5.321434E-03, -1.652520E-04,  1.8750E-01
10700,  4.521166E-03, -1.007756E-03,  2.0312E-01
10800,  5.809514E-03,  1.213886E-04,  2.3438E-01
10900,  7.963294E-03, -1.562817E-03,  1.0938E-01
11000,  1.605513E-03, -8.313701E-04,  1.7188E-01
11100,  4.268835E-03, -1.193127E-04,  2.6562E-01
11200,  6.384665E-03,  4.174076E-04,  3.1250E-01
11300,  7.176613E-03, -7.422180E-04,  2.1875E-01
11400,  8.008321E-03, -1.217111E-03,  2.1875E-01
11500,  5.750843E-03,  9.232340E-05,  1.2500E-01
11600,  7.732446E-03, -1.223098E-03,  2.0312E-01
11700,  6.254719E-03, -1.324047E-03,  2.8125E-01
11800,  5.549588E-03, -5.513038E-04,  1.7188E-01
11900,  5.353459E-03, -1.160485E-03,  2.1875E-01
12000,  7.182569E-03, -1.568724E-04,  2.5000E-01
12100,  5.212387E-03, -1.597806E-03,  2.6562E-01
12200,  2.970238E-03, -7.330335E-04,  2.5000E-01
12300,  6.468472E-03, -1.126229E-03,  1.8750E-01
12400,  6.199594E-03, -7.404601E-04,  2.5000E-01
12500,  7.784742E-03, -1.552412E-03,  3.4375E-01
12600,  6.412180E-03, -1.819874E-03,  2.5000E-01
12700,  8.054664E-03, -9.994023E-06,  2.5000E-01
12800,  5.668510E-03, -2.847621E-04,  1.8750E-01
12900,  7.627378E-03, -4.224824E-04,  2.0312E-01
13000,  6.190133E-03, -1.012275E-03,  3.1250E-01
13100,  5.936723E-03, -1.268990E-03,  2.5000E-01
13200,  5.482607E-03, -1.547997E-03,  2.3438E-01
13300,  5.054051E-03, -3.044810E-04,  2.3438E-01
13400,  8.943018E-03, -2.297936E-04,  2.3438E-01
13500,  8.842957E-03, -5.259831E-05,  9.3750E-02
13600,  5.966389E-03, -5.377857E-04,  3.1250E-01
13700,  4.879300E-03, -5.425471E-04,  2.9688E-01
13800,  7.728296E-03, -2.160546E-03,  2.8125E-01
13900,  6.197949E-03,  9.729015E-05,  3.4375E-01
14000,  7.486828E-03, -9.586420E-04,  3.5938E-01
14100,  5.628765E-03, -1.888206E-03,  2.8125E-01
14200,  7.311252E-03, -1.786190E-03,  1.8750E-01
14300,  6.601925E-03, -1.689753E-03,  2.5000E-01
14400,  6.574774E-03, -1.728553E-04,  2.1875E-01
14500,  8.209482E-03, -4.649824E-04,  2.3438E-01
14600,  5.151399E-03, -7.251832E-04,  2.1875E-01
14700,  6.298318E-03, -1.828687E-03,  2.8125E-01
14800,  7.117954E-03, -1.113866E-03,  2.8125E-01
14900,  7.799314E-03, -1.373991E-03,  2.3438E-01
15000,  7.218330E-03,  1.623565E-04,  2.5000E-01
15100,  6.653643E-03, -6.911820E-04,  2.3438E-01
15200,  6.174156E-03, -1.695772E-03,  2.6562E-01
15300,  2.987485E-03,  2.041380E-04,  2.8125E-01
15400,  3.771493E-03, -1.317095E-03,  2.3438E-01
15500,  4.202069E-03, -5.006276E-04,  2.8125E-01
15600,  6.943194E-03, -1.665582E-03,  3.5938E-01
15700,  7.632219E-03, -1.806427E-03,  2.1875E-01
15800,  6.584414E-03, -4.291842E-04,  2.9688E-01
15900,  4.549500E-03, -1.351443E-03,  3.4375E-01
16000,  5.837301E-03, -2.003922E-04,  2.6562E-01
16100,  4.069855E-03, -8.476290E-04,  3.5938E-01
16200,  4.654157E-03, -6.430475E-04,  3.1250E-01
16300,  5.974955E-03, -1.517829E-03,  3.2812E-01
16400,  6.777224E-03, -1.043067E-03,  2.3438E-01
16500,  6.373228E-03, -2.409095E-03,  2.9688E-01
16600,  4.265295E-03, -4.740756E-04,  2.3438E-01
16700,  3.888521E-03, -1.442755E-03,  3.4375E-01
16800,  7.858002E-03, -7.659337E-04,  2.9688E-01
16900,  7.393378E-03, -3.111362E-04,  2.0312E-01
17000,  7.229411E-03,  4.649116E-05,  2.5000E-01
17100,  8.306821E-03, -5.606674E-04,  2.9688E-01
17200,  6.899610E-03, -1.329723E-03,  2.9688E-01
17300,  7.095543E-03, -1.120218E-03,  2.1875E-01
17400,  6.077652E-03, -1.138442E-03,  3.4375E-01
17500,  1.415636E-03, -1.671847E-03,  2.6562E-01
17600,  6.038790E-03, -2.779700E-03,  1.8750E-01
17700,  4.806866E-03, -8.468507E-04,  2.3438E-01
17800,  8.789685E-03, -2.186714E-03,  2.0312E-01
17900,  7.057370E-03, -9.942707E-04,  1.8750E-01
18000,  6.833784E-03, -1.979660E-03,  2.3438E-01
18100,  6.696539E-03, -2.688130E-03,  1.4062E-01
18200,  5.212714E-03, -7.796311E-04,  1.7188E-01
18300,  4.829689E-03, -3.108880E-04,  2.9688E-01
18400,  5.685839E-03, -1.302536E-03,  2.0312E-01
18500,  2.572904E-03, -7.417542E-04,  2.0312E-01
18600,  4.288238E-03, -2.754438E-04,  2.5000E-01
18700,  6.454124E-03,  1.536170E-04,  2.1875E-01
18800,  6.006800E-03, -6.562527E-04,  2.6562E-01
18900,  5.431298E-03, -6.922674E-04,  2.8125E-01
19000,  3.845743E-03, -8.514666E-04,  2.3438E-01
19100,  4.335806E-03, -1.097828E-03,  2.9688E-01
19200,  6.557271E-03, -3.545117E-04,  2.3438E-01
19300,  6.527768E-03, -1.009839E-03,  2.3438E-01
19400,  5.032456E-03,  3.376356E-04,  3.1250E-01
19500,  3.582121E-03, -9.916958E-04,  2.5000E-01
19600,  4.350968E-03, -1.538755E-03,  2.9688E-01
19700,  6.653256E-03, -1.363354E-04,  2.5000E-01
19800,  5.514088E-03,  2.106447E-04,  2.6562E-01
19900,  7.208729E-03,  9.034760E-05,  1.7188E-01
20000,  6.507502E-03, -9.999080E-04,  2.9688E-01
20100,  5.914205E-03, -9.832913E-04,  2.0312E-01
20200,  6.614136E-03, -4.168749E-04,  2.9688E-01
20300,  2.315026E-03,  1.554814E-03,  2.1875E-01
20400,  4.946313E-03,  8.101948E-04,  2.3438E-01
20500,  4.806230E-03, -2.033021E-04,  2.8125E-01
20600,  6.401017E-03, -1.544761E-04,  2.6562E-01
20700,  7.089485E-03, -1.474603E-03,  2.3438E-01
20800,  2.202979E-03, -9.088947E-04,  3.2812E-01
20900,  5.107282E-03, -1.632348E-03,  2.5000E-01
21000,  6.618670E-03, -2.599182E-05,  2.3438E-01
21100,  4.687936E-03, -2.560358E-03,  1.7188E-01
21200,  5.257033E-03, -6.678728E-04,  2.3438E-01
21300,  6.690887E-03,  1.076972E-04,  3.5938E-01
21400,  5.474845E-03, -6.587426E-04,  2.5000E-01
21500,  7.324387E-03, -2.352870E-04,  2.9688E-01
21600,  4.533803E-03, -5.080174E-04,  2.6562E-01
21700,  7.019722E-03, -1.103478E-04,  2.3438E-01
21800,  5.682750E-03, -5.871565E-04,  2.3438E-01
21900,  4.848207E-03, -6.850343E-04,  2.9688E-01
22000,  5.694286E-03, -1.370730E-03,  2.8125E-01
22100,  5.191159E-03, -1.378593E-03,  2.8125E-01
22200,  5.912777E-03, -7.362929E-04,  1.8750E-01
22300,  4.184909E-03, -1.257188E-04,  3.2812E-01
22400,  5.427989E-03, -2.736980E-04,  2.9688E-01
22500,  6.255112E-03, -5.941112E-04,  3.2812E-01
22600,  4.044502E-03, -1.822461E-03,  2.8125E-01
22700,  5.049306E-03,  7.138234E-04,  2.8125E-01
22800,  7.549385E-03, -5.075256E-04,  3.1250E-01
22900,  6.616744E-03, -7.060585E-04,  3.1250E-01
23000,  6.028144E-03, -7.415004E-05,  2.1875E-01
23100,  4.098803E-03, -2.051766E-03,  2.3438E-01
23200,  3.054973E-03,  1.027111E-04,  2.5000E-01
23300,  5.008124E-03,  4.782644E-04,  2.1875E-01
23400,  4.876210E-03, -1.237009E-03,  3.5938E-01
23500,  3.851091E-03, -4.273071E-04,  2.5000E-01
23600,  5.237973E-03, -1.494149E-03,  2.0312E-01
23700,  5.129386E-03, -2.934239E-04,  2.1875E-01
23800,  6.807837E-03,  3.478276E-04,  3.5938E-01
23900,  7.284189E-03, -1.396585E-03,  2.5000E-01
24000,  3.478758E-03, -8.164621E-04,  3.2812E-01
24100,  4.337605E-03, -4.234673E-04,  3.9062E-01
24200,  3.882294E-03, -8.377805E-05,  3.2812E-01
24300,  5.231308E-03, -1.961495E-03,  2.3438E-01
24400,  2.608564E-03, -2.830729E-04,  2.9688E-01
24500,  5.863309E-03, -3.822618E-04,  1.7188E-01
24600,  4.728886E-03, -7.970287E-04,  2.3438E-01
24700,  4.974031E-03,  7.314188E-05,  2.8125E-01
24800,  3.467109E-03, -1.336532E-04,  2.6562E-01
24900,  4.440255E-03, -7.819831E-04,  2.8125E-01
25000,  5.965038E-03, -5.710330E-04,  2.5000E-01
25100,  6.371265E-03,  1.128153E-04,  3.7500E-01
25200,  5.810088E-03, -9.762924E-04,  2.0312E-01
25300,  2.222968E-03, -4.603660E-04,  2.9688E-01
25400,  5.703510E-03, -5.956516E-04,  2.8125E-01
25500,  4.825596E-03, -9.832769E-04,  2.8125E-01
25600,  3.505107E-03,  1.756989E-04,  2.6562E-01
25700,  4.087345E-03, -5.187662E-04,  1.5625E-01
25800,  3.975197E-03, -2.697837E-04,  2.3438E-01
25900,  5.003165E-03, -3.233347E-04,  2.6562E-01
26000,  6.085961E-03, -9.020409E-04,  1.8750E-01
26100,  4.958349E-03, -9.694220E-04,  2.6562E-01
26200,  2.559368E-03, -1.754863E-04,  2.3438E-01
26300,  5.378096E-03,  6.024353E-05,  1.8750E-01
26400,  6.018642E-03, -1.607081E-04,  2.5000E-01
26500,  3.709974E-03, -2.538315E-04,  3.5938E-01
26600,  5.033984E-03, -9.628432E-04,  2.5000E-01
26700,  3.022265E-03, -5.565952E-04,  2.9688E-01
26800,  6.650293E-03, -1.067861E-03,  1.8750E-01
26900,  5.075202E-03, -4.363796E-04,  2.5000E-01
27000,  3.146352E-03,  7.747221E-04,  2.5000E-01
27100,  6.771005E-03,  1.870031E-04,  2.3438E-01
27200,  6.148721E-03, -2.938025E-04,  2.6562E-01
27300,  5.992324E-03, -4.907465E-05,  1.2500E-01
27400,  3.771411E-03, -6.450538E-04,  3.5938E-01
27500,  4.009188E-03, -1.067274E-03,  3.1250E-01
27600,  6.378813E-03, -2.020504E-05,  3.2812E-01
27700,  6.895011E-03, -5.191183E-04,  3.7500E-01
27800,  2.787424E-03,  2.785779E-04,  1.8750E-01
27900,  2.755373E-03,  4.151016E-04,  2.9688E-01
28000,  4.930569E-03, -1.210445E-03,  2.6562E-01
28100,  2.554118E-03, -1.113104E-03,  1.8750E-01
28200,  6.329910E-03, -1.549866E-03,  2.9688E-01
28300,  5.442739E-03, -8.660946E-04,  2.5000E-01
28400,  5.593065E-03,  2.475772E-04,  3.4375E-01
28500,  4.743964E-03, -1.566235E-03,  2.3438E-01
28600,  5.356684E-03, -1.945626E-03,  3.2812E-01
28700,  5.980889E-03, -2.962351E-04,  3.1250E-01
28800,  4.581905E-03, -1.384531E-03,  3.5938E-01
28900,  4.725260E-03, -1.087128E-03,  2.1875E-01
29000,  5.897314E-03, -5.101617E-04,  3.9062E-01
29100,  6.256284E-03, -3.707665E-04,  2.3438E-01
29200,  5.176086E-03, -1.995442E-04,  2.8125E-01
29300,  4.919897E-03, -4.032403E-04,  3.7500E-01
29400,  5.099220E-03, -1.771757E-04,  1.4062E-01
29500,  5.261826E-03, -1.382673E-03,  2.8125E-01
29600,  4.683246E-03, -3.854078E-04,  2.6562E-01
29700,  5.579401E-03, -1.398438E-03,  2.5000E-01
29800,  2.949994E-03,  1.231069E-04,  3.9062E-01
29900,  5.948183E-03, -6.518699E-05,  2.6562E-01
30000,  4.548196E-03, -4.465566E-04,  2.6562E-01
30100,  4.492722E-03, -5.622925E-04,  2.8125E-01
30200,  5.128854E-03, -1.350026E-03,  2.6562E-01
30300,  6.292117E-03,  8.996855E-05,  3.1250E-01
30400,  5.192937E-03, -1.358479E-03,  3.4375E-01
30500,  4.593185E-03, -2.402933E-04,  2.5000E-01
30600,  3.855050E-03, -7.444131E-05,  3.7500E-01
30700,  5.816342E-03, -2.735658E-04,  2.6562E-01
30800,  4.278824E-03,  7.028719E-04,  2.6562E-01
30900,  6.107326E-03, -1.000977E-03,  1.8750E-01
31000,  5.696951E-03, -9.897752E-04,  2.6562E-01
31100,  7.070304E-03, -5.365354E-04,  2.5000E-01
31200,  5.403565E-03,  9.627081E-05,  4.2188E-01
31300,  5.564769E-03, -8.300045E-04,  3.7500E-01
31400,  7.291378E-03,  2.963529E-04,  2.3438E-01
31500,  4.661561E-03, -4.333681E-04,  2.6562E-01
31600,  6.099478E-03,  2.496345E-04,  2.0312E-01
31700,  5.223311E-03,  1.546545E-04,  2.8125E-01
31800,  6.359545E-03, -2.083925E-03,  2.3438E-01
31900,  7.271273E-03, -6.263610E-05,  3.2812E-01
32000,  6.189544E-03, -1.030271E-04,  2.6562E-01
32100,  3.789890E-03,  6.002560E-05,  2.9688E-01
32200,  5.914180E-03, -4.229015E-04,  3.1250E-01
32300,  5.059050E-03, -7.688161E-04,  2.5000E-01
32400,  5.759086E-03, -9.327922E-04,  2.5000E-01
32500,  5.666999E-03, -3.859294E-04,  2.3438E-01
32600,  6.137836E-03, -2.917373E-04,  2.5000E-01
32700,  6.694166E-03,  2.460973E-05,  3.2812E-01
32800,  5.767926E-03, -4.849257E-05,  2.6562E-01
32900,  5.011342E-03, -6.216485E-04,  2.5000E-01
33000,  4.275108E-03, -3.541936E-04,  2.8125E-01
33100,  4.141504E-03, -1.519453E-04,  2.5000E-01
33200,  7.130563E-03, -2.776026E-04,  2.1875E-01
33300,  7.380296E-03, -3.077034E-04,  2.5000E-01
33400,  5.654954E-03, -2.098377E-04,  2.6562E-01
33500,  5.844900E-03, -5.127229E-04,  3.2812E-01
33600,  6.771649E-03, -3.798120E-05,  2.9688E-01
33700,  5.480140E-03, -5.218200E-05,  3.1250E-01
33800,  4.836760E-03, -9.796165E-04,  3.2812E-01
33900,  2.957396E-03, -6.125085E-04,  2.5000E-01
34000,  5.492249E-03, -2.221571E-03,  2.0312E-01
34100,  4.261550E-03, -5.444079E-04,  2.8125E-01
34200,  4.637712E-03, -6.688754E-04,  3.1250E-01
34300,  5.146155E-03, -9.141606E-04,  2.8125E-01
34400,  6.868502E-03, -2.548345E-04,  2.0312E-01
34500,  5.710528E-03, -2.537278E-03,  2.1875E-01
34600,  3.621966E-03, -2.601116E-04,  2.3438E-01
34700,  3.219044E-03, -7.916242E-06,  2.6562E-01
34800,  2.652683E-03, -1.321242E-04,  2.5000E-01
34900,  1.960318E-03,  1.016071E-04,  2.8125E-01
35000,  2.476929E-03,  4.767184E-05,  2.1875E-01
35100,  2.326446E-03,  2.854643E-05,  2.8125E-01
35200,  2.534078E-03, -6.961753E-05,  2.8125E-01
35300,  1.714004E-03,  2.786168E-05,  2.5000E-01
35400,  1.396352E-03, -5.616422E-05,  2.3438E-01
35500,  2.098698E-03,  1.574969E-04,  2.9688E-01
35600,  2.109945E-03,  1.311461E-04,  2.9688E-01
35700,  1.569479E-03, -2.510399E-04,  2.0312E-01
35800,  2.741394E-03,  6.211037E-05,  2.0312E-01
35900,  1.448316E-03, -9.521167E-05,  2.9688E-01
36000,  1.508764E-03,  8.729193E-05,  3.4375E-01
36100,  2.738276E-03, -2.117753E-04,  2.9688E-01
36200,  2.369270E-03,  1.383084E-05,  3.2812E-01
36300,  1.730431E-03, -4.071882E-05,  2.1875E-01
36400,  1.913711E-03,  1.332769E-05,  3.2812E-01
36500,  1.256574E-03, -2.924050E-05,  3.2812E-01
36600,  1.173849E-03, -2.710614E-05,  3.1250E-01
36700,  2.510030E-03, -3.652228E-05,  3.2812E-01
36800,  2.995533E-03, -1.175662E-04,  2.3438E-01
36900,  2.438529E-03,  9.147217E-06,  2.3438E-01
37000,  2.131115E-03, -1.399159E-04,  2.8125E-01
37100,  1.470938E-03,  7.323001E-05,  2.9688E-01
37200,  2.141228E-03,  2.526212E-06,  2.6562E-01
37300,  2.249221E-03,  1.699377E-04,  2.6562E-01
37400,  2.743416E-03,  3.102508E-04,  2.6562E-01
37500,  3.556313E-04,  3.171599E-05,  3.2812E-01
37600,  3.539309E-04,  7.414696E-06,  2.8125E-01
37700,  2.926603E-04,  1.437511E-05,  2.5000E-01
37800,  4.251967E-04,  4.836038E-05,  2.8125E-01
37900,  4.511953E-04,  2.244741E-05,  2.6562E-01
38000,  3.666354E-04, -3.156660E-06,  3.7500E-01
38100,  4.847386E-04, -2.478616E-05,  4.0625E-01
38200,  9.626728E-04,  1.706160E-05,  2.3438E-01
38300,  9.053790E-04, -6.032933E-06,  3.5938E-01
38400,  8.885588E-04, -7.268507E-06,  2.9688E-01
38500,  7.323886E-04,  4.367321E-06,  2.5000E-01
38600,  8.450454E-04,  3.165897E-05,  2.9688E-01
38700,  8.519965E-04, -2.797158E-05,  3.1250E-01
38800,  1.222906E-03, -1.449600E-04,  3.4375E-01
38900,  1.399226E-03,  5.038455E-06,  3.4375E-01
39000,  5.330369E-04, -4.942069E-05,  2.1875E-01
39100,  9.230579E-04,  5.451322E-06,  2.5000E-01
39200,  1.009736E-03,  6.863847E-06,  3.5938E-01
39300,  1.139921E-03,  1.011172E-05,  2.6562E-01
39400,  9.975324E-04,  6.634090E-05,  2.0312E-01
39500,  6.487032E-04,  3.471971E-06,  2.9688E-01
39600,  2.743873E-04, -7.748400E-06,  2.9688E-01
39700,  1.411195E-03,  2.878369E-06,  2.8125E-01
39800,  1.434255E-03, -1.592028E-04,  2.1875E-01
39900,  1.383444E-03,  9.250990E-05,  2.0312E-01
40000,  1.831082E-03, -9.553740E-05,  2.9688E-01
40100,  1.145507E-03, -7.279881E-05,  2.6562E-01
40200,  1.589344E-03,  1.486868E-04,  1.7188E-01
40300,  1.336997E-03, -8.626957E-05,  3.1250E-01
40400,  5.034250E-04, -1.441571E-06,  1.8750E-01
40500,  3.000770E-04, -5.166169E-05,  1.8750E-01
40600,  1.637500E-03,  3.647176E-06,  3.5938E-01
40700,  6.049811E-04, -1.005660E-05,  2.9688E-01
40800,  1.003572E-03, -6.070186E-05,  2.3438E-01
40900,  8.784774E-04,  5.447655E-06,  3.1250E-01
41000,  1.057533E-03, -1.679640E-06,  2.8125E-01
41100,  1.008854E-03,  1.003325E-04,  2.9688E-01
41200,  1.513324E-03,  8.162728E-05,  2.3438E-01
41300,  1.067420E-03, -5.150214E-06,  3.7500E-01
41400,  1.376605E-03, -9.881239E-05,  2.1875E-01
41500,  9.295178E-04,  2.401008E-05,  1.8750E-01
41600,  1.356408E-03,  1.283572E-05,  2.6562E-01
41700,  1.201164E-03, -5.895458E-05,  2.1875E-01
41800,  2.251828E-04, -1.799122E-05,  1.8750E-01
41900,  8.916128E-04, -7.702113E-05,  1.8750E-01
42000, -0.000000E+00,  0.000000E+00,  3.7500E-01
42100, -0.000000E+00,  0.000000E+00,  3.2812E-01
42200, -0.000000E+00,  0.000000E+00,  3.9062E-01
42300, -0.000000E+00,  0.000000E+00,  2.3438E-01
42400, -0.000000E+00,  0.000000E+00,  2.0312E-01
42500, -0.000000E+00,  0.000000E+00,  2.6562E-01
42600, -0.000000E+00,  0.000000E+00,  2.9688E-01
42700, -0.000000E+00,  0.000000E+00,  3.4375E-01
42800, -0.000000E+00,  0.000000E+00,  2.5000E-01
42900, -0.000000E+00,  0.000000E+00,  2.5000E-01
43000, -0.000000E+00,  0.000000E+00,  2.9688E-01
43100, -0.000000E+00,  0.000000E+00,  1.7188E-01
43200, -0.000000E+00,  0.000000E+00,  2.5000E-01
43300, -0.000000E+00,  0.000000E+00,  2.5000E-01
43400, -0.000000E+00,  0.000000E+00,  2.5000E-01
43500, -0.000000E+00,  0.000000E+00,  2.0312E-01
43600, -0.000000E+00,  0.000000E+00,  2.1875E-01
43700, -0.000000E+00,  0.000000E+00,  2.6562E-01
43800, -0.000000E+00,  0.000000E+00,  2.1875E-01
43900, -0.000000E+00,  0.000000E+00,  2.3438E-01
44000, -0.000000E+00,  0.000000E+00,  2.8125E-01
44100, -0.000000E+00,  0.000000E+00,  2.0312E-01
44200, -0.000000E+00,  0.000000E+00,  2.6562E-01
44300, -0.000000E+00,  0.000000E+00,  3.5938E-01
44400, -0.000000E+00,  0.000000E+00,  2.5000E-01
44500, -0.000000E+00,  0.000000E+00,  3.1250E-01
44600, -0.000000E+00,  0.000000E+00,  3.2812E-01
44700, -0.000000E+00,  0.000000E+00,  2.6562E-01
44800, -0.000000E+00,  0.000000E+00,  2.8125E-01
44900, -0.000000E+00,  0.000000E+00,  3.4375E-01
45000, -0.000000E+00,  0.000000E+00,  3.1250E-01
45100, -0.000000E+00,  0.000000E+00,  2.9688E-01
45200, -0.000000E+00,  0.000000E+00,  2.3438E-01
45300, -0.000000E+00,  0.000000E+00,  2.9688E-01
45400, -0.000000E+00,  0.000000E+00,  2.5000E-01
45500, -0.000000E+00,  0.000000E+00,  2.0312E-01
45600, -0.000000E+00,  0.000000E+00,  2.8125E-01
45700, -0.000000E+00,  0.000000E+00,  2.3438E-01
45800, -0.000000E+00,  0.000000E+00,  2.5000E-01
45900, -0.000000E+00,  0.000000E+00,  3.1250E-01
46000, -0.000000E+00,  0.000000E+00,  2.9688E-01
46100, -0.000000E+00,  0.000000E+00,  2.0312E-01
46200, -0.000000E+00,  0.000000E+00,  1.8750E-01
46300, -0.000000E+00,  0.000000E+00,  3.1250E-01
46400, -0.000000E+00,  0.000000E+00,  2.5000E-01
46500, -0.000000E+00,  0.000000E+00,  2.5000E-01
46600, -0.000000E+00,  0.000000E+00,  2.5000E-01
46700, -0.000000E+00,  0.000000E+00,  1.8750E-01
46800, -0.000000E+00,  0.000000E+00,  2.9688E-01
46900, -0.000000E+00,  0.000000E+00,  1.8750E-01
47000, -0.000000E+00,  0.000000E+00,  2.1875E-01
47100, -0.000000E+00,  0.000000E+00,  2.0312E-01
47200, -0.000000E+00,  0.000000E+00,  1.7188E-01
47300, -0.000000E+00,  0.000000E+00,  2.6562E-01
47400, -0.000000E+00,  0.000000E+00,  1.8750E-01
47500, -0.000000E+00,  0.000000E+00,  2.1875E-01
47600, -0.000000E+00,  0.000000E+00,  2.3438E-01
47700, -0.000000E+00,  0.000000E+00,  2.3438E-01
47800, -0.000000E+00,  0.000000E+00,  2.0312E-01
47900, -0.000000E+00,  0.000000E+00,  2.3438E-01
48000, -0.000000E+00,  0.000000E+00,  1.8750E-01
48100, -0.000000E+00,  0.000000E+00,  3.1250E-01
48200, -0.000000E+00,  0.000000E+00,  2.6562E-01
48300, -0.000000E+00,  0.000000E+00,  2.0312E-01
48400, -0.000000E+00,  0.000000E+00,  2.8125E-01
48500, -0.000000E+00,  0.000000E+00,  2.5000E-01
48600, -0.000000E+00,  0.000000E+00,  2.5000E-01
48700, -0.000000E+00,  0.000000E+00,  3.1250E-01
48800, -0.000000E+00,  0.000000E+00,  2.5000E-01
48900, -0.000000E+00,  0.000000E+00,  2.8125E-01
49000, -0.000000E+00,  0.000000E+00,  3.4375E-01
49100, -0.000000E+00,  0.000000E+00,  2.3438E-01
49200, -0.000000E+00,  0.000000E+00,  2.8125E-01
49300, -0.000000E+00,  0.000000E+00,  2.0312E-01
49400, -0.000000E+00,  0.000000E+00,  2.6562E-01
49500, -0.000000E+00,  0.000000E+00,  2.3438E-01
49600, -0.000000E+00,  0.000000E+00,  2.0312E-01
49700, -0.000000E+00,  0.000000E+00,  2.5000E-01
49800, -0.000000E+00,  0.000000E+00,  2.1875E-01
49900, -0.000000E+00,  0.000000E+00,  2.6562E-01
50000, -0.000000E+00,  0.000000E+00,  2.1875E-01
50100, -0.000000E+00,  0.000000E+00,  2.9688E-01
50200, -0.000000E+00,  0.000000E+00,  2.3438E-01
50300, -0.000000E+00,  0.000000E+00,  2.3438E-01
50400, -0.000000E+00,  0.000000E+00,  3.1250E-01
50500, -0.000000E+00,  0.000000E+00,  1.8750E-01
50600, -0.000000E+00,  0.000000E+00,  2.5000E-01
50700, -0.000000E+00,  0.000000E+00,  1.7188E-01
50800, -0.000000E+00,  0.000000E+00,  3.1250E-01
50900, -0.000000E+00,  0.000000E+00,  2.0312E-01
51000, -0.000000E+00,  0.000000E+00,  2.8125E-01
51100, -0.000000E+00,  0.000000E+00,  1.8750E-01
51200, -0.000000E+00,  0.000000E+00,  2.3438E-01
51300, -0.000000E+00,  0.000000E+00,  2.6562E-01
51400, -0.000000E+00,  0.000000E+00,  2.1875E-01
51500, -0.000000E+00,  0.000000E+00,  2.8125E-01
51600, -0.000000E+00,  0.000000E+00,  2.9688E-01
51700, -0.000000E+00,  0.000000E+00,  2.8125E-01
51800, -0.000000E+00,  0.000000E+00,  1.7188E-01
51900, -0.000000E+00,  0.000000E+00,  2.1875E-01
52000, -0.000000E+00,  0.000000E+00,  2.3438E-01
52100, -0.000000E+00,  0.000000E+00,  2.5000E-01
52200, -0.000000E+00,  0.000000E+00,  2.5000E-01
52300, -0.000000E+00,  0.000000E+00,  3.1250E-01
52400, -0.000000E+00,  0.000000E+00,  2.8125E-01
52500, -0.000000E+00,  0.000000E+00,  2.8125E-01
52600, -0.000000E+00,  0.000000E+00,  2.6562E-01
52700, -0.000000E+00,  0.000000E+00,  1.8750E-01
52800, -0.000000E+00,  0.000000E+00,  2.5000E-01
52900, -0.000000E+00,  0.000000E+00,  2.3438E-01
53000, -0.000000E+00,  0.000000E+00,  2.3438E-01
53100, -0.000000E+00,  0.000000E+00,  2.0312E-01
53200, -0.000000E+00,  0.000000E+00,  2.6562E-01
53300, -0.000000E+00,  0.000000E+00,  3.2812E-01
53400, -0.000000E+00,  0.000000E+00,  3.5938E-01
53500, -0.000000E+00,  0.000000E+00,  2.5000E-01
53600, -0.000000E+00,  0.000000E+00,  3.4375E-01
53700, -0.000000E+00,  0.000000E+00,  2.5000E-01
53800, -0.000000E+00,  0.000000E+00,  3.2812E-01
53900, -0.000000E+00,  0.000000E+00,  3.4375E-01
54000, -0.000000E+00,  0.000000E+00,  2.6562E-01
54100, -0.000000E+00,  0.000000E+00,  3.1250E-01
54200, -0.000000E+00,  0.000000E+00,  3.2812E-01
54300, -0.000000E+00,  0.000000E+00,  2.5000E-01
54400, -0.000000E+00,  0.000000E+00,  2.6562E-01
54500, -0.000000E+00,  0.000000E+00,  3.1250E-01
54600, -0.000000E+00,  0.000000E+00,  2.6562E-01
54700, -0.000000E+00,  0.000000E+00,  2.5000E-01
54800, -0.000000E+00,  0.000000E+00,  2.5000E-01
54900, -0.000000E+00,  0.000000E+00,  2.1875E-01
55000, -0.000000E+00,  0.000000E+00,  3.2812E-01
55100, -0.000000E+00,  0.000000E+00,  3.5938E-01
55200, -0.000000E+00,  0.000000E+00,  2.9688E-01
55300, -0.000000E+00,  0.000000E+00,  3.7500E-01
55400, -0.000000E+00,  0.000000E+00,  2.3438E-01
55500, -0.000000E+00,  0.000000E+00,  3.5938E-01
55600, -0.000000E+00,  0.000000E+00,  1.8750E-01
55700, -0.000000E+00,  0.000000E+00,  2.1875E-01
55800, -0.000000E+00,  0.000000E+00,  2.5000E-01
55900, -0.000000E+00,  0.000000E+00,  3.1250E-01
56000, -0.000000E+00,  0.000000E+00,  2.3438E-01
56100, -0.000000E+00,  0.000000E+00,  1.8750E-01
56200, -0.000000E+00,  0.000000E+00,  3.1250E-01
56300, -0.000000E+00,  0.000000E+00,  2.6562E-01
56400, -0.000000E+00,  0.000000E+00,  2.8125E-01
56500, -0.000000E+00,  0.000000E+00,  2.5000E-01
56600, -0.000000E+00,  0.000000E+00,  2.8125E-01
56700, -0.000000E+00,  0.000000E+00,  2.0312E-01
56800, -0.000000E+00,  0.000000E+00,  2.0312E-01
56900, -0.000000E+00,  0.000000E+00,  2.5000E-01
57000, -0.000000E+00,  0.000000E+00,  2.8125E-01
57100, -0.000000E+00,  0.000000E+00,  2.6562E-01
57200, -0.000000E+00,  0.000000E+00,  2.0312E-01
57300, -0.000000E+00,  0.000000E+00,  3.2812E-01
57400, -0.000000E+00,  0.000000E+00,  2.3438E-01
57500, -0.000000E+00,  0.000000E+00,  3.4375E-01
57600, -0.000000E+00,  0.000000E+00,  1.5625E-01
57700, -0.000000E+00,  0.000000E+00,  2.1875E-01
57800, -0.000000E+00,  0.000000E+00,  1.7188E-01
57900, -0.000000E+00,  0.000000E+00,  3.7500E-01
58000, -0.000000E+00,  0.000000E+00,  3.5938E-01
58100, -0.000000E+00,  0.000000E+00,  2.3438E-01
58200, -0.000000E+00,  0.000000E+00,  2.8125E-01
58300, -0.000000E+00,  0.000000E+00,  2.6562E-01
58400, -0.000000E+00,  0.000000E+00,  2.0312E-01
58500, -0.000000E+00,  0.000000E+00,  2.0312E-01
58600, -0.000000E+00,  0.000000E+00,  4.0625E-01
58700, -0.000000E+00,  0.000000E+00,  3.1250E-01
58800, -0.000000E+00,  0.000000E+00,  2.5000E-01
58900, -0.000000E+00,  0.000000E+00,  2.1875E-01
59000, -0.000000E+00,  0.000000E+00,  2.9688E-01
59100, -0.000000E+00,  0.000000E+00,  2.5000E-01
59200, -0.000000E+00,  0.000000E+00,  2.3438E-01
59300, -0.000000E+00,  0.000000E+00,  2.5000E-01
59400, -0.000000E+00,  0.000000E+00,  2.0312E-01
59500, -0.000000E+00,  0.000000E+00,  2.3438E-01
59600, -0.000000E+00,  0.000000E+00,  2.3438E-01
59700, -0.000000E+00,  0.000000E+00,  2.9688E-01
59800, -0.000000E+00,  0.000000E+00,  3.4375E-01
59900, -0.000000E+00,  0.000000E+00,  3.1250E-01
60000, -0.000000E+00,  0.000000E+00,  2.6562E-01
60100, -0.000000E+00,  0.000000E+00,  2.5000E-01
60200, -0.000000E+00,  0.000000E+00,  3.4375E-01
60300, -0.000000E+00,  0.000000E+00,  1.7188E-01
60400, -0.000000E+00,  0.000000E+00,  2.5000E-01
60500, -0.000000E+00,  0.000000E+00,  2.8125E-01
60600, -0.000000E+00,  0.000000E+00,  2.1875E-01
60700, -0.000000E+00,  0.000000E+00,  2.9688E-01
60800, -0.000000E+00,  0.000000E+00,  3.4375E-01
60900, -0.000000E+00,  0.000000E+00,  2.6562E-01
61000, -0.000000E+00,  0.000000E+00,  3.2812E-01
61100, -0.000000E+00,  0.000000E+00,  2.3438E-01
61200, -0.000000E+00,  0.000000E+00,  2.8125E-01
61300, -0.000000E+00,  0.000000E+00,  1.8750E-01
61400, -0.000000E+00,  0.000000E+00,  2.1875E-01
61500, -0.000000E+00,  0.000000E+00,  2.3438E-01
61600, -0.000000E+00,  0.000000E+00,  2.0312E-01
61700, -0.000000E+00,  0.000000E+00,  2.8125E-01
61800, -0.000000E+00,  0.000000E+00,  1.5625E-01
61900, -0.000000E+00,  0.000000E+00,  2.9688E-01
62000, -0.000000E+00,  0.000000E+00,  2.5000E-01
62100, -0.000000E+00,  0.000000E+00,  2.6562E-01
62200, -0.000000E+00,  0.000000E+00,  2.0312E-01
62300, -0.000000E+00,  0.000000E+00,  2.3438E-01
62400, -0.000000E+00,  0.000000E+00,  1.8750E-01
62500, -0.000000E+00,  0.000000E+00,  3.9062E-01
62600, -0.000000E+00,  0.000000E+00,  1.7188E-01
62700, -0.000000E+00,  0.000000E+00,  2.1875E-01
62800, -0.000000E+00,  0.000000E+00,  2.6562E-01
62900, -0.000000E+00,  0.000000E+00,  2.3438E-01
63000, -0.000000E+00,  0.000000E+00,  3.4375E-01
63100, -0.000000E+00,  0.000000E+00,  2.5000E-01
63200, -0.000000E+00,  0.000000E+00,  2.8125E-01
63300, -0.000000E+00,  0.000000E+00,  2.0312E-01
63400, -0.000000E+00,  0.000000E+00,  9.3750E-02
63500, -0.000000E+00,  0.000000E+00,  4.2188E-01
63600, -0.000000E+00,  0.000000E+00,  2.6562E-01
63700, -0.000000E+00,  0.000000E+00,  3.7500E-01
63800, -0.000000E+00,  0.000000E+00,  3.2812E-01
63900, -0.000000E+00,  0.000000E+00,  3.9062E-01
64000, -0.000000E+00,  0.000000E+00,  2.3438E-01
64100, -0.000000E+00,  0.000000E+00,  2.6562E-01
64200, -0.000000E+00,  0.000000E+00,  2.5000E-01
64300, -0.000000E+00,  0.000000E+00,  2.0312E-01
64400, -0.000000E+00,  0.000000E+00,  2.6562E-01
64500, -0.000000E+00,  0.000000E+00,  2.1875E-01
64600, -0.000000E+00,  0.000000E+00,  3.4375E-01
64700, -0.000000E+00,  0.000000E+00,  2.6562E-01
64800, -0.000000E+00,  0.000000E+00,  2.1875E-01
64900, -0.000000E+00,  0.000000E+00,  2.6562E-01
65000, -0.000000E+00,  0.000000E+00,  2.9688E-01
65100, -0.000000E+00,  0.000000E+00,  1.7188E-01
65200, -0.000000E+00,  0.000000E+00,  2.6562E-01
65300, -0.000000E+00,  0.000000E+00,  2.8125E-01
65400, -0.000000E+00,  0.000000E+00,  1.5625E-01
65500, -0.000000E+00,  0.000000E+00,  2.8125E-01
65600, -0.000000E+00,  0.000000E+00,  1.8750E-01
65700, -0.000000E+00,  0.000000E+00,  1.7188E-01
65800, -0.000000E+00,  0.000000E+00,  2.9688E-01
65900, -0.000000E+00,  0.000000E+00,  2.5000E-01
66000, -0.000000E+00,  0.000000E+00,  3.5938E-01
66100, -0.000000E+00,  0.000000E+00,  2.5000E-01
66200, -0.000000E+00,  0.000000E+00,  2.0312E-01
66300, -0.000000E+00,  0.000000E+00,  2.8125E-01
66400, -0.000000E+00,  0.000000E+00,  2.8125E-01
66500, -0.000000E+00,  0.000000E+00,  3.5938E-01
66600, -0.000000E+00,  0.000000E+00,  2.8125E-01
66700, -0.000000E+00,  0.000000E+00,  1.8750E-01
66800, -0.000000E+00,  0.000000E+00,  2.5000E-01
66900, -0.000000E+00,  0.000000E+00,  1.4062E-01
67000, -0.000000E+00,  0.000000E+00,  3.2812E-01
67100, -0.000000E+00,  0.000000E+00,  2.9688E-01
67200, -0.000000E+00,  0.000000E+00,  2.0312E-01
67300, -0.000000E+00,  0.000000E+00,  2.9688E-01
67400, -0.000000E+00,  0.000000E+00,  3.2812E-01
67500, -0.000000E+00,  0.000000E+00,  3.2812E-01
67600, -0.000000E+00,  0.000000E+00,  2.3438E-01
67700, -0.000000E+00,  0.000000E+00,  2.3438E-01
67800, -0.000000E+00,  0.000000E+00,  2.6562E-01
67900, -0.000000E+00,  0.000000E+00,  2.9688E-01
68000, -0.000000E+00,  0.000000E+00,  2.3438E-01
68100, -0.000000E+00,  0.000000E+00,  2.1875E-01
68200, -0.000000E+00,  0.000000E+00,  2.6562E-01
68300, -0.000000E+00,  0.000000E+00,  2.5000E-01
68400, -0.000000E+00,  0.000000E+00,  2.1875E-01
68500, -0.000000E+00,  0.000000E+00,  3.5938E-01
68600, -0.000000E+00,  0.000000E+00,  2.5000E-01
68700, -0.000000E+00,  0.000000E+00,  3.2812E-01
68800, -0.000000E+00,  0.000000E+00,  2.1875E-01
68900, -0.000000E+00,  0.000000E+00,  2.5000E-01
69000, -0.000000E+00,  0.000000E+00,  3.4375E-01
69100, -0.000000E+00,  0.000000E+00,  3.1250E-01
69200, -0.000000E+00,  0.000000E+00,  2.3438E-01
69300, -0.000000E+00,  0.000000E+00,  2.3438E-01
69400, -0.000000E+00,  0.000000E+00,  2.8125E-01
69500, -0.000000E+00,  0.000000E+00,  2.5000E-01
69600, -0.000000E+00,  0.000000E+00,  3.1250E-01
69700, -0.000000E+00,  0.000000E+00,  3.1250E-01
69800, -0.000000E+00,  0.000000E+00,  2.0312E-01
69900, -0.000000E+00,  0.000000E+00,  2.8125E-01
70000, -0.000000E+00,  0.000000E+00,  2.9688E-01
70100, -0.000000E+00,  0.000000E+00,  2.9688E-01
70200, -0.000000E+00,  0.000000E+00,  2.1875E-01
70300, -0.000000E+00,  0.000000E+00,  2.9688E-01
70400, -0.000000E+00,  0.000000E+00,  2.3438E-01
70500, -0.000000E+00,  0.000000E+00,  2.3438E-01
70600, -0.000000E+00,  0.000000E+00,  2.8125E-01
70700, -0.000000E+00,  0.000000E+00,  2.3438E-01
70800, -0.000000E+00,  0.000000E+00,  2.3438E-01
70900, -0.000000E+00,  0.000000E+00,  2.0312E-01
71000, -0.000000E+00,  0.000000E+00,  2.6562E-01
71100, -0.000000E+00,  0.000000E+00,  3.2812E-01
71200, -0.000000E+00,  0.000000E+00,  2.1875E-01
71300, -0.000000E+00,  0.000000E+00,  3.2812E-01
71400, -0.000000E+00,  0.000000E+00,  3.1250E-01
71500, -0.000000E+00,  0.000000E+00,  2.5000E-01
71600, -0.000000E+00,  0.000000E+00,  1.8750E-01
71700, -0.000000E+00,  0.000000E+00,  2.0312E-01
71800, -0.000000E+00,  0.000000E+00,  1.5625E-01
71900, -0.000000E+00,  0.000000E+00,  1.8750E-01
72000, -0.000000E+00,  0.000000E+00,  2.5000E-01
72100, -0.000000E+00,  0.000000E+00,  2.9688E-01
72200, -0.000000E+00,  0.000000E+00,  3.5938E-01
72300, -0.000000E+00,  0.000000E+00,  2.9688E-01
72400, -0.000000E+00,  0.000000E+00,  1.4062E-01
72500, -0.000000E+00,  0.000000E+00,  2.8125E-01
72600, -0.000000E+00,  0.000000E+00,  2.0312E-01
72700, -0.000000E+00,  0.000000E+00,  1.5625E-01
72800, -0.000000E+00,  0.000000E+00,  2.0312E-01
72900, -0.000000E+00,  0.000000E+00,  2.9688E-01
73000, -0.000000E+00,  0.000000E+00,  2.8125E-01
73100, -0.000000E+00,  0.000000E+00,  2.1875E-01
73200, -0.000000E+00,  0.000000E+00,  2.1875E-01
73300, -0.000000E+00,  0.000000E+00,  2.5000E-01
73400, -0.000000E+00,  0.000000E+00,  2.6562E-01
73500, -0.000000E+00,  0.000000E+00,  2.6562E-01
73600, -0.000000E+00,  0.000000E+00,  2.6562E-01
73700, -0.000000E+00,  0.000000E+00,  2.0312E-01
73800, -0.000000E+00,  0.000000E+00,  2.8125E-01
73900, -0.000000E+00,  0.000000E+00,  2.1875E-01
74000, -0.000000E+00,  0.000000E+00,  2.3438E-01
74100, -0.000000E+00,  0.000000E+00,  1.7188E-01
74200, -0.000000E+00,  0.000000E+00,  1.8750E-01
74300, -0.000000E+00,  0.000000E+00,  2.9688E-01
74400, -0.000000E+00,  0.000000E+00,  2.1875E-01
74500, -0.000000E+00,  0.000000E+00,  3.1250E-01
74600, -0.000000E+00,  0.000000E+00,  1.8750E-01
74700, -0.000000E+00,  0.000000E+00,  2.6562E-01
74800, -0.000000E+00,  0.000000E+00,  2.9688E-01
74900, -0.000000E+00,  0.000000E+00,  2.6562E-01
75000, -0.000000E+00,  0.000000E+00,  2.1875E-01
75100, -0.000000E+00,  0.000000E+00,  2.1875E-01
75200, -0.000000E+00,  0.000000E+00,  2.6562E-01
75300, -0.000000E+00,  0.000000E+00,  2.8125E-01
75400, -0.000000E+00,  0.000000E+00,  2.1875E-01
75500, -0.000000E+00,  0.000000E+00,  2.5000E-01
75600, -0.000000E+00,  0.000000E+00,  2.8125E-01
75700, -0.000000E+00,  0.000000E+00,  2.0312E-01
75800, -0.000000E+00,  0.000000E+00,  3.4375E-01
75900, -0.000000E+00,  0.000000E+00,  2.8125E-01
76000, -0.000000E+00,  0.000000E+00,  2.0312E-01
76100, -0.000000E+00,  0.000000E+00,  2.8125E-01
76200, -0.000000E+00,  0.000000E+00,  2.0312E-01
76300, -0.000000E+00,  0.000000E+00,  1.4062E-01
76400, -0.000000E+00,  0.000000E+00,  2.5000E-01
76500, -0.000000E+00,  0.000000E+00,  2.0312E-01
76600, -0.000000E+00,  0.000000E+00,  3.4375E-01
76700, -0.000000E+00,  0.000000E+00,  2.1875E-01
76800, -0.000000E+00,  0.000000E+00,  2.3438E-01
76900, -0.000000E+00,  0.000000E+00,  2.3438E-01
77000, -0.000000E+00,  0.000000E+00,  3.1250E-01
77100, -0.000000E+00,  0.000000E+00,  1.7188E-01
77200, -0.000000E+00,  0.000000E+00,  1.2500E-01
77300, -0.000000E+00,  0.000000E+00,  2.8125E-01
77400, -0.000000E+00,  0.000000E+00,  2.9688E-01
77500, -0.000000E+00,  0.000000E+00,  2.3438E-01
77600, -0.000000E+00,  0.000000E+00,  2.5000E-01
77700, -0.000000E+00,  0.000000E+00,  2.8125E-01
77800, -0.000000E+00,  0.000000E+00,  1.5625E-01
77900, -0.000000E+00,  0.000000E+00,  3.1250E-01
78000, -0.000000E+00,  0.000000E+00,  2.8125E-01
78100, -0.000000E+00,  0.000000E+00,  2.0312E-01
78200, -0.000000E+00,  0.000000E+00,  2.8125E-01
78300, -0.000000E+00,  0.000000E+00,  2.3438E-01
78400, -0.000000E+00,  0.000000E+00,  2.8125E-01
78500, -0.000000E+00,  0.000000E+00,  2.8125E-01
78600, -0.000000E+00,  0.000000E+00,  1.7188E-01
78700, -0.000000E+00,  0.000000E+00,  2.0312E-01
78800, -0.000000E+00,  0.000000E+00,  3.5938E-01
78900, -0.000000E+00,  0.000000E+00,  2.8125E-01
79000, -0.000000E+00,  0.000000E+00,  2.3438E-01
79100, -0.000000E+00,  0.000000E+00,  2.3438E-01
79200, -0.000000E+00,  0.000000E+00,  2.8125E-01
79300, -0.000000E+00,  0.000000E+00,  2.8125E-01
79400, -0.000000E+00,  0.000000E+00,  2.3438E-01
79500, -0.000000E+00,  0.000000E+00,  1.8750E-01
79600, -0.000000E+00,  0.000000E+00,  2.9688E-01
79700, -0.000000E+00,  0.000000E+00,  2.8125E-01
79800, -0.000000E+00,  0.000000E+00,  2.0312E-01
79900, -0.000000E+00,  0.000000E+00,  1.8750E-01
80000, -0.000000E+00,  0.000000E+00,  1.7188E-01
80100, -0.000000E+00,  0.000000E+00,  2.9688E-01
80200, -0.000000E+00,  0.000000E+00,  2.6562E-01
80300, -0.000000E+00,  0.000000E+00,  3.2812E-01
80400, -0.000000E+00,  0.000000E+00,  2.3438E-01
80500, -0.000000E+00,  0.000000E+00,  2.6562E-01
80600, -0.000000E+00,  0.000000E+00,  2.5000E-01
80700, -0.000000E+00,  0.000000E+00,  2.6562E-01
80800, -0.000000E+00,  0.000000E+00,  2.3438E-01
80900, -0.000000E+00,  0.000000E+00,  2.8125E-01
81000, -0.000000E+00,  0.000000E+00,  1.8750E-01
81100, -0.000000E+00,  0.000000E+00,  1.7188E-01
81200, -0.000000E+00,  0.000000E+00,  2.5000E-01
81300, -0.000000E+00,  0.000000E+00,  2.0312E-01
81400, -0.000000E+00,  0.000000E+00,  2.5000E-01
81500, -0.000000E+00,  0.000000E+00,  3.1250E-01
81600, -0.000000E+00,  0.000000E+00,  1.8750E-01
81700, -0.000000E+00,  0.000000E+00,  2.1875E-01
81800, -0.000000E+00,  0.000000E+00,  2.6562E-01
81900, -0.000000E+00,  0.000000E+00,  2.8125E-01
82000, -0.000000E+00,  0.000000E+00,  1.8750E-01
82100, -0.000000E+00,  0.000000E+00,  2.1875E-01
82200, -0.000000E+00,  0.000000E+00,  2.6562E-01
82300, -0.000000E+00,  0.000000E+00,  3.1250E-01
82400, -0.000000E+00,  0.000000E+00,  2.1875E-01
82500, -0.000000E+00,  0.000000E+00,  3.9062E-01
82600, -0.000000E+00,  0.000000E+00,  3.1250E-01
82700, -0.000000E+00,  0.000000E+00,  2.6562E-01
82800, -0.000000E+00,  0.000000E+00,  2.5000E-01
82900, -0.000000E+00,  0.000000E+00,  3.2812E-01
83000, -0.000000E+00,  0.000000E+00,  2.5000E-01
83100, -0.000000E+00,  0.000000E+00,  2.6562E-01
83200, -0.000000E+00,  0.000000E+00,  2.3438E-01
83300, -0.000000E+00,  0.000000E+00,  2.5000E-01
83400, -0.000000E+00,  0.000000E+00,  2.8125E-01
83500, -0.000000E+00,  0.000000E+00,  3.4375E-01
83600, -0.000000E+00,  0.000000E+00,  2.1875E-01
83700, -0.000000E+00,  0.000000E+00,  2.5000E-01
83800, -0.000000E+00,  0.000000E+00,  2.3438E-01
83900, -0.000000E+00,  0.000000E+00,  2.3438E-01
84000, -0.000000E+00,  0.000000E+00,  2.0312E-01
84100, -0.000000E+00,  0.000000E+00,  1.7188E-01
84200, -0.000000E+00,  0.000000E+00,  2.5000E-01
84300, -0.000000E+00,  0.000000E+00,  2.6562E-01
84400, -0.000000E+00,  0.000000E+00,  2.5000E-01
84500, -0.000000E+00,  0.000000E+00,  2.1875E-01
84600, -0.000000E+00,  0.000000E+00,  1.4062E-01
84700, -0.000000E+00,  0.000000E+00,  3.5938E-01
84800, -0.000000E+00,  0.000000E+00,  2.9688E-01
84900, -0.000000E+00,  0.000000E+00,  2.6562E-01
85000, -0.000000E+00,  0.000000E+00,  3.4375E-01
85100, -0.000000E+00,  0.000000E+00,  3.1250E-01
85200, -0.000000E+00,  0.000000E+00,  2.3438E-01
85300, -0.000000E+00,  0.000000E+00,  2.0312E-01
85400, -0.000000E+00,  0.000000E+00,  2.1875E-01
85500, -0.000000E+00,  0.000000E+00,  2.0312E-01
85600, -0.000000E+00,  0.000000E+00,  1.4062E-01
85700, -0.000000E+00,  0.000000E+00,  1.8750E-01
85800, -0.000000E+00,  0.000000E+00,  2.3438E-01
85900, -0.000000E+00,  0.000000E+00,  2.6562E-01
86000, -0.000000E+00,  0.000000E+00,  2.0312E-01
86100, -0.000000E+00,  0.000000E+00,  3.4375E-01
86200, -0.000000E+00,  0.000000E+00,  2.6562E-01
86300, -0.000000E+00,  0.000000E+00,  2.8125E-01
86400, -0.000000E+00,  0.000000E+00,  3.2812E-01
86500, -0.000000E+00,  0.000000E+00,  1.8750E-01
86600, -0.000000E+00,  0.000000E+00,  3.1250E-01
86700, -0.000000E+00,  0.000000E+00,  2.8125E-01
86800, -0.000000E+00,  0.000000E+00,  1.8750E-01
86900, -0.000000E+00,  0.000000E+00,  3.1250E-01
87000, -0.000000E+00,  0.000000E+00,  2.6562E-01
87100, -0.000000E+00,  0.000000E+00,  2.8125E-01
87200, -0.000000E+00,  0.000000E+00,  2.6562E-01
87300, -0.000000E+00,  0.000000E+00,  2.5000E-01
87400, -0.000000E+00,  0.000000E+00,  2.9688E-01
87500, -0.000000E+00,  0.000000E+00,  2.5000E-01
87600, -0.000000E+00,  0.000000E+00,  3.4375E-01
87700, -0.000000E+00,  0.000000E+00,  3.1250E-01
87800, -0.000000E+00,  0.000000E+00,  3.2812E-01
87900, -0.000000E+00,  0.000000E+00,  2.8125E-01
88000, -0.000000E+00,  0.000000E+00,  2.6562E-01
88100, -0.000000E+00,  0.000000E+00,  2.6562E-01
88200, -0.000000E+00,  0.000000E+00,  2.6562E-01
88300, -0.000000E+00,  0.000000E+00,  3.2812E-01
88400, -0.000000E+00,  0.000000E+00,  2.0312E-01
88500, -0.000000E+00,  0.000000E+00,  2.1875E-01
88600, -0.000000E+00,  0.000000E+00,  2.6562E-01
88700, -0.000000E+00,  0.000000E+00,  2.3438E-01
88800, -0.000000E+00,  0.000000E+00,  2.5000E-01
88900, -0.000000E+00,  0.000000E+00,  2.1875E-01
89000, -0.000000E+00,  0.000000E+00,  2.0312E-01
89100, -0.000000E+00,  0.000000E+00,  2.0312E-01
89200, -0.000000E+00,  0.000000E+00,  2.0312E-01
89300, -0.000000E+00,  0.000000E+00,  2.8125E-01
89400, -0.000000E+00,  0.000000E+00,  3.2812E-01
89500, -0.000000E+00,  0.000000E+00,  2.3438E-01
89600, -0.000000E+00,  0.000000E+00,  2.0312E-01
89700, -0.000000E+00,  0.000000E+00,  2.3438E-01
89800, -0.000000E+00,  0.000000E+00,  1.5625E-01
89900, -0.000000E+00,  0.000000E+00,  2.9688E-01
90000, -0.000000E+00,  0.000000E+00,  2.8125E-01
90100, -0.000000E+00,  0.000000E+00,  2.8125E-01
90200, -0.000000E+00,  0.000000E+00,  2.1875E-01
90300, -0.000000E+00,  0.000000E+00,  3.5938E-01
90400, -0.000000E+00,  0.000000E+00,  3.1250E-01
90500, -0.000000E+00,  0.000000E+00,  2.5000E-01
90600, -0.000000E+00,  0.000000E+00,  2.6562E-01
90700, -0.000000E+00,  0.000000E+00,  1.4062E-01
90800, -0.000000E+00,  0.000000E+00,  2.8125E-01
90900, -0.000000E+00,  0.000000E+00,  2.3438E-01
91000, -0.000000E+00,  0.000000E+00,  2.5000E-01
91100, -0.000000E+00,  0.000000E+00,  2.1875E-01
91200, -0.000000E+00,  0.000000E+00,  1.8750E-01
91300, -0.000000E+00,  0.000000E+00,  1.8750E-01
91400, -0.000000E+00,  0.000000E+00,  2.6562E-01
91500, -0.000000E+00,  0.000000E+00,  2.0312E-01
91600, -0.000000E+00,  0.000000E+00,  2.8125E-01
91700, -0.000000E+00,  0.000000E+00,  1.8750E-01
91800, -0.000000E+00,  0.000000E+00,  2.8125E-01
91900, -0.000000E+00,  0.000000E+00,  2.1875E-01
92000, -0.000000E+00,  0.000000E+00,  2.6562E-01
92100, -0.000000E+00,  0.000000E+00,  2.5000E-01
92200, -0.000000E+00,  0.000000E+00,  2.6562E-01
92300, -0.000000E+00,  0.000000E+00,  2.3438E-01
92400, -0.000000E+00,  0.000000E+00,  2.3438E-01
92500, -0.000000E+00,  0.000000E+00,  2.3438E-01
92600, -0.000000E+00,  0.000000E+00,  2.3438E-01
92700, -0.000000E+00,  0.000000E+00,  1.8750E-01
92800, -0.000000E+00,  0.000000E+00,  2.9688E-01
92900, -0.000000E+00,  0.000000E+00,  1.8750E-01
93000, -0.000000E+00,  0.000000E+00,  2.6562E-01
93100, -0.000000E+00,  0.000000E+00,  2.3438E-01
93200, -0.000000E+00,  0.000000E+00,  3.2812E-01
93300, -0.000000E+00,  0.000000E+00,  3.2812E-01
93400, -0.000000E+00,  0.000000E+00,  1.4062E-01
93500, -0.000000E+00,  0.000000E+00,  3.1250E-01
93600, -0.000000E+00,  0.000000E+00,  2.3438E-01
93700, -0.000000E+00,  0.000000E+00,  2.5000E-01
93800, -0.000000E+00,  0.000000E+00,  3.4375E-01
93900, -0.000000E+00,  0.000000E+00,  2.8125E-01
94000, -0.000000E+00,  0.000000E+00,  2.5000E-01
94100, -0.000000E+00,  0.000000E+00,  3.4375E-01
94200, -0.000000E+00,  0.000000E+00,  2.8125E-01
94300, -0.000000E+00,  0.000000E+00,  1.5625E-01
94400, -0.000000E+00,  0.000000E+00,  2.6562E-01
94500, -0.000000E+00,  0.000000E+00,  3.1250E-01
94600, -0.000000E+00,  0.000000E+00,  2.9688E-01
94700, -0.000000E+00,  0.000000E+00,  2.0312E-01
94800, -0.000000E+00,  0.000000E+00,  2.3438E-01
94900, -0.000000E+00,  0.000000E+00,  2.0312E-01
95000, -0.000000E+00,  0.000000E+00,  2.5000E-01
95100, -0.000000E+00,  0.000000E+00,  1.8750E-01
95200, -0.000000E+00,  0.000000E+00,  2.3438E-01
95300, -0.000000E+00,  0.000000E+00,  2.0312E-01
95400, -0.000000E+00,  0.000000E+00,  2.8125E-01
95500, -0.000000E+00,  0.000000E+00,  2.8125E-01
95600, -0.000000E+00,  0.000000E+00,  2.9688E-01
95700, -0.000000E+00,  0.000000E+00,  3.4375E-01
95800, -0.000000E+00,  0.000000E+00,  2.9688E-01
95900, -0.000000E+00,  0.000000E+00,  2.9688E-01
96000, -0.000000E+00,  0.000000E+00,  2.8125E-01
96100, -0.000000E+00,  0.000000E+00,  1.8750E-01
96200, -0.000000E+00,  0.000000E+00,  2.0312E-01
96300, -0.000000E+00,  0.000000E+00,  2.5000E-01
96400, -0.000000E+00,  0.000000E+00,  2.6562E-01
96500, -0.000000E+00,  0.000000E+00,  2.8125E-01
96600, -0.000000E+00,  0.000000E+00,  3.5938E-01
96700, -0.000000E+00,  0.000000E+00,  3.1250E-01
96800, -0.000000E+00,  0.000000E+00,  2.9688E-01
96900, -0.000000E+00,  0.000000E+00,  2.3438E-01
97000, -0.000000E+00,  0.000000E+00,  2.1875E-01
97100, -0.000000E+00,  0.000000E+00,  2.3438E-01
97200, -0.000000E+00,  0.000000E+00,  2.3438E-01
97300, -0.000000E+00,  0.000000E+00,  2.1875E-01
97400, -0.000000E+00,  0.000000E+00,  2.3438E-01
97500, -0.000000E+00,  0.000000E+00,  2.6562E-01
97600, -0.000000E+00,  0.000000E+00,  2.3438E-01
97700, -0.000000E+00,  0.000000E+00,  2.8125E-01
97800, -0.000000E+00,  0.000000E+00,  2.0312E-01
97900, -0.000000E+00,  0.000000E+00,  2.1875E-01
98000, -0.000000E+00,  0.000000E+00,  3.1250E-01
98100, -0.000000E+00,  0.000000E+00,  1.7188E-01
98200, -0.000000E+00,  0.000000E+00,  3.1250E-01
98300, -0.000000E+00,  0.000000E+00,  1.5625E-01
98400, -0.000000E+00,  0.000000E+00,  1.4062E-01
98500, -0.000000E+00,  0.000000E+00,  3.7500E-01
98600, -0.000000E+00,  0.000000E+00,  2.5000E-01
98700, -0.000000E+00,  0.000000E+00,  3.7500E-01
98800, -0.000000E+00,  0.000000E+00,  2.3438E-01
98900, -0.000000E+00,  0.000000E+00,  1.8750E-01
99000, -0.000000E+00,  0.000000E+00,  1.7188E-01
99100, -0.000000E+00,  0.000000E+00,  2.0312E-01
99200, -0.000000E+00,  0.000000E+00,  2.6562E-01
99300, -0.000000E+00,  0.000000E+00,  1.8750E-01
99400, -0.000000E+00,  0.000000E+00,  2.6562E-01
99500, -0.000000E+00,  0.000000E+00,  2.3438E-01
99600, -0.000000E+00,  0.000000E+00,  1.7188E-01
99700, -0.000000E+00,  0.000000E+00,  2.8125E-01
99800, -0.000000E+00,  0.000000E+00,  2.0312E-01
99900, -0.000000E+00,  0.000000E+00,  2.1875E-01
100000, -0.000000E+00,  0.000000E+00,  2.3438E-01
