# step, gen_loss, dis_loss, train_acc
100, -6.415355E+00, -2.151109E-01,  5.7812E-01
200, -2.084261E+00, -1.545117E-01,  7.1875E-01
300, -4.975232E+00, -1.722873E-01,  7.9688E-01
400, -7.483559E+00, -1.737437E-01,  8.2812E-01
500, -1.988492E+00, -1.793701E-01,  7.5000E-01
600,  4.802844E-01, -1.659012E-01,  7.9688E-01
700, -8.387247E-01, -1.694983E-01,  8.4375E-01
800, -3.267639E+00, -1.725546E-01,  6.8750E-01
900,  1.098267E-01, -1.576782E-01,  8.7500E-01
1000, -1.769041E+00, -1.992978E-01,  7.6562E-01
1100,  3.988202E-01, -1.555009E-01,  8.5938E-01
1200,  3.623368E-01, -1.018474E-01,  9.0625E-01
1300,  1.345844E+00, -1.568445E-01,  8.1250E-01
1400,  2.522802E+00, -2.042762E-01,  9.0625E-01
1500,  4.860932E-01, -1.404429E-01,  9.0625E-01
1600,  7.162333E-01, -1.261164E-01,  8.4375E-01
1700,  1.039313E-01, -1.532681E-01,  9.0625E-01
1800,  7.821255E-01, -1.527829E-01,  8.4375E-01
1900,  1.153800E+00, -1.495787E-01,  8.5938E-01
2000,  3.488957E-01, -1.476628E-01,  8.2812E-01
2100,  3.063627E-01, -2.025567E-01,  7.8125E-01
2200,  5.364509E-01, -1.849045E-01,  7.8125E-01
2300,  2.032667E-01, -1.373137E-01,  8.5938E-01
2400,  4.459941E-01, -1.394238E-01,  7.6562E-01
2500,  4.166318E-01, -1.505362E-01,  8.4375E-01
2600, -2.636092E-01, -1.618998E-01,  8.4375E-01
2700,  2.197627E-02, -1.427572E-01,  9.0625E-01
2800,  3.777909E-01, -1.931943E-01,  8.2812E-01
2900,  1.020726E-01, -1.787323E-01,  8.1250E-01
3000, -2.559217E-02, -1.778897E-01,  7.5000E-01
3100, -2.560329E-01, -1.684608E-01,  8.1250E-01
3200, -8.701277E-01, -1.449283E-01,  8.5938E-01
3300, -3.681483E-02, -1.347711E-01,  8.5938E-01
3400, -2.928713E-01, -1.641538E-01,  8.2812E-01
3500, -2.491279E-01, -1.706492E-01,  8.1250E-01
3600, -4.006166E-01, -1.448886E-01,  7.9688E-01
3700, -6.490945E-01, -1.750939E-01,  7.3438E-01
3800, -5.971879E-01, -1.784471E-01,  8.1250E-01
3900, -3.832715E-01, -1.599340E-01,  7.6562E-01
4000, -5.130007E-01, -1.439085E-01,  8.9062E-01
4100, -3.419779E-01, -1.556681E-01,  8.2812E-01
4200, -1.934042E-01, -1.828362E-01,  8.1250E-01
4300, -1.644534E-01, -1.735029E-01,  8.5938E-01
4400, -2.163419E-01, -1.365219E-01,  8.5938E-01
4500, -4.529565E-01, -1.484108E-01,  8.1250E-01
4600, -5.411543E-01, -1.243862E-01,  7.8125E-01
4700, -5.730736E-01, -1.447430E-01,  8.5938E-01
4800, -8.222351E-01, -1.215904E-01,  8.2812E-01
4900, -1.870797E-01, -1.545073E-01,  7.9688E-01
5000, -4.832895E-01, -1.424960E-01,  9.8438E-01
5100, -2.126656E-01, -1.366519E-01,  8.2812E-01
5200, -6.807511E-01, -1.290343E-01,  8.4375E-01
5300, -3.989493E-01, -1.508404E-01,  8.1250E-01
5400, -3.990871E-01, -1.371606E-01,  8.4375E-01
5500, -6.140966E-01, -1.278152E-01,  8.5938E-01
5600, -4.361717E-01, -1.142655E-01,  8.1250E-01
5700, -2.487433E-01, -1.617875E-01,  7.9688E-01
5800, -2.007340E-01, -1.380354E-01,  8.5938E-01
5900, -4.190782E-01, -1.265125E-01,  9.0625E-01
6000, -5.963089E-01, -1.375130E-01,  8.9062E-01
6100, -6.999953E-01, -1.367117E-01,  8.9062E-01
6200, -3.931209E-01, -1.003736E-01,  8.4375E-01
6300, -5.423385E-01, -1.475974E-01,  8.5938E-01
6400, -7.143164E-01, -1.193884E-01,  8.7500E-01
6500, -7.434716E-01, -1.450372E-01,  8.7500E-01
6600, -4.991380E-01, -1.466795E-01,  8.7500E-01
6700, -3.577114E-01, -9.279615E-02,  9.3750E-01
6800, -4.856207E-01, -1.248036E-01,  8.9062E-01
6900, -5.102514E-01, -1.217438E-01,  8.5938E-01
7000, -5.927596E-01, -1.192734E-01,  9.0625E-01
7100, -5.339105E-01, -1.306065E-01,  8.7500E-01
7200, -3.910400E-01, -1.477630E-01,  8.2812E-01
7300, -1.313097E-01, -1.736924E-01,  8.5938E-01
7400, -5.597224E-01, -1.162839E-01,  9.0625E-01
7500, -3.708606E-01, -1.548516E-01,  7.9688E-01
7600, -3.097871E-01, -1.410109E-01,  7.3438E-01
7700, -4.727585E-01, -1.113050E-01,  8.4375E-01
7800, -3.121545E-01, -1.392924E-01,  7.8125E-01
7900, -3.272020E-01, -1.176960E-01,  8.7500E-01
8000, -3.540663E-01, -1.423861E-01,  7.9688E-01
8100, -4.319411E-01, -1.351171E-01,  8.4375E-01
8200, -2.331538E-01, -1.362354E-01,  7.8125E-01
8300, -3.420111E-01, -1.190288E-01,  8.2812E-01
8400, -1.676324E-01, -1.433820E-01,  9.0625E-01
8500, -4.803649E-01, -1.296252E-01,  9.2188E-01
8600, -4.303150E-01, -9.181291E-02,  8.7500E-01
8700, -5.000133E-01, -1.278548E-01,  8.4375E-01
8800, -5.309076E-01, -8.670226E-02,  9.2188E-01
8900, -5.847979E-01, -1.272728E-01,  8.4375E-01
9000, -6.591067E-01, -1.250253E-01,  8.4375E-01
9100, -5.941565E-01, -1.168662E-01,  8.5938E-01
9200, -5.317672E-01, -1.071807E-01,  9.0625E-01
9300, -4.529032E-01, -1.012366E-01,  8.5938E-01
9400, -2.640359E-01, -1.337893E-01,  7.9688E-01
9500, -7.164074E-01, -1.021705E-01,  8.7500E-01
9600, -5.210784E-01, -1.252974E-01,  8.5938E-01
9700, -5.682244E-01, -1.029316E-01,  8.1250E-01
9800, -7.747019E-01, -9.852587E-02,  8.9062E-01
9900, -5.597464E-01, -1.131551E-01,  8.7500E-01
10000, -5.104981E-01, -9.478648E-02,  8.9062E-01
10100, -6.847517E-01, -1.117729E-01,  8.5938E-01
10200, -7.045003E-01, -6.792307E-02,  8.7500E-01
10300, -5.571586E-01, -8.930673E-02,  9.2188E-01
10400, -7.577866E-01, -7.660531E-02,  8.7500E-01
10500, -5.206910E-01, -1.015061E-01,  8.9062E-01
10600, -2.782804E-01, -9.560680E-02,  9.5312E-01
10700, -4.746044E-01, -1.216589E-01,  8.5938E-01
10800, -3.748465E-01, -1.165481E-01,  7.5000E-01
10900, -7.550855E-01, -1.224677E-01,  8.7500E-01
11000, -2.974710E-01, -9.282271E-02,  8.4375E-01
11100, -5.753166E-01, -8.728902E-02,  8.4375E-01
11200, -6.194865E-01, -1.035051E-01,  8.5938E-01
11300, -6.061423E-01, -1.007028E-01,  8.7500E-01
11400, -4.997430E-01, -1.156408E-01,  8.1250E-01
11500, -4.479289E-01, -1.127308E-01,  8.2812E-01
11600, -4.573091E-01, -9.891792E-02,  8.9062E-01
11700, -7.631382E-01, -8.285491E-02,  8.7500E-01
11800, -5.045550E-01, -8.563010E-02,  8.7500E-01
11900, -4.905045E-01, -6.524713E-02,  9.3750E-01
12000, -5.721858E-01, -9.601112E-02,  8.4375E-01
12100, -5.733645E-01, -9.642609E-02,  8.5938E-01
12200, -8.657817E-01, -1.412061E-01,  7.9688E-01
12300, -5.739828E-01, -8.520813E-02,  7.9688E-01
12400, -7.732701E-01, -1.360524E-01,  8.4375E-01
12500, -6.369910E-01, -1.182516E-01,  8.7500E-01
12600, -4.841751E-01, -8.359576E-02,  8.9062E-01
12700, -8.742257E-01, -8.743826E-02,  9.0625E-01
12800, -7.763196E-01, -1.080140E-01,  8.9062E-01
12900, -8.299472E-01, -7.052052E-02,  9.2188E-01
13000, -6.384091E-01, -9.078413E-02,  8.9062E-01
13100, -4.520409E-01, -9.576112E-02,  8.9062E-01
13200, -6.651990E-01, -1.141377E-01,  8.5938E-01
13300, -5.527123E-01, -1.324572E-01,  8.1250E-01
13400, -7.505183E-01, -7.728237E-02,  8.7500E-01
13500, -7.077079E-01, -8.476439E-02,  9.0625E-01
13600, -5.204365E-01, -1.204324E-01,  8.4375E-01
13700, -5.997775E-01, -9.524422E-02,  8.9062E-01
13800, -8.880859E-01, -7.881723E-02,  7.9688E-01
13900, -1.036545E+00, -9.852197E-02,  8.2812E-01
14000, -6.480564E-01, -6.524289E-02,  9.0625E-01
14100, -9.121186E-01, -8.460630E-02,  8.9062E-01
14200, -7.481182E-01, -9.273267E-02,  8.5938E-01
14300, -1.119592E+00, -1.103489E-01,  8.7500E-01
14400, -8.825922E-01, -8.969621E-02,  8.5938E-01
14500, -7.354244E-01, -1.117359E-01,  8.5938E-01
14600, -1.018650E+00, -8.852263E-02,  8.9062E-01
14700, -9.949471E-01, -8.744448E-02,  8.5938E-01
14800, -9.528205E-01, -6.176115E-02,  9.3750E-01
14900, -6.885030E-01, -5.938703E-02,  9.0625E-01
15000, -7.989087E-01, -1.114742E-01,  8.5938E-01
15100, -5.805455E-01, -1.189834E-01,  7.5000E-01
15200, -6.696252E-01, -9.901255E-02,  9.2188E-01
15300, -8.623494E-01, -1.080237E-01,  8.5938E-01
15400, -7.060905E-01, -9.978051E-02,  8.2812E-01
15500, -9.254750E-01, -7.440680E-02,  8.7500E-01
15600, -6.422737E-01, -7.878279E-02,  8.7500E-01
15700, -8.904042E-01, -9.206135E-02,  8.5938E-01
15800, -9.166313E-01, -1.121145E-01,  8.7500E-01
15900, -8.424755E-01, -1.005316E-01,  8.7500E-01
16000, -8.932413E-01, -6.406359E-02,  8.7500E-01
16100, -8.103929E-01, -6.910887E-02,  9.2188E-01
16200, -8.719825E-01, -1.003153E-01,  8.4375E-01
16300, -7.777945E-01, -6.193088E-02,  9.0625E-01
16400, -9.354101E-01, -4.615009E-02,  9.3750E-01
16500, -5.436661E-01, -7.535190E-02,  9.2188E-01
16600, -7.464196E-01, -7.332835E-02,  9.2188E-01
16700, -7.661486E-01, -6.229658E-02,  8.9062E-01
16800, -8.710580E-01, -7.934558E-02,  8.7500E-01
16900, -4.349644E-01, -7.269179E-02,  8.9062E-01
17000, -7.707078E-01, -9.505039E-02,  8.2812E-01
17100, -9.709216E-01, -1.187738E-01,  8.4375E-01
17200, -8.151094E-01, -5.736298E-02,  9.3750E-01
17300, -3.657578E-01, -7.052945E-02,  9.6875E-01
17400, -8.921309E-01, -9.762817E-02,  9.2188E-01
17500, -8.324347E-01, -6.639631E-02,  8.9062E-01
17600, -5.206631E-01, -7.258213E-02,  8.5938E-01
17700, -7.460803E-01, -1.075640E-01,  8.5938E-01
17800, -6.837774E-01, -6.077994E-02,  9.0625E-01
17900, -1.092075E+00, -7.261346E-02,  9.5312E-01
18000, -8.385916E-01, -5.808471E-02,  8.4375E-01
18100, -6.122826E-01, -3.176603E-02,  9.8438E-01
18200, -7.331464E-01, -1.079372E-01,  8.1250E-01
18300, -1.010184E+00, -7.290550E-02,  9.3750E-01
18400, -5.756727E-01, -6.047828E-02,  9.2188E-01
18500, -3.595353E-01, -8.198652E-02,  8.9062E-01
18600, -6.934774E-01, -6.577733E-02,  8.9062E-01
18700, -7.751988E-01, -8.899559E-02,  9.0625E-01
18800, -8.528248E-01, -6.727232E-02,  8.9062E-01
18900, -7.025917E-01, -8.435125E-02,  9.3750E-01
19000, -8.761452E-01, -5.889709E-02,  8.4375E-01
19100, -6.428850E-01, -6.090268E-02,  9.3750E-01
19200, -1.012634E+00, -4.315760E-02,  9.3750E-01
19300, -5.726126E-01, -9.128029E-02,  8.9062E-01
19400, -6.647727E-01, -9.729841E-02,  8.4375E-01
19500, -9.504820E-01, -7.703544E-02,  8.9062E-01
19600, -1.928414E-01, -7.483719E-02,  9.5312E-01
19700, -2.715621E-01, -5.470327E-02,  9.0625E-01
19800, -4.411977E-01, -7.976352E-02,  8.4375E-01
19900, -3.391537E-01, -4.962713E-02,  8.9062E-01
20000, -6.429387E-01, -9.323239E-02,  8.5938E-01
20100, -2.014842E-01, -8.230475E-02,  8.7500E-01
20200, -5.784472E-01, -5.426352E-02,  8.9062E-01
20300, -4.855851E-01, -8.324296E-02,  9.2188E-01
20400, -7.211630E-01, -8.318504E-02,  8.9062E-01
20500, -6.011299E-01, -7.409742E-02,  8.4375E-01
20600, -8.821609E-01, -8.940475E-02,  8.7500E-01
20700, -5.609434E-01, -6.188837E-02,  9.2188E-01
20800, -7.479309E-01, -3.031900E-02,  9.0625E-01
20900, -8.187326E-01, -6.571116E-02,  9.3750E-01
21000, -6.137987E-01, -5.464575E-02,  9.0625E-01
21100, -6.694986E-01, -6.914654E-02,  8.9062E-01
21200, -2.948182E-01, -4.398832E-02,  9.2188E-01
21300, -3.868675E-01, -9.451254E-02,  8.2812E-01
21400, -8.049162E-01, -5.671026E-02,  8.9062E-01
21500, -5.516601E-01, -6.393217E-02,  9.3750E-01
21600, -5.825303E-01, -5.299073E-02,  9.6875E-01
21700, -7.993398E-01, -8.950725E-02,  8.5938E-01
21800, -4.299505E-01, -8.039944E-02,  8.2812E-01
21900, -2.480345E-01, -9.155042E-02,  8.9062E-01
22000, -3.288070E-01, -1.061166E-01,  8.2812E-01
22100, -3.584684E-01, -7.280446E-02,  8.4375E-01
22200, -3.043219E-01, -8.069990E-02,  8.4375E-01
22300, -5.289844E-01, -6.797616E-02,  8.7500E-01
22400, -4.689953E-01, -5.671490E-02,  8.9062E-01
22500, -3.790551E-01, -7.071726E-02,  8.7500E-01
22600, -5.925316E-01, -8.249485E-02,  8.5938E-01
22700, -6.127812E-01, -8.629484E-02,  8.9062E-01
22800, -6.193264E-01, -7.797821E-02,  9.3750E-01
22900, -5.551801E-01, -7.622637E-02,  8.7500E-01
23000, -5.694503E-01, -7.379813E-02,  8.7500E-01
23100, -5.627847E-01, -9.753285E-02,  8.7500E-01
23200, -6.592193E-01, -6.440666E-02,  7.9688E-01
23300, -6.660438E-01, -8.629796E-02,  8.5938E-01
23400, -4.772452E-01, -8.957580E-02,  8.9062E-01
23500, -7.161267E-01, -8.079797E-02,  9.0625E-01
23600, -5.913839E-01, -6.805612E-02,  8.4375E-01
23700, -5.877901E-01, -5.355662E-02,  8.2812E-01
23800, -7.948551E-01, -4.030457E-02,  8.7500E-01
23900, -8.334367E-01, -6.955495E-02,  9.3750E-01
24000, -7.754517E-01, -5.945100E-02,  9.0625E-01
24100, -7.058578E-01, -8.193658E-02,  8.9062E-01
24200, -2.890266E-01, -5.406933E-02,  8.9062E-01
24300, -7.811481E-01, -6.048086E-02,  9.0625E-01
24400, -5.061876E-01, -5.324151E-02,  9.3750E-01
24500, -9.532891E-01, -7.152668E-02,  9.2188E-01
24600, -7.234075E-01, -5.140343E-02,  9.2188E-01
24700, -8.468703E-01, -7.541992E-02,  9.0625E-01
24800, -5.209597E-01, -6.067194E-02,  9.3750E-01
24900, -6.867366E-01, -4.164952E-02,  8.4375E-01
25000, -7.563217E-01, -8.261968E-02,  8.5938E-01
25100, -5.224802E-01, -5.191294E-02,  9.5312E-01
25200, -4.378933E-01, -6.283600E-02,  8.5938E-01
25300, -9.637041E-01, -9.507555E-02,  9.2188E-01
25400, -8.146834E-01, -6.614590E-02,  9.0625E-01
25500, -8.752928E-01, -5.915789E-02,  9.3750E-01
25600, -8.292466E-01, -5.967345E-02,  8.5938E-01
25700, -6.547287E-01, -4.695054E-02,  9.3750E-01
25800, -8.395826E-01, -6.557608E-02,  9.5312E-01
25900, -6.967055E-01, -5.293286E-02,  9.0625E-01
26000, -7.469088E-01, -1.082523E-01,  8.7500E-01
26100, -9.866051E-01, -6.003151E-02,  8.7500E-01
26200, -5.969783E-01, -5.840361E-02,  9.2188E-01
26300, -6.668574E-01, -5.372630E-02,  8.5938E-01
26400, -7.338465E-01, -4.716617E-02,  9.5312E-01
26500, -1.020783E+00, -5.204101E-02,  8.7500E-01
26600, -5.791041E-01, -6.401583E-02,  9.0625E-01
26700, -1.027660E+00, -4.768734E-02,  9.3750E-01
26800, -6.013457E-01, -8.826439E-02,  8.7500E-01
26900, -1.066364E+00, -7.390001E-02,  9.0625E-01
27000, -7.580030E-01, -3.000234E-02,  9.6875E-01
27100, -7.565817E-01, -6.245042E-02,  9.0625E-01
27200, -9.190509E-01, -4.836104E-02,  9.5312E-01
27300, -2.969927E-01, -6.521700E-02,  8.9062E-01
27400, -1.039680E+00, -5.147283E-02,  9.0625E-01
27500, -1.065415E+00, -7.001899E-02,  8.9062E-01
27600, -1.095175E+00, -9.020666E-02,  9.3750E-01
27700, -4.537029E-01, -8.249240E-02,  8.9062E-01
27800, -1.109683E+00, -5.510253E-02,  9.3750E-01
27900, -7.520268E-01, -7.446671E-02,  8.9062E-01
28000, -9.877139E-01, -6.492605E-02,  9.0625E-01
28100, -9.689897E-01, -5.729148E-02,  9.0625E-01
28200, -1.002707E+00, -5.996422E-02,  9.0625E-01
28300, -8.579459E-01, -6.455394E-02,  9.5312E-01
28400, -7.421680E-01, -5.497862E-02,  9.3750E-01
28500, -1.115292E+00, -8.510361E-02,  8.7500E-01
28600, -8.503466E-01, -7.404569E-02,  9.2188E-01
28700, -5.440135E-01, -7.209599E-02,  9.2188E-01
28800, -7.015879E-01, -6.001957E-02,  9.3750E-01
28900, -9.092253E-01, -7.095763E-02,  8.9062E-01
29000, -3.675601E-01, -5.744132E-02,  9.3750E-01
29100, -1.114502E+00, -4.817187E-02,  9.0625E-01
29200, -9.254177E-01, -5.888807E-02,  9.2188E-01
29300, -7.894899E-01, -7.288904E-02,  9.0625E-01
29400, -6.908543E-01, -6.048381E-02,  9.5312E-01
29500, -7.773064E-01, -6.734683E-02,  8.9062E-01
29600, -6.441139E-01, -4.197186E-02,  9.3750E-01
29700, -1.027903E+00, -5.512132E-02,  9.3750E-01
29800, -7.840291E-01, -5.547810E-02,  9.6875E-01
29900, -4.729708E-01, -1.014341E-01,  9.2188E-01
30000, -5.703781E-01, -3.598414E-02,  9.8438E-01
30100, -6.434944E-01, -7.175766E-02,  9.5312E-01
30200, -9.058869E-01, -7.139122E-02,  9.3750E-01
30300, -2.551141E-01, -6.421208E-02,  8.9062E-01
30400, -6.654001E-01, -6.273758E-02,  9.2188E-01
30500, -8.503484E-01, -7.179773E-02,  9.2188E-01
30600, -7.165210E-01, -7.118192E-02,  9.2188E-01
30700, -7.155367E-01, -7.062161E-02,  8.2812E-01
30800, -5.130509E-01, -5.802929E-02,  8.2812E-01
30900, -3.779921E-01, -6.672791E-02,  8.7500E-01
31000, -3.866925E-01, -4.335195E-02,  9.3750E-01
31100, -5.067434E-01, -6.855403E-02,  9.2188E-01
31200, -9.325917E-01, -6.914555E-02,  9.3750E-01
31300, -6.856328E-01, -6.601363E-02,  8.5938E-01
31400, -5.191012E-01, -5.350989E-02,  9.2188E-01
31500, -6.348070E-01, -6.638139E-02,  8.9062E-01
31600, -2.548522E-01, -8.120974E-02,  8.5938E-01
31700, -1.131225E+00, -3.833919E-02,  9.8438E-01
31800, -7.355762E-01, -6.144402E-02,  9.0625E-01
31900, -2.801544E-01, -5.972856E-02,  9.5312E-01
32000, -3.442912E-01, -4.873943E-02,  9.5312E-01
32100, -8.196288E-01, -3.011171E-02,  9.5312E-01
32200, -8.341463E-01, -7.823423E-02,  8.9062E-01
32300, -6.521679E-01, -8.133103E-02,  8.9062E-01
32400, -5.694189E-01, -3.006087E-02,  9.6875E-01
32500, -7.183711E-01, -6.728017E-02,  8.9062E-01
32600, -7.689295E-01, -7.652908E-02,  8.9062E-01
32700, -9.916399E-01, -9.370492E-02,  9.2188E-01
32800, -1.993300E-01, -3.623668E-02,  9.6875E-01
32900, -4.959423E-01, -6.530328E-02,  9.0625E-01
33000, -3.910646E-01, -5.563326E-02,  8.9062E-01
33100, -1.894897E-01, -6.067800E-02,  9.0625E-01
33200, -5.268335E-01, -1.106669E-01,  8.5938E-01
33300, -5.528944E-01, -4.626768E-02,  9.0625E-01
33400, -9.359328E-01, -6.225502E-02,  8.5938E-01
33500, -7.835925E-01, -3.799761E-02,  9.2188E-01
33600, -6.034247E-01, -6.326313E-02,  8.7500E-01
33700, -7.752466E-01, -5.682350E-02,  8.7500E-01
33800, -6.462203E-01, -7.286864E-02,  8.7500E-01
33900, -5.647142E-01, -5.668741E-02,  9.2188E-01
34000, -1.122463E+00, -5.472464E-02,  8.7500E-01
34100, -4.888050E-02, -7.435799E-02,  8.9062E-01
34200, -4.036949E-01, -7.325251E-02,  9.2188E-01
34300, -3.433936E-01, -5.072949E-02,  8.7500E-01
34400, -1.448655E-01, -4.915980E-02,  9.3750E-01
34500, -7.205557E-01, -4.785880E-02,  9.3750E-01
34600, -5.324060E-01, -7.215709E-02,  8.4375E-01
34700, -4.314767E-01, -4.844128E-02,  9.0625E-01
34800, -8.297498E-01, -6.803422E-02,  8.9062E-01
34900, -5.157039E-01, -3.925702E-02,  9.2188E-01
35000, -7.016255E-01, -4.431596E-02,  9.3750E-01
35100, -2.980025E-01, -7.147972E-02,  9.2188E-01
35200, -2.271429E-01, -7.477596E-02,  8.9062E-01
35300, -4.147862E-01, -4.506374E-02,  8.9062E-01
35400, -4.699892E-01, -6.764302E-02,  8.9062E-01
35500, -6.723537E-01, -8.282623E-02,  8.9062E-01
35600, -5.776930E-01, -7.734465E-02,  8.7500E-01
35700, -3.070952E-01, -5.766961E-02,  8.9062E-01
35800, -8.437112E-01, -6.343113E-02,  8.1250E-01
35900, -4.809089E-01, -5.728370E-02,  9.3750E-01
36000, -9.493205E-01, -5.334870E-02,  8.7500E-01
36100, -5.171551E-01, -5.169798E-02,  8.4375E-01
36200, -1.141384E+00, -7.379310E-02,  7.9688E-01
36300, -1.409072E+00, -2.810671E-02,  9.2188E-01
36400, -9.675226E-01, -7.149081E-02,  9.2188E-01
36500, -2.124295E-01, -4.711518E-02,  9.6875E-01
36600, -2.076539E-01, -5.615558E-02,  9.0625E-01
36700, -1.898930E-01, -5.623335E-02,  9.2188E-01
36800, -5.002350E-03, -9.511840E-02,  8.5938E-01
36900, -3.570600E-01, -8.429226E-02,  8.5938E-01
37000,  7.153212E-02, -6.871818E-02,  8.7500E-01
37100, -6.077322E-02, -6.595867E-02,  8.7500E-01
37200, -6.058911E-01, -5.998122E-02,  8.5938E-01
37300, -2.611941E-01, -6.436704E-02,  8.7500E-01
37400, -6.145498E-01, -4.067488E-02,  9.5312E-01
37500,  2.109886E-01, -5.964557E-02,  9.5312E-01
37600, -4.383062E-01, -1.722567E-02,  1.0000E+00
37700, -2.941308E-01, -4.815545E-02,  9.2188E-01
37800, -1.576046E-01, -8.470965E-02,  8.5938E-01
37900, -2.970738E-01, -6.506482E-02,  9.2188E-01
38000,  1.688597E-01, -4.503676E-02,  9.5312E-01
38100,  2.263950E-02, -3.769473E-02,  8.9062E-01
38200,  1.450877E-02, -5.438811E-02,  9.2188E-01
38300,  9.780169E-02, -6.115083E-02,  8.7500E-01
38400,  1.131780E-01, -7.564331E-02,  8.7500E-01
38500,  1.791875E-01, -5.105932E-02,  9.2188E-01
38600,  6.796125E-02,  1.755776E-02,  8.7500E-01
38700,  2.094400E-01, -4.852626E-02,  9.2188E-01
38800, -2.068084E-01, -4.414181E-02,  9.3750E-01
38900, -3.559063E-01, -4.048875E-02,  9.6875E-01
39000, -1.873206E-01, -4.083706E-02,  9.2188E-01
39100, -2.330419E-01, -4.547193E-02,  9.2188E-01
39200, -7.041395E-02, -8.672658E-02,  8.5938E-01
39300,  2.491044E-01, -5.252078E-02,  9.0625E-01
39400, -5.542921E-01, -1.076209E-02,  8.9062E-01
39500,  1.681852E-02, -6.669659E-02,  9.2188E-01
39600, -1.121088E-01, -4.355091E-02,  9.2188E-01
39700, -1.128148E-04, -4.119267E-02,  9.3750E-01
39800, -3.214620E-01, -3.558347E-02,  9.0625E-01
39900, -5.760821E-02, -4.048227E-02,  9.8438E-01
40000,  1.275286E-03, -6.193192E-02,  8.5938E-01
40100,  1.289584E-01, -3.535335E-02,  9.8438E-01
40200, -1.301687E-01, -5.654591E-02,  8.7500E-01
40300, -3.276575E-01, -4.382588E-02,  8.9062E-01
40400, -3.545499E-01, -4.646095E-02,  8.5938E-01
40500, -1.700102E-01, -6.198817E-02,  8.5938E-01
40600, -2.934056E-01, -8.271562E-02,  8.9062E-01
40700, -4.691398E-01, -5.588786E-02,  9.3750E-01
40800, -2.812471E-01, -7.982548E-02,  9.0625E-01
40900,  1.753585E-01, -5.570684E-02,  9.5312E-01
41000, -1.196752E-01, -5.877292E-02,  9.2188E-01
41100, -2.008542E-01, -6.572714E-02,  8.1250E-01
41200, -2.344684E-01, -3.818770E-02,  9.6875E-01
41300, -7.257933E-01, -5.606677E-02,  9.0625E-01
41400,  1.788050E-01, -6.404031E-02,  8.2812E-01
41500, -1.279757E-01, -5.173710E-02,  9.0625E-01
41600, -3.438942E-02, -4.011120E-02,  9.3750E-01
41700,  4.968407E-01, -5.803096E-02,  8.7500E-01
41800, -2.889349E-01, -7.070489E-02,  8.7500E-01
41900,  3.090482E-02, -5.147430E-02,  9.2188E-01
42000,  1.379558E-01, -5.052388E-02,  9.5312E-01
42100,  1.905631E-01, -3.831376E-02,  9.6875E-01
42200,  2.516404E-01, -7.287344E-02,  9.2188E-01
42300,  3.351434E-01, -3.739202E-02,  9.5312E-01
42400,  4.402543E-02, -6.049052E-02,  9.0625E-01
42500,  4.910228E-02, -3.935561E-02,  9.3750E-01
42600, -4.267509E-01, -5.980442E-02,  8.9062E-01
42700,  1.288224E-01, -3.522129E-02,  9.6875E-01
42800,  1.518793E-02, -4.650153E-02,  9.3750E-01
42900,  3.957132E-01, -8.716819E-02,  8.5938E-01
43000,  6.377551E-01, -7.203674E-02,  8.7500E-01
43100,  8.649729E-02, -3.626374E-02,  9.3750E-01
43200,  5.355690E-01, -4.346398E-02,  9.3750E-01
43300,  2.109180E-01, -6.173082E-02,  9.3750E-01
43400,  8.320342E-01, -9.338090E-02,  8.2812E-01
43500,  8.999979E-01, -7.674108E-02,  9.0625E-01
43600,  2.749053E-01, -4.314705E-02,  9.6875E-01
43700, -1.094302E-01, -4.784434E-02,  9.3750E-01
43800,  2.050365E-01, -7.420183E-02,  8.7500E-01
43900,  3.786070E-01, -4.413369E-02,  9.0625E-01
44000, -3.231836E-01, -4.482424E-02,  9.2188E-01
44100,  1.599794E-01, -5.962169E-02,  9.0625E-01
44200,  2.689525E-01, -8.479993E-02,  8.9062E-01
44300,  2.934074E-01, -4.291424E-02,  9.3750E-01
44400,  2.975650E-01, -6.104676E-02,  9.0625E-01
44500,  3.387628E-01, -8.033121E-02,  8.1250E-01
44600,  3.999817E-01, -5.667716E-02,  8.5938E-01
44700,  5.252047E-01, -5.843484E-02,  9.6875E-01
44800,  5.598031E-01, -4.562663E-02,  9.3750E-01
44900,  3.298137E-01, -5.217750E-02,  8.9062E-01
45000,  3.542375E-03, -5.459481E-02,  9.0625E-01
45100,  5.404938E-01, -5.306638E-02,  8.4375E-01
45200,  4.782485E-01, -4.473214E-02,  9.5312E-01
45300,  1.589806E-01, -5.894742E-02,  8.4375E-01
45400, -3.500853E-01, -4.129349E-02,  9.2188E-01
45500,  6.609772E-01, -3.254060E-02,  8.9062E-01
45600,  6.917006E-01, -7.307772E-02,  9.3750E-01
45700,  3.589824E-01, -5.205406E-02,  9.3750E-01
45800,  3.673868E-01, -4.473995E-02,  8.9062E-01
45900, -6.803392E-02, -4.025303E-02,  9.5312E-01
46000,  6.419269E-01, -4.037575E-02,  8.5938E-01
46100,  8.383965E-01, -7.030547E-02,  9.0625E-01
46200,  6.382601E-01, -9.202134E-02,  8.7500E-01
46300, -1.136874E-01, -6.991133E-02,  8.5938E-01
46400, -9.287638E-01, -6.244806E-02,  9.2188E-01
46500,  1.326881E-01, -7.098112E-02,  8.7500E-01
46600,  3.978056E-01, -4.696361E-02,  8.7500E-01
46700,  1.150745E-01, -3.134254E-02,  9.6875E-01
46800,  4.773639E-01, -8.026904E-02,  8.2812E-01
46900,  8.034122E-01, -6.805710E-02,  9.0625E-01
47000,  2.089279E-01, -9.341231E-02,  7.8125E-01
47100, -3.434759E-01, -2.984748E-02,  9.6875E-01
47200, -1.998696E-02, -4.261877E-02,  9.0625E-01
47300, -3.067150E-01, -6.316278E-02,  8.7500E-01
47400,  5.562355E-01, -6.291970E-02,  8.4375E-01
47500, -1.098327E-01, -7.246169E-02,  8.4375E-01
47600, -2.393657E-01, -5.905813E-02,  8.2812E-01
47700,  1.811433E-01, -6.513551E-02,  8.9062E-01
47800,  2.455480E-01, -3.961113E-02,  9.5312E-01
47900,  1.586368E-01, -4.479530E-02,  9.2188E-01
48000, -5.544033E-01, -2.813163E-02,  9.0625E-01
48100, -8.793737E-01, -4.559952E-02,  8.7500E-01
48200,  2.288924E-01, -6.019615E-02,  8.9062E-01
48300,  3.186007E-01, -4.691616E-02,  9.3750E-01
48400,  1.103031E-01, -5.567823E-02,  9.0625E-01
48500,  1.519418E-01, -3.308132E-02,  8.9062E-01
48600, -2.289972E-01, -4.853505E-02,  9.2188E-01
48700,  4.657699E-01, -5.149914E-02,  8.9062E-01
48800, -3.441125E-01, -5.745610E-02,  9.5312E-01
48900,  2.613265E-01, -3.421522E-02,  9.3750E-01
49000, -3.788368E-01, -5.594921E-02,  9.5312E-01
49100,  3.167606E-01, -6.172132E-02,  8.2812E-01
49200,  2.331780E-01, -7.329258E-02,  9.5312E-01
49300,  3.259543E-01, -6.603053E-02,  8.9062E-01
49400,  4.926579E-01, -4.504032E-02,  9.2188E-01
49500,  2.567389E-01, -5.313163E-02,  9.2188E-01
49600,  4.611864E-01, -2.895373E-02,  9.2188E-01
49700,  7.039311E-01, -6.260431E-02,  8.9062E-01
49800,  2.698056E-01, -4.001271E-02,  9.5312E-01
49900,  4.131868E-01, -4.649220E-02,  9.3750E-01
50000,  4.382498E-01, -6.085446E-02,  8.9062E-01
50100, -1.026916E-01, -5.446120E-02,  8.7500E-01
50200, -2.742733E-01, -2.712334E-02,  9.3750E-01
50300,  7.159488E-01, -3.120287E-02,  9.5312E-01
50400,  2.940578E-01, -5.205773E-02,  9.5312E-01
50500,  5.899541E-02, -4.597135E-02,  8.9062E-01
50600, -5.211924E-01, -5.710544E-02,  8.7500E-01
50700, -8.355379E-01, -1.066069E-01,  8.4375E-01
50800,  1.604051E-01, -5.146375E-02,  9.3750E-01
50900, -2.456391E-01, -6.857429E-02,  8.5938E-01
51000,  1.027843E+00, -3.763132E-02,  9.5312E-01
51100, -1.061103E-01, -3.189594E-02,  9.3750E-01
51200,  4.278226E-01, -5.504761E-02,  9.2188E-01
51300,  6.926804E-01, -5.558474E-02,  9.2188E-01
51400,  7.603160E-01, -6.521418E-02,  8.9062E-01
51500, -3.602083E-01, -5.017248E-02,  9.0625E-01
51600,  6.417348E-01, -2.051608E-02,  9.6875E-01
51700,  1.018296E+00, -2.489108E-02,  9.5312E-01
51800,  4.419734E-01, -7.111846E-02,  9.2188E-01
51900,  1.294147E+00, -4.668276E-02,  8.9062E-01
52000, -4.780046E-01, -8.230293E-02,  8.7500E-01
52100, -4.966630E-02, -2.758831E-02,  9.0625E-01
52200,  9.925307E-01, -7.634673E-02,  8.4375E-01
52300,  3.530595E-01, -4.996466E-02,  9.3750E-01
52400,  5.426440E-01, -3.745713E-02,  9.3750E-01
52500, -2.227524E-01, -3.836286E-02,  9.5312E-01
52600, -1.745822E-01, -5.391973E-02,  9.2188E-01
52700, -1.768820E-01, -5.227524E-02,  9.5312E-01
52800,  1.059161E-01, -3.936419E-02,  9.2188E-01
52900,  1.212164E-01, -4.555123E-02,  9.0625E-01
53000, -3.471112E-01, -7.553405E-02,  9.0625E-01
53100,  8.852440E-01, -4.724573E-02,  9.2188E-01
53200, -4.029924E-01, -4.532897E-02,  8.9062E-01
53300, -4.305864E-01, -4.282963E-02,  8.7500E-01
53400, -3.094892E-01, -5.365187E-02,  8.7500E-01
53500,  2.572750E-01, -3.767962E-02,  9.2188E-01
53600,  6.553808E-01, -5.593701E-02,  9.2188E-01
53700, -3.604381E-01, -4.820041E-02,  9.0625E-01
53800, -4.755602E-01, -3.919183E-02,  9.5312E-01
53900, -1.312692E+00, -7.133657E-02,  8.9062E-01
54000,  6.795549E-02, -6.235318E-02,  9.2188E-01
54100, -1.650874E-03, -5.145746E-02,  9.0625E-01
54200,  6.048850E-01, -3.228910E-02,  9.8438E-01
54300, -2.978957E-02, -4.322917E-02,  8.4375E-01
54400,  6.101102E-01, -4.198118E-02,  9.5312E-01
54500,  4.173672E-01, -3.500974E-02,  9.2188E-01
54600,  1.151157E-01, -5.499003E-02,  8.5938E-01
54700,  6.109178E-01, -6.992982E-02,  8.4375E-01
54800,  7.716411E-01, -6.369822E-02,  8.7500E-01
54900,  1.221601E+00, -7.040963E-02,  8.7500E-01
55000,  5.202962E-01, -3.775762E-02,  9.3750E-01
55100,  3.945385E-01, -3.608310E-02,  9.5312E-01
55200,  9.439265E-01, -3.494061E-02,  9.5312E-01
55300, -6.678316E-02, -6.711456E-02,  8.7500E-01
55400,  8.347962E-01, -2.172254E-02,  9.3750E-01
55500,  1.248497E+00, -6.062617E-02,  9.0625E-01
55600,  1.112115E+00, -4.277380E-02,  9.3750E-01
55700,  1.598674E+00, -5.604871E-02,  9.0625E-01
55800,  9.071299E-01, -6.741606E-02,  9.3750E-01
55900,  1.599531E+00, -5.128072E-02,  8.9062E-01
56000,  9.689033E-03, -3.484025E-02,  9.5312E-01
56100,  1.245293E+00, -4.786055E-02,  8.9062E-01
56200, -5.227539E-02, -6.367574E-02,  9.0625E-01
56300,  1.380451E+00, -5.232549E-02,  9.5312E-01
56400,  5.560343E-01, -6.014005E-02,  8.9062E-01
56500,  5.370736E-01, -4.328884E-02,  9.2188E-01
56600,  1.389426E+00, -2.749173E-02,  9.2188E-01
56700,  6.841098E-01, -3.850259E-02,  9.6875E-01
56800,  1.147738E+00, -2.569109E-02,  9.5312E-01
56900,  7.250128E-01, -7.935382E-02,  8.7500E-01
57000, -4.073928E-01, -6.395380E-02,  9.0625E-01
57100,  3.862507E-01, -4.421997E-02,  9.5312E-01
57200,  8.623180E-01, -5.090519E-02,  9.3750E-01
57300,  7.548329E-01, -6.486346E-02,  8.5938E-01
57400,  3.964231E-01, -5.363330E-02,  9.5312E-01
57500,  1.569577E+00, -4.222398E-02,  9.3750E-01
57600,  5.704668E-01, -6.820221E-02,  9.0625E-01
57700,  5.478090E-01, -5.707339E-02,  9.2188E-01
57800, -5.019354E-02, -4.449404E-02,  9.3750E-01
57900,  1.821777E-01, -5.733234E-02,  9.2188E-01
58000,  1.368298E-01, -7.810543E-02,  9.2188E-01
58100, -8.905135E-02, -4.921753E-02,  8.9062E-01
58200,  1.193123E-01, -8.370804E-02,  9.0625E-01
58300,  7.145444E-01, -5.076727E-02,  9.3750E-01
58400,  4.550930E-02, -2.207097E-02,  9.5312E-01
58500,  5.229979E-01, -5.370783E-02,  8.5938E-01
58600, -8.482165E-02, -3.370400E-02,  8.9062E-01
58700,  6.025510E-03, -3.751206E-02,  9.8438E-01
58800,  6.698266E-01, -4.692598E-02,  9.3750E-01
58900,  4.035441E-01, -5.009971E-02,  9.2188E-01
59000,  9.833225E-01, -7.161782E-02,  9.3750E-01
59100,  1.042722E+00, -5.952709E-02,  8.7500E-01
59200,  5.418130E-01, -5.923155E-02,  8.7500E-01
59300,  8.986033E-01, -6.405658E-02,  9.2188E-01
59400,  7.406710E-01, -6.071796E-02,  9.0625E-01
59500,  3.251129E-01, -4.631707E-02,  9.2188E-01
59600,  7.971073E-01, -5.776050E-02,  9.5312E-01
59700,  1.060115E+00, -4.594738E-02,  9.2188E-01
59800,  4.324111E-01, -4.745508E-02,  9.2188E-01
59900,  2.227864E-01, -6.311058E-02,  9.2188E-01
60000,  2.445117E-01, -5.078686E-02,  9.2188E-01
60100,  6.533642E-01, -4.748948E-02,  9.2188E-01
60200,  4.865898E-01, -5.840179E-02,  9.3750E-01
60300,  1.185267E+00, -6.679586E-02,  8.7500E-01
60400,  7.860370E-01, -4.907020E-02,  9.3750E-01
60500,  3.312013E-01, -8.103494E-02,  9.3750E-01
60600,  1.546878E-01, -5.701352E-02,  8.9062E-01
60700,  4.705460E-01, -8.344386E-02,  9.3750E-01
60800,  9.875915E-01, -5.081882E-02,  9.3750E-01
60900,  9.025955E-01, -3.696829E-02,  9.2188E-01
61000,  3.423759E-01, -6.562936E-02,  8.5938E-01
61100,  2.918853E-01, -4.834129E-02,  9.2188E-01
61200,  6.316800E-01, -6.967655E-02,  8.5938E-01
61300,  3.406750E-01, -1.059301E-01,  8.7500E-01
61400,  3.878489E-01, -4.684763E-02,  9.0625E-01
61500,  1.713089E+00, -3.526458E-02,  9.3750E-01
61600,  1.250895E+00, -6.471265E-02,  9.0625E-01
61700,  2.367094E-01, -4.585291E-02,  9.2188E-01
61800,  7.560489E-01, -5.925985E-02,  8.9062E-01
61900,  9.873831E-01, -3.094129E-02,  9.5312E-01
62000,  9.276185E-01, -3.380006E-02,  9.5312E-01
62100,  1.170528E+00, -9.285584E-02,  8.5938E-01
62200,  6.109869E-01, -6.267893E-02,  8.4375E-01
62300,  1.312015E+00, -4.230460E-02,  9.5312E-01
62400,  1.390187E+00, -4.551297E-02,  9.5312E-01
62500,  4.439164E-01, -6.947071E-02,  8.9062E-01
62600,  1.762156E+00, -4.549271E-02,  9.3750E-01
62700,  1.874464E-01, -5.670853E-02,  9.3750E-01
62800,  6.615754E-01, -3.356016E-02,  8.9062E-01
62900,  3.392773E-02, -3.881091E-02,  9.3750E-01
63000,  8.213658E-01, -7.201485E-02,  8.9062E-01
63100,  1.358764E+00, -4.650439E-02,  9.3750E-01
63200,  5.842062E-01, -4.084345E-02,  9.5312E-01
63300, -3.616052E-01, -2.997933E-02,  9.3750E-01
63400,  8.817706E-01, -4.406349E-02,  9.0625E-01
63500,  1.367028E+00, -8.946188E-03,  9.6875E-01
63600,  6.535593E-01, -7.479203E-02,  9.0625E-01
63700,  1.952857E-01, -4.391338E-02,  9.6875E-01
63800,  7.323072E-01, -8.085163E-02,  9.0625E-01
63900,  8.433729E-01, -6.474162E-02,  8.9062E-01
64000,  1.035673E+00, -3.472125E-02,  9.8438E-01
64100,  1.629896E+00, -1.934030E-02,  9.5312E-01
64200,  8.947065E-01, -1.200210E-02,  1.0000E+00
64300,  3.459827E-01, -4.087286E-02,  9.5312E-01
64400,  5.984668E-01, -5.328056E-02,  9.2188E-01
64500,  8.712109E-01, -7.032784E-02,  8.7500E-01
64600,  1.579250E-01, -5.049666E-02,  9.0625E-01
64700,  1.810644E-01, -7.709266E-02,  8.5938E-01
64800,  1.415859E+00, -3.909808E-02,  9.2188E-01
64900,  2.025441E+00, -8.750568E-02,  9.0625E-01
65000,  7.234808E-01, -5.443897E-02,  9.3750E-01
65100,  9.535464E-01, -6.316091E-02,  9.3750E-01
65200, -3.245190E-01, -5.099475E-02,  9.2188E-01
65300,  1.499454E+00, -6.283657E-02,  8.5938E-01
65400,  1.610963E+00, -4.496421E-02,  9.2188E-01
65500,  5.387799E-01, -6.837528E-02,  9.3750E-01
65600,  2.308199E-02, -3.609470E-02,  9.3750E-01
65700,  5.492517E-01, -4.946290E-02,  9.2188E-01
65800,  1.438680E+00, -5.734985E-02,  9.2188E-01
65900,  5.336606E-01, -4.512505E-02,  9.6875E-01
66000,  2.719598E-01, -6.245935E-02,  9.0625E-01
66100,  1.911836E+00, -6.004323E-02,  9.0625E-01
66200,  1.084590E+00, -4.333323E-02,  9.6875E-01
66300,  1.180183E+00, -6.514620E-03,  9.6875E-01
66400,  6.668402E-01, -9.191573E-03,  9.6875E-01
66500, -6.858848E-01, -3.227289E-02,  9.2188E-01
66600,  7.490969E-01, -3.073509E-02,  8.9062E-01
66700,  4.692534E-01, -5.950087E-02,  9.2188E-01
66800, -8.399874E-01, -5.843556E-02,  9.3750E-01
66900,  4.157529E-01, -4.882202E-02,  9.3750E-01
67000,  6.284013E-01, -4.242548E-02,  9.2188E-01
67100,  1.520565E+00, -2.957522E-02,  9.2188E-01
67200,  1.031507E+00, -4.628903E-02,  9.2188E-01
67300,  1.603886E+00, -6.729452E-02,  9.2188E-01
67400,  1.383472E+00, -4.352362E-02,  9.0625E-01
67500,  1.818321E+00, -6.911773E-02,  8.7500E-01
67600,  5.583850E-01, -5.229453E-02,  9.3750E-01
67700, -3.392019E-01, -5.917633E-02,  9.0625E-01
67800,  8.252720E-01, -9.020662E-02,  9.0625E-01
67900,  4.362903E-01, -6.745899E-02,  8.7500E-01
68000,  1.228097E+00, -9.478477E-02,  8.5938E-01
68100,  8.836546E-01, -7.654593E-02,  9.0625E-01
68200,  9.684299E-01, -2.561296E-02,  9.3750E-01
68300,  1.806303E-01, -4.541904E-02,  9.2188E-01
68400, -1.843965E-01, -5.919175E-02,  9.5312E-01
68500,  1.681056E+00, -5.948490E-02,  9.2188E-01
68600,  3.700385E-01, -5.283492E-02,  8.9062E-01
68700,  9.090506E-01, -5.143176E-02,  9.3750E-01
68800,  7.345515E-02, -3.815975E-02,  9.2188E-01
68900, -6.977664E-01, -6.229743E-02,  9.0625E-01
69000,  1.101078E+00, -3.294184E-02,  9.2188E-01
69100, -2.911979E-01, -7.000723E-02,  8.5938E-01
69200,  2.698731E-01, -2.621996E-02,  8.9062E-01
69300, -9.392107E-02, -5.763457E-02,  8.9062E-01
69400,  9.075468E-01, -4.552732E-02,  9.5312E-01
69500,  8.973075E-01, -4.103589E-02,  8.7500E-01
69600, -4.549696E-02, -5.561516E-02,  8.2812E-01
69700,  8.186849E-01, -5.020148E-02,  9.2188E-01
69800,  2.264305E-01, -2.629223E-02,  9.6875E-01
69900,  1.334584E+00, -5.483695E-02,  9.3750E-01
70000,  9.790736E-01, -6.469282E-02,  8.5938E-01
70100, -2.287849E-01, -3.946627E-02,  9.2188E-01
70200,  5.150173E-01, -4.468132E-02,  9.0625E-01
70300,  9.388056E-01, -7.120762E-02,  9.3750E-01
70400,  1.165312E-01, -8.585106E-02,  9.0625E-01
70500,  2.494138E-02, -6.452365E-02,  9.0625E-01
70600,  2.928489E-01, -8.091372E-02,  8.9062E-01
70700,  4.591256E-01, -3.405831E-02,  9.6875E-01
70800,  9.256511E-01, -1.756734E-02,  9.6875E-01
70900,  9.196767E-01, -5.102640E-02,  9.3750E-01
71000, -2.219296E-01, -4.604281E-02,  9.3750E-01
71100,  3.403879E-01, -5.953480E-02,  9.2188E-01
71200,  2.341268E-01, -4.272404E-02,  9.3750E-01
71300,  8.648244E-02, -2.113255E-02,  9.3750E-01
71400,  8.337665E-01, -4.988090E-02,  9.0625E-01
71500,  4.171059E-01, -5.022446E-02,  9.2188E-01
71600, -6.602661E-02, -2.553120E-02,  9.5312E-01
71700,  9.917967E-01, -7.312118E-02,  8.9062E-01
71800,  1.499454E+00, -7.373796E-02,  8.9062E-01
71900, -2.615752E-01, -5.632764E-02,  8.9062E-01
72000,  4.719051E-01, -5.016540E-02,  8.9062E-01
72100,  3.218084E-01, -1.284004E-02,  9.5312E-01
72200,  1.039055E+00, -6.063742E-02,  9.6875E-01
72300,  1.069558E+00, -7.608858E-02,  8.9062E-01
72400,  1.167288E-01, -1.666456E-02,  9.5312E-01
72500, -6.566739E-01, -6.046603E-02,  9.0625E-01
72600, -8.457782E-01, -9.308401E-02,  8.7500E-01
72700, -7.113135E-01, -1.680201E-02,  9.5312E-01
72800,  1.336802E+00, -4.016805E-02,  9.2188E-01
72900, -1.561157E-01, -5.283084E-02,  9.0625E-01
73000,  1.255450E+00, -5.663636E-02,  8.9062E-01
73100, -2.854683E-01, -2.575931E-02,  9.5312E-01
73200,  1.242704E+00, -7.725837E-02,  8.9062E-01
73300,  1.503288E+00, -1.061759E-01,  8.7500E-01
73400,  1.824608E+00, -3.266262E-02,  9.6875E-01
73500,  7.355572E-01, -4.617475E-02,  9.5312E-01
73600,  1.659765E+00, -5.051662E-02,  9.2188E-01
73700,  1.865315E-01, -5.449587E-02,  9.3750E-01
73800,  2.494695E+00, -3.162785E-02,  9.6875E-01
73900,  8.213498E-01, -5.110759E-02,  9.3750E-01
74000, -8.762847E-02, -3.244160E-02,  9.0625E-01
74100,  3.940125E-01, -1.419982E-02,  9.6875E-01
74200,  1.276814E-02, -6.108280E-02,  9.2188E-01
74300,  1.689420E+00, -5.624590E-02,  9.3750E-01
74400,  1.949016E+00, -5.703964E-02,  9.0625E-01
74500,  6.691716E-01, -7.211477E-02,  9.2188E-01
74600,  1.866387E+00, -3.226057E-02,  9.3750E-01
74700,  1.205986E+00, -2.841618E-02,  9.8438E-01
74800, -6.271744E-02, -6.626358E-02,  9.2188E-01
74900,  2.256231E+00, -9.058732E-02,  9.2188E-01
75000,  5.643846E-01, -5.006649E-02,  9.5312E-01
75100,  2.863742E-01, -2.704452E-02,  1.0000E+00
75200,  9.907229E-01, -7.983831E-02,  9.2188E-01
75300,  9.947703E-01, -4.262630E-02,  9.0625E-01
75400,  2.356690E+00, -7.028224E-02,  9.2188E-01
75500,  1.758643E+00, -2.036348E-02,  9.0625E-01
75600,  1.144276E+00, -5.430354E-02,  8.9062E-01
75700,  8.632120E-02, -4.253500E-02,  9.3750E-01
75800,  1.084479E+00, -5.790291E-02,  9.2188E-01
75900,  6.763173E-01, -2.223902E-02,  9.6875E-01
76000,  1.298386E+00, -3.250422E-02,  9.2188E-01
76100,  1.154009E+00, -5.501396E-02,  8.7500E-01
76200,  1.566932E-01, -4.068902E-02,  9.5312E-01
76300,  1.348718E+00, -3.988764E-02,  9.5312E-01
76400,  2.070594E+00, -3.863494E-02,  9.3750E-01
76500,  1.224623E+00, -5.226837E-02,  9.3750E-01
76600,  1.681114E+00, -7.748893E-02,  8.5938E-01
76700,  1.623052E+00, -2.556062E-02,  9.2188E-01
76800,  1.857631E+00, -4.813195E-02,  9.0625E-01
76900,  1.170963E+00, -2.442759E-02,  9.0625E-01
77000,  4.106489E-01, -3.869968E-02,  9.6875E-01
77100,  2.627955E-01, -2.944094E-02,  9.6875E-01
77200,  1.024440E+00, -6.450755E-02,  8.9062E-01
77300,  4.632024E-01, -5.906001E-02,  9.2188E-01
77400,  5.711770E-01, -7.460396E-02,  8.9062E-01
77500,  1.439430E+00, -6.430472E-02,  8.9062E-01
77600,  1.270687E+00, -3.461678E-02,  1.0000E+00
77700,  9.577281E-01, -6.185696E-02,  9.0625E-01
77800,  1.451868E+00, -5.233600E-02,  8.7500E-01
77900,  2.431656E-01, -3.289466E-02,  9.8438E-01
78000,  1.603871E+00, -2.680955E-02,  9.5312E-01
78100,  2.080832E+00, -3.581581E-02,  9.3750E-01
78200,  2.048075E+00, -3.096979E-02,  9.3750E-01
78300,  1.952810E+00, -3.233414E-02,  9.3750E-01
78400,  8.764806E-01, -5.423115E-02,  9.0625E-01
78500, -3.611823E-01, -4.565006E-02,  9.0625E-01
78600,  1.111900E+00, -3.027456E-02,  9.8438E-01
78700,  2.876108E-01, -3.695010E-02,  9.2188E-01
78800,  6.366931E-01, -5.900808E-02,  9.0625E-01
78900,  7.542677E-01, -5.012822E-02,  9.2188E-01
79000,  4.335101E-01, -3.782838E-02,  9.5312E-01
79100,  9.722518E-01, -4.809001E-02,  9.2188E-01
79200,  3.904982E-02, -6.227289E-02,  9.0625E-01
79300,  1.386515E+00, -6.689145E-02,  9.3750E-01
79400,  4.886167E-01, -5.346881E-02,  9.3750E-01
79500,  6.824979E-01, -3.250911E-02,  9.0625E-01
79600,  6.994621E-01, -4.731005E-02,  8.7500E-01
79700,  1.635630E+00, -5.958752E-02,  9.0625E-01
79800,  2.229151E+00, -4.199063E-02,  9.8438E-01
79900,  1.484289E-01, -3.748252E-02,  9.2188E-01
80000,  2.155633E+00, -6.857561E-02,  8.5938E-01
80100,  1.110942E+00, -2.482495E-02,  9.0625E-01
80200,  1.734531E+00, -4.490697E-02,  9.2188E-01
80300,  7.690553E-02, -3.075163E-02,  9.3750E-01
80400,  1.105287E+00, -4.473682E-02,  9.5312E-01
80500,  2.050638E+00, -3.846267E-02,  9.6875E-01
80600,  1.979578E+00, -4.288129E-02,  9.6875E-01
80700,  1.075713E+00, -3.472838E-02,  9.8438E-01
80800,  1.233855E+00, -8.013896E-02,  9.2188E-01
80900,  1.452866E+00, -6.027717E-02,  9.3750E-01
81000, -3.252886E-01, -3.392060E-02,  9.6875E-01
81100,  1.566193E+00, -6.636819E-02,  9.3750E-01
81200,  1.007919E+00, -3.296228E-02,  9.6875E-01
81300,  2.523493E-01, -7.234791E-02,  8.9062E-01
81400,  4.269822E-01, -5.003272E-02,  9.3750E-01
81500,  8.822901E-01, -5.518394E-02,  9.3750E-01
81600,  1.886830E+00, -4.838444E-02,  9.0625E-01
81700,  5.623050E-01, -6.798734E-02,  9.0625E-01
81800,  1.022456E+00, -6.189794E-02,  8.9062E-01
81900,  7.113695E-03, -4.912518E-02,  9.3750E-01
82000,  6.185374E-01, -5.066909E-02,  8.9062E-01
82100,  1.639271E+00, -3.134524E-02,  9.2188E-01
82200,  1.158387E+00, -4.768970E-02,  9.3750E-01
82300,  1.142279E+00, -5.474362E-02,  8.5938E-01
82400,  9.997656E-01, -6.265806E-02,  9.0625E-01
82500,  9.966447E-01, -5.308872E-02,  8.9062E-01
82600,  5.385619E-01, -5.329807E-02,  9.3750E-01
82700,  1.110715E+00, -3.341092E-02,  9.6875E-01
82800,  1.373858E+00, -7.389482E-02,  9.2188E-01
82900,  1.723626E+00, -3.249202E-02,  9.3750E-01
83000,  7.240170E-01, -5.128517E-02,  9.2188E-01
83100,  8.252139E-01, -2.261028E-02,  9.5312E-01
83200,  1.123311E+00, -1.768254E-02,  9.5312E-01
83300,  8.276986E-01, -5.940903E-02,  9.6875E-01
83400, -4.880611E-01, -6.336934E-02,  9.5312E-01
83500, -6.154352E-02, -6.162071E-02,  9.2188E-01
83600,  6.106310E-01, -5.026206E-02,  9.5312E-01
83700,  9.096599E-01, -5.666485E-02,  9.5312E-01
83800,  1.444745E+00, -3.389440E-02,  9.5312E-01
83900,  1.000892E+00, -6.095713E-02,  9.0625E-01
84000, -7.280394E-03, -9.726476E-02,  9.0625E-01
84100, -1.202632E+00, -9.979729E-03,  9.0625E-01
84200,  1.761358E+00, -7.867741E-02,  8.2812E-01
84300,  1.041622E+00, -5.267367E-02,  8.9062E-01
84400,  1.123472E+00, -4.593600E-02,  8.9062E-01
84500,  5.304477E-01, -3.016331E-02,  9.8438E-01
84600,  4.747950E-01, -8.156508E-02,  9.0625E-01
84700,  1.145235E+00, -3.741671E-02,  9.2188E-01
84800,  1.126826E+00, -5.304547E-02,  9.2188E-01
84900,  7.979344E-01, -3.479544E-02,  9.6875E-01
85000,  2.052185E-01, -2.712880E-02,  9.8438E-01
85100, -1.096137E+00, -4.848165E-02,  9.8438E-01
85200,  6.244808E-01, -6.022456E-02,  9.5312E-01
85300,  1.430596E+00, -4.177402E-02,  9.5312E-01
85400,  4.532211E-01, -2.531766E-02,  9.8438E-01
85500,  1.486483E+00, -6.160673E-02,  9.5312E-01
85600,  2.977054E-01, -2.487896E-02,  9.8438E-01
85700,  1.403678E+00, -5.243832E-02,  8.9062E-01
85800,  1.652486E+00, -5.590707E-02,  8.1250E-01
85900,  9.618397E-01, -3.519809E-02,  9.6875E-01
86000,  9.012417E-01, -8.677286E-02,  8.7500E-01
86100,  6.871438E-01, -5.881520E-02,  8.9062E-01
86200,  5.314703E-01, -5.065545E-02,  9.2188E-01
86300,  1.474765E+00, -6.278309E-02,  8.9062E-01
86400,  1.443047E+00, -4.093545E-02,  9.5312E-01
86500,  1.197802E-01, -5.616292E-02,  9.5312E-01
86600,  8.519397E-01, -4.423256E-02,  9.3750E-01
86700,  1.515892E+00, -8.221901E-02,  9.2188E-01
86800,  1.055705E+00, -5.174377E-02,  8.9062E-01
86900,  7.038687E-01, -6.436663E-02,  9.3750E-01
87000,  1.145786E+00, -4.546095E-02,  9.5312E-01
87100,  1.136740E+00, -4.957510E-02,  9.0625E-01
87200,  7.346646E-01, -3.462233E-02,  9.0625E-01
87300,  2.185125E-01, -5.365968E-02,  9.0625E-01
87400,  1.420740E+00, -4.909312E-02,  9.5312E-01
87500,  4.908344E-02, -5.667570E-02,  9.3750E-01
87600,  7.604247E-01, -5.432638E-02,  9.2188E-01
87700,  1.351286E+00, -7.426587E-02,  9.0625E-01
87800,  2.938255E-01, -5.681380E-02,  9.3750E-01
87900,  2.122930E-01, -4.561158E-02,  9.5312E-01
88000,  2.337852E-01, -6.546665E-02,  9.0625E-01
88100,  8.789682E-01, -5.233328E-02,  9.3750E-01
88200, -1.820630E-01, -7.135311E-02,  9.0625E-01
88300,  1.438929E+00, -2.684022E-02,  9.0625E-01
88400,  1.034210E+00, -4.518025E-02,  9.3750E-01
88500, -1.559910E-01, -4.170376E-02,  9.6875E-01
88600,  1.142192E+00, -3.411431E-02,  9.5312E-01
88700,  1.541668E+00, -5.838852E-02,  9.0625E-01
88800,  7.365023E-01, -5.513500E-02,  9.5312E-01
88900,  9.980121E-01, -8.176983E-02,  8.7500E-01
89000,  1.274513E+00, -4.163196E-02,  9.6875E-01
89100,  8.539620E-01, -6.451413E-02,  9.0625E-01
89200,  1.067480E+00, -1.024334E-01,  8.4375E-01
89300,  1.326890E-01, -4.046491E-02,  8.9062E-01
89400,  1.140203E+00, -2.012218E-02,  9.0625E-01
89500,  8.959409E-01, -5.611081E-02,  9.6875E-01
89600,  1.475026E+00, -2.394575E-02,  9.2188E-01
89700, -3.983667E-01, -3.079194E-02,  9.8438E-01
89800,  9.823592E-01, -3.607716E-02,  9.3750E-01
89900,  1.362209E+00, -4.924592E-02,  9.3750E-01
90000,  4.624899E-01, -6.534184E-02,  9.2188E-01
90100,  2.133925E-01, -6.109241E-02,  8.7500E-01
90200,  5.729302E-01, -3.330581E-02,  9.8438E-01
90300,  6.194376E-01, -6.535178E-02,  9.0625E-01
90400, -1.501108E-01, -6.166819E-02,  9.0625E-01
90500,  6.913946E-01, -6.658883E-02,  9.3750E-01
90600,  2.308384E-01, -7.221158E-02,  8.7500E-01
90700,  1.130530E+00, -6.155404E-02,  9.2188E-01
90800,  2.395705E-01, -2.851138E-02,  9.8438E-01
90900,  7.093225E-01, -1.414597E-02,  9.6875E-01
91000,  2.621404E-02, -4.036205E-02,  9.2188E-01
91100,  5.264143E-01, -5.063077E-02,  9.5312E-01
91200,  3.148154E-01, -5.506384E-02,  9.2188E-01
91300,  4.624176E-01, -8.903989E-02,  8.7500E-01
91400, -1.482134E-01, -3.339556E-02,  9.3750E-01
91500, -1.841707E-01, -8.239123E-02,  8.9062E-01
91600,  7.648402E-01, -4.496550E-02,  9.3750E-01
91700,  9.358287E-01, -3.021140E-02,  9.6875E-01
91800,  8.432858E-01, -2.369305E-02,  9.3750E-01
91900,  4.541320E-01, -5.043487E-02,  9.5312E-01
92000,  1.940331E-01, -3.319734E-02,  9.2188E-01
92100,  1.121763E+00, -1.903851E-02,  9.0625E-01
92200,  1.723339E+00, -8.897439E-02,  8.4375E-01
92300,  1.500099E+00, -4.308840E-02,  9.5312E-01
92400,  1.016343E+00, -4.948674E-02,  9.6875E-01
92500, -9.406496E-01, -7.043307E-02,  8.9062E-01
92600,  2.403014E-01, -5.739795E-02,  9.3750E-01
92700, -4.383620E-01, -2.945622E-02,  9.5312E-01
92800,  1.255973E+00, -5.620395E-02,  9.3750E-01
92900,  1.591982E-01, -9.080055E-02,  9.2188E-01
93000,  5.007551E-01, -1.143778E-01,  8.9062E-01
93100,  1.138217E+00, -4.213119E-02,  9.2188E-01
93200, -6.075286E-01, -7.120106E-02,  9.2188E-01
93300,  2.688796E-01, -8.287615E-02,  9.2188E-01
93400,  2.876450E-01, -4.817134E-02,  9.8438E-01
93500,  1.015620E+00, -9.485613E-02,  8.5938E-01
93600,  1.145216E+00, -5.839708E-02,  9.2188E-01
93700,  4.692028E-01, -6.559411E-02,  9.3750E-01
93800, -1.063569E-01, -5.497099E-02,  9.3750E-01
93900,  8.929497E-02, -7.052006E-02,  9.2188E-01
94000,  9.537748E-01, -4.293324E-02,  9.5312E-01
94100,  1.857095E+00, -6.743419E-02,  8.5938E-01
94200, -4.971771E-01, -3.141931E-02,  9.6875E-01
94300,  4.563223E-01, -5.275999E-02,  9.3750E-01
94400,  1.695115E-01, -5.147559E-02,  9.3750E-01
94500,  5.006550E-01, -5.356742E-02,  9.5312E-01
94600,  9.278020E-01, -4.784018E-02,  9.3750E-01
94700, -6.068214E-01, -2.695381E-02,  9.6875E-01
94800,  9.086620E-01, -7.777843E-02,  9.2188E-01
94900, -1.259747E-01, -2.714724E-02,  1.0000E+00
95000, -2.071185E-01, -6.504015E-02,  9.3750E-01
95100,  2.803610E-02, -7.189669E-02,  9.0625E-01
95200,  4.113986E-01, -6.844156E-02,  9.3750E-01
95300, -2.820624E-01, -3.420260E-02,  9.5312E-01
95400,  4.508421E-01, -5.020619E-02,  9.3750E-01
95500,  3.632295E-01, -6.558159E-02,  9.0625E-01
95600,  1.115417E+00, -1.024680E-01,  9.0625E-01
95700,  6.522859E-01, -5.098194E-02,  9.3750E-01
95800,  4.566402E-01, -7.546280E-02,  9.5312E-01
95900,  1.072173E-01, -8.230047E-02,  9.2188E-01
96000,  8.166062E-01, -4.275239E-02,  9.6875E-01
96100,  1.455936E+00, -9.784587E-02,  8.9062E-01
96200,  1.558980E+00, -6.915475E-02,  9.0625E-01
96300, -2.845089E-01, -8.026504E-02,  8.9062E-01
96400, -1.917645E-03, -3.134227E-02,  9.6875E-01
96500,  5.087873E-02, -2.533087E-02,  9.5312E-01
96600,  6.471763E-01, -5.040385E-02,  8.9062E-01
96700,  4.094351E-02, -3.774861E-02,  9.6875E-01
96800,  3.587746E-01, -3.651679E-03,  8.5938E-01
96900,  1.513892E-01, -4.749126E-02,  9.3750E-01
97000,  8.652623E-01, -3.703918E-02,  9.0625E-01
97100,  8.540620E-01, -5.537359E-02,  9.5312E-01
97200,  1.031581E+00, -9.464638E-02,  8.9062E-01
97300,  5.325572E-01, -8.214600E-02,  9.0625E-01
97400, -8.222333E-02, -4.844574E-02,  9.6875E-01
97500,  1.109434E+00, -4.206862E-02,  9.5312E-01
97600,  3.951686E-01, -7.180239E-02,  9.0625E-01
97700,  6.588684E-02, -8.214580E-02,  8.9062E-01
97800, -1.901610E-01, -3.611890E-02,  9.6875E-01
97900, -4.079957E-02, -8.633161E-02,  9.5312E-01
98000,  6.625219E-01, -3.616078E-02,  9.6875E-01
98100,  2.233593E-01, -6.164936E-02,  9.0625E-01
98200,  3.121243E-01, -4.813148E-02,  9.2188E-01
98300,  8.642986E-01, -5.966697E-02,  9.5312E-01
98400, -7.321628E-01, -2.138322E-02,  9.6875E-01
98500, -1.754713E-01, -7.200760E-02,  9.2188E-01
98600,  4.262676E-01, -1.983758E-02,  9.3750E-01
98700,  3.976928E-01, -4.781481E-02,  9.6875E-01
98800,  7.094932E-01, -7.136670E-02,  9.2188E-01
98900, -1.505845E-01, -3.755439E-02,  9.5312E-01
99000,  4.814984E-01, -3.888076E-02,  9.5312E-01
99100, -6.479020E-01, -5.985188E-02,  8.7500E-01
99200, -2.918404E-01, -8.225347E-02,  9.3750E-01
99300,  3.693174E-01, -6.934640E-02,  9.5312E-01
99400,  4.693290E-01, -5.076408E-02,  9.2188E-01
99500,  4.778195E-01, -7.885349E-02,  9.3750E-01
99600, -8.763925E-02, -6.385759E-02,  9.6875E-01
99700, -1.795395E-01, -4.109129E-02,  9.8438E-01
99800,  4.720556E-01, -1.000927E-02,  9.6875E-01
99900,  6.644840E-01, -4.965464E-02,  9.5312E-01
100000, -4.231653E-01, -9.933063E-02,  8.5938E-01
