# step, gen_loss, dis_loss, train_acc
100,  8.166772E-01,  1.185894E+00,  4.8438E-01
200,  7.803280E-01,  1.233397E+00,  7.1875E-01
300,  7.602959E-01,  1.250015E+00,  7.6562E-01
400,  7.830882E-01,  1.262983E+00,  7.8125E-01
500,  7.705951E-01,  1.263364E+00,  7.8125E-01
600,  7.381451E-01,  1.301855E+00,  8.2812E-01
700,  7.594845E-01,  1.320396E+00,  8.5938E-01
800,  7.343690E-01,  1.306717E+00,  8.1250E-01
900,  7.295544E-01,  1.321527E+00,  7.8125E-01
1000,  7.201174E-01,  1.335918E+00,  8.5938E-01
1100,  7.170932E-01,  1.344337E+00,  9.0625E-01
1200,  7.513788E-01,  1.328970E+00,  7.9688E-01
1300,  7.140669E-01,  1.344592E+00,  8.2812E-01
1400,  7.195312E-01,  1.356461E+00,  9.2188E-01
1500,  7.292683E-01,  1.350528E+00,  9.0625E-01
1600,  7.047058E-01,  1.353566E+00,  8.5938E-01
1700,  7.232028E-01,  1.348105E+00,  8.9062E-01
1800,  6.926666E-01,  1.364508E+00,  8.9062E-01
1900,  7.173012E-01,  1.361025E+00,  9.0625E-01
2000,  7.179593E-01,  1.373692E+00,  9.0625E-01
2100,  7.326607E-01,  1.379338E+00,  9.3750E-01
2200,  7.132820E-01,  1.356927E+00,  8.4375E-01
2300,  7.152388E-01,  1.351079E+00,  8.9062E-01
2400,  6.813824E-01,  1.375366E+00,  9.2188E-01
2500,  7.076318E-01,  1.367505E+00,  8.4375E-01
2600,  7.244196E-01,  1.367115E+00,  9.5312E-01
2700,  7.467953E-01,  1.358287E+00,  8.9062E-01
2800,  6.989086E-01,  1.366930E+00,  9.2188E-01
2900,  7.304176E-01,  1.358055E+00,  8.5938E-01
3000,  7.085092E-01,  1.357977E+00,  8.9062E-01
3100,  7.169170E-01,  1.372014E+00,  8.9062E-01
3200,  7.104120E-01,  1.371064E+00,  9.2188E-01
3300,  6.888765E-01,  1.370359E+00,  9.5312E-01
3400,  7.060641E-01,  1.361940E+00,  8.9062E-01
3500,  7.226059E-01,  1.360533E+00,  8.4375E-01
3600,  6.918014E-01,  1.366099E+00,  9.0625E-01
3700,  7.151049E-01,  1.359346E+00,  9.0625E-01
3800,  7.125623E-01,  1.365476E+00,  9.2188E-01
3900,  7.159192E-01,  1.372113E+00,  9.0625E-01
4000,  7.168035E-01,  1.375606E+00,  9.6875E-01
4100,  7.395432E-01,  1.351111E+00,  8.7500E-01
4200,  7.013100E-01,  1.376319E+00,  9.5312E-01
4300,  7.273517E-01,  1.359436E+00,  8.2812E-01
4400,  7.162512E-01,  1.368755E+00,  8.9062E-01
4500,  7.143010E-01,  1.368600E+00,  8.9062E-01
4600,  6.771492E-01,  1.377853E+00,  9.2188E-01
4700,  6.828281E-01,  1.375781E+00,  9.2188E-01
4800,  7.077816E-01,  1.369955E+00,  9.2188E-01
4900,  7.204213E-01,  1.355636E+00,  8.7500E-01
5000,  7.208507E-01,  1.365246E+00,  9.2188E-01
5100,  7.178758E-01,  1.359763E+00,  9.0625E-01
5200,  7.137799E-01,  1.364538E+00,  9.2188E-01
5300,  7.130554E-01,  1.369872E+00,  9.3750E-01
5400,  7.162606E-01,  1.363368E+00,  9.0625E-01
5500,  6.994507E-01,  1.364672E+00,  9.2188E-01
5600,  7.020338E-01,  1.375003E+00,  9.2188E-01
5700,  7.333537E-01,  1.356268E+00,  8.9062E-01
5800,  7.050236E-01,  1.372494E+00,  8.7500E-01
5900,  7.170032E-01,  1.358619E+00,  8.5938E-01
6000,  7.180793E-01,  1.368110E+00,  8.9062E-01
6100,  6.891850E-01,  1.379028E+00,  9.5312E-01
6200,  7.099247E-01,  1.359108E+00,  9.0625E-01
6300,  7.233458E-01,  1.368177E+00,  9.2188E-01
6400,  7.059380E-01,  1.356977E+00,  8.5938E-01
6500,  7.079529E-01,  1.376792E+00,  9.5312E-01
6600,  7.151577E-01,  1.372745E+00,  9.2188E-01
6700,  7.193942E-01,  1.373487E+00,  8.9062E-01
6800,  6.976675E-01,  1.371283E+00,  8.9062E-01
6900,  7.003556E-01,  1.363937E+00,  8.7500E-01
7000,  6.889394E-01,  1.378023E+00,  9.6875E-01
7100,  7.232971E-01,  1.375523E+00,  9.0625E-01
7200,  6.698403E-01,  1.374898E+00,  9.3750E-01
7300,  7.163091E-01,  1.366138E+00,  9.0625E-01
7400,  7.144610E-01,  1.368892E+00,  9.2188E-01
7500,  7.124687E-01,  1.377980E+00,  9.2188E-01
7600,  7.045836E-01,  1.373659E+00,  9.5312E-01
7700,  6.716999E-01,  1.371372E+00,  9.2188E-01
7800,  7.070382E-01,  1.352872E+00,  8.7500E-01
7900,  7.061013E-01,  1.383655E+00,  9.3750E-01
8000,  7.064791E-01,  1.360053E+00,  8.4375E-01
8100,  7.194992E-01,  1.371936E+00,  9.2188E-01
8200,  6.814694E-01,  1.387324E+00,  9.6875E-01
8300,  7.036531E-01,  1.373005E+00,  9.2188E-01
8400,  7.016062E-01,  1.372866E+00,  9.2188E-01
8500,  7.152684E-01,  1.379369E+00,  9.5312E-01
8600,  7.261126E-01,  1.372906E+00,  9.3750E-01
8700,  7.095015E-01,  1.388040E+00,  9.6875E-01
8800,  6.984038E-01,  1.377378E+00,  9.0625E-01
8900,  7.099811E-01,  1.380498E+00,  9.6875E-01
9000,  6.836775E-01,  1.385895E+00,  9.8438E-01
9100,  7.065780E-01,  1.373068E+00,  9.2188E-01
9200,  7.066404E-01,  1.370780E+00,  9.2188E-01
9300,  7.150919E-01,  1.383241E+00,  9.6875E-01
9400,  7.124662E-01,  1.366140E+00,  8.5938E-01
9500,  6.894571E-01,  1.372059E+00,  8.7500E-01
9600,  6.986822E-01,  1.373980E+00,  9.0625E-01
9700,  6.992927E-01,  1.376542E+00,  8.9062E-01
9800,  7.088299E-01,  1.370598E+00,  9.2188E-01
9900,  7.082666E-01,  1.368638E+00,  9.0625E-01
10000,  7.007992E-01,  1.378632E+00,  9.6875E-01
10100,  7.038332E-01,  1.372816E+00,  9.0625E-01
10200,  6.965592E-01,  1.380333E+00,  9.8438E-01
10300,  7.027231E-01,  1.379887E+00,  8.9062E-01
10400,  7.077943E-01,  1.373529E+00,  9.3750E-01
10500,  7.201918E-01,  1.355502E+00,  8.5938E-01
10600,  6.872109E-01,  1.370412E+00,  9.3750E-01
10700,  7.081003E-01,  1.372885E+00,  9.3750E-01
10800,  7.029966E-01,  1.375740E+00,  9.0625E-01
10900,  7.211668E-01,  1.378711E+00,  9.3750E-01
11000,  7.229250E-01,  1.374923E+00,  8.5938E-01
11100,  7.018206E-01,  1.378757E+00,  9.6875E-01
11200,  7.024733E-01,  1.375778E+00,  9.2188E-01
11300,  7.144084E-01,  1.371546E+00,  9.2188E-01
11400,  7.057022E-01,  1.384574E+00,  9.6875E-01
11500,  7.123013E-01,  1.384538E+00,  1.0000E+00
11600,  7.018238E-01,  1.370094E+00,  9.2188E-01
11700,  6.965320E-01,  1.368452E+00,  8.9062E-01
11800,  7.141892E-01,  1.363497E+00,  9.2188E-01
11900,  7.247487E-01,  1.369350E+00,  9.2188E-01
12000,  7.096632E-01,  1.367805E+00,  9.2188E-01
12100,  7.020836E-01,  1.380152E+00,  9.6875E-01
12200,  7.162298E-01,  1.376598E+00,  9.6875E-01
12300,  6.961668E-01,  1.384882E+00,  9.6875E-01
12400,  6.756576E-01,  1.384575E+00,  9.2188E-01
12500,  6.999366E-01,  1.383116E+00,  9.8438E-01
12600,  7.179992E-01,  1.372763E+00,  9.3750E-01
12700,  6.947939E-01,  1.375428E+00,  9.0625E-01
12800,  7.215691E-01,  1.366165E+00,  9.0625E-01
12900,  6.994307E-01,  1.372880E+00,  8.9062E-01
13000,  6.938621E-01,  1.367026E+00,  8.9062E-01
13100,  7.014079E-01,  1.375692E+00,  9.5312E-01
13200,  7.310820E-01,  1.375519E+00,  9.5312E-01
13300,  7.063982E-01,  1.370435E+00,  8.9062E-01
13400,  7.206806E-01,  1.378049E+00,  9.3750E-01
13500,  6.953081E-01,  1.373837E+00,  9.3750E-01
13600,  6.788548E-01,  1.398212E+00,  8.9062E-01
13700,  7.345226E-01,  1.383173E+00,  9.6875E-01
13800,  6.945074E-01,  1.385942E+00,  9.5312E-01
13900,  6.887645E-01,  1.383278E+00,  9.5312E-01
14000,  7.040762E-01,  1.370091E+00,  9.0625E-01
14100,  6.984417E-01,  1.377645E+00,  9.3750E-01
14200,  7.193452E-01,  1.373637E+00,  9.6875E-01
14300,  7.326571E-01,  1.381233E+00,  9.8438E-01
14400,  7.078454E-01,  1.377716E+00,  9.5312E-01
14500,  6.858289E-01,  1.375328E+00,  9.3750E-01
14600,  7.060744E-01,  1.384132E+00,  9.6875E-01
14700,  7.068851E-01,  1.378362E+00,  9.5312E-01
14800,  6.944356E-01,  1.381193E+00,  9.6875E-01
14900,  7.304468E-01,  1.370772E+00,  9.2188E-01
15000,  7.162867E-01,  1.363534E+00,  8.9062E-01
15100,  7.048002E-01,  1.370969E+00,  8.9062E-01
15200,  7.043387E-01,  1.382641E+00,  9.8438E-01
15300,  6.859629E-01,  1.375831E+00,  9.3750E-01
15400,  6.950537E-01,  1.379255E+00,  9.3750E-01
15500,  6.991967E-01,  1.381585E+00,  9.6875E-01
15600,  7.039313E-01,  1.367862E+00,  9.2188E-01
15700,  7.012595E-01,  1.377151E+00,  9.5312E-01
15800,  7.041687E-01,  1.379408E+00,  9.3750E-01
15900,  7.088135E-01,  1.382680E+00,  9.3750E-01
16000,  7.009562E-01,  1.362550E+00,  8.9062E-01
16100,  6.987685E-01,  1.380785E+00,  9.3750E-01
16200,  7.142792E-01,  1.365947E+00,  9.0625E-01
16300,  7.154976E-01,  1.362325E+00,  8.9062E-01
16400,  7.154422E-01,  1.381471E+00,  9.2188E-01
16500,  6.957891E-01,  1.366719E+00,  8.7500E-01
16600,  7.182062E-01,  1.364871E+00,  8.5938E-01
16700,  7.014078E-01,  1.384479E+00,  9.5312E-01
16800,  7.037577E-01,  1.380057E+00,  9.2188E-01
16900,  6.954139E-01,  1.364365E+00,  8.7500E-01
17000,  6.932430E-01,  1.366775E+00,  9.2188E-01
17100,  7.252924E-01,  1.361645E+00,  8.5938E-01
17200,  7.151349E-01,  1.377281E+00,  9.2188E-01
17300,  6.938232E-01,  1.389362E+00,  9.0625E-01
17400,  7.173864E-01,  1.369522E+00,  9.2188E-01
17500,  6.893802E-01,  1.377875E+00,  9.3750E-01
17600,  7.025769E-01,  1.380016E+00,  9.8438E-01
17700,  7.092861E-01,  1.376261E+00,  9.3750E-01
17800,  7.104502E-01,  1.384424E+00,  9.6875E-01
17900,  7.012998E-01,  1.372612E+00,  9.5312E-01
18000,  7.046929E-01,  1.377573E+00,  9.5312E-01
18100,  6.925914E-01,  1.378987E+00,  9.6875E-01
18200,  6.971454E-01,  1.378327E+00,  9.2188E-01
18300,  6.933843E-01,  1.377505E+00,  9.3750E-01
18400,  7.010469E-01,  1.375349E+00,  9.3750E-01
18500,  7.211699E-01,  1.369365E+00,  9.0625E-01
18600,  7.101517E-01,  1.373078E+00,  9.5312E-01
18700,  6.955738E-01,  1.377583E+00,  9.8438E-01
18800,  6.974086E-01,  1.373420E+00,  9.3750E-01
18900,  7.101005E-01,  1.373836E+00,  9.2188E-01
19000,  6.960979E-01,  1.371572E+00,  9.5312E-01
19100,  7.041713E-01,  1.366571E+00,  8.5938E-01
19200,  7.107248E-01,  1.378624E+00,  9.3750E-01
19300,  7.127018E-01,  1.377424E+00,  9.3750E-01
19400,  6.920419E-01,  1.378324E+00,  9.2188E-01
19500,  6.884580E-01,  1.374842E+00,  9.3750E-01
19600,  6.967461E-01,  1.376193E+00,  9.3750E-01
19700,  6.923494E-01,  1.387966E+00,  9.8438E-01
19800,  7.213948E-01,  1.376688E+00,  9.0625E-01
19900,  6.990830E-01,  1.379371E+00,  9.5312E-01
20000,  7.043010E-01,  1.380889E+00,  9.6875E-01
20100,  7.174957E-01,  1.379485E+00,  9.5312E-01
20200,  6.958197E-01,  1.381355E+00,  9.5312E-01
20300,  6.969825E-01,  1.384041E+00,  9.5312E-01
20400,  6.990244E-01,  1.370597E+00,  9.3750E-01
20500,  6.975088E-01,  1.369301E+00,  9.3750E-01
20600,  6.945454E-01,  1.360480E+00,  8.7500E-01
20700,  7.080511E-01,  1.379150E+00,  9.6875E-01
20800,  7.272822E-01,  1.380217E+00,  9.2188E-01
20900,  7.103294E-01,  1.366064E+00,  9.2188E-01
21000,  6.994514E-01,  1.370019E+00,  8.9062E-01
21100,  6.976534E-01,  1.378393E+00,  9.3750E-01
21200,  7.175674E-01,  1.378057E+00,  9.3750E-01
21300,  7.082804E-01,  1.374964E+00,  9.0625E-01
21400,  6.964252E-01,  1.385263E+00,  9.8438E-01
21500,  7.107719E-01,  1.380397E+00,  9.5312E-01
21600,  6.859916E-01,  1.378664E+00,  9.3750E-01
21700,  7.242629E-01,  1.371194E+00,  8.9062E-01
21800,  7.062517E-01,  1.373911E+00,  9.2188E-01
21900,  7.145844E-01,  1.370422E+00,  9.3750E-01
22000,  7.083482E-01,  1.374712E+00,  9.3750E-01
22100,  7.120657E-01,  1.360247E+00,  8.5938E-01
22200,  7.001387E-01,  1.372183E+00,  9.5312E-01
22300,  7.033352E-01,  1.385317E+00,  1.0000E+00
22400,  6.844410E-01,  1.368237E+00,  9.0625E-01
22500,  6.938722E-01,  1.362439E+00,  9.0625E-01
22600,  7.082453E-01,  1.383300E+00,  9.5312E-01
22700,  7.261859E-01,  1.379913E+00,  9.5312E-01
22800,  6.951025E-01,  1.383844E+00,  9.6875E-01
22900,  7.054899E-01,  1.372148E+00,  9.3750E-01
23000,  7.202161E-01,  1.378424E+00,  9.3750E-01
23100,  6.946478E-01,  1.370553E+00,  9.2188E-01
23200,  7.072445E-01,  1.370772E+00,  9.3750E-01
23300,  7.258435E-01,  1.355458E+00,  8.9062E-01
23400,  7.132461E-01,  1.366417E+00,  8.5938E-01
23500,  7.112459E-01,  1.369097E+00,  9.3750E-01
23600,  6.970103E-01,  1.370086E+00,  9.2188E-01
23700,  7.146955E-01,  1.378565E+00,  9.3750E-01
23800,  6.895875E-01,  1.366387E+00,  9.2188E-01
23900,  6.969963E-01,  1.380788E+00,  9.6875E-01
24000,  6.934714E-01,  1.384254E+00,  9.5312E-01
24100,  6.793972E-01,  1.381798E+00,  9.5312E-01
24200,  6.937135E-01,  1.377956E+00,  9.5312E-01
24300,  7.103485E-01,  1.365369E+00,  8.9062E-01
24400,  6.853864E-01,  1.368371E+00,  8.9062E-01
24500,  6.798434E-01,  1.376686E+00,  9.3750E-01
24600,  7.048050E-01,  1.382509E+00,  9.6875E-01
24700,  7.205737E-01,  1.374653E+00,  9.2188E-01
24800,  7.157524E-01,  1.370048E+00,  9.3750E-01
24900,  6.862525E-01,  1.384730E+00,  9.6875E-01
25000,  7.075741E-01,  1.384068E+00,  9.6875E-01
25100,  7.300799E-01,  1.377770E+00,  9.3750E-01
25200,  6.901727E-01,  1.373403E+00,  9.6875E-01
25300,  7.014812E-01,  1.381270E+00,  9.5312E-01
25400,  7.014126E-01,  1.365185E+00,  9.0625E-01
25500,  6.755549E-01,  1.384897E+00,  9.6875E-01
25600,  7.002914E-01,  1.377007E+00,  9.3750E-01
25700,  6.954155E-01,  1.383059E+00,  9.5312E-01
25800,  7.278010E-01,  1.381497E+00,  9.0625E-01
25900,  7.211484E-01,  1.367356E+00,  8.4375E-01
26000,  6.915168E-01,  1.379589E+00,  9.3750E-01
26100,  7.021267E-01,  1.381347E+00,  9.6875E-01
26200,  6.919028E-01,  1.381881E+00,  9.6875E-01
26300,  7.090696E-01,  1.362704E+00,  9.2188E-01
26400,  6.902292E-01,  1.381259E+00,  9.5312E-01
26500,  7.078444E-01,  1.377401E+00,  9.6875E-01
26600,  6.896281E-01,  1.384275E+00,  9.5312E-01
26700,  7.073066E-01,  1.386924E+00,  9.3750E-01
26800,  6.957107E-01,  1.375580E+00,  9.5312E-01
26900,  7.027245E-01,  1.378876E+00,  9.3750E-01
27000,  7.064898E-01,  1.378060E+00,  9.6875E-01
27100,  7.062703E-01,  1.397390E+00,  9.3750E-01
27200,  6.984839E-01,  1.379670E+00,  9.5312E-01
27300,  6.805185E-01,  1.385453E+00,  9.6875E-01
27400,  7.011600E-01,  1.377694E+00,  9.3750E-01
27500,  6.887084E-01,  1.384034E+00,  9.8438E-01
27600,  6.938629E-01,  1.385864E+00,  9.8438E-01
27700,  7.053408E-01,  1.383807E+00,  9.6875E-01
27800,  6.979797E-01,  1.374217E+00,  9.5312E-01
27900,  7.284184E-01,  1.393352E+00,  9.3750E-01
28000,  7.035999E-01,  1.379343E+00,  9.3750E-01
28100,  7.035854E-01,  1.373440E+00,  9.5312E-01
28200,  7.143431E-01,  1.385528E+00,  9.8438E-01
28300,  7.220641E-01,  1.369557E+00,  8.9062E-01
28400,  6.871636E-01,  1.378429E+00,  9.8438E-01
28500,  7.233596E-01,  1.376582E+00,  9.3750E-01
28600,  6.975375E-01,  1.377810E+00,  9.3750E-01
28700,  7.049328E-01,  1.378430E+00,  9.3750E-01
28800,  7.425611E-01,  1.375833E+00,  9.3750E-01
28900,  6.967132E-01,  1.375547E+00,  9.6875E-01
29000,  6.750731E-01,  1.376758E+00,  9.5312E-01
29100,  6.958015E-01,  1.376595E+00,  9.3750E-01
29200,  7.069132E-01,  1.378911E+00,  9.5312E-01
29300,  6.910747E-01,  1.378655E+00,  9.6875E-01
29400,  7.016527E-01,  1.364497E+00,  8.9062E-01
29500,  7.026429E-01,  1.383396E+00,  8.9062E-01
29600,  6.999782E-01,  1.392790E+00,  1.0000E+00
29700,  7.212735E-01,  1.375711E+00,  9.5312E-01
29800,  6.886879E-01,  1.383927E+00,  9.8438E-01
29900,  6.872101E-01,  1.382821E+00,  9.6875E-01
30000,  6.869943E-01,  1.382270E+00,  9.3750E-01
30100,  7.087275E-01,  1.387154E+00,  9.8438E-01
30200,  7.007301E-01,  1.384544E+00,  9.5312E-01
30300,  7.112623E-01,  1.367970E+00,  9.3750E-01
30400,  7.104566E-01,  1.375624E+00,  9.3750E-01
30500,  7.039165E-01,  1.371472E+00,  9.2188E-01
30600,  7.052469E-01,  1.378053E+00,  9.3750E-01
30700,  7.115549E-01,  1.382563E+00,  9.8438E-01
30800,  7.110358E-01,  1.368179E+00,  9.0625E-01
30900,  6.948425E-01,  1.371148E+00,  9.3750E-01
31000,  6.985535E-01,  1.384071E+00,  9.6875E-01
31100,  7.186093E-01,  1.374148E+00,  9.5312E-01
31200,  7.031717E-01,  1.377324E+00,  9.3750E-01
31300,  6.862673E-01,  1.384666E+00,  9.5312E-01
31400,  7.139518E-01,  1.384796E+00,  9.6875E-01
31500,  7.031369E-01,  1.360390E+00,  9.2188E-01
31600,  6.916935E-01,  1.379841E+00,  9.3750E-01
31700,  7.156354E-01,  1.369213E+00,  9.2188E-01
31800,  7.181294E-01,  1.380369E+00,  9.2188E-01
31900,  7.120324E-01,  1.363114E+00,  9.0625E-01
32000,  7.023978E-01,  1.359979E+00,  8.9062E-01
32100,  6.852646E-01,  1.387627E+00,  9.6875E-01
32200,  6.867464E-01,  1.382591E+00,  9.8438E-01
32300,  7.082911E-01,  1.371389E+00,  9.2188E-01
32400,  6.722179E-01,  1.379561E+00,  9.6875E-01
32500,  6.813257E-01,  1.384193E+00,  9.6875E-01
32600,  6.755707E-01,  1.376255E+00,  9.5312E-01
32700,  6.911711E-01,  1.370288E+00,  9.3750E-01
32800,  7.010531E-01,  1.366887E+00,  8.9062E-01
32900,  7.348893E-01,  1.374244E+00,  9.0625E-01
33000,  7.173440E-01,  1.382683E+00,  9.3750E-01
33100,  6.991840E-01,  1.383043E+00,  9.3750E-01
33200,  6.995149E-01,  1.374618E+00,  9.2188E-01
33300,  7.159092E-01,  1.375026E+00,  9.2188E-01
33400,  7.148809E-01,  1.387694E+00,  9.8438E-01
33500,  7.062588E-01,  1.377605E+00,  9.2188E-01
33600,  6.894622E-01,  1.383972E+00,  9.8438E-01
33700,  7.103446E-01,  1.370134E+00,  9.3750E-01
33800,  6.960872E-01,  1.377744E+00,  9.3750E-01
33900,  7.008551E-01,  1.386035E+00,  9.6875E-01
34000,  6.866262E-01,  1.371234E+00,  9.0625E-01
34100,  6.947168E-01,  1.383124E+00,  9.8438E-01
34200,  7.064728E-01,  1.382616E+00,  9.0625E-01
34300,  7.017623E-01,  1.366229E+00,  8.9062E-01
34400,  6.994368E-01,  1.378155E+00,  9.5312E-01
34500,  7.123294E-01,  1.381781E+00,  9.6875E-01
34600,  6.919571E-01,  1.379839E+00,  9.8438E-01
34700,  6.891508E-01,  1.379788E+00,  9.5312E-01
34800,  7.020410E-01,  1.373435E+00,  9.3750E-01
34900,  6.881552E-01,  1.371527E+00,  9.0625E-01
35000,  7.034377E-01,  1.375641E+00,  9.6875E-01
35100,  7.081558E-01,  1.383997E+00,  9.3750E-01
35200,  7.262704E-01,  1.382423E+00,  9.3750E-01
35300,  6.976118E-01,  1.382548E+00,  9.8438E-01
35400,  7.050992E-01,  1.384826E+00,  9.3750E-01
35500,  7.121249E-01,  1.381607E+00,  9.3750E-01
35600,  7.076176E-01,  1.371254E+00,  9.2188E-01
35700,  7.130365E-01,  1.376645E+00,  8.9062E-01
35800,  7.203910E-01,  1.385177E+00,  9.6875E-01
35900,  7.068900E-01,  1.376152E+00,  9.3750E-01
36000,  6.803403E-01,  1.380028E+00,  9.3750E-01
36100,  7.104033E-01,  1.382852E+00,  9.5312E-01
36200,  6.964557E-01,  1.377167E+00,  9.5312E-01
36300,  7.102803E-01,  1.377555E+00,  9.6875E-01
36400,  7.147409E-01,  1.370497E+00,  9.2188E-01
36500,  6.854536E-01,  1.383877E+00,  9.8438E-01
36600,  7.095298E-01,  1.379092E+00,  9.5312E-01
36700,  7.000436E-01,  1.363044E+00,  9.0625E-01
36800,  7.135775E-01,  1.369068E+00,  8.7500E-01
36900,  6.911452E-01,  1.381172E+00,  9.3750E-01
37000,  7.063887E-01,  1.372193E+00,  9.0625E-01
37100,  7.276250E-01,  1.374466E+00,  9.5312E-01
37200,  6.957378E-01,  1.364079E+00,  8.9062E-01
37300,  6.953819E-01,  1.378177E+00,  9.5312E-01
37400,  7.253105E-01,  1.365496E+00,  9.2188E-01
37500,  6.860734E-01,  1.385730E+00,  9.6875E-01
37600,  6.913862E-01,  1.381827E+00,  9.5312E-01
37700,  6.936409E-01,  1.373031E+00,  9.2188E-01
37800,  7.131249E-01,  1.378872E+00,  9.5312E-01
37900,  6.856474E-01,  1.384581E+00,  9.5312E-01
38000,  7.106764E-01,  1.370849E+00,  9.3750E-01
38100,  7.003560E-01,  1.373559E+00,  9.5312E-01
38200,  6.951582E-01,  1.383043E+00,  9.5312E-01
38300,  7.244053E-01,  1.382385E+00,  9.8438E-01
38400,  6.937822E-01,  1.378458E+00,  9.3750E-01
38500,  6.973184E-01,  1.372939E+00,  9.3750E-01
38600,  7.065251E-01,  1.379271E+00,  9.8438E-01
38700,  6.792680E-01,  1.385350E+00,  9.8438E-01
38800,  7.024298E-01,  1.375577E+00,  9.3750E-01
38900,  6.908863E-01,  1.379588E+00,  9.5312E-01
39000,  7.013506E-01,  1.370581E+00,  9.2188E-01
39100,  6.905769E-01,  1.380561E+00,  8.9062E-01
39200,  6.987379E-01,  1.373001E+00,  9.2188E-01
39300,  6.991361E-01,  1.376363E+00,  9.2188E-01
39400,  7.200934E-01,  1.373377E+00,  9.3750E-01
39500,  6.753057E-01,  1.377412E+00,  9.3750E-01
39600,  6.983324E-01,  1.375198E+00,  9.3750E-01
39700,  7.189735E-01,  1.366503E+00,  9.0625E-01
39800,  6.958868E-01,  1.376357E+00,  9.6875E-01
39900,  6.914048E-01,  1.376046E+00,  9.6875E-01
40000,  7.009887E-01,  1.376999E+00,  9.5312E-01
40100,  6.960515E-01,  1.377563E+00,  9.3750E-01
40200,  7.229335E-01,  1.379812E+00,  9.5312E-01
40300,  6.959544E-01,  1.382157E+00,  9.5312E-01
40400,  6.896663E-01,  1.388489E+00,  1.0000E+00
40500,  7.033980E-01,  1.378146E+00,  9.3750E-01
40600,  7.098744E-01,  1.386365E+00,  9.5312E-01
40700,  7.047058E-01,  1.381947E+00,  9.6875E-01
40800,  7.248079E-01,  1.356682E+00,  8.1250E-01
40900,  6.977041E-01,  1.389392E+00,  9.6875E-01
41000,  7.235688E-01,  1.365574E+00,  8.5938E-01
41100,  7.044735E-01,  1.375055E+00,  9.6875E-01
41200,  6.922526E-01,  1.377012E+00,  9.3750E-01
41300,  7.053212E-01,  1.380809E+00,  9.5312E-01
41400,  6.866738E-01,  1.378702E+00,  9.5312E-01
41500,  7.199101E-01,  1.384084E+00,  9.5312E-01
41600,  6.951753E-01,  1.375558E+00,  9.3750E-01
41700,  6.724266E-01,  1.377918E+00,  9.3750E-01
41800,  6.963561E-01,  1.383820E+00,  9.8438E-01
41900,  6.886978E-01,  1.386893E+00,  1.0000E+00
42000,  6.942523E-01,  1.385111E+00,  9.6875E-01
42100,  7.051330E-01,  1.380188E+00,  9.3750E-01
42200,  6.965168E-01,  1.385095E+00,  9.5312E-01
42300,  6.978928E-01,  1.383537E+00,  9.8438E-01
42400,  7.061030E-01,  1.374711E+00,  9.2188E-01
42500,  6.899431E-01,  1.368594E+00,  9.0625E-01
42600,  6.938372E-01,  1.386814E+00,  9.6875E-01
42700,  6.710963E-01,  1.389890E+00,  9.8438E-01
42800,  6.934851E-01,  1.382126E+00,  9.5312E-01
42900,  6.980013E-01,  1.384045E+00,  9.5312E-01
43000,  6.949345E-01,  1.374193E+00,  9.3750E-01
43100,  7.048395E-01,  1.389113E+00,  1.0000E+00
43200,  7.011383E-01,  1.387528E+00,  9.5312E-01
43300,  7.038289E-01,  1.385023E+00,  9.8438E-01
43400,  7.050256E-01,  1.373447E+00,  9.0625E-01
43500,  7.015764E-01,  1.379056E+00,  9.3750E-01
43600,  7.104187E-01,  1.376643E+00,  9.5312E-01
43700,  7.002051E-01,  1.378242E+00,  9.5312E-01
43800,  6.986039E-01,  1.378848E+00,  9.8438E-01
43900,  7.023160E-01,  1.388656E+00,  9.5312E-01
44000,  6.869198E-01,  1.383528E+00,  9.5312E-01
44100,  6.856366E-01,  1.383394E+00,  9.6875E-01
44200,  6.883018E-01,  1.387894E+00,  1.0000E+00
44300,  6.950924E-01,  1.373705E+00,  9.0625E-01
44400,  7.125167E-01,  1.374036E+00,  9.5312E-01
44500,  6.971111E-01,  1.380069E+00,  9.0625E-01
44600,  7.111017E-01,  1.379332E+00,  9.6875E-01
44700,  7.051764E-01,  1.377488E+00,  9.5312E-01
44800,  7.153442E-01,  1.382310E+00,  9.6875E-01
44900,  7.033678E-01,  1.376163E+00,  9.3750E-01
45000,  6.856856E-01,  1.380232E+00,  9.6875E-01
45100,  7.055196E-01,  1.378332E+00,  9.5312E-01
45200,  6.804104E-01,  1.386914E+00,  9.5312E-01
45300,  7.038254E-01,  1.385183E+00,  9.6875E-01
45400,  6.977422E-01,  1.382869E+00,  1.0000E+00
45500,  6.986892E-01,  1.376150E+00,  9.3750E-01
45600,  6.937953E-01,  1.372818E+00,  9.3750E-01
45700,  7.150143E-01,  1.378043E+00,  9.5312E-01
45800,  6.882299E-01,  1.366629E+00,  8.7500E-01
45900,  7.000481E-01,  1.377720E+00,  9.8438E-01
46000,  7.039958E-01,  1.367647E+00,  8.5938E-01
46100,  6.960780E-01,  1.377276E+00,  9.6875E-01
46200,  6.844978E-01,  1.381677E+00,  9.6875E-01
46300,  7.190231E-01,  1.382201E+00,  9.6875E-01
46400,  7.018982E-01,  1.383733E+00,  9.2188E-01
46500,  7.146621E-01,  1.377050E+00,  9.5312E-01
46600,  7.286057E-01,  1.356974E+00,  8.4375E-01
46700,  6.936585E-01,  1.382139E+00,  9.6875E-01
46800,  7.166749E-01,  1.370062E+00,  9.2188E-01
46900,  7.004753E-01,  1.377792E+00,  9.5312E-01
47000,  6.785266E-01,  1.377444E+00,  9.3750E-01
47100,  7.169008E-01,  1.390408E+00,  1.0000E+00
47200,  6.938140E-01,  1.386047E+00,  9.6875E-01
47300,  6.900841E-01,  1.374264E+00,  9.5312E-01
47400,  7.108344E-01,  1.379748E+00,  9.6875E-01
47500,  6.965802E-01,  1.386591E+00,  9.6875E-01
47600,  7.085769E-01,  1.384187E+00,  9.8438E-01
47700,  6.946728E-01,  1.386724E+00,  9.8438E-01
47800,  7.005908E-01,  1.372972E+00,  9.0625E-01
47900,  7.058370E-01,  1.382843E+00,  9.6875E-01
48000,  6.938350E-01,  1.371989E+00,  9.0625E-01
48100,  6.945551E-01,  1.383145E+00,  9.2188E-01
48200,  7.197260E-01,  1.365178E+00,  9.0625E-01
48300,  6.964101E-01,  1.380155E+00,  9.5312E-01
48400,  7.001959E-01,  1.371163E+00,  9.0625E-01
48500,  6.916945E-01,  1.384949E+00,  9.8438E-01
48600,  7.199676E-01,  1.373165E+00,  9.5312E-01
48700,  7.099715E-01,  1.382557E+00,  9.6875E-01
48800,  6.950003E-01,  1.389480E+00,  1.0000E+00
48900,  6.969907E-01,  1.383263E+00,  9.6875E-01
49000,  6.834514E-01,  1.383241E+00,  9.6875E-01
49100,  7.179696E-01,  1.374148E+00,  9.5312E-01
49200,  7.109786E-01,  1.384604E+00,  9.6875E-01
49300,  7.202040E-01,  1.378452E+00,  9.2188E-01
49400,  6.839548E-01,  1.383040E+00,  9.6875E-01
49500,  7.048565E-01,  1.377555E+00,  9.5312E-01
49600,  7.200463E-01,  1.368337E+00,  8.9062E-01
49700,  6.869991E-01,  1.385629E+00,  9.8438E-01
49800,  7.167752E-01,  1.375780E+00,  9.5312E-01
49900,  7.024520E-01,  1.383776E+00,  9.6875E-01
50000,  7.103781E-01,  1.383203E+00,  9.8438E-01
50100,  6.879801E-01,  1.380862E+00,  9.8438E-01
50200,  6.962486E-01,  1.382325E+00,  9.6875E-01
50300,  6.843946E-01,  1.382735E+00,  9.8438E-01
50400,  7.111822E-01,  1.371497E+00,  8.7500E-01
50500,  7.148802E-01,  1.384123E+00,  9.6875E-01
50600,  6.846865E-01,  1.383626E+00,  9.8438E-01
50700,  7.094735E-01,  1.381733E+00,  9.3750E-01
50800,  7.172956E-01,  1.378311E+00,  9.6875E-01
50900,  7.150819E-01,  1.379422E+00,  9.6875E-01
51000,  6.972412E-01,  1.375538E+00,  9.5312E-01
51100,  7.033740E-01,  1.376524E+00,  9.2188E-01
51200,  7.099633E-01,  1.380489E+00,  9.5312E-01
51300,  6.975459E-01,  1.376148E+00,  9.3750E-01
51400,  7.030171E-01,  1.383062E+00,  9.6875E-01
51500,  7.082363E-01,  1.378524E+00,  9.6875E-01
51600,  7.051579E-01,  1.365268E+00,  9.3750E-01
51700,  7.143581E-01,  1.367346E+00,  9.3750E-01
51800,  6.962481E-01,  1.381615E+00,  9.8438E-01
51900,  7.141706E-01,  1.375350E+00,  9.3750E-01
52000,  6.840773E-01,  1.385256E+00,  1.0000E+00
52100,  6.807293E-01,  1.384450E+00,  9.8438E-01
52200,  7.110070E-01,  1.377686E+00,  9.3750E-01
52300,  7.002751E-01,  1.374763E+00,  9.6875E-01
52400,  6.967873E-01,  1.384088E+00,  9.6875E-01
52500,  7.073401E-01,  1.379594E+00,  9.5312E-01
52600,  7.086010E-01,  1.374276E+00,  9.5312E-01
52700,  7.195298E-01,  1.380730E+00,  9.5312E-01
52800,  6.888195E-01,  1.379156E+00,  9.6875E-01
52900,  7.017579E-01,  1.376649E+00,  9.3750E-01
53000,  7.150929E-01,  1.383824E+00,  9.6875E-01
53100,  7.012342E-01,  1.371293E+00,  8.9062E-01
53200,  6.763852E-01,  1.383100E+00,  9.5312E-01
53300,  6.992365E-01,  1.376209E+00,  9.5312E-01
53400,  7.034411E-01,  1.377368E+00,  9.3750E-01
53500,  6.928580E-01,  1.383940E+00,  9.8438E-01
53600,  6.907580E-01,  1.382067E+00,  9.6875E-01
53700,  7.277006E-01,  1.374710E+00,  9.3750E-01
53800,  6.963907E-01,  1.374727E+00,  9.5312E-01
53900,  6.959550E-01,  1.387520E+00,  9.8438E-01
54000,  6.917377E-01,  1.378218E+00,  9.5312E-01
54100,  6.857533E-01,  1.384332E+00,  9.5312E-01
54200,  7.034507E-01,  1.377481E+00,  9.6875E-01
54300,  6.761121E-01,  1.384960E+00,  9.6875E-01
54400,  6.975276E-01,  1.384822E+00,  9.6875E-01
54500,  6.873980E-01,  1.384255E+00,  9.8438E-01
54600,  6.923728E-01,  1.378649E+00,  9.5312E-01
54700,  7.021487E-01,  1.378756E+00,  9.6875E-01
54800,  6.965321E-01,  1.382973E+00,  9.6875E-01
54900,  6.994185E-01,  1.388100E+00,  1.0000E+00
55000,  6.978562E-01,  1.368045E+00,  8.7500E-01
55100,  7.076898E-01,  1.375042E+00,  9.2188E-01
55200,  7.300752E-01,  1.376751E+00,  9.0625E-01
55300,  7.028402E-01,  1.376143E+00,  9.3750E-01
55400,  7.047846E-01,  1.381421E+00,  9.5312E-01
55500,  7.171385E-01,  1.381204E+00,  9.3750E-01
55600,  6.816280E-01,  1.388662E+00,  1.0000E+00
55700,  7.082164E-01,  1.375890E+00,  9.3750E-01
55800,  7.261875E-01,  1.376720E+00,  9.3750E-01
55900,  6.991668E-01,  1.378949E+00,  9.3750E-01
56000,  6.949404E-01,  1.371679E+00,  9.0625E-01
56100,  7.089649E-01,  1.373808E+00,  9.2188E-01
56200,  6.962552E-01,  1.381469E+00,  9.6875E-01
56300,  6.956465E-01,  1.375331E+00,  8.9062E-01
56400,  7.023998E-01,  1.375409E+00,  9.5312E-01
56500,  6.643240E-01,  1.384845E+00,  9.6875E-01
56600,  7.002185E-01,  1.381571E+00,  9.5312E-01
56700,  6.854739E-01,  1.379855E+00,  9.5312E-01
56800,  7.155337E-01,  1.381392E+00,  9.6875E-01
56900,  7.004378E-01,  1.385756E+00,  9.6875E-01
57000,  7.035412E-01,  1.378922E+00,  9.3750E-01
57100,  7.031996E-01,  1.379906E+00,  9.5312E-01
57200,  6.819482E-01,  1.378978E+00,  9.6875E-01
57300,  6.909457E-01,  1.378071E+00,  9.6875E-01
57400,  7.069657E-01,  1.371668E+00,  9.2188E-01
57500,  7.069451E-01,  1.386177E+00,  9.6875E-01
57600,  7.038239E-01,  1.375356E+00,  9.3750E-01
57700,  6.973552E-01,  1.378644E+00,  9.3750E-01
57800,  6.916693E-01,  1.383781E+00,  9.3750E-01
57900,  7.076163E-01,  1.379420E+00,  9.5312E-01
58000,  6.974649E-01,  1.385651E+00,  9.8438E-01
58100,  6.794064E-01,  1.375677E+00,  9.5312E-01
58200,  6.990446E-01,  1.386865E+00,  9.6875E-01
58300,  7.179534E-01,  1.381711E+00,  9.6875E-01
58400,  6.916043E-01,  1.386212E+00,  9.2188E-01
58500,  7.098174E-01,  1.370282E+00,  9.2188E-01
58600,  7.223457E-01,  1.369255E+00,  9.2188E-01
58700,  6.930885E-01,  1.382946E+00,  9.5312E-01
58800,  6.987219E-01,  1.381372E+00,  9.5312E-01
58900,  7.063632E-01,  1.377760E+00,  9.5312E-01
59000,  6.754532E-01,  1.386338E+00,  9.3750E-01
59100,  6.937890E-01,  1.379379E+00,  9.5312E-01
59200,  7.086732E-01,  1.387339E+00,  1.0000E+00
59300,  6.985698E-01,  1.377834E+00,  9.3750E-01
59400,  6.879706E-01,  1.385816E+00,  9.6875E-01
59500,  6.761092E-01,  1.382295E+00,  9.0625E-01
59600,  7.077628E-01,  1.381775E+00,  9.6875E-01
59700,  6.788926E-01,  1.383468E+00,  9.6875E-01
59800,  7.161267E-01,  1.373103E+00,  9.0625E-01
59900,  7.023619E-01,  1.373257E+00,  9.0625E-01
60000,  7.072880E-01,  1.382697E+00,  9.6875E-01
60100,  6.871268E-01,  1.372867E+00,  9.0625E-01
60200,  6.935722E-01,  1.382384E+00,  9.5312E-01
60300,  6.946626E-01,  1.378203E+00,  9.5312E-01
60400,  7.202241E-01,  1.388667E+00,  1.0000E+00
60500,  6.858400E-01,  1.376270E+00,  9.3750E-01
60600,  7.064400E-01,  1.386552E+00,  1.0000E+00
60700,  7.023299E-01,  1.377725E+00,  9.5312E-01
60800,  7.001047E-01,  1.382210E+00,  8.9062E-01
60900,  7.226205E-01,  1.375344E+00,  9.0625E-01
61000,  6.950669E-01,  1.381095E+00,  9.8438E-01
61100,  6.866567E-01,  1.377776E+00,  9.3750E-01
61200,  7.066038E-01,  1.377335E+00,  9.6875E-01
61300,  7.240289E-01,  1.372629E+00,  9.2188E-01
61400,  6.963287E-01,  1.384529E+00,  9.6875E-01
61500,  7.017295E-01,  1.386676E+00,  1.0000E+00
61600,  7.122524E-01,  1.386952E+00,  9.8438E-01
61700,  6.967129E-01,  1.377998E+00,  9.2188E-01
61800,  7.090251E-01,  1.376323E+00,  9.2188E-01
61900,  6.943537E-01,  1.377602E+00,  9.5312E-01
62000,  7.125365E-01,  1.381350E+00,  9.8438E-01
62100,  7.077075E-01,  1.377589E+00,  9.2188E-01
62200,  6.936352E-01,  1.390067E+00,  9.6875E-01
62300,  7.098547E-01,  1.381045E+00,  9.6875E-01
62400,  7.066002E-01,  1.380725E+00,  9.5312E-01
62500,  7.075413E-01,  1.379727E+00,  9.3750E-01
62600,  6.940467E-01,  1.380490E+00,  9.6875E-01
62700,  6.875198E-01,  1.371596E+00,  9.5312E-01
62800,  7.132969E-01,  1.373579E+00,  9.2188E-01
62900,  7.195771E-01,  1.375137E+00,  9.5312E-01
63000,  7.058755E-01,  1.381132E+00,  9.6875E-01
63100,  7.180660E-01,  1.379842E+00,  9.3750E-01
63200,  6.969259E-01,  1.380441E+00,  9.3750E-01
63300,  6.798758E-01,  1.387338E+00,  9.8438E-01
63400,  6.884547E-01,  1.386482E+00,  9.6875E-01
63500,  7.007058E-01,  1.387769E+00,  1.0000E+00
63600,  7.044078E-01,  1.376141E+00,  9.5312E-01
63700,  6.918394E-01,  1.387345E+00,  9.6875E-01
63800,  7.002859E-01,  1.380755E+00,  9.5312E-01
63900,  7.005973E-01,  1.382256E+00,  9.5312E-01
64000,  6.859612E-01,  1.384554E+00,  9.5312E-01
64100,  6.992162E-01,  1.373009E+00,  9.0625E-01
64200,  6.632178E-01,  1.386678E+00,  9.6875E-01
64300,  6.990716E-01,  1.378628E+00,  9.6875E-01
64400,  6.929481E-01,  1.383630E+00,  9.6875E-01
64500,  7.187632E-01,  1.388669E+00,  9.8438E-01
64600,  6.803503E-01,  1.391355E+00,  9.8438E-01
64700,  6.837670E-01,  1.375941E+00,  9.2188E-01
64800,  6.983728E-01,  1.386994E+00,  9.8438E-01
64900,  7.146890E-01,  1.379675E+00,  9.5312E-01
65000,  6.992350E-01,  1.384338E+00,  9.6875E-01
65100,  6.899649E-01,  1.383286E+00,  9.6875E-01
65200,  7.089344E-01,  1.358736E+00,  9.0625E-01
65300,  6.982358E-01,  1.376487E+00,  9.3750E-01
65400,  7.087501E-01,  1.385443E+00,  9.8438E-01
65500,  6.948225E-01,  1.386515E+00,  9.6875E-01
65600,  7.119633E-01,  1.383768E+00,  9.8438E-01
65700,  7.014170E-01,  1.384629E+00,  9.5312E-01
65800,  6.800920E-01,  1.387353E+00,  9.5312E-01
65900,  6.939771E-01,  1.376952E+00,  9.6875E-01
66000,  6.918793E-01,  1.388015E+00,  1.0000E+00
66100,  7.103354E-01,  1.372868E+00,  9.3750E-01
66200,  6.957593E-01,  1.382370E+00,  9.8438E-01
66300,  7.113695E-01,  1.386970E+00,  9.8438E-01
66400,  6.947745E-01,  1.390821E+00,  1.0000E+00
66500,  7.041609E-01,  1.385652E+00,  9.8438E-01
66600,  6.918738E-01,  1.384484E+00,  9.5312E-01
66700,  6.894653E-01,  1.379312E+00,  9.5312E-01
66800,  6.888169E-01,  1.382547E+00,  9.6875E-01
66900,  7.021459E-01,  1.383184E+00,  9.5312E-01
67000,  7.119613E-01,  1.387259E+00,  9.8438E-01
67100,  6.912747E-01,  1.386673E+00,  9.6875E-01
67200,  7.164884E-01,  1.379208E+00,  9.6875E-01
67300,  7.110932E-01,  1.377398E+00,  9.6875E-01
67400,  6.911060E-01,  1.380394E+00,  9.3750E-01
67500,  6.940444E-01,  1.386927E+00,  9.5312E-01
67600,  6.783763E-01,  1.380289E+00,  9.2188E-01
67700,  6.979755E-01,  1.382268E+00,  9.8438E-01
67800,  6.964642E-01,  1.383904E+00,  9.6875E-01
67900,  6.857512E-01,  1.367148E+00,  9.0625E-01
68000,  6.953147E-01,  1.384197E+00,  9.3750E-01
68100,  6.703936E-01,  1.377023E+00,  9.5312E-01
68200,  6.749890E-01,  1.375857E+00,  9.5312E-01
68300,  7.012947E-01,  1.384241E+00,  9.6875E-01
68400,  6.975295E-01,  1.385436E+00,  9.8438E-01
68500,  7.020776E-01,  1.378233E+00,  9.3750E-01
68600,  7.039168E-01,  1.375538E+00,  9.2188E-01
68700,  6.922337E-01,  1.381627E+00,  9.6875E-01
68800,  7.008874E-01,  1.387649E+00,  1.0000E+00
68900,  7.160794E-01,  1.382546E+00,  9.6875E-01
69000,  6.969343E-01,  1.379489E+00,  9.3750E-01
69100,  7.054823E-01,  1.385067E+00,  9.8438E-01
69200,  6.879058E-01,  1.376888E+00,  9.3750E-01
69300,  7.126607E-01,  1.379961E+00,  9.5312E-01
69400,  6.941170E-01,  1.385170E+00,  9.6875E-01
69500,  6.911672E-01,  1.377308E+00,  9.3750E-01
69600,  7.102432E-01,  1.357581E+00,  8.7500E-01
69700,  7.110847E-01,  1.378052E+00,  9.6875E-01
69800,  7.045941E-01,  1.390167E+00,  9.8438E-01
69900,  6.936321E-01,  1.383307E+00,  9.3750E-01
70000,  6.890393E-01,  1.379869E+00,  9.3750E-01
70100,  6.875406E-01,  1.383949E+00,  9.3750E-01
70200,  6.923231E-01,  1.382533E+00,  9.3750E-01
70300,  6.823111E-01,  1.385564E+00,  9.8438E-01
70400,  6.880122E-01,  1.385935E+00,  9.6875E-01
70500,  7.004350E-01,  1.378005E+00,  9.5312E-01
70600,  7.140759E-01,  1.379213E+00,  9.5312E-01
70700,  6.888222E-01,  1.384032E+00,  9.6875E-01
70800,  7.009786E-01,  1.379645E+00,  9.5312E-01
70900,  6.846262E-01,  1.376918E+00,  9.3750E-01
71000,  6.978158E-01,  1.379605E+00,  9.5312E-01
71100,  7.049965E-01,  1.384452E+00,  9.6875E-01
71200,  6.832431E-01,  1.378261E+00,  9.2188E-01
71300,  7.114432E-01,  1.370392E+00,  9.3750E-01
71400,  6.914063E-01,  1.385386E+00,  9.8438E-01
71500,  7.164609E-01,  1.379233E+00,  9.2188E-01
71600,  7.042740E-01,  1.383993E+00,  9.6875E-01
71700,  7.137289E-01,  1.372859E+00,  9.0625E-01
71800,  7.130578E-01,  1.374278E+00,  9.2188E-01
71900,  6.890610E-01,  1.380518E+00,  9.5312E-01
72000,  7.050196E-01,  1.373416E+00,  9.2188E-01
72100,  6.947259E-01,  1.382533E+00,  8.9062E-01
72200,  6.958895E-01,  1.385139E+00,  9.8438E-01
72300,  7.078844E-01,  1.376849E+00,  9.6875E-01
72400,  6.964516E-01,  1.379112E+00,  9.3750E-01
72500,  7.049249E-01,  1.386893E+00,  9.8438E-01
72600,  6.929443E-01,  1.371071E+00,  9.2188E-01
72700,  7.049602E-01,  1.370873E+00,  9.2188E-01
72800,  6.986365E-01,  1.374105E+00,  9.6875E-01
72900,  6.889896E-01,  1.385749E+00,  1.0000E+00
73000,  7.121481E-01,  1.375067E+00,  9.2188E-01
73100,  7.027458E-01,  1.383367E+00,  1.0000E+00
73200,  7.071915E-01,  1.384817E+00,  9.5312E-01
73300,  6.848699E-01,  1.381396E+00,  9.5312E-01
73400,  6.974359E-01,  1.385188E+00,  9.8438E-01
73500,  6.965055E-01,  1.379956E+00,  9.3750E-01
73600,  6.942648E-01,  1.380385E+00,  9.5312E-01
73700,  6.998621E-01,  1.385016E+00,  9.8438E-01
73800,  6.807816E-01,  1.376361E+00,  9.0625E-01
73900,  7.020633E-01,  1.373948E+00,  9.2188E-01
74000,  7.012972E-01,  1.383371E+00,  9.5312E-01
74100,  7.182699E-01,  1.364079E+00,  8.9062E-01
74200,  7.068777E-01,  1.380066E+00,  9.6875E-01
74300,  6.791607E-01,  1.385186E+00,  9.6875E-01
74400,  6.793253E-01,  1.375684E+00,  9.3750E-01
74500,  7.057961E-01,  1.384750E+00,  9.5312E-01
74600,  7.115753E-01,  1.389280E+00,  9.3750E-01
74700,  6.816596E-01,  1.387049E+00,  9.5312E-01
74800,  7.008743E-01,  1.377686E+00,  9.6875E-01
74900,  7.092883E-01,  1.385636E+00,  9.8438E-01
75000,  6.982359E-01,  1.378882E+00,  9.8438E-01
75100,  7.009988E-01,  1.376354E+00,  9.3750E-01
75200,  7.085056E-01,  1.374090E+00,  9.2188E-01
75300,  7.113156E-01,  1.373370E+00,  9.5312E-01
75400,  6.917610E-01,  1.377100E+00,  9.3750E-01
75500,  7.075871E-01,  1.374644E+00,  9.3750E-01
75600,  7.020981E-01,  1.376631E+00,  9.5312E-01
75700,  7.119460E-01,  1.380045E+00,  9.5312E-01
75800,  7.143477E-01,  1.377795E+00,  9.3750E-01
75900,  6.906871E-01,  1.387983E+00,  9.6875E-01
76000,  7.107229E-01,  1.379930E+00,  9.3750E-01
76100,  6.998529E-01,  1.383390E+00,  9.5312E-01
76200,  7.052319E-01,  1.384816E+00,  9.5312E-01
76300,  7.066094E-01,  1.383462E+00,  9.8438E-01
76400,  6.842845E-01,  1.382164E+00,  9.6875E-01
76500,  6.977503E-01,  1.377835E+00,  9.2188E-01
76600,  6.926279E-01,  1.383017E+00,  9.5312E-01
76700,  7.048780E-01,  1.384988E+00,  9.8438E-01
76800,  6.938623E-01,  1.374939E+00,  9.3750E-01
76900,  6.999677E-01,  1.365647E+00,  9.0625E-01
77000,  7.220145E-01,  1.365635E+00,  8.9062E-01
77100,  7.057350E-01,  1.387842E+00,  1.0000E+00
77200,  7.164301E-01,  1.373528E+00,  9.2188E-01
77300,  6.874710E-01,  1.372529E+00,  9.2188E-01
77400,  6.856251E-01,  1.383822E+00,  9.8438E-01
77500,  6.989014E-01,  1.376288E+00,  9.3750E-01
77600,  7.054309E-01,  1.387150E+00,  9.6875E-01
77700,  6.825026E-01,  1.377609E+00,  9.2188E-01
77800,  7.069699E-01,  1.377005E+00,  9.0625E-01
77900,  7.014213E-01,  1.383819E+00,  9.6875E-01
78000,  7.021406E-01,  1.387002E+00,  9.6875E-01
78100,  6.979866E-01,  1.382849E+00,  9.8438E-01
78200,  7.008806E-01,  1.371822E+00,  9.0625E-01
78300,  6.829551E-01,  1.381577E+00,  9.8438E-01
78400,  7.067126E-01,  1.381599E+00,  9.3750E-01
78500,  7.059534E-01,  1.383168E+00,  9.8438E-01
78600,  6.977581E-01,  1.381548E+00,  9.6875E-01
78700,  6.993806E-01,  1.378943E+00,  9.5312E-01
78800,  7.036807E-01,  1.376263E+00,  9.6875E-01
78900,  6.902466E-01,  1.389192E+00,  9.5312E-01
79000,  7.080179E-01,  1.373307E+00,  9.5312E-01
79100,  6.953679E-01,  1.384485E+00,  9.6875E-01
79200,  7.062449E-01,  1.389614E+00,  9.8438E-01
79300,  6.872904E-01,  1.376818E+00,  9.3750E-01
79400,  7.094960E-01,  1.377426E+00,  9.6875E-01
79500,  6.991420E-01,  1.376957E+00,  9.3750E-01
79600,  7.098527E-01,  1.378749E+00,  9.5312E-01
79700,  7.079378E-01,  1.374030E+00,  9.5312E-01
79800,  7.059648E-01,  1.379338E+00,  9.3750E-01
79900,  6.792796E-01,  1.383068E+00,  9.6875E-01
80000,  6.991920E-01,  1.375534E+00,  9.5312E-01
80100,  7.045228E-01,  1.381428E+00,  9.3750E-01
80200,  7.034736E-01,  1.400716E+00,  9.8438E-01
80300,  6.859671E-01,  1.387304E+00,  9.6875E-01
80400,  6.917399E-01,  1.375715E+00,  9.3750E-01
80500,  6.756991E-01,  1.382081E+00,  9.5312E-01
80600,  7.023056E-01,  1.376200E+00,  9.5312E-01
80700,  7.139978E-01,  1.385458E+00,  9.8438E-01
80800,  6.842346E-01,  1.384902E+00,  1.0000E+00
80900,  6.916529E-01,  1.374321E+00,  9.0625E-01
81000,  6.915369E-01,  1.387121E+00,  1.0000E+00
81100,  7.110875E-01,  1.375115E+00,  9.3750E-01
81200,  6.887857E-01,  1.382631E+00,  9.5312E-01
81300,  7.031870E-01,  1.378578E+00,  9.5312E-01
81400,  6.884421E-01,  1.382849E+00,  9.6875E-01
81500,  6.992186E-01,  1.381920E+00,  9.2188E-01
81600,  6.828380E-01,  1.384315E+00,  9.6875E-01
81700,  7.034422E-01,  1.384689E+00,  1.0000E+00
81800,  6.795380E-01,  1.382081E+00,  9.2188E-01
81900,  6.816772E-01,  1.381269E+00,  9.3750E-01
82000,  7.205225E-01,  1.381701E+00,  9.8438E-01
82100,  7.102847E-01,  1.373276E+00,  8.9062E-01
82200,  7.120720E-01,  1.384853E+00,  9.8438E-01
82300,  6.994910E-01,  1.385849E+00,  9.8438E-01
82400,  6.892117E-01,  1.385989E+00,  9.8438E-01
82500,  7.007906E-01,  1.384829E+00,  9.5312E-01
82600,  7.066151E-01,  1.379489E+00,  9.5312E-01
82700,  6.919980E-01,  1.386383E+00,  9.6875E-01
82800,  7.036047E-01,  1.373803E+00,  9.3750E-01
82900,  6.939710E-01,  1.379588E+00,  9.6875E-01
83000,  6.916488E-01,  1.374949E+00,  9.3750E-01
83100,  6.952690E-01,  1.381805E+00,  1.0000E+00
83200,  7.126882E-01,  1.377883E+00,  9.3750E-01
83300,  6.887662E-01,  1.381662E+00,  9.6875E-01
83400,  7.106836E-01,  1.379717E+00,  9.6875E-01
83500,  6.862867E-01,  1.373637E+00,  9.5312E-01
83600,  6.914392E-01,  1.383042E+00,  9.5312E-01
83700,  7.018254E-01,  1.385205E+00,  9.5312E-01
83800,  6.759821E-01,  1.387831E+00,  9.8438E-01
83900,  7.070177E-01,  1.384920E+00,  9.6875E-01
84000,  7.001393E-01,  1.383429E+00,  9.6875E-01
84100,  6.933125E-01,  1.385808E+00,  9.8438E-01
84200,  6.907832E-01,  1.384172E+00,  9.5312E-01
84300,  7.097219E-01,  1.383310E+00,  9.5312E-01
84400,  7.203179E-01,  1.374981E+00,  9.6875E-01
84500,  7.069117E-01,  1.380563E+00,  9.5312E-01
84600,  7.084199E-01,  1.368737E+00,  9.2188E-01
84700,  6.927006E-01,  1.385683E+00,  9.6875E-01
84800,  7.014516E-01,  1.385718E+00,  9.8438E-01
84900,  6.820570E-01,  1.386474E+00,  9.8438E-01
85000,  6.902432E-01,  1.382847E+00,  9.6875E-01
85100,  7.140705E-01,  1.387529E+00,  9.3750E-01
85200,  7.137674E-01,  1.384801E+00,  9.5312E-01
85300,  7.119204E-01,  1.380657E+00,  9.6875E-01
85400,  6.809226E-01,  1.388578E+00,  1.0000E+00
85500,  7.003349E-01,  1.386413E+00,  9.6875E-01
85600,  6.957904E-01,  1.366575E+00,  9.0625E-01
85700,  6.951051E-01,  1.380980E+00,  9.2188E-01
85800,  7.043768E-01,  1.382440E+00,  9.6875E-01
85900,  7.074371E-01,  1.382901E+00,  9.8438E-01
86000,  7.019163E-01,  1.381183E+00,  9.5312E-01
86100,  6.955471E-01,  1.373592E+00,  9.5312E-01
86200,  6.931183E-01,  1.381297E+00,  9.5312E-01
86300,  6.810035E-01,  1.383348E+00,  9.3750E-01
86400,  6.983880E-01,  1.384350E+00,  9.2188E-01
86500,  7.083700E-01,  1.372620E+00,  9.0625E-01
86600,  6.989006E-01,  1.382884E+00,  9.5312E-01
86700,  6.752816E-01,  1.386258E+00,  1.0000E+00
86800,  7.036197E-01,  1.383439E+00,  9.8438E-01
86900,  7.064165E-01,  1.383371E+00,  9.6875E-01
87000,  7.020392E-01,  1.385628E+00,  9.3750E-01
87100,  6.822403E-01,  1.375855E+00,  9.2188E-01
87200,  7.139302E-01,  1.376566E+00,  9.5312E-01
87300,  6.895787E-01,  1.375292E+00,  9.3750E-01
87400,  7.195512E-01,  1.371462E+00,  9.2188E-01
87500,  6.893907E-01,  1.379095E+00,  9.0625E-01
87600,  7.183177E-01,  1.386708E+00,  9.8438E-01
87700,  7.194174E-01,  1.384441E+00,  9.6875E-01
87800,  7.015043E-01,  1.380022E+00,  9.5312E-01
87900,  6.889058E-01,  1.380444E+00,  9.3750E-01
88000,  6.959405E-01,  1.381141E+00,  9.2188E-01
88100,  7.124244E-01,  1.368727E+00,  9.2188E-01
88200,  7.132698E-01,  1.383248E+00,  9.8438E-01
88300,  7.119297E-01,  1.384726E+00,  9.5312E-01
88400,  7.060978E-01,  1.376326E+00,  9.3750E-01
88500,  7.070057E-01,  1.374944E+00,  9.2188E-01
88600,  6.918025E-01,  1.383654E+00,  9.8438E-01
88700,  7.024466E-01,  1.381351E+00,  9.5312E-01
88800,  6.932445E-01,  1.381374E+00,  9.5312E-01
88900,  7.101104E-01,  1.378914E+00,  9.3750E-01
89000,  6.952225E-01,  1.386542E+00,  9.8438E-01
89100,  7.040764E-01,  1.383695E+00,  9.5312E-01
89200,  6.807524E-01,  1.384765E+00,  9.5312E-01
89300,  7.126287E-01,  1.381747E+00,  9.5312E-01
89400,  6.988890E-01,  1.382003E+00,  9.6875E-01
89500,  7.005128E-01,  1.390322E+00,  9.5312E-01
89600,  7.133583E-01,  1.372385E+00,  9.2188E-01
89700,  6.765650E-01,  1.385078E+00,  9.3750E-01
89800,  6.972591E-01,  1.369310E+00,  9.2188E-01
89900,  6.884876E-01,  1.387237E+00,  9.6875E-01
90000,  6.905398E-01,  1.380868E+00,  9.6875E-01
90100,  6.915872E-01,  1.379395E+00,  9.3750E-01
90200,  6.975735E-01,  1.384830E+00,  9.6875E-01
90300,  7.054478E-01,  1.379648E+00,  9.5312E-01
90400,  6.988156E-01,  1.378255E+00,  9.5312E-01
90500,  7.119095E-01,  1.384647E+00,  9.6875E-01
90600,  7.144337E-01,  1.378211E+00,  9.3750E-01
90700,  6.877261E-01,  1.376744E+00,  9.2188E-01
90800,  7.221327E-01,  1.379011E+00,  9.6875E-01
90900,  7.128130E-01,  1.382729E+00,  9.6875E-01
91000,  6.998043E-01,  1.378357E+00,  9.8438E-01
91100,  6.989477E-01,  1.380804E+00,  9.5312E-01
91200,  7.080777E-01,  1.371678E+00,  8.9062E-01
91300,  6.993203E-01,  1.379975E+00,  9.3750E-01
91400,  7.028325E-01,  1.377749E+00,  9.2188E-01
91500,  6.876041E-01,  1.381241E+00,  9.6875E-01
91600,  7.032434E-01,  1.383413E+00,  9.6875E-01
91700,  7.042443E-01,  1.386455E+00,  9.6875E-01
91800,  6.996340E-01,  1.384326E+00,  9.8438E-01
91900,  7.023537E-01,  1.384302E+00,  9.8438E-01
92000,  7.092689E-01,  1.389601E+00,  9.6875E-01
92100,  7.056226E-01,  1.382930E+00,  9.5312E-01
92200,  6.998183E-01,  1.388639E+00,  9.5312E-01
92300,  6.839819E-01,  1.388057E+00,  9.6875E-01
92400,  7.077828E-01,  1.383624E+00,  9.6875E-01
92500,  6.969926E-01,  1.383765E+00,  9.6875E-01
92600,  7.036427E-01,  1.383140E+00,  9.6875E-01
92700,  7.063947E-01,  1.386796E+00,  1.0000E+00
92800,  6.857601E-01,  1.386508E+00,  9.6875E-01
92900,  6.816754E-01,  1.386071E+00,  9.8438E-01
93000,  7.047112E-01,  1.383943E+00,  9.5312E-01
93100,  7.131298E-01,  1.385806E+00,  1.0000E+00
93200,  6.857136E-01,  1.385019E+00,  9.6875E-01
93300,  7.099614E-01,  1.380617E+00,  9.5312E-01
93400,  7.123655E-01,  1.382697E+00,  9.6875E-01
93500,  7.115535E-01,  1.380142E+00,  9.5312E-01
93600,  6.972916E-01,  1.382643E+00,  9.5312E-01
93700,  6.879464E-01,  1.382532E+00,  9.3750E-01
93800,  6.972972E-01,  1.386459E+00,  9.8438E-01
93900,  6.953695E-01,  1.381486E+00,  9.6875E-01
94000,  7.133101E-01,  1.379232E+00,  9.5312E-01
94100,  6.857134E-01,  1.381916E+00,  9.6875E-01
94200,  6.933242E-01,  1.387587E+00,  1.0000E+00
94300,  6.982364E-01,  1.377692E+00,  9.5312E-01
94400,  6.978287E-01,  1.384480E+00,  9.6875E-01
94500,  6.965975E-01,  1.375717E+00,  9.2188E-01
94600,  6.974528E-01,  1.384117E+00,  9.8438E-01
94700,  6.743851E-01,  1.380832E+00,  9.2188E-01
94800,  6.886028E-01,  1.387282E+00,  1.0000E+00
94900,  7.021870E-01,  1.384046E+00,  9.5312E-01
95000,  7.146032E-01,  1.381628E+00,  9.5312E-01
95100,  7.058681E-01,  1.371269E+00,  9.0625E-01
95200,  6.966057E-01,  1.379140E+00,  9.5312E-01
95300,  6.892347E-01,  1.379071E+00,  9.5312E-01
95400,  6.938831E-01,  1.368120E+00,  9.3750E-01
95500,  6.890233E-01,  1.384684E+00,  9.6875E-01
95600,  6.863120E-01,  1.378581E+00,  9.0625E-01
95700,  7.038299E-01,  1.383095E+00,  9.6875E-01
95800,  6.969587E-01,  1.379423E+00,  9.3750E-01
95900,  7.155311E-01,  1.378371E+00,  9.0625E-01
96000,  6.923520E-01,  1.388539E+00,  1.0000E+00
96100,  7.059251E-01,  1.382078E+00,  9.3750E-01
96200,  6.947749E-01,  1.387004E+00,  9.8438E-01
96300,  7.077283E-01,  1.398198E+00,  9.6875E-01
96400,  6.877506E-01,  1.376844E+00,  9.2188E-01
96500,  6.950266E-01,  1.383202E+00,  9.5312E-01
96600,  6.914415E-01,  1.377736E+00,  9.5312E-01
96700,  6.829796E-01,  1.386445E+00,  1.0000E+00
96800,  7.098861E-01,  1.381079E+00,  9.6875E-01
96900,  6.973925E-01,  1.385823E+00,  9.8438E-01
97000,  6.988497E-01,  1.379464E+00,  9.6875E-01
97100,  7.035265E-01,  1.381546E+00,  9.6875E-01
97200,  6.957826E-01,  1.386634E+00,  1.0000E+00
97300,  7.098992E-01,  1.379958E+00,  9.8438E-01
97400,  6.752024E-01,  1.380326E+00,  9.6875E-01
97500,  7.069026E-01,  1.382737E+00,  9.5312E-01
97600,  7.010044E-01,  1.381995E+00,  8.9062E-01
97700,  6.916656E-01,  1.382933E+00,  9.5312E-01
97800,  6.965410E-01,  1.389164E+00,  9.8438E-01
97900,  7.062493E-01,  1.389085E+00,  9.8438E-01
98000,  6.902684E-01,  1.386505E+00,  9.8438E-01
98100,  7.037508E-01,  1.369815E+00,  8.9062E-01
98200,  6.958808E-01,  1.383167E+00,  9.6875E-01
98300,  7.012048E-01,  1.375748E+00,  9.3750E-01
98400,  6.941570E-01,  1.387735E+00,  9.6875E-01
98500,  6.929155E-01,  1.381706E+00,  9.6875E-01
98600,  6.715061E-01,  1.384947E+00,  9.0625E-01
98700,  6.972516E-01,  1.378448E+00,  9.6875E-01
98800,  6.996166E-01,  1.382556E+00,  9.5312E-01
98900,  6.942953E-01,  1.377821E+00,  9.2188E-01
99000,  6.962181E-01,  1.387568E+00,  9.5312E-01
99100,  6.994905E-01,  1.379404E+00,  9.5312E-01
99200,  7.093645E-01,  1.382284E+00,  9.5312E-01
99300,  6.761670E-01,  1.387021E+00,  1.0000E+00
99400,  7.032451E-01,  1.386597E+00,  9.3750E-01
99500,  7.101756E-01,  1.380740E+00,  9.2188E-01
99600,  7.090880E-01,  1.375945E+00,  9.3750E-01
99700,  7.005944E-01,  1.383232E+00,  1.0000E+00
99800,  7.138382E-01,  1.375859E+00,  9.2188E-01
99900,  7.096204E-01,  1.381022E+00,  9.3750E-01
100000,  7.242310E-01,  1.379026E+00,  9.0625E-01
