# step, gen_loss, dis_loss, train_acc
100, -3.589185E-01, -7.869214E-03,  3.9062E-01
200, -1.014180E+00,  3.023243E-02,  5.4688E-01
300, -1.388405E+00,  4.511073E-02,  5.9375E-01
400, -1.881545E+00,  2.444189E-01,  5.6250E-01
500, -2.470213E+00,  3.096540E-01,  7.6562E-01
600, -1.016681E+00,  3.894458E-01,  4.5312E-01
700, -3.560359E-01,  2.035295E-01,  6.2500E-01
800, -9.969690E-02,  2.102951E-01,  6.4062E-01
900, -2.609695E-02,  3.249066E-01,  7.0312E-01
1000, -1.297258E-01,  2.012413E-01,  7.9688E-01
1100, -2.066669E-01,  1.588179E-01,  7.1875E-01
1200, -3.011290E-01,  1.299432E-01,  7.0312E-01
1300, -5.442923E-01,  1.450517E-01,  7.1875E-01
1400, -3.481601E-01,  2.464537E-01,  7.6562E-01
1500, -4.314010E-01,  1.202268E-01,  8.1250E-01
1600, -3.589371E-01,  5.883327E-02,  7.5000E-01
1700, -4.919685E-01,  5.333906E-02,  8.2812E-01
1800, -7.236658E-01,  1.160398E-01,  8.5938E-01
1900, -7.501577E-01,  9.675679E-02,  7.3438E-01
2000, -9.104659E-01,  9.383593E-02,  7.3438E-01
2100, -9.598342E-01,  1.977210E-01,  8.7500E-01
2200, -8.844523E-01,  4.817674E-02,  8.2812E-01
2300, -1.010445E+00,  1.332038E-01,  7.3438E-01
2400, -1.047894E+00,  8.328551E-02,  7.5000E-01
2500, -1.036484E+00,  1.597592E-01,  7.1875E-01
2600, -1.000359E+00,  1.834618E-01,  8.5938E-01
2700, -9.479918E-01, -5.720638E-03,  8.1250E-01
2800, -9.617063E-01,  6.551667E-02,  8.2812E-01
2900, -9.649611E-01,  8.169842E-02,  8.1250E-01
3000, -9.013153E-01,  8.422709E-02,  7.1875E-01
3100, -1.017168E+00,  1.910090E-01,  7.5000E-01
3200, -1.118451E+00,  2.437748E-03,  8.9062E-01
3300, -1.004460E+00,  6.683478E-02,  8.4375E-01
3400, -8.887650E-01,  7.302299E-02,  8.7500E-01
3500, -8.740903E-01,  7.848126E-02,  7.9688E-01
3600, -9.260774E-01,  8.203113E-02,  8.1250E-01
3700, -9.433775E-01,  1.775520E-01,  7.8125E-01
3800, -1.026013E+00,  1.076398E-01,  8.9062E-01
3900, -1.046487E+00,  1.006315E-01,  7.1875E-01
4000, -9.774318E-01,  2.144187E-01,  8.2812E-01
4100, -8.992598E-01,  1.578227E-01,  7.6562E-01
4200, -8.012403E-01,  2.508543E-01,  8.1250E-01
4300, -7.931522E-01,  2.626328E-02,  8.4375E-01
4400, -7.101510E-01,  1.051547E-01,  8.1250E-01
4500, -6.631857E-01,  1.928568E-01,  7.9688E-01
4600, -5.144519E-01,  2.331215E-01,  8.5938E-01
4700, -5.917432E-01,  2.419937E-01,  8.7500E-01
4800, -6.583830E-01,  1.478468E-01,  8.4375E-01
4900, -6.543845E-01,  6.561169E-02,  8.5938E-01
5000, -6.295716E-01,  1.119921E-01,  8.9062E-01
5100, -5.983237E-01,  2.146952E-01,  7.8125E-01
5200, -5.434875E-01,  8.057478E-02,  7.5000E-01
5300, -4.519625E-01,  5.264336E-02,  8.1250E-01
5400, -5.233051E-01,  1.279921E-01,  7.5000E-01
5500, -5.350506E-01,  8.657338E-02,  8.5938E-01
5600, -6.078640E-01,  6.023985E-02,  8.2812E-01
5700, -6.743370E-01,  6.265987E-02,  8.2812E-01
5800, -6.694000E-01,  3.688954E-01,  8.7500E-01
5900, -6.105157E-01,  1.122172E-01,  7.9688E-01
6000, -8.990938E-01,  1.694542E-01,  8.7500E-01
6100, -8.063890E-01,  1.370198E-01,  8.2812E-01
6200, -7.954328E-01,  6.716651E-02,  8.5938E-01
6300, -7.760459E-01,  2.008998E-01,  7.9688E-01
6400, -8.201207E-01,  1.589092E-01,  8.4375E-01
6500, -9.492196E-01,  9.139349E-02,  8.4375E-01
6600, -8.701349E-01,  1.459704E-01,  8.5938E-01
6700, -7.480561E-01,  1.137570E-01,  8.5938E-01
6800, -7.537136E-01,  7.876989E-02,  7.9688E-01
6900, -7.035815E-01,  1.192316E-01,  7.8125E-01
7000, -8.257829E-01,  3.140221E-01,  7.9688E-01
7100, -7.419698E-01,  1.421332E-01,  7.5000E-01
7200, -8.970008E-01,  1.434695E-01,  8.2812E-01
7300, -8.337134E-01,  1.070794E-01,  8.4375E-01
7400, -9.054775E-01,  1.476388E-01,  7.9688E-01
7500, -8.087143E-01,  1.194595E-01,  8.1250E-01
7600, -8.420504E-01,  9.619498E-02,  8.5938E-01
7700, -9.457207E-01,  3.421235E-01,  9.2188E-01
7800, -8.658606E-01,  2.485265E-01,  7.9688E-01
7900, -9.261934E-01,  6.181348E-02,  8.9062E-01
8000, -9.370469E-01,  9.428398E-02,  9.0625E-01
8100, -9.238089E-01,  6.422439E-02,  8.7500E-01
8200, -8.811030E-01,  1.568595E-01,  8.7500E-01
8300, -9.302150E-01,  1.967417E-01,  8.2812E-01
8400, -1.004890E+00,  1.561459E-01,  7.6562E-01
8500, -1.047827E+00,  1.237794E-01,  8.9062E-01
8600, -1.107926E+00,  1.214196E-01,  8.5938E-01
8700, -1.196752E+00,  9.096813E-02,  8.9062E-01
8800, -1.127879E+00,  2.237240E-01,  8.5938E-01
8900, -1.202261E+00,  1.435235E-01,  7.0312E-01
9000, -1.194347E+00,  2.360209E-01,  9.0625E-01
9100, -1.160863E+00,  8.630133E-02,  8.4375E-01
9200, -1.143647E+00,  1.818673E-01,  8.5938E-01
9300, -1.077105E+00,  1.062436E-01,  7.9688E-01
9400, -1.020718E+00,  1.918767E-01,  7.6562E-01
9500, -1.086660E+00,  2.433992E-01,  8.7500E-01
9600, -1.206931E+00,  1.959500E-01,  7.9688E-01
9700, -1.251235E+00,  1.181413E-01,  7.9688E-01
9800, -1.218282E+00,  9.588534E-02,  8.1250E-01
9900, -1.220365E+00,  1.238786E-01,  8.9062E-01
10000, -1.247931E+00,  2.746159E-01,  8.4375E-01
10100, -1.046551E+00,  1.408884E-01,  7.5000E-01
10200, -9.880319E-01,  1.076029E-01,  7.6562E-01
10300, -1.016797E+00,  5.348712E-02,  8.2812E-01
10400, -1.125104E+00,  1.966646E-01,  8.9062E-01
10500, -1.008994E+00,  1.843901E-01,  8.4375E-01
10600, -9.249362E-01,  1.160730E-01,  8.2812E-01
10700, -8.605535E-01,  1.997577E-01,  9.0625E-01
10800, -7.283574E-01,  1.753061E-01,  8.1250E-01
10900, -8.279207E-01,  1.373449E-01,  8.9062E-01
11000, -8.205965E-01,  1.001035E-01,  8.5938E-01
11100, -6.981745E-01,  6.459481E-02,  7.8125E-01
11200, -5.587019E-01,  3.297486E-01,  7.8125E-01
11300, -5.736510E-01,  1.652045E-01,  7.6562E-01
11400, -6.067674E-01,  7.473558E-02,  8.7500E-01
11500, -5.583532E-01,  2.487944E-01,  8.4375E-01
11600, -6.085400E-01,  1.238137E-01,  9.2188E-01
11700, -5.505909E-01,  9.012794E-02,  8.5938E-01
11800, -5.218945E-01,  9.697112E-02,  8.1250E-01
11900, -4.305663E-01,  2.130475E-01,  8.4375E-01
12000, -4.256795E-01,  1.136805E-01,  8.5938E-01
12100, -5.772804E-01,  1.231331E-01,  8.4375E-01
12200, -5.688942E-01,  8.285638E-02,  9.3750E-01
12300, -5.649505E-01,  1.919660E-01,  8.1250E-01
12400, -6.321311E-01,  1.252823E-01,  8.2812E-01
12500, -7.056384E-01,  2.432908E-01,  8.2812E-01
12600, -6.247900E-01,  2.431603E-01,  8.4375E-01
12700, -5.387024E-01,  7.288779E-02,  8.4375E-01
12800, -5.366841E-01,  5.489324E-02,  8.4375E-01
12900, -4.707111E-01,  1.445337E-01,  8.5938E-01
13000, -4.712396E-01,  2.023362E-01,  7.8125E-01
13100, -4.843314E-01,  2.526748E-01,  8.9062E-01
13200, -4.890465E-01,  7.667631E-02,  8.5938E-01
13300, -5.410687E-01,  2.447771E-01,  8.2812E-01
13400, -5.817730E-01,  1.315882E-01,  7.8125E-01
13500, -5.794266E-01,  9.819515E-02,  8.5938E-01
13600, -4.502941E-01,  1.271559E-01,  7.8125E-01
13700, -3.936766E-01,  8.234349E-02,  9.2188E-01
13800, -4.913397E-01,  4.558119E-01,  8.2812E-01
13900, -5.555719E-01,  1.464952E-01,  7.9688E-01
14000, -5.282640E-01,  1.903320E-01,  8.1250E-01
14100, -5.257632E-01,  6.252465E-02,  7.9688E-01
14200, -4.356067E-01,  3.169968E-01,  7.9688E-01
14300, -3.681143E-01,  1.344112E-01,  7.9688E-01
14400, -3.874013E-01,  1.195294E-01,  6.0938E-01
14500, -4.654634E-01,  1.022020E-01,  7.3438E-01
14600, -4.936788E-01,  8.117272E-02,  7.9688E-01
14700, -5.229297E-01,  9.583299E-02,  7.9688E-01
14800, -3.980233E-01,  1.670126E-01,  7.9688E-01
14900, -4.631446E-01,  1.597485E-01,  8.2812E-01
15000, -3.699961E-01,  1.224066E-01,  7.9688E-01
15100, -4.557400E-01,  1.179580E-01,  7.5000E-01
15200, -4.505603E-01,  1.423983E-01,  7.6562E-01
15300, -4.202037E-01,  7.797788E-02,  7.8125E-01
15400, -4.434667E-01,  1.142607E-01,  8.1250E-01
15500, -3.624510E-01,  3.559155E-01,  8.9062E-01
15600, -6.811073E-01,  4.161484E-01,  8.1250E-01
15700, -7.318956E-01,  2.114781E-01,  7.1875E-01
15800, -9.086525E-01,  4.075621E-01,  8.1250E-01
15900, -7.912688E-01,  3.236623E-01,  8.9062E-01
16000, -8.653402E-01,  4.600978E-01,  7.8125E-01
16100, -5.644639E-01,  4.195470E-01,  8.9062E-01
16200, -5.937104E-01,  2.569403E-01,  8.2812E-01
16300, -5.963136E-01,  2.658423E-01,  9.3750E-01
16400, -6.658479E-01,  2.805786E-01,  8.7500E-01
16500, -6.661351E-01,  3.557450E-01,  8.4375E-01
16600, -2.691926E-01,  4.832267E-01,  8.2812E-01
16700, -3.516681E-01,  2.544641E-01,  7.5000E-01
16800, -2.768769E-01,  3.524844E-01,  8.7500E-01
16900,  3.775517E-03,  4.149165E-01,  8.2812E-01
17000,  2.569456E-01,  2.122169E-01,  7.9688E-01
17100,  4.716333E-01,  3.342851E-01,  7.9688E-01
17200,  6.661500E-01,  3.313652E-01,  7.8125E-01
17300,  8.815981E-01,  4.136473E-01,  8.7500E-01
17400,  7.284428E-01,  2.992893E-01,  8.7500E-01
17500,  9.736335E-01,  3.879486E-01,  8.7500E-01
17600,  8.375542E-01,  1.961494E-01,  7.8125E-01
17700,  9.178863E-01,  1.866348E-01,  7.6562E-01
17800,  1.104323E+00,  3.384611E-01,  8.2812E-01
17900,  1.154902E+00,  5.928181E-01,  8.9062E-01
18000,  1.166943E+00,  1.942105E-01,  7.9688E-01
18100,  1.177624E+00,  1.632960E-01,  8.4375E-01
18200,  1.013060E+00,  2.154016E-01,  7.1875E-01
18300,  8.490039E-01,  2.733506E-01,  8.2812E-01
18400,  6.400952E-01,  3.731577E-01,  8.7500E-01
18500,  6.555102E-01,  1.594595E-01,  8.1250E-01
18600,  6.673089E-01,  1.650823E-01,  7.9688E-01
18700,  5.441123E-01,  9.537118E-02,  7.3438E-01
18800,  3.682571E-01,  1.089503E-01,  8.1250E-01
18900,  4.852228E-01,  1.990803E-01,  8.5938E-01
19000,  5.020061E-01,  2.010741E-01,  7.8125E-01
19100,  6.252708E-01,  1.151404E-01,  7.0312E-01
19200,  3.873556E-01,  2.662332E-01,  8.9062E-01
19300,  3.347294E-01,  1.998860E-01,  7.9688E-01
19400,  2.961348E-01,  1.081328E-01,  8.4375E-01
19500,  3.349796E-01,  7.175262E-02,  8.5938E-01
19600,  4.207694E-01,  1.172827E-01,  8.4375E-01
19700,  3.597786E-01,  1.792311E-01,  8.1250E-01
19800,  2.740551E-01,  1.286589E-01,  8.5938E-01
19900,  3.096552E-01,  1.400868E-01,  8.4375E-01
20000,  2.435216E-01,  6.937090E-02,  8.1250E-01
20100,  2.469184E-01,  9.324980E-02,  7.1875E-01
20200,  2.891276E-01,  9.652704E-02,  8.4375E-01
20300,  2.798834E-01,  1.020103E-01,  7.6562E-01
20400,  1.801320E-01,  1.028532E-01,  8.5938E-01
20500,  1.711582E-01,  9.357823E-02,  8.7500E-01
20600,  5.819356E-02,  1.129259E-01,  8.7500E-01
20700,  7.105671E-03,  8.629870E-02,  8.5938E-01
20800, -1.555436E-01,  9.622620E-02,  8.4375E-01
20900, -1.232359E-01,  1.321512E-01,  7.8125E-01
21000, -1.942078E-02,  1.073142E-01,  7.9688E-01
21100, -9.861398E-02,  9.156162E-02,  8.7500E-01
21200, -6.521262E-03,  3.016286E-01,  8.4375E-01
21300, -1.404760E-01,  1.715790E-01,  7.6562E-01
21400, -1.660462E-01,  9.487492E-02,  7.9688E-01
21500, -2.317952E-01,  1.166378E-01,  7.6562E-01
21600, -2.139156E-01,  2.981930E-01,  8.9062E-01
21700, -3.328852E-01,  7.719741E-02,  8.4375E-01
21800, -3.751323E-01,  8.949044E-02,  8.1250E-01
21900, -4.394317E-01,  9.536913E-02,  8.1250E-01
22000, -4.665641E-01,  9.348351E-02,  8.9062E-01
22100, -5.405099E-01,  1.357482E-01,  8.7500E-01
22200, -4.582604E-01,  1.173191E-01,  9.2188E-01
22300, -4.683670E-01,  1.768418E-01,  9.2188E-01
22400, -3.474597E-01,  1.319510E-01,  8.1250E-01
22500, -1.906983E-01,  1.026521E-01,  8.7500E-01
22600,  2.998145E-01,  6.023301E-01,  7.9688E-01
22700,  4.948278E-01,  3.649984E-01,  6.7188E-01
22800,  7.105594E-01,  3.650543E-01,  5.0000E-01
22900,  9.368646E-01,  2.695769E-01,  5.9375E-01
23000,  1.094581E+00,  2.273169E-01,  6.8750E-01
23100,  1.235409E+00,  1.204185E-01,  5.7812E-01
23200,  1.399385E+00,  6.480312E-01,  6.7188E-01
23300,  1.616116E+00,  4.653310E-01,  6.0938E-01
23400,  1.553362E+00,  2.785884E-01,  4.5312E-01
23500,  1.470641E+00,  3.617605E-01,  3.4375E-01
23600,  1.558637E+00,  1.986512E-01,  3.9062E-01
23700,  1.398027E+00,  4.465575E-01,  3.7500E-01
23800,  1.498966E+00,  3.331895E-01,  4.6875E-01
23900,  1.409962E+00,  3.417401E-01,  4.2188E-01
24000,  1.254840E+00,  3.063453E-01,  4.0625E-01
24100,  1.158101E+00,  1.106892E-01,  3.5938E-01
24200,  1.162873E+00,  1.613059E-01,  3.9062E-01
24300,  1.267023E+00,  3.808104E-01,  5.3125E-01
24400,  1.264868E+00,  1.732019E-01,  4.3750E-01
24500,  1.368409E+00,  2.450351E-01,  4.6875E-01
24600,  1.414986E+00,  1.495798E-01,  4.8438E-01
24700,  1.383144E+00,  1.373855E-01,  5.0000E-01
24800,  1.489230E+00,  9.828527E-02,  5.3125E-01
24900,  1.460213E+00,  2.132899E-01,  4.5312E-01
25000,  1.448120E+00,  1.219724E-01,  6.2500E-01
25100,  1.254321E+00,  2.039347E-01,  6.2500E-01
25200,  1.221885E+00,  1.763725E-01,  5.9375E-01
25300,  9.310091E-01,  2.030555E-01,  6.5625E-01
25400,  9.031696E-01,  1.505134E-01,  7.1875E-01
25500,  7.183978E-01,  2.258983E-01,  6.2500E-01
25600,  7.289323E-01,  1.592545E-01,  5.1562E-01
25700,  6.861748E-01,  2.463667E-01,  7.0312E-01
25800,  4.271015E-01,  1.295260E-01,  7.8125E-01
25900,  2.424723E-01,  2.924445E-01,  6.5625E-01
26000,  9.284364E-02,  1.843289E-01,  7.1875E-01
26100, -5.211254E-02,  7.820007E-02,  7.3438E-01
26200,  2.811802E-02,  1.808241E-01,  7.1875E-01
26300, -1.085780E-03,  8.912727E-02,  7.8125E-01
26400, -1.057070E-01,  8.471002E-02,  6.5625E-01
26500, -2.610081E-01,  5.649966E-02,  7.8125E-01
26600, -3.046277E-01,  1.940655E-02,  7.3438E-01
26700, -2.494684E-01,  1.209162E-01,  6.4062E-01
26800, -2.550822E-01,  1.761883E-01,  7.5000E-01
26900, -2.801788E-01,  2.131787E-01,  7.1875E-01
27000, -2.240891E-01,  1.978650E-01,  7.9688E-01
27100, -3.275259E-01,  1.440549E-01,  7.6562E-01
27200, -2.857640E-01,  2.198202E-01,  7.0312E-01
27300, -4.645474E-01,  1.879157E-01,  7.3438E-01
27400, -5.700551E-01,  1.193635E-01,  7.9688E-01
27500, -4.339903E-01,  2.325827E-01,  7.5000E-01
27600, -7.344998E-01,  2.564179E-01,  6.7188E-01
27700, -8.227349E-01,  8.786190E-02,  7.5000E-01
27800, -7.477235E-01,  1.104567E-01,  7.6562E-01
27900, -8.926866E-01,  1.120985E-01,  6.4062E-01
28000, -9.518826E-01,  1.408586E-01,  7.9688E-01
28100, -8.825859E-01,  1.015534E-01,  7.1875E-01
28200, -9.533510E-01,  2.866048E-01,  7.5000E-01
28300, -1.240645E+00,  3.148176E-01,  6.8750E-01
28400, -1.365536E+00,  1.577788E-01,  7.1875E-01
28500, -1.507027E+00,  1.657398E-01,  7.1875E-01
28600, -1.641164E+00,  2.525940E-01,  6.5625E-01
28700, -2.116455E+00,  1.077812E-01,  6.4062E-01
28800, -2.418187E+00,  1.080110E-01,  7.5000E-01
28900, -2.582784E+00,  7.059031E-01,  7.1875E-01
29000, -2.783654E+00,  1.862918E-01,  7.3438E-01
29100, -2.989913E+00,  1.550898E-01,  7.5000E-01
29200, -3.485570E+00,  1.938841E-01,  7.6562E-01
29300, -3.872399E+00,  1.608474E-01,  7.0312E-01
29400, -4.068186E+00,  2.158085E-01,  7.6562E-01
29500, -4.273388E+00,  1.487994E-01,  6.5625E-01
29600, -4.836966E+00,  8.227512E-01,  7.0312E-01
29700, -5.541720E+00,  1.179670E-01,  7.5000E-01
29800, -6.021268E+00,  4.765391E-03,  6.5625E-01
29900, -7.421650E+00,  1.168297E-01,  7.5000E-01
30000, -8.733286E+00, -1.675351E-01,  7.3438E-01
30100, -1.039329E+01, -1.117574E-01,  6.4062E-01
30200, -1.193852E+01, -1.327873E-01,  6.7188E-01
30300, -1.345032E+01, -3.660520E-01,  6.7188E-01
30400, -1.498903E+01,  1.368895E-01,  7.1875E-01
30500, -1.642881E+01,  1.688020E+01,  7.0312E-01
30600, -1.710973E+01,  1.011288E+00,  6.8750E-01
30700, -1.806091E+01, -6.372715E-01,  6.4062E-01
30800, -2.008428E+01, -5.620990E-01,  6.8750E-01
30900, -2.303681E+01, -2.991114E-01,  6.8750E-01
31000, -2.623827E+01, -3.538154E-01,  6.8750E-01
31100, -2.799304E+01, -4.329327E-01,  5.3125E-01
31200, -3.020621E+01,  1.591514E+02,  5.4688E-01
31300, -3.276421E+01, -7.402477E-01,  5.1562E-01
31400, -3.441819E+01, -2.155743E+00,  5.6250E-01
31500, -3.756232E+01,  3.364554E+02,  6.7188E-01
31600, -3.410443E+01,  4.642073E+02,  5.9375E-01
31700, -3.154385E+01,  2.393573E+02,  4.8438E-01
31800, -2.835545E+01,  6.717340E+01,  6.8750E-01
31900, -2.893407E+01,  1.372558E+00,  1.4062E-01
32000, -3.064138E+01,  6.694407E-01,  2.6562E-01
32100, -3.131249E+01,  6.343032E-01,  1.8750E-01
32200, -3.157690E+01,  3.184690E-01,  2.3438E-01
32300, -3.189792E+01,  2.711993E-01,  1.4062E-01
32400, -3.260026E+01, -3.176697E-01,  1.2500E-01
32500, -3.272562E+01, -3.485856E-01,  9.3750E-02
32600, -3.299176E+01, -5.562001E-01,  7.8125E-02
32700, -3.279088E+01,  7.878435E-02,  1.4062E-01
32800, -3.251505E+01, -3.335619E-02,  1.4062E-01
32900, -3.167095E+01,  1.408881E-02,  7.8125E-02
33000, -3.168607E+01, -9.622145E-02,  1.8750E-01
33100, -3.221319E+01, -7.993919E-02,  1.5625E-01
33200, -3.240805E+01,  1.832247E-02,  2.5000E-01
33300, -3.268311E+01, -8.327520E-02,  1.2500E-01
33400, -3.172297E+01,  1.522508E-01,  1.7188E-01
33500, -3.071319E+01,  1.505627E-01,  2.3438E-01
33600, -2.988806E+01,  1.417322E-01,  1.7188E-01
33700, -2.955190E+01,  4.395108E-01,  2.5000E-01
33800, -2.937163E+01,  2.637573E-01,  3.5938E-01
33900, -2.904797E+01,  2.328732E-01,  3.2812E-01
34000, -2.860035E+01,  1.320086E-01,  2.6562E-01
34100, -2.843058E+01,  1.745231E-01,  3.1250E-01
34200, -2.813017E+01,  3.264944E-01,  3.5938E-01
34300, -2.816059E+01,  1.840174E-01,  3.7500E-01
34400, -2.818856E+01,  2.481289E-01,  3.2812E-01
34500, -2.822673E+01,  2.158507E-01,  3.2812E-01
34600, -2.854075E+01,  5.333573E-01,  2.6562E-01
34700, -2.840180E+01,  3.462416E-01,  2.0312E-01
34800, -2.820385E+01,  4.107168E-01,  3.5938E-01
34900, -2.838908E+01,  2.437159E-01,  4.8438E-01
35000, -2.825673E+01,  5.163557E-01,  4.3750E-01
35100, -2.816376E+01,  2.221424E-01,  4.3750E-01
35200, -2.815297E+01,  3.149945E-01,  2.6562E-01
35300, -2.804564E+01,  2.788840E-01,  2.9688E-01
35400, -2.788504E+01,  1.922616E-01,  4.2188E-01
35500, -2.803524E+01,  5.297649E-01,  4.8438E-01
35600, -2.779133E+01,  1.329995E-01,  4.3750E-01
35700, -2.744851E+01,  3.401968E-01,  4.3750E-01
35800, -2.741739E+01,  3.698835E-01,  3.1250E-01
35900, -2.780190E+01,  4.215825E-01,  3.1250E-01
36000, -2.785901E+01,  4.848156E-01,  4.5312E-01
36100, -2.806723E+01,  3.971331E-01,  2.8125E-01
36200, -2.785113E+01,  5.038432E-01,  3.4375E-01
36300, -2.739724E+01,  5.020833E-01,  2.9688E-01
36400, -2.784495E+01,  1.660833E-01,  4.0625E-01
36500, -2.775427E+01,  2.358641E-01,  4.0625E-01
36600, -2.785091E+01,  2.853720E-01,  5.1562E-01
36700, -2.792930E+01,  4.116849E-01,  4.0625E-01
36800, -2.764106E+01,  3.160838E-01,  4.6875E-01
36900, -2.776015E+01,  3.431426E-01,  5.0000E-01
37000, -2.747339E+01,  5.451500E-01,  5.9375E-01
37100, -2.738586E+01,  3.165810E-01,  5.1562E-01
37200, -2.741407E+01,  3.549217E-01,  5.7812E-01
37300, -2.745899E+01,  3.214249E-01,  6.7188E-01
37400, -2.765513E+01,  2.952675E-01,  6.5625E-01
37500, -2.760593E+01,  3.824302E-01,  6.0938E-01
37600, -2.746297E+01,  2.108778E-01,  5.4688E-01
37700, -2.744182E+01,  2.883109E-01,  5.4688E-01
37800, -2.766413E+01,  3.572920E-01,  5.0000E-01
37900, -2.774121E+01,  2.365207E-01,  5.6250E-01
38000, -2.777032E+01,  3.790524E-01,  4.6875E-01
38100, -2.789669E+01,  3.711764E-01,  6.2500E-01
38200, -2.785498E+01,  4.144042E-01,  6.5625E-01
38300, -2.809021E+01,  3.358718E-01,  6.5625E-01
38400, -2.805175E+01,  2.828012E-01,  5.9375E-01
38500, -2.798860E+01,  2.627722E-01,  3.7500E-01
38600, -2.821691E+01,  2.348093E-01,  5.3125E-01
38700, -2.808986E+01,  2.198158E-01,  4.2188E-01
38800, -2.809541E+01,  4.094824E-01,  6.0938E-01
38900, -2.800560E+01,  3.995010E-01,  5.9375E-01
39000, -2.795413E+01,  3.848839E-01,  6.7188E-01
39100, -2.838482E+01,  5.798508E-01,  7.1875E-01
39200, -2.844424E+01,  3.824968E-01,  5.9375E-01
39300, -2.828382E+01,  4.051080E-01,  4.6875E-01
39400, -2.810991E+01,  2.465594E-01,  4.8438E-01
39500, -2.797153E+01,  3.143579E-01,  5.6250E-01
39600, -2.767615E+01,  2.607127E-01,  5.7812E-01
39700, -2.770358E+01,  2.500302E-01,  5.9375E-01
39800, -2.782384E+01,  2.625574E-01,  5.1562E-01
39900, -2.791683E+01,  1.498916E-01,  5.1562E-01
40000, -2.799337E+01,  2.446725E-01,  5.0000E-01
40100, -2.796691E+01,  2.565813E-01,  4.3750E-01
40200, -2.771079E+01,  2.003117E-01,  5.4688E-01
40300, -2.758008E+01,  1.342403E-01,  5.6250E-01
40400, -2.768432E+01,  1.828515E-01,  6.2500E-01
40500, -2.765154E+01,  1.932982E-01,  5.6250E-01
40600, -2.773121E+01,  1.883290E-01,  5.9375E-01
40700, -2.772610E+01,  2.592927E-01,  5.7812E-01
40800, -2.774010E+01,  2.097846E-01,  4.6875E-01
40900, -2.786088E+01,  2.480091E-01,  5.6250E-01
41000, -2.788653E+01,  1.642455E-01,  5.9375E-01
41100, -2.807588E+01,  1.558222E-01,  5.0000E-01
41200, -2.820020E+01,  4.104363E-01,  6.0938E-01
41300, -2.786582E+01,  2.388520E-01,  6.0938E-01
41400, -2.776983E+01,  1.916691E-01,  5.6250E-01
41500, -2.794716E+01,  1.196193E-01,  5.3125E-01
41600, -2.805266E+01,  2.738998E-01,  5.9375E-01
41700, -2.802718E+01,  1.224514E-01,  5.7812E-01
41800, -2.818375E+01,  2.547340E-01,  4.3750E-01
41900, -2.864647E+01,  1.142587E-01,  5.9375E-01
42000, -2.875923E+01,  1.147770E-01,  4.8438E-01
42100, -2.885786E+01,  1.938352E-01,  4.8438E-01
42200, -2.900469E+01,  1.507982E-01,  5.4688E-01
42300, -2.926904E+01,  1.440538E-01,  5.3125E-01
42400, -2.943525E+01,  1.868812E-01,  4.6875E-01
42500, -2.963045E+01,  1.523648E-01,  5.4688E-01
42600, -2.962185E+01,  1.304122E-01,  5.1562E-01
42700, -2.951469E+01,  1.535398E-01,  6.2500E-01
42800, -2.953037E+01,  6.912616E-02,  5.4688E-01
42900, -2.964313E+01,  9.151457E-02,  5.7812E-01
43000, -2.999416E+01,  1.656627E-01,  6.2500E-01
43100, -3.034919E+01,  1.227255E-01,  5.6250E-01
43200, -3.046386E+01,  8.791411E-02,  5.6250E-01
43300, -3.050132E+01,  1.420702E-01,  5.1562E-01
43400, -3.048240E+01,  2.041534E-01,  5.0000E-01
43500, -3.062631E+01,  1.638984E-01,  6.8750E-01
43600, -3.080527E+01,  1.602282E-01,  5.9375E-01
43700, -3.091323E+01,  1.541571E-01,  5.0000E-01
43800, -3.096329E+01,  1.135183E-01,  5.7812E-01
43900, -3.093083E+01,  8.625177E-02,  4.6875E-01
44000, -3.092813E+01,  8.656472E-02,  6.0938E-01
44100, -3.079501E+01,  1.217335E-01,  5.6250E-01
44200, -3.110207E+01,  1.365285E-01,  5.1562E-01
44300, -3.104687E+01,  5.532067E-02,  6.4062E-01
44400, -3.094482E+01,  4.914553E-02,  6.0938E-01
44500, -3.117032E+01,  1.300878E-01,  5.7812E-01
44600, -3.114279E+01,  2.834367E-01,  5.1562E-01
44700, -3.104246E+01,  1.359470E-01,  5.1562E-01
44800, -3.112374E+01,  1.065660E-01,  5.1562E-01
44900, -3.127242E+01,  1.604314E-01,  6.7188E-01
45000, -3.143108E+01,  1.272460E-01,  5.3125E-01
45100, -3.150033E+01,  2.415055E-01,  6.5625E-01
45200, -3.163193E+01,  9.838530E-02,  5.0000E-01
45300, -3.159441E+01,  9.726200E-02,  5.3125E-01
45400, -3.168693E+01,  9.422959E-02,  6.0938E-01
45500, -3.178428E+01,  1.460268E-01,  5.6250E-01
45600, -3.179631E+01,  8.766843E-02,  5.7812E-01
45700, -3.170193E+01,  7.573886E-02,  4.8438E-01
45800, -3.184730E+01,  9.926264E-02,  5.6250E-01
45900, -3.195863E+01,  1.858416E-01,  5.3125E-01
46000, -3.198203E+01,  1.203830E-01,  5.0000E-01
46100, -3.225692E+01,  4.665613E-02,  5.6250E-01
46200, -3.247236E+01,  1.540599E-01,  6.8750E-01
46300, -3.250939E+01,  1.870171E-01,  5.6250E-01
46400, -3.237650E+01,  7.664099E-02,  6.0938E-01
46500, -3.237374E+01,  1.246127E-01,  5.0000E-01
46600, -3.258597E+01,  1.518839E-01,  5.9375E-01
46700, -3.254549E+01,  1.866346E-01,  5.6250E-01
46800, -3.242966E+01,  9.760040E-02,  6.0938E-01
46900, -3.260685E+01,  6.804790E-02,  5.4688E-01
47000, -3.270184E+01,  1.017214E-01,  4.6875E-01
47100, -3.265477E+01,  1.802795E-01,  6.2500E-01
47200, -3.249787E+01,  9.940694E-02,  4.8438E-01
47300, -3.247049E+01,  7.637336E-02,  5.6250E-01
47400, -3.226971E+01,  1.130104E-01,  6.4062E-01
47500, -3.227374E+01,  1.526691E-01,  5.9375E-01
47600, -3.231797E+01,  1.025266E-01,  5.9375E-01
47700, -3.236341E+01,  5.845258E-02,  5.6250E-01
47800, -3.222246E+01,  8.123910E-02,  5.6250E-01
47900, -3.208150E+01,  5.923569E-02,  5.3125E-01
48000, -3.203467E+01,  3.176414E-01,  4.6875E-01
48100, -3.219360E+01,  5.987051E-02,  6.0938E-01
48200, -3.244489E+01,  1.704512E-01,  4.6875E-01
48300, -3.239063E+01,  1.936748E-01,  5.7812E-01
48400, -3.239495E+01,  2.738537E-01,  5.3125E-01
48500, -3.294872E+01,  4.868330E-01,  5.7812E-01
48600, -3.369926E+01,  8.917056E-01,  3.1250E-01
48700, -3.420379E+01,  5.453583E-01,  2.5000E-01
48800, -3.308167E+01,  2.708252E-01,  1.4062E-01
48900, -3.175333E+01,  2.794763E-02,  1.4062E-01
49000, -2.982767E+01, -1.942873E-03,  2.0312E-01
49100, -2.881931E+01, -5.521649E-02,  3.1250E-01
49200, -2.900623E+01, -2.225101E-01,  3.1250E-01
49300, -2.846017E+01,  1.052365E-01,  1.8750E-01
49400, -2.804084E+01,  1.692795E-01,  2.8125E-01
49500, -2.790854E+01,  2.660810E-01,  2.6562E-01
49600, -2.769921E+01,  2.056711E-01,  2.6562E-01
49700, -2.755000E+01,  1.652057E-01,  4.3750E-01
49800, -2.732759E+01,  1.534656E-01,  3.2812E-01
49900, -2.717619E+01,  1.938961E-02,  3.5938E-01
50000, -2.726380E+01,  2.889709E-01,  3.4375E-01
50100, -2.743176E+01,  1.483144E-01,  3.9062E-01
50200, -2.736923E+01,  2.206341E-01,  4.6875E-01
50300, -2.711275E+01,  1.125814E-01,  3.2812E-01
50400, -2.701593E+01,  2.750549E-01,  5.0000E-01
50500, -2.688046E+01,  1.358051E-01,  2.9688E-01
50600, -2.678676E+01,  3.584529E-02,  3.7500E-01
50700, -2.651338E+01,  1.206203E-01,  4.2188E-01
50800, -2.659611E+01,  2.607444E-01,  2.9688E-01
50900, -2.646490E+01,  1.523845E-02,  3.1250E-01
51000, -2.648154E+01,  1.403086E-01,  2.6562E-01
51100, -2.642644E+01,  2.360079E-01,  4.2188E-01
51200, -2.674842E+01,  5.227020E-02,  4.6875E-01
51300, -2.666406E+01,  1.365028E-02,  4.5312E-01
51400, -2.672075E+01,  2.021521E-01,  3.5938E-01
51500, -2.652486E+01,  1.413543E-01,  3.5938E-01
51600, -2.652159E+01,  2.561434E-01,  3.9062E-01
51700, -2.630050E+01,  5.066486E-02,  3.9062E-01
51800, -2.647696E+01,  1.095755E-01,  3.2812E-01
51900, -2.626106E+01,  1.384973E-01,  2.9688E-01
52000, -2.627338E+01,  1.217490E-01,  4.8438E-01
52100, -2.632951E+01,  1.274470E-01,  3.2812E-01
52200, -2.633627E+01,  1.499507E-01,  2.6562E-01
52300, -2.599560E+01,  4.725114E-02,  3.7500E-01
52400, -2.608287E+01,  1.068036E-02,  3.9062E-01
52500, -2.595225E+01,  8.442900E-02,  3.5938E-01
52600, -2.595154E+01,  1.446647E-01,  4.5312E-01
52700, -2.613327E+01,  2.995409E-02,  3.9062E-01
52800, -2.597472E+01,  7.072255E-02,  3.2812E-01
52900, -2.596398E+01,  1.019203E-01,  3.4375E-01
53000, -2.609192E+01,  1.863211E-01,  4.0625E-01
53100, -2.613153E+01,  2.021988E-01,  3.9062E-01
53200, -2.607026E+01,  4.033725E-01,  4.2188E-01
53300, -2.626171E+01,  9.306392E-02,  4.0625E-01
53400, -2.625066E+01,  1.319295E-01,  4.8438E-01
53500, -2.648168E+01,  1.517146E-01,  3.9062E-01
53600, -2.654212E+01,  2.233269E-01,  4.8438E-01
53700, -2.650592E+01,  1.399664E-01,  3.9062E-01
53800, -2.672426E+01,  1.157199E-01,  3.9062E-01
53900, -2.677924E+01,  1.127385E-01,  5.3125E-01
54000, -2.686405E+01, -1.645625E-02,  4.3750E-01
54100, -2.693346E+01,  1.577488E-01,  4.3750E-01
54200, -2.687218E+01,  1.078110E-01,  5.3125E-01
54300, -2.666603E+01,  1.738863E-02,  5.4688E-01
54400, -2.677676E+01,  1.559600E-02,  4.8438E-01
54500, -2.711608E+01, -4.085660E-03,  4.3750E-01
54600, -2.754023E+01,  7.321666E-02,  4.0625E-01
54700, -2.796982E+01,  3.460722E-02,  5.6250E-01
54800, -2.820832E+01, -8.122201E-02,  5.1562E-01
54900, -2.879415E+01, -1.352096E-01,  4.2188E-01
55000, -2.973364E+01, -2.083396E-01,  4.2188E-01
55100, -3.037842E+01, -2.261525E-01,  4.6875E-01
55200, -3.137349E+01, -2.363932E-01,  5.0000E-01
55300, -3.202164E+01, -1.443797E-01,  5.0000E-01
55400, -3.224387E+01, -3.501596E-01,  5.1562E-01
55500, -3.218342E+01, -5.487717E-01,  3.9062E-01
55600, -3.297084E+01,  4.079165E-01,  5.0000E-01
55700, -3.346249E+01, -5.340011E-01,  4.5312E-01
55800, -3.487418E+01, -4.141159E-01,  4.3750E-01
55900, -3.541174E+01, -8.846876E-01,  5.1562E-01
56000, -3.617521E+01, -3.615097E-01,  4.0625E-01
56100, -3.699635E+01,  8.935507E-02,  4.5312E-01
56200, -3.717567E+01, -8.660892E-01,  4.8438E-01
56300, -3.855836E+01, -6.620237E-01,  5.1562E-01
56400, -4.042401E+01, -6.131718E-01,  4.8438E-01
56500, -4.102925E+01,  1.529469E-01,  5.1562E-01
56600, -4.131614E+01, -4.470788E-01,  4.3750E-01
56700, -4.188746E+01, -9.379170E-01,  3.5938E-01
56800, -4.382621E+01, -2.333948E-01,  3.5938E-01
56900, -4.431494E+01,  2.091440E-01,  3.5938E-01
57000, -4.546444E+01, -1.184323E+00,  3.5938E-01
57100, -4.619365E+01, -2.182684E+00,  5.1562E-01
57200, -4.856081E+01, -8.314450E-01,  5.3125E-01
57300, -4.934109E+01, -1.710177E+00,  4.8438E-01
57400, -5.091008E+01, -1.104112E+00,  4.0625E-01
57500, -5.259639E+01, -1.750036E+00,  3.7500E-01
57600, -5.370901E+01, -1.973357E+00,  5.0000E-01
57700, -5.613206E+01, -1.594700E+00,  3.2812E-01
57800, -5.713155E+01, -2.553181E+00,  4.6875E-01
57900, -5.810147E+01, -2.781389E+00,  3.1250E-01
58000, -5.771994E+01, -2.442500E+00,  2.8125E-01
58100, -5.914489E+01, -2.060635E+00,  3.4375E-01
58200, -5.823603E+01, -2.780719E+00,  3.4375E-01
58300, -5.987920E+01, -1.840459E+00,  2.9688E-01
58400, -5.945149E+01, -1.759804E+00,  3.2812E-01
58500, -5.998663E+01, -2.499377E+00,  2.3438E-01
58600, -6.140504E+01, -2.531066E+00,  3.5938E-01
58700, -6.226331E+01, -3.722311E+00,  3.1250E-01
58800, -6.527963E+01, -2.144450E+00,  2.3438E-01
58900, -6.529553E+01, -3.754334E+00,  1.7188E-01
59000, -6.900860E+01, -1.894638E+00,  2.0312E-01
59100, -6.898351E+01, -2.038394E+00,  1.4062E-01
59200, -6.938167E+01, -3.361825E+00,  2.3438E-01
59300, -7.013937E+01, -3.099113E+00,  2.0312E-01
59400, -7.157635E+01, -3.084303E+00,  2.5000E-01
59500, -7.186305E+01, -3.057540E+00,  3.7500E-01
59600, -7.596981E+01, -2.161932E+00,  2.6562E-01
59700, -7.409082E+01, -2.283514E+00,  3.5938E-01
59800, -7.587766E+01, -3.278639E+00,  2.6562E-01
59900, -7.916695E+01, -3.954837E+00,  2.6562E-01
60000, -7.880690E+01,  9.840948E+02,  3.1250E-01
60100, -8.183802E+01, -3.735901E+00,  3.2812E-01
60200, -8.189635E+01, -5.426298E+00,  1.8750E-01
60300, -8.245279E+01, -5.627860E+00,  2.3438E-01
60400, -8.471747E+01, -6.433990E+00,  2.3438E-01
60500, -8.570148E+01,  4.788114E+02,  1.4062E-01
60600, -8.672949E+01, -5.795154E+00,  1.5625E-01
60700, -8.697311E+01, -6.105584E+00,  2.9688E-01
60800, -9.053195E+01, -5.437146E+00,  2.5000E-01
60900, -9.078192E+01, -7.258293E+00,  1.0938E-01
61000, -9.479345E+01, -4.809442E+00,  2.8125E-01
61100, -9.652650E+01, -5.841990E+00,  2.8125E-01
61200, -9.812422E+01, -5.906226E+00,  2.1875E-01
61300, -1.007852E+02, -5.130933E+00,  1.4062E-01
61400, -1.024072E+02, -5.900368E+00,  2.3438E-01
61500, -1.041632E+02, -6.464563E+00,  2.0312E-01
61600, -1.038243E+02, -9.093890E+00,  2.3438E-01
61700, -1.067973E+02, -8.582491E+00,  1.7188E-01
61800, -1.062622E+02, -9.957299E+00,  2.1875E-01
61900, -1.126106E+02,  4.046978E+02,  9.3750E-02
62000, -1.139841E+02,  8.007610E+01,  1.5625E-01
62100, -1.121070E+02,  5.699063E+01,  2.1875E-01
62200, -1.127762E+02,  4.874815E+01,  1.2500E-01
62300, -1.123481E+02,  4.449539E+01,  2.3438E-01
62400, -1.106339E+02,  1.944542E+01,  1.2500E-01
62500, -1.086484E+02,  4.132536E-01,  1.0938E-01
62600, -1.090856E+02,  2.002127E-01,  1.7188E-01
62700, -1.105830E+02, -1.673527E-01,  6.2500E-02
62800, -1.120275E+02, -7.390405E-01,  6.2500E-02
62900, -1.125332E+02, -6.175823E-01,  4.6875E-02
63000, -1.130847E+02, -9.197973E-01,  6.2500E-02
63100, -1.144273E+02, -9.732994E-01,  6.2500E-02
63200, -1.145677E+02, -8.913916E-01,  7.8125E-02
63300, -1.137704E+02,  7.722026E-02,  1.7188E-01
63400, -1.128423E+02, -1.535476E-01,  1.8750E-01
63500, -1.109281E+02, -2.458571E-01,  1.7188E-01
63600, -1.098474E+02, -3.056431E-02,  1.2500E-01
63700, -1.085254E+02, -1.002888E-01,  1.0938E-01
63800, -1.077625E+02,  1.475666E-01,  7.8125E-02
63900, -1.079117E+02,  4.877878E-01,  6.2500E-02
64000, -1.070541E+02,  4.343128E-02,  3.1250E-02
64100, -1.067995E+02, -7.816797E-02,  1.4062E-01
64200, -1.062381E+02,  6.861871E-02,  7.8125E-02
64300, -1.061878E+02,  3.995281E-02,  1.0938E-01
64400, -1.061050E+02,  2.114183E-01,  1.8750E-01
64500, -1.055995E+02,  2.548752E-01,  2.0312E-01
64600, -1.054029E+02,  1.748764E-01,  7.8125E-02
64700, -1.054281E+02,  1.834571E-01,  1.2500E-01
64800, -1.058533E+02,  3.341327E-01,  2.1875E-01
64900, -1.059921E+02,  3.600020E-01,  2.3438E-01
65000, -1.055262E+02,  1.673585E-01,  2.0312E-01
65100, -1.050639E+02,  1.115474E-01,  1.8750E-01
65200, -1.054156E+02,  2.284812E-01,  2.6562E-01
65300, -1.052711E+02,  1.249611E-01,  1.5625E-01
65400, -1.056713E+02,  4.161154E-02,  2.5000E-01
65500, -1.063986E+02,  5.806237E-02,  2.0312E-01
65600, -1.064007E+02,  1.526427E-01,  3.4375E-01
65700, -1.064851E+02,  1.236379E-01,  3.2812E-01
65800, -1.066385E+02,  2.034396E-01,  3.1250E-01
65900, -1.067747E+02,  1.346724E-01,  2.5000E-01
66000, -1.065567E+02,  1.341234E-01,  2.6562E-01
66100, -1.061879E+02,  2.668830E-01,  3.4375E-01
66200, -1.060189E+02,  2.973520E-01,  3.4375E-01
66300, -1.060523E+02,  1.073556E-01,  2.9688E-01
66400, -1.059389E+02,  3.640209E-01,  4.0625E-01
66500, -1.056432E+02,  1.379775E-01,  3.2812E-01
66600, -1.054313E+02,  8.553556E-02,  3.5938E-01
66700, -1.051906E+02,  2.081059E-01,  2.6562E-01
66800, -1.049783E+02,  7.978582E-02,  3.2812E-01
66900, -1.048044E+02,  1.103554E-01,  3.7500E-01
67000, -1.047045E+02,  6.804419E-02,  2.9688E-01
67100, -1.047028E+02,  1.225873E-01,  2.6562E-01
67200, -1.049177E+02,  4.818245E-01,  3.1250E-01
67300, -1.047375E+02,  1.578219E-01,  3.5938E-01
67400, -1.046738E+02,  1.139048E-01,  3.5938E-01
67500, -1.047294E+02,  1.863108E-01,  3.5938E-01
67600, -1.049143E+02,  2.002934E-01,  4.0625E-01
67700, -1.053256E+02,  1.105213E-01,  3.7500E-01
67800, -1.051366E+02,  1.165656E-01,  2.9688E-01
67900, -1.050921E+02,  3.877945E-02,  2.8125E-01
68000, -1.051626E+02,  6.137308E-02,  3.4375E-01
68100, -1.048039E+02,  1.752037E-01,  4.0625E-01
68200, -1.049245E+02,  1.402999E-01,  2.9688E-01
68300, -1.049216E+02,  7.894206E-02,  3.5938E-01
68400, -1.051000E+02,  4.027869E-02,  4.2188E-01
68500, -1.052777E+02,  3.180158E-01,  3.4375E-01
68600, -1.050244E+02,  1.869077E-01,  2.3438E-01
68700, -1.052299E+02,  2.222353E-01,  3.5938E-01
68800, -1.049126E+02,  8.696964E-02,  3.9062E-01
68900, -1.049723E+02,  1.004646E-01,  3.2812E-01
69000, -1.053683E+02,  5.197951E-02,  3.9062E-01
69100, -1.053176E+02,  1.730516E-01,  2.9688E-01
69200, -1.054746E+02,  9.739441E-02,  2.5000E-01
69300, -1.056330E+02,  1.380854E-01,  4.2188E-01
69400, -1.054921E+02, -1.332322E-02,  2.9688E-01
69500, -1.055501E+02, -8.537248E-03,  4.0625E-01
69600, -1.056138E+02,  5.997232E-02,  4.3750E-01
69700, -1.053466E+02, -4.844324E-02,  3.7500E-01
69800, -1.054338E+02,  1.067335E-01,  4.0625E-01
69900, -1.053432E+02,  1.650723E-01,  3.4375E-01
70000, -1.052932E+02,  1.466697E-01,  4.8438E-01
70100, -1.051229E+02, -7.474399E-02,  3.9062E-01
70200, -1.055251E+02, -5.215111E-02,  3.7500E-01
70300, -1.055467E+02, -6.140420E-02,  3.7500E-01
70400, -1.055397E+02,  2.127246E-01,  5.4688E-01
70500, -1.056311E+02, -2.018125E-01,  3.4375E-01
70600, -1.055081E+02, -7.652897E-02,  3.9062E-01
70700, -1.054728E+02, -1.112148E-02,  4.0625E-01
70800, -1.055037E+02,  2.224654E-03,  3.9062E-01
70900, -1.051806E+02, -1.206578E-01,  3.7500E-01
71000, -1.051398E+02, -9.559736E-02,  5.0000E-01
71100, -1.057117E+02,  1.588529E-01,  3.5938E-01
71200, -1.056887E+02,  1.384434E-01,  3.7500E-01
71300, -1.056231E+02, -7.509154E-02,  5.1562E-01
71400, -1.059402E+02, -1.833114E-02,  5.7812E-01
71500, -1.058915E+02, -1.595603E-01,  4.6875E-01
71600, -1.059857E+02,  2.436054E-02,  4.5312E-01
71700, -1.059500E+02, -2.988563E-01,  3.5938E-01
71800, -1.058636E+02, -2.364472E-01,  4.2188E-01
71900, -1.060528E+02, -1.375677E-01,  4.0625E-01
72000, -1.064335E+02, -2.725380E-01,  4.2188E-01
72100, -1.063952E+02, -2.981476E-01,  3.9062E-01
72200, -1.067692E+02, -1.339507E-01,  5.4688E-01
72300, -1.067499E+02, -7.702476E-02,  4.2188E-01
72400, -1.073495E+02, -2.140994E-01,  4.8438E-01
72500, -1.073192E+02, -4.133356E-02,  3.9062E-01
72600, -1.073176E+02, -4.066737E-01,  3.5938E-01
72700, -1.069566E+02, -8.431327E-02,  4.0625E-01
72800, -1.071811E+02, -4.181279E-01,  4.5312E-01
72900, -1.075930E+02, -4.357978E-01,  2.9688E-01
73000, -1.073562E+02, -4.015484E-01,  2.9688E-01
73100, -1.075799E+02, -3.133737E-01,  2.3438E-01
73200, -1.078890E+02, -5.220381E-01,  3.1250E-01
73300, -1.076648E+02, -6.273473E-01,  2.9688E-01
73400, -1.078830E+02, -5.699519E-01,  4.3750E-01
73500, -1.077730E+02, -9.889128E-01,  4.2188E-01
73600, -1.079227E+02, -1.105708E+00,  4.3750E-01
73700, -1.082367E+02, -9.404455E-01,  4.0625E-01
73800, -1.079545E+02, -4.824309E-01,  3.1250E-01
73900, -1.084748E+02, -6.738392E-01,  4.0625E-01
74000, -1.088703E+02, -7.004412E-01,  3.2812E-01
74100, -1.080486E+02, -1.536228E+00,  3.2812E-01
74200, -1.078840E+02, -1.241583E+00,  3.4375E-01
74300, -1.090613E+02, -1.290160E+00,  2.8125E-01
74400, -1.089815E+02, -1.998764E+00,  3.1250E-01
74500, -1.088408E+02, -1.941620E+00,  3.2812E-01
74600, -1.091387E+02, -2.515227E+00,  3.2812E-01
74700, -1.091596E+02, -2.190054E+00,  3.7500E-01
74800, -1.091201E+02, -1.525300E+00,  4.5312E-01
74900, -1.101077E+02, -1.057275E+00,  2.9688E-01
75000, -1.100447E+02, -1.409899E+00,  3.5938E-01
75100, -1.109633E+02, -2.002249E+00,  2.5000E-01
75200, -1.113141E+02, -2.090058E+00,  2.6562E-01
75300, -1.107665E+02, -2.470318E+00,  2.1875E-01
75400, -1.104881E+02, -2.253183E+00,  2.0312E-01
75500, -1.108426E+02, -3.120754E+00,  2.1875E-01
75600, -1.112657E+02, -3.770072E+00,  3.1250E-01
75700, -1.117694E+02, -3.444686E+00,  3.5938E-01
75800, -1.133020E+02, -2.912224E+00,  2.3438E-01
75900, -1.122560E+02, -3.503601E+00,  2.3438E-01
76000, -1.132951E+02, -3.487442E+00,  3.2812E-01
76100, -1.153719E+02, -1.617387E+00,  2.0312E-01
76200, -1.139147E+02, -4.248501E+00,  3.1250E-01
76300, -1.149093E+02, -3.985309E+00,  2.5000E-01
76400, -1.158241E+02, -5.402730E+00,  1.5625E-01
76500, -1.164064E+02, -4.948372E+00,  1.5625E-01
76600, -1.174474E+02, -6.414638E+00,  2.1875E-01
76700, -1.193727E+02, -6.175336E+00,  2.6562E-01
76800, -1.200970E+02, -4.091035E+00,  2.3438E-01
76900, -1.215678E+02, -2.448570E+00,  1.2500E-01
77000, -1.224843E+02, -6.201574E+00,  2.5000E-01
77100, -1.237208E+02, -8.073492E+00,  2.8125E-01
77200, -1.262222E+02, -6.359998E+00,  2.9688E-01
77300, -1.278161E+02, -6.950261E+00,  2.5000E-01
77400, -1.294884E+02, -4.628790E+00,  1.4062E-01
77500, -1.318388E+02, -6.847281E+00,  1.4062E-01
77600, -1.336614E+02, -2.152815E+00,  1.5625E-01
77700, -1.336439E+02, -1.012545E+01,  2.0312E-01
77800, -1.350848E+02, -1.095566E+01,  2.0312E-01
77900, -1.375310E+02, -5.073424E+00,  2.3438E-01
78000, -1.393343E+02, -9.927849E+00,  1.7188E-01
78100, -1.411654E+02, -1.407009E+01,  2.6562E-01
78200, -1.460749E+02, -1.071926E+01,  4.3750E-01
78300, -1.550393E+02, -1.399406E+01,  2.3438E-01
78400, -1.575014E+02, -1.754011E+01,  4.6875E-02
78500, -1.571093E+02, -7.899374E+00,  1.4062E-01
78600, -1.572126E+02, -1.548541E+01,  7.8125E-02
78700, -1.626146E+02, -1.479783E+01,  1.0938E-01
78800, -1.620810E+02, -2.157660E+01,  1.4062E-01
78900, -1.709140E+02, -6.110469E+00,  2.3438E-01
79000, -1.648233E+02, -2.291695E+01,  9.3750E-02
79100, -1.699838E+02, -1.857895E+01,  1.2500E-01
79200, -1.724453E+02, -1.966173E+01,  1.0938E-01
79300, -1.808715E+02, -2.382403E+01,  2.6562E-01
79400, -1.777315E+02, -2.394018E+01,  1.0938E-01
79500, -1.812347E+02, -1.944814E+01,  1.4062E-01
79600, -1.900553E+02, -2.197002E+01,  9.3750E-02
79700, -1.827294E+02, -2.202987E+01,  2.8125E-01
79800, -1.937668E+02, -1.535741E+01,  1.8750E-01
79900, -1.853162E+02, -2.188524E+01,  1.7188E-01
80000, -1.901677E+02, -2.800848E+01,  1.5625E-01
80100, -2.030182E+02, -1.954466E+01,  1.4062E-01
80200, -1.967230E+02, -1.284007E+01,  7.8125E-02
80300, -2.001253E+02, -2.538880E+01,  1.4062E-01
80400, -1.950405E+02, -3.134539E+01,  2.8125E-01
80500, -2.013764E+02, -2.738511E+01,  7.8125E-02
80600, -2.009508E+02, -4.581646E+01,  1.7188E-01
80700, -2.128591E+02, -3.270811E+01,  1.7188E-01
80800, -2.077980E+02, -1.260513E+01,  2.8125E-01
80900, -2.043205E+02, -4.761937E+01,  1.8750E-01
81000, -2.050117E+02, -5.027874E+01,  3.1250E-01
81100, -2.108804E+02, -2.361127E+01,  2.1875E-01
81200, -2.106812E+02, -5.010521E+01,  2.5000E-01
81300, -2.119704E+02,  1.643890E+01,  3.2812E-01
81400, -2.174109E+02, -5.230016E+01,  2.8125E-01
81500, -2.213592E+02, -4.451849E+01,  2.8125E-01
81600, -2.200877E+02, -4.940665E+01,  2.3438E-01
81700, -2.213499E+02, -4.594012E+01,  2.8125E-01
81800, -2.229845E+02, -6.474918E+01,  3.5938E-01
81900, -2.195397E+02, -4.399678E+01,  2.6562E-01
82000, -2.292166E+02, -5.909784E+01,  3.1250E-01
82100, -2.274094E+02, -6.219552E+01,  2.5000E-01
82200, -2.202457E+02, -7.303954E+01,  3.4375E-01
82300, -2.257921E+02, -6.952333E+01,  2.0312E-01
82400, -2.277589E+02, -7.492757E+01,  2.5000E-01
82500, -2.322090E+02, -5.243338E+01,  2.6562E-01
82600, -2.308577E+02, -8.267294E+01,  3.2812E-01
82700, -2.348033E+02, -8.721970E+01,  3.9062E-01
82800, -2.268318E+02, -8.452666E+01,  1.8750E-01
82900, -2.445453E+02, -7.645705E+01,  2.5000E-01
83000, -2.290460E+02, -1.068488E+02,  2.1875E-01
83100, -2.426721E+02, -8.301914E+01,  4.6875E-02
83200, -2.400410E+02, -2.761344E+01,  1.8750E-01
83300, -2.393172E+02, -6.078977E+01,  1.4062E-01
83400, -2.280975E+02, -1.080406E+02,  1.7188E-01
83500, -2.315853E+02, -1.155976E+02,  1.8750E-01
83600, -2.355047E+02, -1.056935E+02,  2.8125E-01
83700, -2.438192E+02, -8.408199E+01,  1.2500E-01
83800, -2.401580E+02, -1.312183E+02,  2.3438E-01
83900, -2.295564E+02, -1.279502E+02,  1.8750E-01
84000, -2.445295E+02, -1.130273E+02,  1.4062E-01
84100, -2.488125E+02, -1.275569E+02,  3.2812E-01
84200, -2.476976E+02, -9.342437E+01,  1.7188E-01
84300, -2.399766E+02, -1.120202E+02,  2.0312E-01
84400, -2.639415E+02, -7.325035E+01,  1.0938E-01
84500, -2.469791E+02, -5.818852E+01,  7.8125E-02
84600, -2.549560E+02, -1.559597E+02,  1.4062E-01
84700, -2.365731E+02, -7.132219E+01,  1.4062E-01
84800, -2.604464E+02, -5.183617E+01,  1.0938E-01
84900, -2.734867E+02, -1.180450E+02,  7.8125E-02
85000, -2.612425E+02, -1.001750E+02,  1.2500E-01
85100, -2.570387E+02, -1.544397E+02,  9.3750E-02
85200, -2.545391E+02, -2.343399E+02,  1.2500E-01
85300, -2.647690E+02, -1.550996E+02,  4.6875E-02
85400, -2.689122E+02, -1.908398E+02,  1.8750E-01
85500, -2.428911E+02, -1.420578E+02,  1.0938E-01
85600, -2.660946E+02, -1.468284E+02,  6.2500E-02
85700, -2.466680E+02, -2.255770E+02,  9.3750E-02
85800, -2.517389E+02, -1.255397E+02,  1.2500E-01
85900, -2.572222E+02, -1.437700E+02,  6.2500E-02
86000, -2.680355E+02, -1.339913E+02,  7.8125E-02
86100, -2.406572E+02, -2.336588E+02,  1.0938E-01
86200, -2.483239E+02, -2.290478E+02,  1.8750E-01
86300, -2.374366E+02, -1.730797E+02,  1.0938E-01
86400, -2.154428E+02, -1.624174E+02,  1.5625E-01
86500, -2.265072E+02, -2.707223E+02,  7.8125E-02
86600, -2.278920E+02, -2.579722E+02,  7.8125E-02
86700, -1.985197E+02, -3.243385E+02,  1.7188E-01
86800, -2.100630E+02, -3.408783E+02,  1.2500E-01
86900, -2.116225E+02, -1.776315E+02,  3.1250E-02
87000, -2.695769E+02, -1.865363E+02,  1.4062E-01
87100, -1.963012E+02, -2.877065E+02,  1.5625E-01
87200, -2.017153E+02, -9.796143E+00,  1.7188E-01
87300, -2.128845E+02, -6.346263E+01,  1.5625E-01
87400, -1.852380E+02, -1.072542E+02,  9.3750E-02
87500, -2.170413E+02, -9.431317E+01,  7.8125E-02
87600, -1.829781E+02, -3.175786E+02,  9.3750E-02
87700, -1.697037E+02, -2.335655E+02,  9.3750E-02
87800, -1.463192E+02, -3.430620E+02,  1.7188E-01
87900, -1.609352E+02, -3.110691E+02,  1.5625E-01
88000, -1.323882E+02, -2.815392E+02,  2.1875E-01
88100, -1.626334E+02, -2.783547E+02,  2.1875E-01
88200, -1.432382E+02, -2.601069E+02,  1.0938E-01
88300, -1.579179E+02, -2.108020E+02,  1.5625E-01
88400, -1.517296E+02, -3.493615E+02,  2.6562E-01
88500, -8.179425E+01, -4.253361E+02,  2.5000E-01
88600, -1.580591E+02, -3.443006E+02,  1.2500E-01
88700, -9.086396E+01, -3.514669E+02,  1.8750E-01
88800, -7.827635E+01, -4.622157E+02,  2.1875E-01
88900, -1.311737E+02, -3.922751E+02,  6.2500E-02
89000, -1.257491E+02, -3.270301E+02,  1.2500E-01
89100, -1.427145E+02, -3.378021E+02,  6.2500E-02
89200, -8.743558E+01, -1.766564E+02,  9.3750E-02
89300, -6.683685E+01, -2.809926E+02,  1.8750E-01
89400, -1.166237E+02, -3.285459E+02,  1.2500E-01
89500, -1.119051E+02, -3.289999E+02,  6.2500E-02
89600, -5.471579E+01, -3.389433E+02,  4.6875E-02
89700, -2.809301E+02, -1.715135E+02,  4.6875E-02
89800, -7.736528E+01, -2.318496E+02,  9.3750E-02
89900, -4.366193E+01, -3.318546E+02,  2.1875E-01
90000, -4.626648E+00, -5.830175E+02,  2.0312E-01
90100, -3.063126E+01, -5.146366E+02,  2.3438E-01
90200, -2.549402E+01, -2.736158E+02,  1.5625E-01
90300, -3.268354E+01, -4.001573E+02,  1.8750E-01
90400, -2.042339E+01, -4.065389E+02,  1.7188E-01
90500,  6.850430E+00, -6.091309E+02,  2.0312E-01
90600,  1.920003E+01, -5.571408E+02,  2.5000E-01
90700, -6.811695E-01, -5.691656E+02,  2.8125E-01
90800, -3.726997E+01, -4.425637E+02,  1.8750E-01
90900,  6.662182E+01, -3.749673E+02,  2.5000E-01
91000, -7.343433E+01, -9.151245E+01,  2.0312E-01
91100,  1.936399E+01, -4.713384E+02,  1.7188E-01
91200,  6.894328E+01, -3.461934E+02,  2.9688E-01
91300,  6.184413E+01, -5.603639E+02,  1.8750E-01
91400, -9.563675E-01, -5.123206E+02,  2.3438E-01
91500, -4.329220E+00, -2.801863E+02,  2.1875E-01
91600,  6.503246E+01, -4.363806E+02,  1.7188E-01
91700,  1.511979E+02, -4.999082E+02,  2.6562E-01
91800,  1.503898E+02, -7.546630E+02,  2.5000E-01
91900,  1.475564E+02, -3.968596E+02,  2.1875E-01
92000,  1.258330E+02, -4.457669E+02,  2.8125E-01
92100,  1.069878E+02,  7.950405E+01,  2.6562E-01
92200,  2.048592E+02, -7.992000E+02,  3.5938E-01
92300,  2.094357E+02, -5.131129E+02,  2.1875E-01
92400,  2.550524E+02, -7.316039E+02,  2.3438E-01
92500,  1.479891E+02, -7.218843E+02,  2.0312E-01
92600,  2.456514E+02, -7.554281E+02,  2.3438E-01
92700,  2.201891E+02, -6.647080E+02,  1.2500E-01
92800,  1.872043E+02, -7.563811E+02,  1.8750E-01
92900,  5.122382E+01, -3.986356E+02,  1.0938E-01
93000,  3.546218E+02, -9.862772E+02,  2.9688E-01
93100,  3.264937E+02, -8.131963E+02,  1.5625E-01
93200,  3.549967E+02, -7.474191E+02,  1.2500E-01
93300,  2.837721E+02, -7.251945E+02,  2.6562E-01
93400,  2.825938E+02, -2.170194E+02,  1.5625E-01
93500,  4.724695E+02, -4.782618E+02,  1.8750E-01
93600,  4.765471E+02, -1.145893E+03,  2.1875E-01
93700,  3.754214E+02, -9.261284E+02,  2.0312E-01
93800,  4.470138E+02, -9.540444E+02,  1.7188E-01
93900,  3.553478E+02, -7.451145E+02,  3.2812E-01
94000,  5.412037E+02, -1.086049E+03,  1.0938E-01
94100,  4.376006E+02, -6.869783E+02,  1.7188E-01
94200,  4.548954E+02, -8.337166E+02,  1.5625E-01
94300,  5.669687E+02, -1.124433E+03,  1.8750E-01
94400,  4.723041E+02, -9.403809E+02,  1.8750E-01
94500,  6.298722E+02, -1.249352E+03,  2.1875E-01
94600,  5.860427E+02, -1.092924E+03,  1.5625E-01
94700,  6.157546E+02, -1.056149E+03,  1.8750E-01
94800,  7.107964E+02, -1.203888E+03,  1.4062E-01
94900,  7.869674E+02, -1.170691E+03,  2.6562E-01
95000,  7.866462E+02, -1.122551E+03,  2.3438E-01
95100,  6.185456E+02, -7.143044E+02,  2.8125E-01
95200,  5.960879E+02, -7.952475E+02,  1.4062E-01
95300,  7.169478E+02, -8.767942E+02,  2.3438E-01
95400,  7.076580E+02, -1.169324E+03,  1.5625E-01
95500,  9.041243E+02, -1.383682E+03,  1.7188E-01
95600,  9.410349E+02, -1.221117E+03,  1.7188E-01
95700,  1.000317E+03, -1.295388E+03,  2.3438E-01
95800,  9.947320E+02, -1.516692E+03,  2.1875E-01
95900,  1.012666E+03, -1.061821E+03,  1.2500E-01
96000,  1.020875E+03, -1.385077E+03,  2.3438E-01
96100,  1.068163E+03, -7.615516E+02,  1.5625E-01
96200,  1.087980E+03, -1.341932E+03,  2.3438E-01
96300,  1.119657E+03, -1.447434E+03,  1.8750E-01
96400,  1.163489E+03, -9.801118E+02,  2.9688E-01
96500,  1.143263E+03, -1.353917E+03,  1.4062E-01
96600,  1.301792E+03, -1.488270E+03,  1.8750E-01
96700,  1.287875E+03, -1.531781E+03,  1.8750E-01
96800,  1.299914E+03, -1.182138E+03,  2.1875E-01
96900,  1.028080E+03, -1.265310E+03,  1.2500E-01
97000,  1.191861E+03, -1.532065E+03,  1.7188E-01
97100,  1.216888E+03, -1.363047E+03,  1.5625E-01
97200,  1.476394E+03, -1.555594E+03,  2.3438E-01
97300,  1.568122E+03, -1.577168E+03,  2.3438E-01
97400,  1.542512E+03,  1.600395E+02,  2.5000E-01
97500,  1.637323E+03, -1.438655E+03,  2.6562E-01
97600,  1.501620E+03, -8.764688E+02,  1.8750E-01
97700,  1.628460E+03, -1.348094E+03,  2.1875E-01
97800,  1.649292E+03, -1.259553E+03,  1.2500E-01
97900,  1.617694E+03, -1.679267E+03,  2.8125E-01
98000,  1.822859E+03, -1.798196E+03,  3.1250E-01
98100,  1.667193E+03, -1.319581E+03,  2.5000E-01
98200,  1.727852E+03, -1.448812E+03,  2.5000E-01
98300,  1.628703E+03, -1.441625E+03,  1.0938E-01
98400,  1.973918E+03, -2.050176E+03,  2.5000E-01
98500,  2.035098E+03, -1.098664E+03,  2.0312E-01
98600,  2.094174E+03,  2.213606E+01,  2.0312E-01
98700,  1.910828E+03, -1.654584E+03,  1.7188E-01
98800,  1.916919E+03, -4.710555E+02,  2.0312E-01
98900,  2.093358E+03, -2.071648E+03,  2.8125E-01
99000,  2.064804E+03, -1.560352E+03,  2.3438E-01
99100,  2.172999E+03, -2.095518E+03,  2.5000E-01
99200,  2.228038E+03, -1.965535E+03,  2.8125E-01
99300,  2.149934E+03, -2.188354E+03,  2.8125E-01
99400,  2.304978E+03, -2.446644E+03,  1.5625E-01
99500,  2.337858E+03, -2.033244E+03,  2.3438E-01
99600,  2.335591E+03, -2.361787E+03,  3.5938E-01
99700,  2.267804E+03, -2.160013E+03,  1.0938E-01
99800,  2.226746E+03, -1.868421E+03,  1.0938E-01
99900,  2.110720E+03, -1.715759E+03,  6.2500E-02
100000,  2.302412E+03, -1.733390E+03,  1.7188E-01
