# step, gen_loss, dis_loss, train_acc
100,  8.126820E-01, -4.673418E-01,  3.7500E-01
200,  4.571300E-01, -3.549911E-01,  4.5312E-01
300, -3.553933E+00, -2.889493E-01,  6.2500E-01
400, -6.807616E+00, -2.043836E-01,  6.0938E-01
500,  1.728010E-01, -1.192965E-01,  6.8750E-01
600,  5.457643E-01, -1.467027E-01,  7.0312E-01
700, -7.761618E-01, -1.994545E-01,  5.9375E-01
800,  1.835222E+00, -1.306644E-01,  7.6562E-01
900,  1.902510E+00, -9.285560E-02,  7.5000E-01
1000,  2.916938E+00, -5.587167E-02,  7.8125E-01
1100,  3.776835E+00, -1.077772E-01,  7.6562E-01
1200,  2.363636E+00, -6.461991E-02,  7.5000E-01
1300,  5.487352E+00, -4.354129E-02,  7.5000E-01
1400,  3.551250E+00, -1.948703E-03,  7.9688E-01
1500,  4.880354E+00, -5.038374E-02,  7.8125E-01
1600,  7.651201E+00,  8.268736E-03,  8.5938E-01
1700,  2.537937E+00, -5.171994E-02,  8.4375E-01
1800,  6.467419E+00, -1.742960E-02,  8.1250E-01
1900,  4.588550E+00, -6.309311E-02,  7.8125E-01
2000,  1.985179E+00, -7.460018E-02,  7.5000E-01
2100,  3.799132E+00, -3.415725E-02,  7.9688E-01
2200,  2.732069E+00, -1.740219E-02,  8.1250E-01
2300,  1.329463E+00, -3.708509E-02,  8.5938E-01
2400, -3.126242E-01, -3.276048E-02,  7.9688E-01
2500,  1.153450E+00, -7.523362E-02,  8.2812E-01
2600, -7.505019E-01, -7.770872E-02,  7.8125E-01
2700, -8.248301E-01,  2.300681E-02,  7.8125E-01
2800,  6.707530E+00, -1.453091E-02,  8.7500E-01
2900,  3.071593E+00, -3.647824E-02,  8.2812E-01
3000,  7.570900E-01, -3.565690E-02,  9.0625E-01
3100, -1.561461E+00, -4.264639E-02,  8.5938E-01
3200,  4.338614E+00, -3.143771E-02,  7.9688E-01
3300,  4.933478E+00, -4.246464E-02,  8.4375E-01
3400,  4.226865E+00, -4.856549E-02,  7.6562E-01
3500, -4.612724E+00, -3.310176E-02,  8.1250E-01
3600,  8.840249E-01, -4.865251E-02,  7.5000E-01
3700,  6.324853E+00, -6.845170E-02,  7.5000E-01
3800,  2.801753E+00, -4.298528E-02,  7.9688E-01
3900,  1.291971E+01, -1.241845E-02,  8.1250E-01
4000,  7.650314E+00, -8.476583E-03,  8.2812E-01
4100,  9.329900E+00, -4.078143E-02,  8.7500E-01
4200, -1.666310E+00, -2.475083E-02,  8.4375E-01
4300, -6.354662E+00, -5.219701E-02,  7.9688E-01
4400,  2.530757E+00, -2.367048E-02,  8.2812E-01
4500,  1.415389E+00, -2.619833E-02,  8.9062E-01
4600,  3.765107E+00, -6.163524E-02,  8.1250E-01
4700,  1.118216E+00,  1.163324E-02,  9.2188E-01
4800, -4.106702E+00, -1.656259E-02,  8.5938E-01
4900,  4.922164E+00, -4.856203E-03,  8.5938E-01
5000,  8.334350E+00,  1.696713E-02,  9.2188E-01
5100,  2.710752E+00, -2.835689E-02,  8.1250E-01
5200,  1.013321E+01, -4.563136E-02,  8.4375E-01
5300,  4.278442E+00, -3.025665E-02,  9.3750E-01
5400,  9.274559E+00, -4.409806E-02,  8.1250E-01
5500,  6.441641E+00, -3.272845E-02,  8.2812E-01
5600,  1.461727E+01, -6.794854E-02,  8.4375E-01
5700,  2.603937E+00, -2.512504E-02,  8.7500E-01
5800,  1.458366E+01, -1.224809E-02,  8.7500E-01
5900,  9.527527E+00, -3.268718E-02,  8.5938E-01
6000, -2.788536E+00,  3.058602E-03,  8.5938E-01
6100, -1.382977E+01, -6.702443E-03,  8.9062E-01
6200,  6.811678E+00, -4.007109E-02,  7.9688E-01
6300, -1.698007E+01, -2.384009E-02,  8.7500E-01
6400,  2.074222E+01, -2.112671E-02,  9.3750E-01
6500, -1.056163E+01,  1.760652E-02,  8.7500E-01
6600, -1.018233E+01, -1.901948E-02,  7.8125E-01
6700,  1.241904E+00, -2.256506E-02,  8.7500E-01
6800, -7.804617E+00,  5.014568E-03,  9.3750E-01
6900, -1.057729E+01, -2.527027E-02,  8.7500E-01
7000, -4.003881E-01, -2.478363E-02,  8.9062E-01
7100, -1.228278E+01, -2.465130E-02,  8.2812E-01
7200,  5.750374E+00, -3.853544E-02,  9.0625E-01
7300,  4.857059E+00,  1.905868E-02,  8.7500E-01
7400,  8.291909E+00, -1.387885E-02,  8.5938E-01
7500,  1.308124E+01, -1.076984E-02,  8.5938E-01
7600,  2.247905E+00, -3.363410E-02,  8.2812E-01
7700,  3.439674E+00, -2.412053E-02,  9.0625E-01
7800, -5.436050E+00, -4.344817E-02,  7.9688E-01
7900, -2.916740E+00, -5.441786E-02,  8.2812E-01
8000, -2.806285E+01, -2.577836E-02,  8.9062E-01
8100,  8.656822E-01, -3.467238E-02,  8.5938E-01
8200, -2.900969E+00, -5.157637E-02,  8.5938E-01
8300, -1.592503E-01, -3.570318E-04,  8.9062E-01
8400,  1.968717E+01, -3.117747E-02,  8.4375E-01
8500,  1.275202E+00, -3.226743E-02,  9.0625E-01
8600,  1.566717E+01, -1.020447E-02,  8.4375E-01
8700, -1.880298E+01, -4.051841E-02,  8.7500E-01
8800,  1.957591E+01, -2.325954E-02,  8.9062E-01
8900,  3.412984E+01, -7.456483E-02,  7.8125E-01
9000,  2.371283E+00, -6.026794E-02,  8.7500E-01
9100, -1.196460E+00, -3.858288E-02,  8.1250E-01
9200,  2.129043E+01, -3.750273E-02,  8.1250E-01
9300,  7.999403E+00,  1.309628E-02,  7.6562E-01
9400,  1.420739E+01, -1.682313E-02,  8.4375E-01
9500,  3.002890E+00, -3.606968E-02,  8.4375E-01
9600, -1.668306E+01, -4.098266E-02,  8.5938E-01
9700, -2.951332E+01, -5.016283E-02,  7.9688E-01
9800,  2.003895E+01, -1.966578E-02,  8.9062E-01
9900, -2.808947E+00, -4.496685E-02,  8.7500E-01
10000, -1.615412E+00, -5.222284E-03,  8.7500E-01
10100, -4.509263E+00, -3.581866E-02,  8.7500E-01
10200,  1.444142E+01, -2.923988E-02,  8.4375E-01
10300, -7.922118E+00,  1.230942E-03,  9.0625E-01
10400, -8.433496E-01, -1.834657E-02,  9.0625E-01
10500, -2.477933E+00, -1.161648E-02,  9.0625E-01
10600,  1.659280E+01, -2.496784E-02,  9.2188E-01
10700, -9.507141E-01, -2.711925E-02,  8.1250E-01
10800, -7.593058E+00, -2.067290E-02,  8.7500E-01
10900,  4.987489E+00, -4.126691E-02,  8.4375E-01
11000,  1.525356E+01, -4.624587E-02,  8.7500E-01
11100, -3.010156E-01, -2.559960E-02,  8.9062E-01
11200, -2.885189E+00, -7.497405E-02,  8.2812E-01
11300,  1.490097E+01, -1.549361E-02,  7.9688E-01
11400,  2.129330E+00, -1.260340E-02,  7.6562E-01
11500,  3.944804E+01, -2.783503E-03,  8.7500E-01
11600, -4.289648E+00, -9.065072E-03,  9.2188E-01
11700,  1.254769E+00, -1.585182E-02,  8.7500E-01
11800,  1.497973E+00, -7.581404E-03,  8.9062E-01
11900,  8.055668E+00, -7.232576E-02,  7.8125E-01
12000,  2.176080E+01, -3.891647E-02,  8.4375E-01
12100, -5.748010E+00, -3.334134E-02,  8.5938E-01
12200,  1.575609E+00, -2.982421E-02,  8.7500E-01
12300, -4.345498E+00, -2.229013E-02,  8.5938E-01
12400, -5.647861E+00, -1.522959E-02,  8.9062E-01
12500, -1.157785E+01, -2.331468E-03,  9.0625E-01
12600,  1.390385E+01, -1.983649E-02,  8.7500E-01
12700,  8.082445E-01,  1.151478E-03,  9.0625E-01
12800, -3.354581E+00, -1.661917E-02,  8.7500E-01
12900,  3.947581E+00, -1.020899E-02,  9.2188E-01
13000, -2.860693E+01, -1.384735E-02,  8.9062E-01
13100,  1.649756E+01,  6.069888E-03,  9.5312E-01
13200,  2.612430E+00, -2.400485E-02,  8.5938E-01
13300,  3.806355E+00, -1.812254E-02,  8.2812E-01
13400,  4.635295E+00, -1.705030E-02,  9.0625E-01
13500,  7.164938E+00, -1.223254E-02,  8.9062E-01
13600, -1.421107E+01, -3.701864E-03,  9.5312E-01
13700,  1.124457E+01, -1.795688E-02,  8.9062E-01
13800, -3.264354E+01, -1.132820E-02,  9.5312E-01
13900, -1.054555E+01, -5.567844E-03,  9.3750E-01
14000, -5.911603E+00, -8.446486E-03,  9.2188E-01
14100, -3.980906E+00, -7.829025E-03,  8.5938E-01
14200, -1.099474E+01, -4.237825E-02,  8.5938E-01
14300, -9.353470E+00, -1.082982E-02,  8.7500E-01
14400,  1.072785E+00, -6.453061E-03,  9.0625E-01
14500, -5.870214E+00, -9.857952E-04,  8.9062E-01
14600,  1.310880E+01, -4.751167E-02,  8.1250E-01
14700, -1.834108E+00,  4.344583E-03,  9.8438E-01
14800, -1.269430E+01, -2.430888E-02,  8.4375E-01
14900, -2.735332E+00, -1.231267E-02,  8.7500E-01
15000,  1.506519E+01, -3.376175E-02,  8.7500E-01
15100,  6.588517E+00, -4.419587E-02,  8.5938E-01
15200, -1.295441E+01, -3.553300E-03,  8.7500E-01
15300, -1.776788E+00, -6.122889E-03,  8.9062E-01
15400,  1.472234E+01,  9.031918E-03,  8.2812E-01
15500,  1.385337E+00,  2.663697E-02,  9.2188E-01
15600, -6.549270E+00,  6.567906E-03,  8.5938E-01
15700, -1.416134E+01, -4.901008E-02,  8.4375E-01
15800,  3.839112E+00, -3.750768E-02,  8.7500E-01
15900, -3.042053E+00, -2.447437E-02,  8.5938E-01
16000,  1.452380E+00,  8.804740E-03,  9.0625E-01
16100, -2.334125E+01, -5.134649E-02,  8.9062E-01
16200, -1.869446E+01, -1.582865E-02,  9.2188E-01
16300,  7.460509E+00, -2.358318E-02,  9.5312E-01
16400, -8.091487E+00, -2.544863E-02,  8.7500E-01
16500, -1.929864E-01, -1.483377E-02,  8.9062E-01
16600,  1.460497E+01, -2.280549E-03,  8.7500E-01
16700, -5.564666E+00, -2.902543E-03,  8.5938E-01
16800, -5.860440E-01, -3.386394E-02,  8.2812E-01
16900, -1.088889E+01, -1.505824E-02,  8.5938E-01
17000,  2.908947E+00, -6.138173E-02,  8.1250E-01
17100, -1.870080E+01, -1.436812E-02,  9.5312E-01
17200,  1.858325E+00,  1.070350E-02,  8.7500E-01
17300,  7.266376E+00, -1.412825E-02,  9.3750E-01
17400, -1.203590E+01,  1.076628E-02,  9.2188E-01
17500,  2.185576E+00, -1.868653E-02,  8.7500E-01
17600,  1.226569E+00, -8.177399E-03,  9.0625E-01
17700,  1.481387E+00, -1.817074E-02,  9.3750E-01
17800, -2.170089E+01, -1.144630E-03,  8.9062E-01
17900, -1.758733E+01,  1.493682E-03,  9.3750E-01
18000, -2.416801E+01,  9.388524E-03,  9.0625E-01
18100, -2.079035E+00, -8.209769E-03,  8.9062E-01
18200, -1.716222E+00, -1.784243E-02,  9.3750E-01
18300, -7.904619E+00, -8.719018E-03,  9.5312E-01
18400,  1.176837E+01, -2.571416E-02,  9.0625E-01
18500,  3.115309E+01, -3.531905E-02,  9.2188E-01
18600,  9.084406E+00, -4.605742E-02,  8.7500E-01
18700, -2.288419E+01, -2.060170E-02,  9.0625E-01
18800, -1.678321E+01, -1.539992E-02,  8.5938E-01
18900, -2.076587E+01, -1.511087E-02,  8.7500E-01
19000, -6.992292E+00,  1.118585E-02,  8.5938E-01
19100, -1.162337E+01, -1.078834E-02,  8.7500E-01
19200, -9.722507E+00, -2.403812E-02,  8.7500E-01
19300, -3.397128E+01,  7.925553E-03,  8.5938E-01
19400, -1.114259E+01, -8.697175E-03,  9.3750E-01
19500, -3.156909E+01, -3.563969E-02,  9.2188E-01
19600, -7.711804E+00, -7.447900E-03,  9.2188E-01
19700, -1.052817E+01, -2.128077E-02,  9.2188E-01
19800, -1.855424E+01, -5.042209E-03,  8.5938E-01
19900,  7.528218E+00, -4.385224E-03,  9.5312E-01
20000, -5.571566E+00, -1.148197E-02,  9.3750E-01
20100, -1.621287E+01, -1.796104E-02,  9.0625E-01
20200, -1.323018E+01, -5.170255E-03,  8.2812E-01
20300,  1.748016E+00, -3.404915E-02,  8.7500E-01
20400, -4.958714E+00, -2.082599E-02,  9.2188E-01
20500, -1.789879E+01,  3.563395E-03,  9.2188E-01
20600, -6.764135E+00, -2.220279E-02,  8.7500E-01
20700, -1.909307E+01, -2.753888E-03,  8.5938E-01
20800,  6.064693E-01, -3.509174E-02,  8.7500E-01
20900,  7.148976E+00, -1.132087E-02,  8.4375E-01
21000, -1.781716E+01, -1.272130E-02,  8.9062E-01
21100, -1.386612E+01, -2.702846E-02,  8.9062E-01
21200, -6.461356E+00,  2.067664E-02,  9.0625E-01
21300,  4.434509E+00, -1.665002E-02,  8.9062E-01
21400, -1.234567E+01, -3.072823E-02,  8.9062E-01
21500,  1.693385E+00,  5.356967E-06,  8.9062E-01
21600,  1.018820E+01, -7.518893E-03,  8.1250E-01
21700, -2.293667E+01, -1.408065E-02,  8.9062E-01
21800,  1.061268E-01, -5.153944E-02,  8.5938E-01
21900,  1.827189E+00,  7.651765E-03,  9.6875E-01
22000, -7.856210E+00, -1.384708E-02,  8.9062E-01
22100, -1.598390E+01, -2.264225E-02,  8.9062E-01
22200, -2.217062E+01, -1.368465E-02,  9.2188E-01
22300,  1.062002E+01, -3.032542E-03,  9.5312E-01
22400, -6.857108E+00, -1.260264E-02,  8.4375E-01
22500, -2.056199E+01,  4.817994E-03,  9.6875E-01
22600, -2.616642E+01, -1.303043E-02,  9.2188E-01
22700, -8.452292E+00, -2.952501E-02,  9.2188E-01
22800, -5.460267E+00, -3.109180E-02,  8.9062E-01
22900, -2.406472E+01, -1.937976E-02,  9.0625E-01
23000, -2.623499E+01,  7.323924E-03,  9.0625E-01
23100, -1.057191E+01, -6.261878E-04,  8.9062E-01
23200, -2.303166E+01, -6.885500E-02,  8.5938E-01
23300, -4.322610E-01, -1.640072E-03,  8.9062E-01
23400, -6.801275E+00,  4.870011E-03,  9.6875E-01
23500, -1.851046E+01, -7.765991E-03,  9.0625E-01
23600, -4.674593E+00,  5.133533E-03,  9.5312E-01
23700, -2.971734E+01, -2.230415E-02,  8.7500E-01
23800, -2.117789E+00,  1.028999E-02,  8.4375E-01
23900, -2.169848E+01, -1.692811E-02,  9.0625E-01
24000, -2.518121E+01, -3.881694E-02,  8.9062E-01
24100, -2.344632E+01,  4.188251E-05,  9.3750E-01
24200, -4.757588E+00, -9.006402E-03,  9.3750E-01
24300, -3.289815E+00, -7.057576E-03,  9.2188E-01
24400,  7.088024E+00,  8.153285E-03,  9.3750E-01
24500, -2.820374E+01, -2.327400E-02,  8.9062E-01
24600, -1.269093E+01,  7.603282E-03,  9.0625E-01
24700, -3.266320E+01, -7.923467E-03,  8.7500E-01
24800, -3.845493E+01, -8.517783E-05,  9.0625E-01
24900, -2.275221E+01, -4.132468E-02,  8.9062E-01
25000, -2.580970E+01, -1.703169E-02,  9.0625E-01
25100, -5.262503E+00,  7.836688E-03,  8.4375E-01
25200, -1.109775E+01, -1.138138E-02,  8.9062E-01
25300, -3.445543E+00,  2.734665E-03,  9.2188E-01
25400, -6.835961E+00, -9.918282E-03,  9.5312E-01
25500,  1.038300E+01, -3.063267E-02,  8.9062E-01
25600, -1.050498E+01,  6.044403E-03,  8.9062E-01
25700, -2.994275E+00, -2.166058E-02,  9.2188E-01
25800, -2.168130E+01, -4.740447E-03,  9.3750E-01
25900,  6.441630E+00, -1.190736E-02,  8.2812E-01
26000,  3.223700E+01, -2.290341E-02,  9.0625E-01
26100, -2.721962E+00, -1.876906E-02,  8.5938E-01
26200,  1.144748E+01, -1.038453E-02,  8.9062E-01
26300, -3.197076E+00, -5.806525E-02,  8.1250E-01
26400, -7.167981E+00, -7.618301E-02,  8.2812E-01
26500, -7.373277E-01, -8.226565E-03,  8.5938E-01
26600, -1.075888E+01, -6.461420E-03,  8.7500E-01
26700, -8.654019E+00,  5.869395E-03,  9.3750E-01
26800, -1.571266E+00,  7.110555E-03,  9.0625E-01
26900, -9.111516E+00, -2.529363E-02,  8.2812E-01
27000, -6.459534E+00, -2.824781E-02,  9.0625E-01
27100, -1.762608E+01, -2.396050E-03,  9.0625E-01
27200, -3.130500E+00, -3.693920E-02,  8.4375E-01
27300,  1.162721E+01, -1.472386E-02,  8.7500E-01
27400, -3.325336E+01, -4.028250E-03,  9.0625E-01
27500, -2.269001E+01, -1.490985E-02,  8.7500E-01
27600, -2.318398E+01, -3.381601E-02,  8.5938E-01
27700, -2.993822E+01,  9.749776E-03,  9.6875E-01
27800, -5.025033E+00, -1.424063E-03,  9.5312E-01
27900, -4.523658E+01, -1.343323E-02,  9.2188E-01
28000, -1.624681E+01, -3.876343E-02,  8.5938E-01
28100, -3.142739E+01, -2.423795E-02,  8.4375E-01
28200, -2.712046E+01, -2.319047E-02,  9.2188E-01
28300, -1.663986E+01,  1.615124E-03,  9.0625E-01
28400, -2.427781E+01, -2.021741E-02,  8.9062E-01
28500, -4.747340E-01, -6.986357E-03,  9.3750E-01
28600, -8.438628E+00, -7.523373E-03,  8.5938E-01
28700, -2.756046E+01, -2.150904E-02,  8.7500E-01
28800, -5.938595E+00, -3.617662E-03,  9.5312E-01
28900, -2.234856E+01, -6.585971E-02,  8.4375E-01
29000, -5.560661E+00, -1.643981E-02,  9.2188E-01
29100, -2.194382E+01, -2.212519E-02,  8.7500E-01
29200, -2.439968E+01, -1.731433E-02,  9.2188E-01
29300, -2.134847E+01, -2.705544E-02,  9.2188E-01
29400, -2.098199E+01, -1.233179E-02,  9.8438E-01
29500, -3.080791E+01,  1.299694E-03,  8.9062E-01
29600, -2.754036E+01, -9.581619E-03,  9.5312E-01
29700, -1.008581E+01, -6.894247E-03,  9.2188E-01
29800, -7.528897E+00, -1.334017E-03,  9.6875E-01
29900,  9.847631E+00, -3.663880E-02,  9.0625E-01
30000, -1.176066E+01, -2.907376E-02,  8.7500E-01
30100, -1.109137E+01,  1.807373E-02,  9.3750E-01
30200, -2.643709E+01, -2.152036E-02,  9.0625E-01
30300,  8.293159E+00, -1.764850E-02,  8.9062E-01
30400, -1.130736E+01, -1.022573E-02,  9.2188E-01
30500, -2.842813E+01,  1.010314E-02,  8.7500E-01
30600, -1.061641E+01, -1.484029E-02,  9.2188E-01
30700, -2.084941E+01, -1.983216E-02,  9.0625E-01
30800, -3.700484E+01, -2.737142E-03,  9.2188E-01
30900,  9.668039E+00, -1.995228E-02,  9.2188E-01
31000,  1.242963E+01, -1.628689E-02,  8.7500E-01
31100,  1.066561E+01, -1.746171E-02,  8.7500E-01
31200, -8.607434E+00, -2.219373E-02,  9.3750E-01
31300, -1.420680E+01, -2.269003E-02,  9.3750E-01
31400, -2.784060E+01, -1.712160E-02,  8.7500E-01
31500, -9.266700E+00, -2.476652E-02,  8.7500E-01
31600, -7.218790E+00, -2.243648E-02,  9.0625E-01
31700, -5.921639E+00, -4.334966E-02,  8.5938E-01
31800,  6.858608E+00, -2.437627E-02,  8.5938E-01
31900, -5.072597E+00, -3.620719E-02,  8.5938E-01
32000, -1.529746E+01, -3.880826E-02,  8.9062E-01
32100, -8.106625E+00, -5.814921E-03,  9.5312E-01
32200,  1.401400E+01, -3.207751E-03,  9.0625E-01
32300, -2.343142E+01, -8.117087E-03,  8.9062E-01
32400, -2.026446E+01, -7.152380E-04,  8.7500E-01
32500, -1.746163E+01,  8.407474E-03,  9.3750E-01
32600, -2.847058E+01, -2.227305E-02,  8.9062E-01
32700,  9.098997E+00, -2.957723E-02,  9.2188E-01
32800, -2.293643E+00, -1.010451E-02,  9.3750E-01
32900,  1.517367E+01,  2.968220E-03,  9.3750E-01
33000, -1.251314E+01, -2.691064E-02,  8.5938E-01
33100, -4.666319E-01, -1.913929E-02,  8.9062E-01
33200,  1.361035E+00, -4.295746E-04,  8.7500E-01
33300, -5.855413E+00, -1.146196E-02,  9.0625E-01
33400,  1.246089E+01,  9.900511E-03,  8.9062E-01
33500, -9.321354E+00, -4.572471E-03,  9.2188E-01
33600,  7.496613E+00, -2.879544E-02,  9.0625E-01
33700,  5.306331E+00, -1.481610E-02,  9.0625E-01
33800, -1.223270E+01, -1.786031E-03,  9.3750E-01
33900,  4.103016E+00, -9.191222E-03,  9.3750E-01
34000, -9.845707E+00, -6.978947E-04,  9.3750E-01
34100, -6.021596E+00, -1.994514E-02,  9.0625E-01
34200,  8.734581E-01, -1.230992E-02,  9.5312E-01
34300, -2.059311E+01, -1.604583E-02,  8.4375E-01
34400, -1.357061E+01, -4.191080E-02,  8.7500E-01
34500, -1.573411E+01,  6.311889E-03,  8.7500E-01
34600, -9.034779E+00, -2.549271E-02,  7.6562E-01
34700, -2.712762E+01, -1.555056E-02,  9.3750E-01
34800, -2.922255E+01,  1.038366E-02,  8.9062E-01
34900, -2.593797E+01, -1.799183E-02,  9.2188E-01
35000,  4.219656E+00, -1.216930E-02,  9.0625E-01
35100, -4.330681E+01, -5.468805E-04,  8.9062E-01
35200, -9.305242E+00, -4.517444E-03,  8.1250E-01
35300, -1.513231E+01, -2.309846E-02,  8.7500E-01
35400, -1.546093E+01, -1.282531E-02,  9.0625E-01
35500, -1.398233E+01,  4.730334E-03,  9.2188E-01
35600, -1.189646E+01, -1.578337E-03,  9.0625E-01
35700,  2.415997E+00, -9.436156E-03,  8.9062E-01
35800,  4.945700E-01, -1.352571E-03,  9.2188E-01
35900, -1.623660E+01,  1.058586E-02,  9.0625E-01
36000,  9.053154E+00, -1.514345E-02,  9.3750E-01
36100,  6.435317E+00, -5.503345E-03,  8.1250E-01
36200,  4.828473E+00,  1.052491E-02,  9.2188E-01
36300,  1.314107E+01, -3.741737E-02,  8.4375E-01
36400,  1.481901E+01, -3.786331E-02,  8.9062E-01
36500, -5.391294E+00, -7.153021E-03,  8.7500E-01
36600, -3.239503E+00, -4.038413E-02,  8.5938E-01
36700,  5.487698E+00,  1.652193E-03,  9.2188E-01
36800,  1.432382E+00,  6.619312E-03,  9.5312E-01
36900, -2.363230E+01,  1.787389E-03,  9.3750E-01
37000, -8.147593E+00, -1.150662E-02,  9.2188E-01
37100, -1.200462E+01, -5.187446E-03,  8.5938E-01
37200, -1.054092E+01, -8.709352E-03,  8.7500E-01
37300, -6.059452E-01,  7.494949E-04,  9.0625E-01
37400,  9.424368E+00, -1.720052E-02,  9.3750E-01
37500, -2.689126E+01, -1.283242E-02,  8.9062E-01
37600, -5.277434E+00, -3.925307E-03,  8.4375E-01
37700, -2.017291E+01, -1.157445E-03,  9.6875E-01
37800, -3.477380E+01,  2.251738E-03,  9.3750E-01
37900, -3.941905E+00, -4.994077E-03,  9.5312E-01
38000,  2.304927E+00, -2.542576E-02,  8.4375E-01
38100,  6.904269E+00,  1.166088E-02,  9.2188E-01
38200,  8.002714E+00, -4.532061E-02,  8.4375E-01
38300, -4.165116E-01, -2.998341E-03,  8.9062E-01
38400, -3.855157E+00,  1.967238E-02,  9.0625E-01
38500, -1.479420E+01, -3.018604E-02,  9.5312E-01
38600, -2.084538E+01, -1.058471E-02,  9.5312E-01
38700,  3.866985E-01, -2.196096E-03,  9.2188E-01
38800,  1.640305E+01, -8.270498E-03,  8.7500E-01
38900,  2.090053E+01, -1.711061E-02,  8.7500E-01
39000,  1.867697E-01, -2.084760E-02,  8.4375E-01
39100, -3.030559E+01, -2.308452E-03,  9.2188E-01
39200, -2.835305E+01, -4.089870E-02,  8.5938E-01
39300, -6.363078E+00, -1.933955E-03,  9.8438E-01
39400, -4.699175E+00, -2.671462E-02,  9.2188E-01
39500, -8.092176E-01, -2.721849E-02,  8.7500E-01
39600, -1.606451E+01, -4.392333E-02,  8.9062E-01
39700, -1.959999E+00, -2.595135E-02,  9.0625E-01
39800,  1.237724E+01, -6.633820E-03,  9.5312E-01
39900, -6.561082E+00, -4.319319E-03,  8.7500E-01
40000,  9.171511E-01,  2.522102E-03,  9.2188E-01
40100, -7.491735E+00, -1.990579E-02,  8.5938E-01
40200,  5.645208E-01, -1.626207E-02,  9.5312E-01
40300, -3.209980E+00, -2.340679E-04,  9.3750E-01
40400,  1.217717E+01, -1.729240E-03,  9.2188E-01
40500, -1.537523E+01, -2.787972E-02,  8.2812E-01
40600, -2.604107E+01, -1.067275E-02,  9.0625E-01
40700,  9.187639E+00, -2.303710E-02,  8.9062E-01
40800, -4.092555E+01, -4.169375E-02,  8.5938E-01
40900, -1.708329E+01,  5.261292E-03,  8.9062E-01
41000,  1.564426E+01,  5.895570E-04,  9.3750E-01
41100, -6.506034E+00,  8.239893E-03,  9.2188E-01
41200, -2.815363E+01, -1.198000E-02,  9.3750E-01
41300, -1.095675E+01,  1.182604E-02,  9.3750E-01
41400,  1.266952E+01,  1.028574E-03,  9.0625E-01
41500, -3.557165E+00, -2.511160E-02,  8.9062E-01
41600,  1.136303E+01, -2.003071E-02,  8.9062E-01
41700,  4.864341E+00, -6.052607E-02,  8.5938E-01
41800, -7.488690E+00, -4.830572E-02,  7.8125E-01
41900,  1.036817E+01, -4.084635E-03,  9.2188E-01
42000, -8.554667E+00, -9.465465E-03,  7.9688E-01
42100, -9.611607E+00, -5.323610E-03,  8.2812E-01
42200,  2.472121E+00, -2.685772E-02,  8.4375E-01
42300,  1.730670E+01, -2.057379E-02,  8.5938E-01
42400, -1.096365E+01, -8.165625E-03,  8.9062E-01
42500,  1.064299E+00,  2.268619E-03,  9.8438E-01
42600, -5.222494E+00,  1.365783E-02,  9.0625E-01
42700,  1.061837E+00, -3.204125E-02,  7.9688E-01
42800, -3.153643E+01, -1.038225E-02,  8.9062E-01
42900, -8.029705E+00, -1.074916E-02,  9.3750E-01
43000,  2.862546E+00,  1.076977E-03,  9.2188E-01
43100, -3.803687E+00, -4.503055E-02,  8.2812E-01
43200, -3.333130E+01,  9.311129E-03,  9.5312E-01
43300, -2.749682E+01, -5.095124E-02,  7.8125E-01
43400, -2.918180E+01, -6.691919E-03,  9.3750E-01
43500, -9.241040E-01, -1.426591E-02,  9.0625E-01
43600, -1.722414E+01, -5.334459E-03,  9.6875E-01
43700, -9.173930E+00, -1.053427E-02,  9.3750E-01
43800,  3.038629E+00, -1.457719E-02,  9.6875E-01
43900, -2.079896E+01, -2.273812E-02,  9.0625E-01
44000, -2.333562E+01, -2.331302E-02,  8.7500E-01
44100, -2.341662E+01, -2.923544E-03,  9.0625E-01
44200, -4.906651E+00, -3.013629E-02,  8.7500E-01
44300, -6.622723E+00, -2.837759E-03,  9.0625E-01
44400, -1.179718E+01,  1.611664E-03,  9.2188E-01
44500,  9.683974E-01, -2.957186E-03,  9.3750E-01
44600, -1.112698E+01, -3.091588E-02,  9.2188E-01
44700,  1.588291E+01,  1.045535E-02,  8.9062E-01
44800,  1.881299E+01, -1.086516E-02,  9.5312E-01
44900,  2.851477E+00, -1.600766E-02,  9.2188E-01
45000, -1.492518E+01, -9.886900E-03,  8.9062E-01
45100, -2.445948E-01, -4.209460E-02,  8.2812E-01
45200, -4.033511E+00, -3.381337E-03,  9.0625E-01
45300,  8.917974E+00,  4.631414E-03,  9.0625E-01
45400, -1.059574E+01, -1.651046E-02,  8.7500E-01
45500,  1.939564E+00, -1.902300E-02,  9.0625E-01
45600,  3.442939E+00, -2.630315E-03,  9.3750E-01
45700, -5.913209E+00, -1.416950E-02,  9.2188E-01
45800, -1.224513E+01, -6.775554E-03,  8.4375E-01
45900,  1.747162E+00, -2.327641E-02,  9.0625E-01
46000, -1.825397E+01, -8.802343E-03,  9.5312E-01
46100, -1.647993E+00,  3.844676E-03,  9.8438E-01
46200, -7.137824E+00, -5.083147E-02,  8.5938E-01
46300,  1.965073E+01, -1.760262E-02,  8.7500E-01
46400,  2.899027E+01, -1.815971E-02,  9.0625E-01
46500, -3.319675E+00, -2.050989E-02,  8.9062E-01
46600, -1.699444E+01,  7.311295E-03,  9.0625E-01
46700, -1.662230E+01, -9.262491E-03,  9.5312E-01
46800,  4.001868E+01, -7.152415E-03,  8.7500E-01
46900,  6.149506E+00,  8.118233E-03,  8.9062E-01
47000,  6.133472E+00, -2.203265E-03,  9.3750E-01
47100,  5.579223E+00, -3.548396E-02,  8.5938E-01
47200,  5.606192E+01, -2.188791E-02,  8.9062E-01
47300, -3.267337E+01, -3.952516E-03,  9.2188E-01
47400,  1.009270E+01, -6.104235E-03,  9.0625E-01
47500, -7.281599E+00, -2.497717E-02,  9.2188E-01
47600,  1.904587E+01, -2.428331E-02,  9.0625E-01
47700,  4.018999E+00, -3.666785E-03,  8.7500E-01
47800,  1.467231E+01, -3.805579E-02,  8.7500E-01
47900, -1.901388E+01, -9.475186E-03,  9.2188E-01
48000,  1.524371E+01, -2.470825E-02,  8.4375E-01
48100, -2.434250E+00, -1.274478E-02,  9.5312E-01
48200,  6.659451E-01, -4.918223E-03,  9.3750E-01
48300,  2.549251E+01, -2.770201E-02,  8.4375E-01
48400,  2.315264E+01, -2.170951E-02,  8.9062E-01
48500,  2.960347E+01,  6.375565E-03,  8.7500E-01
48600, -6.379851E+00,  2.286811E-03,  9.0625E-01
48700,  1.458060E+00,  3.997625E-03,  9.2188E-01
48800,  2.525296E+00, -2.089092E-02,  8.4375E-01
48900,  4.308668E+00, -1.033721E-02,  9.3750E-01
49000,  1.795081E+01, -4.516107E-03,  9.2188E-01
49100, -9.987288E+00, -4.265371E-03,  8.9062E-01
49200, -6.443478E+00, -1.100243E-02,  9.2188E-01
49300,  1.509564E+01, -1.319892E-02,  9.0625E-01
49400, -1.684098E+01, -1.360076E-02,  9.0625E-01
49500,  1.504129E+00, -2.381361E-02,  9.3750E-01
49600, -7.911212E+00, -2.295984E-02,  9.0625E-01
49700,  3.517722E+00,  3.341177E-03,  9.5312E-01
49800,  2.133952E+01, -2.337224E-02,  9.2188E-01
49900, -7.751755E+00, -1.187685E-02,  9.3750E-01
50000,  1.146430E+01, -1.810622E-02,  9.0625E-01
50100,  4.563021E+00, -3.767280E-02,  8.1250E-01
50200,  3.978823E+00, -1.749848E-02,  9.3750E-01
50300,  2.588386E+00,  2.628821E-03,  9.6875E-01
50400, -5.004355E+00, -7.058055E-03,  8.9062E-01
50500, -2.270254E+01, -2.494899E-03,  9.6875E-01
50600,  6.913615E+00, -9.026659E-03,  8.9062E-01
50700, -8.184855E+00,  5.906743E-03,  9.2188E-01
50800,  1.312359E+01, -1.813009E-03,  8.5938E-01
50900, -8.725649E+00, -7.808069E-03,  9.3750E-01
51000, -1.652953E+01, -9.059917E-03,  9.6875E-01
51100,  1.566327E+01,  1.166605E-02,  8.7500E-01
51200,  4.426073E+00, -1.033961E-02,  9.5312E-01
51300,  3.678057E+00, -1.137813E-02,  8.9062E-01
51400, -6.089126E+00, -2.091952E-02,  9.0625E-01
51500,  3.838307E+00, -2.222537E-02,  9.2188E-01
51600,  3.055202E+00, -4.745699E-03,  9.8438E-01
51700,  1.114818E+00, -1.037137E-02,  9.0625E-01
51800, -2.685867E+01, -3.361806E-02,  8.4375E-01
51900,  2.861534E+01, -2.914186E-02,  8.5938E-01
52000,  1.812146E+01, -3.458817E-02,  9.0625E-01
52100,  1.520841E+01, -1.549610E-03,  9.5312E-01
52200, -4.846931E-02, -2.193367E-02,  9.0625E-01
52300, -8.514183E+00, -1.027227E-02,  9.6875E-01
52400,  8.869872E-01, -4.549485E-02,  8.9062E-01
52500, -6.574455E-01, -6.195520E-03,  8.7500E-01
52600,  3.525387E+00,  8.613756E-04,  9.6875E-01
52700,  7.738183E+00, -7.129574E-03,  9.5312E-01
52800, -1.237017E+01,  1.765012E-03,  9.0625E-01
52900, -2.736669E+01, -1.179080E-02,  9.3750E-01
53000,  3.179061E+00, -3.768625E-02,  9.0625E-01
53100,  1.745593E+00, -1.870811E-02,  9.2188E-01
53200,  4.612686E+00, -1.001320E-02,  9.2188E-01
53300, -2.816423E+01, -2.260370E-03,  9.0625E-01
53400,  5.494366E+00, -3.763159E-02,  8.9062E-01
53500, -4.724329E+00, -1.461584E-02,  9.0625E-01
53600, -6.618313E+00, -2.225517E-02,  9.3750E-01
53700,  2.261982E+01, -2.258672E-02,  9.0625E-01
53800, -3.239002E+01, -4.263463E-03,  8.7500E-01
53900,  9.490223E+00, -7.817918E-03,  8.5938E-01
54000,  1.072836E+01, -1.797726E-03,  9.5312E-01
54100,  1.752619E+01, -1.158645E-02,  8.9062E-01
54200,  5.333983E+00, -1.247522E-02,  9.5312E-01
54300, -5.155578E+00, -2.811079E-03,  9.2188E-01
54400,  3.026573E-01,  2.469331E-03,  9.8438E-01
54500,  1.851173E+01, -3.574269E-02,  8.4375E-01
54600,  1.469242E+01, -3.750861E-02,  8.5938E-01
54700,  1.711127E+01,  6.945352E-03,  9.2188E-01
54800,  2.795133E+01, -4.974934E-04,  9.3750E-01
54900,  2.358274E+01, -8.503249E-03,  9.2188E-01
55000,  2.365268E+01,  5.282994E-03,  8.7500E-01
55100, -1.074888E+01, -8.678971E-03,  8.9062E-01
55200,  9.196386E-01,  2.639591E-03,  9.8438E-01
55300,  7.698873E+00, -2.922184E-02,  9.2188E-01
55400,  5.065727E+00, -8.201051E-03,  9.0625E-01
55500,  1.987295E+00, -4.328665E-02,  8.4375E-01
55600,  1.193741E+01, -2.950969E-02,  8.4375E-01
55700,  6.294375E+00, -8.191536E-03,  9.0625E-01
55800,  9.562241E+00, -2.059308E-02,  9.3750E-01
55900, -1.896314E+01, -3.524191E-02,  8.9062E-01
56000, -7.280094E-01, -2.472557E-02,  8.5938E-01
56100,  9.244486E+00, -2.024153E-03,  8.9062E-01
56200, -9.273058E+00, -3.823248E-03,  9.5312E-01
56300,  3.556180E-01, -9.692010E-03,  9.3750E-01
56400, -1.565433E+01,  2.489439E-03,  9.2188E-01
56500, -1.243573E+00, -4.690086E-03,  8.7500E-01
56600, -7.840398E+00, -5.630777E-03,  9.0625E-01
56700, -1.234816E+01, -5.689277E-02,  8.1250E-01
56800,  1.507932E+01, -4.865986E-03,  9.6875E-01
56900, -8.814558E+00, -1.010999E-02,  9.2188E-01
57000, -1.102122E+01,  1.855309E-03,  9.3750E-01
57100,  6.990210E+00, -6.186952E-03,  9.2188E-01
57200, -1.043386E+01, -2.078787E-03,  8.2812E-01
57300,  1.090872E+00,  8.044127E-03,  9.2188E-01
57400, -1.693079E+01, -2.911324E-02,  8.9062E-01
57500, -2.140429E+01, -1.580889E-02,  9.0625E-01
57600,  6.481437E+00, -8.919595E-03,  9.2188E-01
57700,  2.194965E+01, -3.150278E-03,  8.9062E-01
57800, -7.074428E+00, -5.687649E-03,  9.2188E-01
57900,  2.205740E+01, -3.813223E-02,  8.7500E-01
58000,  2.103156E+01, -1.501050E-02,  9.2188E-01
58100,  9.098424E+00, -1.715957E-02,  9.2188E-01
58200,  1.399630E+01, -9.726630E-03,  9.2188E-01
58300, -1.655656E+00, -1.551689E-02,  9.3750E-01
58400,  1.633041E+01, -1.087018E-02,  9.2188E-01
58500, -1.879878E+01, -3.788510E-03,  9.3750E-01
58600,  8.182796E+00, -5.600224E-03,  9.6875E-01
58700,  6.450163E+00, -2.962402E-04,  9.5312E-01
58800, -3.617397E-01, -7.320897E-03,  9.6875E-01
58900,  4.643689E+00, -1.125843E-02,  9.2188E-01
59000,  8.446434E+00,  1.244579E-02,  8.9062E-01
59100,  1.001723E+01, -6.135986E-04,  8.4375E-01
59200, -3.095338E+00,  1.312482E-03,  8.9062E-01
59300,  8.058147E+00,  2.554012E-03,  9.5312E-01
59400,  2.843071E+01, -8.737324E-03,  8.7500E-01
59500, -1.877725E+00, -2.078072E-02,  9.0625E-01
59600,  1.558281E+01, -2.313818E-02,  9.3750E-01
59700,  9.208280E+00, -2.932018E-02,  8.9062E-01
59800,  4.148026E+00, -3.524041E-04,  9.0625E-01
59900,  3.225680E+01, -8.538964E-03,  9.5312E-01
60000,  3.471768E+00, -1.528717E-02,  8.9062E-01
60100,  7.030186E+00, -2.162172E-03,  9.5312E-01
60200, -9.555606E+00, -1.823714E-02,  8.9062E-01
60300,  1.349533E+01, -3.676629E-05,  9.3750E-01
60400, -1.582153E-01, -2.407970E-02,  8.9062E-01
60500, -1.358633E+01, -1.329993E-02,  9.3750E-01
60600, -5.351570E+00, -2.145298E-02,  8.9062E-01
60700, -1.341987E+00, -3.650112E-03,  9.0625E-01
60800,  5.669193E+00, -5.631016E-03,  8.9062E-01
60900,  7.323694E+00, -8.462035E-03,  9.2188E-01
61000, -6.807521E+00, -1.670557E-02,  9.3750E-01
61100,  1.725952E+01, -1.669084E-02,  8.7500E-01
61200,  5.009054E+00,  4.015501E-03,  9.5312E-01
61300,  2.442222E+00, -6.374137E-03,  8.2812E-01
61400, -1.931356E+00,  6.102267E-03,  9.5312E-01
61500, -1.004359E+01, -2.513067E-02,  8.9062E-01
61600, -8.142353E+00, -3.046272E-02,  9.2188E-01
61700,  1.491328E+01, -1.226195E-02,  9.3750E-01
61800, -1.067694E+01,  8.215507E-03,  9.8438E-01
61900,  1.303981E+01, -2.378471E-03,  8.9062E-01
62000, -1.312336E+01, -4.279418E-03,  9.2188E-01
62100,  1.427351E+01,  8.859813E-03,  8.9062E-01
62200, -7.704458E+00, -3.103556E-02,  8.9062E-01
62300,  7.366805E+00,  8.862996E-04,  9.8438E-01
62400, -6.511734E+00, -3.587753E-04,  9.2188E-01
62500,  2.554395E+00,  4.170923E-03,  9.2188E-01
62600, -2.763191E+00, -3.892976E-03,  9.2188E-01
62700, -3.543073E+00,  1.586284E-04,  9.3750E-01
62800, -1.303785E+01, -3.288504E-02,  8.7500E-01
62900, -3.678153E+00,  8.562519E-04,  8.9062E-01
63000,  2.920827E+01, -5.490495E-03,  9.5312E-01
63100,  1.519471E+01, -2.125788E-02,  9.5312E-01
63200, -2.824123E+00, -3.044014E-03,  9.2188E-01
63300,  1.026647E+01, -7.465269E-03,  8.7500E-01
63400,  2.484542E+01, -4.174540E-02,  8.9062E-01
63500, -1.010942E+01,  6.491407E-03,  9.8438E-01
63600,  1.479806E+01, -2.348626E-02,  9.0625E-01
63700, -4.204336E+00, -5.406921E-03,  8.9062E-01
63800,  2.419768E+00, -1.829087E-02,  8.9062E-01
63900, -1.451887E+00,  3.139741E-03,  9.2188E-01
64000,  4.555564E+00, -2.206768E-02,  9.2188E-01
64100, -5.713057E+00, -8.684170E-03,  9.2188E-01
64200, -1.924011E+00,  6.120231E-03,  9.0625E-01
64300, -3.054597E+00, -1.390054E-02,  9.2188E-01
64400,  1.107143E+01, -1.062797E-02,  9.0625E-01
64500,  8.309813E+00, -7.543431E-03,  9.5312E-01
64600,  1.481007E+01,  1.874771E-03,  9.3750E-01
64700,  2.755310E+00, -2.427688E-02,  9.2188E-01
64800, -7.839839E-01, -8.926544E-03,  9.3750E-01
64900,  1.523383E+01, -2.249498E-02,  8.4375E-01
65000,  2.983102E+01, -2.830007E-02,  8.4375E-01
65100, -7.127484E+00, -1.973800E-03,  9.2188E-01
65200, -3.905819E+00, -8.215517E-03,  9.5312E-01
65300,  2.766908E+00, -1.180452E-02,  8.9062E-01
65400,  2.512979E+01, -1.482271E-02,  9.2188E-01
65500,  2.550880E+01, -2.633292E-02,  8.5938E-01
65600,  1.578769E+01, -1.520546E-02,  9.3750E-01
65700, -2.164240E+01, -1.656106E-02,  9.2188E-01
65800, -2.372479E+01, -7.053628E-04,  9.5312E-01
65900,  6.465345E+00, -1.382565E-02,  9.2188E-01
66000,  2.222752E+01, -4.007732E-02,  8.1250E-01
66100,  1.154598E+01, -1.224018E-02,  8.9062E-01
66200, -1.178018E+01, -6.287827E-03,  9.3750E-01
66300, -2.966081E+01, -7.724353E-03,  9.0625E-01
66400, -1.049837E+00, -3.330906E-02,  8.9062E-01
66500, -1.628642E+01, -1.100260E-03,  9.2188E-01
66600,  3.302833E+01, -8.531323E-03,  9.3750E-01
66700,  2.260011E+01, -1.095965E-02,  8.9062E-01
66800, -2.516735E+01, -2.835975E-02,  9.3750E-01
66900,  8.952811E+00, -1.065184E-02,  9.2188E-01
67000,  8.840892E-01, -2.250425E-02,  8.1250E-01
67100, -5.433182E+00, -1.693196E-04,  9.2188E-01
67200, -1.542155E+01, -1.006436E-02,  9.5312E-01
67300,  2.425618E-01, -9.858630E-03,  9.2188E-01
67400, -1.408825E+01, -5.742851E-03,  9.0625E-01
67500, -6.767847E+00, -1.996331E-02,  9.2188E-01
67600, -3.124155E+01, -4.262450E-02,  8.4375E-01
67700,  5.129758E+00, -3.458024E-03,  9.5312E-01
67800, -7.841813E+00, -2.859749E-02,  9.3750E-01
67900, -8.443604E+00, -1.962762E-02,  9.3750E-01
68000,  1.248060E+01, -1.085086E-02,  9.3750E-01
68100,  8.019022E+00, -2.086931E-02,  9.2188E-01
68200,  1.474552E+01, -3.091611E-02,  9.2188E-01
68300, -3.960114E+00, -2.988847E-05,  9.5312E-01
68400, -9.279475E+00,  9.989154E-03,  9.0625E-01
68500,  8.965168E+00, -2.440280E-02,  8.7500E-01
68600,  1.757668E+01, -1.726708E-02,  9.3750E-01
68700, -3.162724E+01, -1.012299E-02,  9.0625E-01
68800, -5.104985E+00, -8.741196E-03,  9.0625E-01
68900,  6.587794E-02, -1.344447E-02,  8.9062E-01
69000,  1.424770E+01, -4.533094E-02,  8.7500E-01
69100,  6.641126E+00, -2.293390E-02,  9.0625E-01
69200,  4.174226E+01, -3.135141E-02,  8.9062E-01
69300,  1.362211E+00,  1.825660E-04,  9.3750E-01
69400,  4.408296E+00, -6.114856E-03,  9.3750E-01
69500,  8.818606E+00, -5.501200E-03,  9.5312E-01
69600,  1.991100E+01, -1.347147E-02,  9.0625E-01
69700, -2.282061E+01, -8.856578E-03,  9.3750E-01
69800, -3.997584E+00, -5.908890E-03,  9.5312E-01
69900,  5.685978E+00, -7.022709E-03,  9.6875E-01
70000,  1.544510E+01, -1.561081E-02,  9.2188E-01
70100,  2.950970E+01, -2.563580E-02,  9.3750E-01
70200,  7.739120E+00, -5.323001E-03,  9.2188E-01
70300,  1.320623E+01,  2.650483E-03,  9.6875E-01
70400, -3.835128E+00, -6.107902E-03,  8.9062E-01
70500,  4.945148E+01, -1.365439E-02,  9.3750E-01
70600,  1.656130E+01, -2.449569E-02,  8.4375E-01
70700, -4.634028E+00, -3.036965E-02,  8.7500E-01
70800,  1.412909E+01, -5.219162E-03,  8.9062E-01
70900, -3.314685E+01, -9.041434E-03,  8.2812E-01
71000, -1.029248E+01, -7.402754E-03,  9.2188E-01
71100, -2.074466E+00,  3.217475E-03,  9.6875E-01
71200,  3.597043E+00,  6.328288E-03,  8.7500E-01
71300, -1.372352E+01, -5.773495E-03,  9.3750E-01
71400, -2.285930E+01,  1.008985E-02,  8.9062E-01
71500, -6.793406E+00, -1.895481E-02,  9.0625E-01
71600,  1.212755E+01, -2.495565E-02,  9.3750E-01
71700, -8.509335E+00, -2.380803E-02,  8.5938E-01
71800,  3.200031E+00, -4.341027E-03,  9.3750E-01
71900, -8.876373E+00, -2.457241E-02,  9.2188E-01
72000,  1.586790E+00, -1.927247E-02,  9.3750E-01
72100, -3.573237E+00, -2.550184E-02,  8.5938E-01
72200, -1.591143E+01, -6.214066E-03,  9.0625E-01
72300, -3.348730E+01, -4.832391E-02,  8.9062E-01
72400,  2.129209E+01, -1.334392E-02,  9.0625E-01
72500, -1.415762E+01, -1.737911E-02,  9.0625E-01
72600,  5.056457E+00, -2.601450E-03,  9.2188E-01
72700,  1.692038E+01,  1.319451E-02,  9.5312E-01
72800,  1.015137E+01, -1.799668E-02,  8.5938E-01
72900, -9.152242E+00, -2.028815E-02,  9.2188E-01
73000, -9.627771E-02,  1.308346E-02,  9.3750E-01
73100, -1.800652E+00, -1.602808E-02,  9.6875E-01
73200, -1.591749E+00, -1.060293E-02,  9.3750E-01
73300,  9.434599E+00,  7.341771E-03,  9.2188E-01
73400, -1.251165E+00, -8.331982E-03,  9.3750E-01
73500,  1.977628E+01, -2.435237E-02,  9.2188E-01
73600, -9.615119E+00,  1.150139E-02,  9.3750E-01
73700, -7.542878E+00, -3.175799E-02,  9.0625E-01
73800, -3.914359E+00,  1.771674E-03,  9.0625E-01
73900, -5.132550E+00, -7.166146E-03,  9.0625E-01
74000, -8.115469E+00, -1.157696E-02,  9.2188E-01
74100, -2.860363E+00, -2.544360E-02,  9.2188E-01
74200,  1.510408E+01, -5.361253E-03,  8.9062E-01
74300,  6.709806E+00, -5.905708E-03,  9.5312E-01
74400,  4.540481E+00, -7.323119E-03,  9.3750E-01
74500,  1.527548E+01, -3.807771E-02,  9.0625E-01
74600,  1.116516E+01, -4.232588E-03,  9.2188E-01
74700, -1.313593E+01, -5.707421E-03,  9.6875E-01
74800,  1.968911E+01, -3.299915E-02,  8.7500E-01
74900,  2.597753E+00, -1.641492E-02,  9.3750E-01
75000,  3.334309E+01,  4.882975E-04,  9.5312E-01
75100,  7.567052E+00,  5.613912E-03,  9.5312E-01
75200, -8.566187E+00, -2.774840E-03,  8.9062E-01
75300, -7.587161E+00, -6.610204E-03,  9.3750E-01
75400, -2.291124E+01, -9.915233E-03,  9.3750E-01
75500, -1.601738E+01, -1.809797E-02,  9.0625E-01
75600,  8.509699E+00, -3.020295E-02,  8.4375E-01
75700, -1.560553E+01, -1.678011E-02,  9.2188E-01
75800,  4.432736E+01, -2.737199E-03,  9.6875E-01
75900,  1.842638E+01, -9.921456E-03,  9.0625E-01
76000, -5.720852E+00, -8.627567E-04,  9.5312E-01
76100, -8.665324E+00,  1.823025E-03,  9.8438E-01
76200,  1.093927E+00,  1.959692E-03,  9.2188E-01
76300, -2.170706E-01, -1.226129E-02,  8.9062E-01
76400,  4.502492E+00, -1.306076E-02,  8.9062E-01
76500,  6.726633E+00, -2.564007E-02,  9.2188E-01
76600,  1.711732E+01, -1.279942E-03,  9.6875E-01
76700, -4.867734E+00, -8.109896E-03,  9.2188E-01
76800, -8.242073E+00, -8.407176E-03,  9.6875E-01
76900, -7.792977E+00, -3.242015E-02,  9.0625E-01
77000, -7.587980E-01, -5.824401E-03,  9.2188E-01
77100,  1.840850E+01, -2.895872E-02,  8.9062E-01
77200,  1.221805E+00, -2.420019E-02,  9.0625E-01
77300, -1.381190E+01, -8.172309E-03,  9.0625E-01
77400,  6.336273E+00, -5.715478E-04,  9.5312E-01
77500,  2.124309E+01,  8.390806E-03,  9.0625E-01
77600,  2.285451E+01, -1.136154E-03,  9.6875E-01
77700, -4.130233E+00, -4.151974E-03,  8.9062E-01
77800,  1.009522E+01, -1.597249E-02,  9.3750E-01
77900,  7.221140E+00,  1.684731E-03,  9.6875E-01
78000, -7.385767E-01, -1.772268E-02,  9.3750E-01
78100,  1.175154E+01, -1.015884E-02,  9.5312E-01
78200,  2.746646E+00, -2.149549E-03,  9.2188E-01
78300,  1.429551E+01, -1.696552E-02,  9.0625E-01
78400,  2.104250E+01, -5.912952E-03,  9.2188E-01
78500,  2.358599E+01, -5.325174E-03,  9.0625E-01
78600, -1.105919E+01, -1.274676E-02,  9.2188E-01
78700,  9.023470E+00, -3.320906E-02,  8.9062E-01
78800,  1.930170E-01, -1.345948E-02,  9.2188E-01
78900,  3.109972E+01, -1.764499E-02,  9.2188E-01
79000,  2.228667E+01, -1.203915E-02,  9.3750E-01
79100,  3.772595E+01, -8.348554E-03,  9.3750E-01
79200, -1.747359E+00, -2.389861E-02,  9.0625E-01
79300,  1.168163E+01, -3.163389E-03,  9.0625E-01
79400,  2.431028E+01, -3.144301E-02,  9.2188E-01
79500,  1.077374E+01, -3.189173E-02,  8.9062E-01
79600, -9.319352E+00, -1.111498E-02,  8.9062E-01
79700, -3.630173E+00, -2.842796E-02,  8.9062E-01
79800,  6.049490E+00,  3.539952E-03,  9.2188E-01
79900,  1.669725E+01, -8.651979E-03,  9.8438E-01
80000, -3.988577E+00, -7.852113E-03,  9.6875E-01
80100,  1.271348E+01, -9.543517E-03,  9.5312E-01
80200,  1.918282E+01,  1.367566E-03,  9.0625E-01
80300,  1.947971E+01,  9.139853E-03,  9.3750E-01
80400,  9.371141E+00, -2.122812E-02,  9.2188E-01
80500,  3.263505E+01, -2.011210E-02,  9.0625E-01
80600, -1.720750E+01,  9.923588E-03,  9.6875E-01
80700,  1.158081E+01,  6.506921E-03,  9.3750E-01
80800,  2.005568E+01,  7.640318E-03,  9.6875E-01
80900,  1.193326E+01, -1.392906E-03,  9.3750E-01
81000,  6.673593E+00, -2.296038E-02,  9.2188E-01
81100, -8.524014E+00, -1.573740E-02,  9.3750E-01
81200,  1.434125E+01,  2.197261E-03,  9.6875E-01
81300,  1.639219E+01,  5.416691E-03,  9.5312E-01
81400,  4.390980E+00, -8.196384E-04,  9.6875E-01
81500,  2.883104E+01, -1.420698E-02,  9.8438E-01
81600,  2.607300E+01,  9.198864E-03,  9.6875E-01
81700,  1.393103E+01, -5.998821E-03,  9.0625E-01
81800,  1.855684E+01,  1.896548E-03,  9.0625E-01
81900,  1.133010E+01, -2.110459E-02,  9.6875E-01
82000,  3.075516E+00, -2.634132E-02,  9.2188E-01
82100,  5.318491E+01, -7.424081E-03,  9.5312E-01
82200,  1.977407E+01,  4.740593E-03,  9.0625E-01
82300,  1.943685E+01, -3.430253E-02,  9.5312E-01
82400,  1.672430E+01, -1.451087E-02,  9.5312E-01
82500,  5.323025E+00,  7.067635E-04,  9.3750E-01
82600, -1.363415E-01, -3.483728E-02,  8.9062E-01
82700,  1.316322E+01,  3.516985E-03,  8.9062E-01
82800,  8.348234E+00,  6.576961E-03,  9.6875E-01
82900,  6.039386E+00, -1.897050E-02,  9.2188E-01
83000,  2.027090E+01, -7.455463E-03,  9.6875E-01
83100,  2.011148E+01, -1.385666E-02,  9.5312E-01
83200,  9.732800E+00, -3.479468E-02,  9.2188E-01
83300, -2.922117E+00,  5.960738E-03,  1.0000E+00
83400, -1.157490E+01, -2.173116E-02,  9.6875E-01
83500,  2.972224E+01, -1.111642E-02,  9.6875E-01
83600,  1.490849E+01, -1.627394E-03,  9.6875E-01
83700,  1.360397E+01,  6.849440E-03,  9.2188E-01
83800,  8.912831E+00, -6.499425E-03,  9.2188E-01
83900,  2.802470E+01, -3.064573E-02,  9.0625E-01
84000,  2.186815E+01, -2.199426E-02,  9.2188E-01
84100,  4.034716E+00, -5.355244E-02,  8.4375E-01
84200,  1.403188E+01, -2.009939E-02,  8.7500E-01
84300,  2.545193E+01,  5.230193E-03,  9.3750E-01
84400,  7.255045E+00, -6.501256E-03,  9.3750E-01
84500,  7.850341E+00, -9.504024E-03,  8.5938E-01
84600,  1.594994E+01,  8.569988E-04,  1.0000E+00
84700,  9.583250E+00, -1.453363E-02,  9.3750E-01
84800, -4.851560E+00, -3.275491E-02,  9.2188E-01
84900,  3.015207E-01, -9.956442E-03,  9.5312E-01
85000, -4.952994E+00, -8.478204E-03,  8.5938E-01
85100,  2.040671E+01, -7.854600E-03,  9.2188E-01
85200,  5.963919E+00, -3.212575E-02,  8.5938E-01
85300, -1.842570E+00, -9.307755E-03,  9.5312E-01
85400,  1.023675E+01, -2.929248E-03,  9.2188E-01
85500, -1.151493E+01, -3.321122E-02,  9.0625E-01
85600, -1.663583E+00, -3.310314E-02,  8.7500E-01
85700, -2.866669E+00, -2.449780E-02,  9.3750E-01
85800,  4.107968E+00,  7.631331E-03,  9.5312E-01
85900, -1.438439E+00, -1.455242E-02,  9.3750E-01
86000, -1.058037E+01, -3.553527E-02,  8.9062E-01
86100, -1.053364E+01,  4.588075E-03,  9.6875E-01
86200,  2.099401E+01, -7.629779E-04,  9.5312E-01
86300,  2.395887E+01, -9.342154E-03,  8.7500E-01
86400,  2.171170E+01,  1.736661E-03,  9.6875E-01
86500,  1.698277E+01, -2.017389E-02,  9.0625E-01
86600,  1.852390E+01, -1.126734E-02,  9.5312E-01
86700,  6.267521E+00, -2.768174E-02,  9.0625E-01
86800,  3.980878E+01, -4.750068E-02,  8.4375E-01
86900,  2.417125E+01,  8.721549E-03,  9.8438E-01
87000, -4.878171E+00, -1.685371E-02,  9.5312E-01
87100, -3.145947E+00, -8.955283E-03,  9.2188E-01
87200, -9.517319E+00, -1.038053E-02,  8.9062E-01
87300,  1.696257E+01, -2.455273E-03,  8.9062E-01
87400,  2.704640E+01,  7.999409E-03,  9.2188E-01
87500,  2.798423E+01, -2.939095E-02,  9.3750E-01
87600,  2.454499E+01,  2.711549E-03,  9.5312E-01
87700,  2.567912E+01, -1.901235E-02,  9.3750E-01
87800, -5.262076E+00, -3.498085E-02,  8.7500E-01
87900, -2.524477E+00, -2.502217E-02,  9.2188E-01
88000, -1.303111E+01, -1.601622E-02,  9.5312E-01
88100, -2.331652E+01, -6.417291E-03,  9.0625E-01
88200, -3.037850E+00, -6.160029E-02,  8.1250E-01
88300,  1.425659E+00, -5.899136E-03,  9.5312E-01
88400,  1.409842E+01, -6.433718E-03,  9.2188E-01
88500,  1.306791E+01, -6.030549E-03,  9.2188E-01
88600, -2.803552E-02, -2.730480E-02,  8.9062E-01
88700, -5.852377E+00, -5.382881E-03,  9.2188E-01
88800,  5.344993E+00, -1.295202E-03,  9.3750E-01
88900,  5.369023E+00, -1.977457E-02,  9.2188E-01
89000,  2.214877E+01, -1.577476E-02,  8.5938E-01
89100,  7.313152E+00, -3.880261E-03,  9.3750E-01
89200,  1.625383E+01, -1.250461E-02,  8.7500E-01
89300,  3.449279E+01, -3.530131E-02,  8.9062E-01
89400, -1.002960E+01, -1.349718E-02,  9.3750E-01
89500,  3.634318E+01, -6.596747E-03,  9.3750E-01
89600,  1.025434E+01,  6.930285E-03,  9.5312E-01
89700,  3.650150E+01, -3.926292E-03,  9.3750E-01
89800, -1.298670E+01,  4.881834E-03,  9.5312E-01
89900,  2.663075E+01, -2.971300E-02,  8.9062E-01
90000,  8.898968E+00, -2.152194E-03,  9.2188E-01
90100,  1.017495E+01, -9.331862E-03,  9.6875E-01
90200, -1.994245E+00,  5.373498E-05,  9.5312E-01
90300, -7.442029E+00, -3.750864E-02,  9.0625E-01
90400,  2.752254E+01, -1.288288E-02,  9.3750E-01
90500, -2.182271E+00,  5.663563E-04,  9.5312E-01
90600,  3.650798E+01, -1.247428E-02,  9.2188E-01
90700,  1.647956E+01, -1.405105E-02,  9.2188E-01
90800,  1.364250E+01, -3.339922E-02,  8.5938E-01
90900,  1.158588E+01, -1.395446E-02,  9.2188E-01
91000,  4.630671E+00, -8.251695E-04,  8.9062E-01
91100, -1.495445E+01, -2.680940E-02,  9.2188E-01
91200,  2.385406E+00, -4.584076E-02,  8.7500E-01
91300,  2.279352E+00, -1.653017E-02,  9.3750E-01
91400,  9.673903E+00, -1.533266E-02,  9.2188E-01
91500,  2.099658E+00, -8.817250E-03,  9.2188E-01
91600,  1.528274E+01, -3.029887E-02,  8.5938E-01
91700,  2.285783E+01,  3.160310E-03,  9.5312E-01
91800, -2.510012E+00, -2.168789E-02,  9.0625E-01
91900,  2.112923E+00, -7.144169E-03,  9.2188E-01
92000, -3.849930E+00, -1.088031E-02,  9.2188E-01
92100, -8.119843E+00, -2.367896E-02,  9.0625E-01
92200,  2.017311E+01,  1.059116E-02,  8.9062E-01
92300, -8.421757E+00, -1.245717E-02,  9.3750E-01
92400,  1.212177E+01, -1.963733E-02,  9.5312E-01
92500,  2.694957E+01, -6.215021E-03,  9.3750E-01
92600, -6.432156E+00, -6.050837E-03,  9.0625E-01
92700, -2.002037E+01, -3.494851E-02,  9.2188E-01
92800, -3.202987E+00, -8.376396E-03,  9.6875E-01
92900,  4.678941E+00, -2.139326E-02,  9.0625E-01
93000,  9.625862E+00, -8.164609E-03,  9.2188E-01
93100,  5.425758E+00, -1.014771E-02,  9.6875E-01
93200,  3.474645E+00,  3.459458E-03,  9.8438E-01
93300,  3.992047E-01, -8.796362E-03,  9.5312E-01
93400,  4.685927E+00,  8.621076E-03,  9.3750E-01
93500,  4.314935E+00, -2.359263E-02,  8.5938E-01
93600, -2.831168E+01, -4.652800E-03,  9.0625E-01
93700, -1.521930E+00,  5.571450E-03,  9.6875E-01
93800, -6.003809E+00, -1.898372E-02,  9.0625E-01
93900, -3.298341E+00, -1.100061E-02,  9.0625E-01
94000,  6.456042E+00, -3.993032E-02,  7.9688E-01
94100,  9.459939E-01, -3.760341E-03,  9.3750E-01
94200,  7.276957E+00, -5.598484E-03,  9.5312E-01
94300, -4.100844E+00, -1.791005E-03,  9.3750E-01
94400,  1.488892E+01, -2.226292E-02,  9.0625E-01
94500, -6.433091E+00, -2.061618E-02,  9.2188E-01
94600,  7.458072E+00, -1.468938E-02,  8.9062E-01
94700,  1.584286E+01, -1.448574E-02,  9.6875E-01
94800,  1.275690E+01, -2.684637E-03,  9.6875E-01
94900, -5.291042E+00, -3.842048E-02,  8.7500E-01
95000,  1.461114E+00, -8.953967E-03,  9.6875E-01
95100,  1.587415E+01, -1.853498E-02,  9.2188E-01
95200, -6.563768E+00, -2.325793E-03,  9.5312E-01
95300, -3.088585E-01,  9.307626E-03,  9.2188E-01
95400, -5.368377E-01, -2.398467E-02,  9.0625E-01
95500, -7.870543E-02, -1.173397E-02,  9.5312E-01
95600, -3.153070E+00, -1.847830E-02,  9.2188E-01
95700, -9.549328E+00, -7.430593E-03,  9.3750E-01
95800, -8.036030E+00, -1.528253E-02,  9.2188E-01
95900,  1.009113E+01, -1.687316E-02,  9.2188E-01
96000, -1.639673E+00, -6.518858E-03,  9.2188E-01
96100,  3.444900E+00, -2.945288E-02,  9.3750E-01
96200, -3.045586E+00, -1.090786E-02,  9.3750E-01
96300,  1.064817E+00, -7.095783E-03,  9.5312E-01
96400, -1.815699E+00, -7.141828E-03,  9.6875E-01
96500, -3.065122E+01,  1.572967E-04,  9.5312E-01
96600,  3.542753E+00, -2.548369E-02,  9.0625E-01
96700, -1.569728E+01, -1.531285E-02,  9.0625E-01
96800, -6.464626E+00, -7.297665E-03,  9.6875E-01
96900, -1.356853E+01, -7.277636E-03,  9.2188E-01
97000, -2.319478E+00, -1.946614E-02,  9.0625E-01
97100,  3.866661E+00, -2.883179E-02,  9.0625E-01
97200,  2.043984E+01, -1.098690E-02,  8.5938E-01
97300, -1.088506E+01, -2.841455E-03,  9.5312E-01
97400, -2.191384E+01,  7.783545E-03,  9.2188E-01
97500,  3.167727E+01, -1.645462E-02,  9.2188E-01
97600,  8.224491E+00,  9.747764E-03,  9.0625E-01
97700, -5.250374E+00,  6.919525E-03,  9.0625E-01
97800,  1.791453E+01,  7.502313E-03,  9.5312E-01
97900, -1.568850E+01, -1.286808E-02,  9.3750E-01
98000, -6.352902E+00, -4.279228E-02,  8.4375E-01
98100,  1.612202E+01, -1.248631E-02,  9.5312E-01
98200, -1.191805E+01, -6.405073E-03,  8.9062E-01
98300, -5.617071E+00,  4.521889E-03,  9.6875E-01
98400, -1.687752E+01,  2.256762E-04,  9.0625E-01
98500, -4.189303E+01,  7.399261E-03,  9.5312E-01
98600, -3.634731E+00, -1.926589E-02,  8.9062E-01
98700,  4.807218E+00,  3.938368E-04,  9.6875E-01
98800, -6.796249E+00, -2.025774E-02,  8.9062E-01
98900,  6.899686E-01, -3.075454E-02,  9.0625E-01
99000, -1.234336E+01, -1.157818E-02,  8.5938E-01
99100, -2.439816E+01, -2.667416E-02,  8.9062E-01
99200, -1.920751E+01, -3.237916E-02,  9.2188E-01
99300,  2.498838E+00, -1.048247E-02,  9.3750E-01
99400, -6.087111E+00,  2.310550E-03,  9.5312E-01
99500,  6.377885E-01, -2.158468E-02,  8.7500E-01
99600,  9.537480E+00, -1.827203E-02,  8.9062E-01
99700,  1.868223E+01, -3.129861E-03,  9.5312E-01
99800,  3.031734E+00, -6.987898E-03,  9.3750E-01
99900,  1.446265E+01,  3.543740E-03,  9.3750E-01
100000,  1.836148E+01, -1.165582E-02,  9.3750E-01
