# step, gen_loss, dis_loss, train_acc
100, -1.232317E+00, -1.290095E+00,  4.6875E-01
200, -5.392699E-01, -9.187586E-01,  5.9375E-01
300, -1.305743E+00, -8.778675E-01,  5.3125E-01
400, -3.273011E-01, -9.281208E-01,  6.8750E-01
500, -5.776024E-01, -4.328069E-01,  7.0312E-01
600, -3.144007E-01, -4.772512E-01,  6.4062E-01
700, -5.730735E-02, -3.358421E-01,  7.3438E-01
800,  4.863400E-01, -2.334214E-01,  7.1875E-01
900,  6.197882E-01, -2.735377E-01,  7.1875E-01
1000,  8.409004E-01, -2.568595E-01,  7.0312E-01
1100,  7.854467E-01, -2.630111E-01,  7.0312E-01
1200,  7.957613E-01, -1.785541E-01,  8.1250E-01
1300,  7.753729E-01, -2.679680E-01,  6.8750E-01
1400,  5.887851E-01, -2.198171E-01,  7.8125E-01
1500,  6.198096E-01, -1.954730E-01,  7.9688E-01
1600,  6.844066E-01, -2.322885E-01,  8.5938E-01
1700,  7.041605E-01, -1.736728E-01,  8.7500E-01
1800,  6.536373E-01, -1.613881E-01,  7.1875E-01
1900,  6.839827E-01, -2.306232E-01,  8.2812E-01
2000,  5.400935E-01, -2.019021E-01,  7.8125E-01
2100,  4.044601E-01, -1.721327E-01,  8.9062E-01
2200,  4.887274E-01, -2.265449E-01,  8.5938E-01
2300,  4.971532E-01, -2.343474E-01,  8.2812E-01
2400,  6.832454E-01, -2.430712E-01,  8.1250E-01
2500,  4.394379E-01, -2.170916E-01,  8.4375E-01
2600,  5.346619E-01, -2.108032E-01,  8.1250E-01
2700,  4.481164E-01, -2.495486E-01,  8.1250E-01
2800,  6.421046E-01, -2.574053E-01,  7.3438E-01
2900,  6.965107E-01, -2.246048E-01,  7.8125E-01
3000,  5.012643E-01, -2.269824E-01,  7.6562E-01
3100,  4.999723E-01, -2.050114E-01,  8.5938E-01
3200,  7.053416E-01, -2.323036E-01,  8.1250E-01
3300,  4.362541E-01, -2.179418E-01,  8.9062E-01
3400,  6.736856E-01, -2.458778E-01,  7.9688E-01
3500,  5.215930E-01, -1.508007E-01,  9.2188E-01
3600,  7.085111E-01, -2.476717E-01,  8.4375E-01
3700,  5.347368E-01, -2.280492E-01,  8.2812E-01
3800,  6.434214E-01, -2.621553E-01,  8.2812E-01
3900,  6.082855E-01, -2.334563E-01,  8.4375E-01
4000,  6.166543E-01, -2.478862E-01,  7.8125E-01
4100,  5.632436E-01, -2.174180E-01,  9.0625E-01
4200,  5.147367E-01, -1.914791E-01,  9.2188E-01
4300,  4.697117E-01, -1.742191E-01,  8.5938E-01
4400,  4.622607E-01, -1.717865E-01,  8.2812E-01
4500,  5.685954E-01, -2.065775E-01,  8.7500E-01
4600,  5.504705E-01, -1.771932E-01,  8.1250E-01
4700,  5.761441E-01, -2.042877E-01,  8.5938E-01
4800,  4.902716E-01, -2.043461E-01,  8.9062E-01
4900,  5.566689E-01, -2.423852E-01,  8.1250E-01
5000,  5.451585E-01, -2.062457E-01,  7.9688E-01
5100,  5.118763E-01, -1.687686E-01,  8.4375E-01
5200,  5.082160E-01, -2.253979E-01,  8.2812E-01
5300,  5.133662E-01, -1.902696E-01,  8.5938E-01
5400,  5.871745E-01, -1.982328E-01,  7.9688E-01
5500,  5.771099E-01, -1.576410E-01,  9.0625E-01
5600,  6.010307E-01, -2.349326E-01,  8.5938E-01
5700,  5.432483E-01, -1.635621E-01,  8.7500E-01
5800,  6.188791E-01, -2.369711E-01,  8.5938E-01
5900,  6.625413E-01, -2.041489E-01,  9.6875E-01
6000,  5.530474E-01, -1.670604E-01,  8.9062E-01
6100,  3.965599E-01, -1.407835E-01,  8.7500E-01
6200,  5.222558E-01, -2.456583E-01,  8.9062E-01
6300,  5.205305E-01, -2.301156E-01,  8.9062E-01
6400,  5.323513E-01, -1.800929E-01,  8.5938E-01
6500,  4.944369E-01, -1.836860E-01,  9.0625E-01
6600,  5.745007E-01, -1.904262E-01,  8.4375E-01
6700,  4.511165E-01, -1.917295E-01,  8.9062E-01
6800,  5.466487E-01, -2.174453E-01,  8.4375E-01
6900,  5.870887E-01, -2.299237E-01,  8.7500E-01
7000,  5.267948E-01, -1.237541E-01,  8.5938E-01
7100,  4.953803E-01, -2.234429E-01,  8.4375E-01
7200,  5.554594E-01, -1.862811E-01,  8.7500E-01
7300,  6.642867E-01, -2.146822E-01,  9.5312E-01
7400,  5.740570E-01, -2.235953E-01,  7.1875E-01
7500,  4.853914E-01, -1.793360E-01,  8.4375E-01
7600,  5.266322E-01, -2.197596E-01,  8.4375E-01
7700,  5.780551E-01, -2.122792E-01,  8.5938E-01
7800,  5.687342E-01, -1.769527E-01,  8.9062E-01
7900,  5.456744E-01, -2.128231E-01,  8.2812E-01
8000,  4.925045E-01, -2.328379E-01,  8.7500E-01
8100,  5.913336E-01, -2.519230E-01,  8.5938E-01
8200,  5.133885E-01, -2.126285E-01,  8.7500E-01
8300,  4.685231E-01, -1.860474E-01,  8.5938E-01
8400,  4.093086E-01, -2.080340E-01,  8.2812E-01
8500,  4.708826E-01, -2.001916E-01,  9.2188E-01
8600,  5.444058E-01, -2.432790E-01,  7.9688E-01
8700,  5.503528E-01, -1.419483E-01,  9.0625E-01
8800,  6.551214E-01, -2.357632E-01,  8.2812E-01
8900,  5.111285E-01, -1.983818E-01,  8.2812E-01
9000,  3.025413E-01, -1.561558E-01,  8.4375E-01
9100,  4.627855E-01, -1.986929E-01,  8.5938E-01
9200,  5.125350E-01, -2.289887E-01,  8.7500E-01
9300,  2.849841E-01, -1.280208E-01,  9.6875E-01
9400,  5.367851E-01, -1.826248E-01,  8.5938E-01
9500,  5.208158E-01, -1.439303E-01,  8.9062E-01
9600,  4.682238E-01, -1.757583E-01,  8.2812E-01
9700,  4.839364E-01, -2.339005E-01,  8.7500E-01
9800,  2.491182E-01, -1.392990E-01,  9.3750E-01
9900,  5.727666E-01, -2.299972E-01,  8.4375E-01
10000,  3.817410E-01, -1.718118E-01,  8.9062E-01
10100,  6.109020E-01, -2.465592E-01,  8.2812E-01
10200,  3.599531E-01, -2.045241E-01,  7.6562E-01
10300,  3.834718E-01, -1.806467E-01,  9.0625E-01
10400,  4.391496E-01, -2.031869E-01,  8.4375E-01
10500,  4.410487E-01, -1.665894E-01,  8.5938E-01
10600,  3.306708E-01, -1.736796E-01,  8.2812E-01
10700,  4.289178E-01, -2.030443E-01,  7.8125E-01
10800,  3.449715E-01, -2.169667E-01,  8.2812E-01
10900,  3.995422E-01, -1.712561E-01,  8.5938E-01
11000,  4.308274E-01, -1.621033E-01,  8.5938E-01
11100,  3.487747E-01, -1.653911E-01,  9.3750E-01
11200,  5.022015E-01, -2.391876E-01,  8.9062E-01
11300,  4.091728E-01, -2.305437E-01,  8.2812E-01
11400,  4.358901E-01, -1.761872E-01,  8.9062E-01
11500,  4.886764E-01, -2.007919E-01,  8.5938E-01
11600,  2.953598E-01, -1.571107E-01,  9.3750E-01
11700,  3.975085E-01, -1.915268E-01,  8.9062E-01
11800,  3.933352E-01, -1.944535E-01,  8.2812E-01
11900,  3.398423E-01, -1.715847E-01,  8.9062E-01
12000,  4.150451E-01, -1.957623E-01,  9.0625E-01
12100,  3.992922E-01, -1.588426E-01,  8.5938E-01
12200,  3.047169E-01, -2.108736E-01,  9.0625E-01
12300,  3.677617E-01, -2.435162E-01,  8.9062E-01
12400,  3.735325E-01, -1.245996E-01,  8.5938E-01
12500,  3.968251E-01, -1.923824E-01,  8.9062E-01
12600,  4.165336E-01, -2.498842E-01,  8.7500E-01
12700,  3.593235E-01, -1.916005E-01,  8.9062E-01
12800,  3.784277E-01, -1.373842E-01,  8.7500E-01
12900,  5.000830E-01, -1.833998E-01,  9.0625E-01
13000,  4.089271E-01, -2.242237E-01,  8.5938E-01
13100,  4.054680E-01, -1.449871E-01,  9.3750E-01
13200,  3.411207E-01, -2.364400E-01,  8.9062E-01
13300,  2.770869E-01, -1.675692E-01,  8.4375E-01
13400,  3.624528E-01, -1.694442E-01,  9.0625E-01
13500,  3.391697E-01, -1.778797E-01,  9.2188E-01
13600,  3.138126E-01, -1.261459E-01,  8.5938E-01
13700,  3.806137E-01, -1.597315E-01,  9.0625E-01
13800,  2.350036E-01, -1.667400E-01,  8.7500E-01
13900,  3.958125E-01, -1.916020E-01,  9.2188E-01
14000,  3.860476E-01, -1.838145E-01,  9.0625E-01
14100,  2.844748E-01, -1.484538E-01,  8.5938E-01
14200,  3.567050E-01, -1.410258E-01,  8.9062E-01
14300,  2.232472E-01, -1.129122E-01,  9.3750E-01
14400,  2.442225E-01, -2.179040E-01,  8.5938E-01
14500,  4.280403E-01, -2.134776E-01,  8.7500E-01
14600,  1.652492E-01, -1.384112E-01,  9.3750E-01
14700,  2.433721E-01, -1.207875E-01,  8.9062E-01
14800,  2.840918E-01, -1.537325E-01,  9.3750E-01
14900,  2.798017E-01, -1.905325E-01,  9.2188E-01
15000,  2.008883E-01, -1.208298E-01,  9.8438E-01
15100,  3.563342E-01, -1.658069E-01,  8.7500E-01
15200,  3.679148E-01, -1.874520E-01,  8.9062E-01
15300,  2.716178E-01, -1.338323E-01,  8.5938E-01
15400,  4.048589E-01, -2.170126E-01,  7.9688E-01
15500,  2.978379E-01, -1.732038E-01,  9.6875E-01
15600,  1.930999E-01, -1.511120E-01,  9.0625E-01
15700,  2.942101E-01, -1.518020E-01,  8.4375E-01
15800,  2.596102E-01, -1.408706E-01,  9.2188E-01
15900,  1.748431E-01, -2.235225E-01,  8.5938E-01
16000,  2.047986E-01, -2.008622E-01,  9.0625E-01
16100,  3.027073E-01, -2.331629E-01,  8.4375E-01
16200,  1.762742E-01, -9.897137E-02,  8.9062E-01
16300,  1.924787E-01, -1.498491E-01,  8.4375E-01
16400,  1.690328E-01, -1.306523E-01,  8.7500E-01
16500,  1.149283E-01, -1.823200E-01,  8.5938E-01
16600,  1.330807E-01, -1.602849E-01,  8.5938E-01
16700,  1.384375E-01, -2.040087E-01,  8.5938E-01
16800,  1.693195E-01, -1.795353E-01,  8.5938E-01
16900,  2.342859E-01, -1.624625E-01,  8.9062E-01
17000,  1.672391E-01, -1.156826E-01,  9.2188E-01
17100,  1.912469E-01, -1.731416E-01,  8.2812E-01
17200,  1.738803E-01, -1.428692E-01,  8.5938E-01
17300,  2.253742E-01, -1.735153E-01,  9.2188E-01
17400,  1.773690E-01, -1.474522E-01,  8.4375E-01
17500,  3.782474E-01, -2.906806E-01,  8.4375E-01
17600,  2.193132E-01, -2.054149E-01,  9.2188E-01
17700,  2.278487E-01, -1.879056E-01,  9.0625E-01
17800,  3.265227E-01, -1.369072E-01,  8.5938E-01
17900,  2.616528E-01, -1.529914E-01,  8.5938E-01
18000,  3.057936E-01, -1.472683E-01,  8.9062E-01
18100,  3.430085E-01, -1.831198E-01,  9.2188E-01
18200,  3.901030E-01, -1.915426E-01,  8.9062E-01
18300,  1.818763E-01, -1.669729E-01,  8.5938E-01
18400,  3.973968E-01, -1.977357E-01,  9.5312E-01
18500,  2.762687E-01, -2.357489E-01,  7.8125E-01
18600,  2.548658E-01, -1.645090E-01,  8.4375E-01
18700,  3.218198E-01, -1.647915E-01,  8.2812E-01
18800,  2.275022E-01, -1.061303E-01,  8.7500E-01
18900,  3.699650E-01, -1.891903E-01,  9.5312E-01
19000,  3.365312E-01, -2.318834E-01,  8.2812E-01
19100,  1.214450E-01, -1.653195E-01,  9.0625E-01
19200,  2.796392E-01, -1.427473E-01,  9.0625E-01
19300,  2.924351E-01, -1.802055E-01,  7.8125E-01
19400,  3.025097E-01, -1.458780E-01,  9.0625E-01
19500,  4.314669E-01, -1.827048E-01,  7.9688E-01
19600,  2.777393E-01, -2.120478E-01,  8.2812E-01
19700,  5.015653E-01, -1.275936E-01,  9.0625E-01
19800,  5.114166E-01, -1.892103E-01,  7.8125E-01
19900,  2.996648E-01, -1.555572E-01,  8.9062E-01
20000,  2.078243E-01, -1.644205E-01,  8.5938E-01
20100,  3.896651E-01, -1.378897E-01,  9.5312E-01
20200,  2.508377E-01, -1.429833E-01,  9.2188E-01
20300,  4.854406E-01, -1.491670E-01,  8.7500E-01
20400,  2.935927E-01, -1.349942E-01,  9.0625E-01
20500,  3.462725E-01, -1.764754E-01,  9.5312E-01
20600,  2.592891E-01, -1.430099E-01,  8.4375E-01
20700,  5.946063E-01, -1.899619E-01,  8.5938E-01
20800,  4.750056E-01, -2.210942E-01,  7.9688E-01
20900,  4.347293E-01, -1.863853E-01,  9.0625E-01
21000,  2.661290E-01, -1.857162E-01,  8.1250E-01
21100,  2.216179E-01, -1.663217E-01,  9.0625E-01
21200,  2.929397E-01, -1.537110E-01,  8.9062E-01
21300,  4.483969E-01, -2.204773E-01,  9.0625E-01
21400,  3.469873E-01, -1.321272E-01,  9.2188E-01
21500,  3.016645E-01, -1.557496E-01,  9.0625E-01
21600,  4.322014E-01, -2.071908E-01,  8.4375E-01
21700,  2.623086E-01, -1.641140E-01,  8.9062E-01
21800,  4.644121E-01, -1.639965E-01,  9.2188E-01
21900,  5.473252E-01, -1.844677E-01,  8.4375E-01
22000,  3.591496E-01, -1.701647E-01,  9.0625E-01
22100,  4.693212E-01, -2.047515E-01,  9.0625E-01
22200,  2.903107E-01, -1.873829E-01,  8.9062E-01
22300,  2.479905E-01, -1.269563E-01,  8.9062E-01
22400, -8.756939E-02, -1.445794E-01,  8.9062E-01
22500,  1.010540E-01, -1.838580E-01,  9.2188E-01
22600,  4.798207E-01, -1.512379E-01,  9.0625E-01
22700,  3.826059E-01, -1.537025E-01,  8.9062E-01
22800,  3.336408E-01, -1.547553E-01,  8.1250E-01
22900,  2.301035E-01, -1.695924E-01,  8.9062E-01
23000,  2.758578E-01, -1.984129E-01,  8.5938E-01
23100,  3.466643E-01, -2.038182E-01,  8.9062E-01
23200,  3.504409E-01, -1.780156E-01,  9.6875E-01
23300,  3.520368E-01, -1.667570E-01,  8.4375E-01
23400,  4.144148E-01, -1.561631E-01,  9.2188E-01
23500,  2.819188E-01, -1.146431E-01,  8.7500E-01
23600,  3.677769E-01, -1.314908E-01,  8.7500E-01
23700,  2.567454E-01, -1.954940E-01,  8.9062E-01
23800,  5.036032E-01, -1.701910E-01,  9.2188E-01
23900,  4.821112E-01, -1.571928E-01,  8.9062E-01
24000,  2.965420E-01, -1.984472E-01,  9.2188E-01
24100,  3.949219E-01, -1.711218E-01,  8.7500E-01
24200,  3.325472E-01, -2.243544E-01,  8.1250E-01
24300,  2.760159E-01, -1.336843E-01,  9.0625E-01
24400,  3.207743E-01, -1.444439E-01,  8.5938E-01
24500,  3.511587E-01, -1.709643E-01,  9.0625E-01
24600,  4.530225E-01, -1.790818E-01,  8.9062E-01
24700,  5.223382E-01, -1.167850E-01,  9.2188E-01
24800,  3.537553E-01, -1.401004E-01,  9.2188E-01
24900,  2.205746E-01, -1.555453E-01,  8.9062E-01
25000,  3.319409E-01, -1.902312E-01,  8.7500E-01
25100,  5.969121E-01, -2.299354E-01,  9.0625E-01
25200,  2.998744E-01, -1.539584E-01,  8.2812E-01
25300,  2.502322E-01, -1.714356E-01,  7.9688E-01
25400,  3.333682E-01, -1.465449E-01,  8.7500E-01
25500,  6.401477E-01, -1.665216E-01,  7.8125E-01
25600,  3.395205E-01, -1.113136E-01,  8.9062E-01
25700,  3.295305E-01, -5.803126E-02,  7.3438E-01
25800,  2.125911E-01, -1.195674E-01,  9.3750E-01
25900,  5.788805E-01, -1.177976E-01,  9.3750E-01
26000,  5.954655E-01, -1.415390E-01,  8.7500E-01
26100,  3.830374E-01, -1.438335E-01,  8.9062E-01
26200,  2.426336E-01, -1.772775E-01,  9.8438E-01
26300,  2.212486E-01, -1.282079E-01,  9.2188E-01
26400,  3.979623E-01, -2.028621E-01,  8.9062E-01
26500,  1.106490E-01, -1.533546E-01,  9.2188E-01
26600,  2.121856E-01, -1.061586E-01,  9.2188E-01
26700,  6.032094E-01, -1.416220E-01,  9.0625E-01
26800,  3.767792E-01, -1.178595E-01,  9.0625E-01
26900,  3.451301E-01, -1.344036E-01,  8.9062E-01
27000,  6.478978E-01, -1.240287E-01,  8.7500E-01
27100,  3.796800E-01, -1.895328E-01,  8.7500E-01
27200,  4.445582E-01, -1.758523E-01,  8.5938E-01
27300,  4.494911E-01, -1.574381E-01,  9.2188E-01
27400,  3.564799E-01, -2.225745E-01,  8.5938E-01
27500,  3.538810E-01, -1.503372E-01,  9.5312E-01
27600,  2.997196E-01, -1.700293E-01,  9.0625E-01
27700,  4.922501E-01, -2.194667E-01,  8.1250E-01
27800,  4.466897E-01, -1.604286E-01,  7.6562E-01
27900,  3.233753E-01, -1.272214E-01,  9.0625E-01
28000,  5.636655E-01, -1.168329E-01,  9.0625E-01
28100,  3.307616E-01, -1.293278E-01,  8.9062E-01
28200,  6.694840E-01, -1.798303E-01,  9.3750E-01
28300,  3.484479E-01, -2.061369E-01,  8.5938E-01
28400,  4.840374E-01, -1.479708E-01,  9.5312E-01
28500,  5.131738E-01, -1.738226E-01,  8.2812E-01
28600,  3.446146E-01, -1.491601E-01,  8.9062E-01
28700,  3.346786E-01, -1.700711E-01,  7.6562E-01
28800,  3.174999E-01, -1.560498E-01,  8.7500E-01
28900,  4.325269E-01, -1.378946E-01,  9.2188E-01
29000,  4.976829E-01, -1.457341E-01,  8.9062E-01
29100,  5.303569E-01, -1.531563E-01,  8.7500E-01
29200,  3.354243E-01, -1.572160E-01,  8.7500E-01
29300,  6.222199E-01, -1.727836E-01,  9.3750E-01
29400,  4.138011E-01, -1.261338E-01,  9.3750E-01
29500,  3.470511E-01, -1.366321E-01,  8.7500E-01
29600,  3.253674E-01, -1.736017E-01,  8.9062E-01
29700,  5.516540E-01, -1.982607E-01,  8.4375E-01
29800,  5.389122E-01, -2.328649E-01,  9.3750E-01
29900,  5.090592E-01, -1.906457E-01,  8.1250E-01
30000,  5.682958E-01, -1.714460E-01,  8.2812E-01
30100,  4.795792E-01, -1.405907E-01,  9.5312E-01
30200,  5.510350E-01, -1.664223E-01,  8.5938E-01
30300,  7.293075E-01, -1.901400E-01,  8.5938E-01
30400,  5.029118E-01, -2.209557E-01,  8.4375E-01
30500,  4.727862E-01, -1.531254E-01,  9.5312E-01
30600,  4.331717E-01, -1.989585E-01,  8.1250E-01
30700,  6.229083E-01, -2.002778E-01,  8.5938E-01
30800,  5.981959E-01, -1.448588E-01,  9.0625E-01
30900,  6.716484E-01, -1.884026E-01,  8.5938E-01
31000,  4.661943E-01, -2.000234E-01,  8.1250E-01
31100,  4.215168E-01, -1.504475E-01,  8.1250E-01
31200,  6.694573E-01, -1.765500E-01,  8.4375E-01
31300,  5.325996E-01, -1.632520E-01,  9.3750E-01
31400,  5.172303E-01, -1.288980E-01,  9.2188E-01
31500,  4.442349E-01, -1.661752E-01,  9.2188E-01
31600,  5.341418E-01, -2.060000E-01,  8.7500E-01
31700,  4.486880E-01, -1.460821E-01,  9.0625E-01
31800,  3.919619E-01, -1.225994E-01,  9.0625E-01
31900,  5.998478E-01, -2.019590E-01,  9.0625E-01
32000,  3.526186E-01, -1.655330E-01,  8.7500E-01
32100,  4.403695E-01, -1.445159E-01,  8.4375E-01
32200,  6.218579E-01, -1.458194E-01,  8.9062E-01
32300,  4.619105E-01, -1.582814E-01,  8.9062E-01
32400,  5.966145E-01, -1.476067E-01,  8.9062E-01
32500,  4.933973E-01, -1.323658E-01,  9.3750E-01
32600,  6.168854E-01, -2.144087E-01,  9.0625E-01
32700,  5.505713E-01, -1.578115E-01,  9.0625E-01
32800,  5.950619E-01, -1.573302E-01,  8.5938E-01
32900,  4.665323E-01, -1.724686E-01,  8.7500E-01
33000,  6.278812E-01, -1.524597E-01,  8.9062E-01
33100,  4.688931E-01, -1.359781E-01,  8.9062E-01
33200,  7.633724E-01, -2.104709E-01,  9.5312E-01
33300,  5.601540E-01, -1.915634E-01,  8.4375E-01
33400,  5.943119E-01, -3.402476E-02,  9.2188E-01
33500,  6.399032E-01, -2.063999E-01,  9.2188E-01
33600,  5.691845E-01, -1.615733E-01,  8.9062E-01
33700,  7.059346E-01, -1.796720E-01,  8.9062E-01
33800,  6.802766E-01, -1.902066E-01,  8.9062E-01
33900,  5.439500E-01, -1.814930E-01,  9.3750E-01
34000,  6.624408E-01, -1.583322E-01,  9.5312E-01
34100,  8.742011E-01, -2.244284E-01,  7.8125E-01
34200,  6.215404E-01, -1.759963E-01,  8.5938E-01
34300,  7.030430E-01, -1.717149E-01,  9.2188E-01
34400,  6.621454E-01, -2.054592E-01,  8.2812E-01
34500,  6.631210E-01, -1.958221E-01,  8.5938E-01
34600,  5.541390E-01, -1.769954E-01,  8.4375E-01
34700,  7.574865E-01, -1.808223E-01,  8.9062E-01
34800,  5.975488E-01, -9.454437E-02,  9.5312E-01
34900,  5.808750E-01, -1.444077E-01,  8.5938E-01
35000,  6.032172E-01, -1.915553E-01,  8.7500E-01
35100,  7.180004E-01, -2.001147E-01,  8.4375E-01
35200,  7.628549E-01, -1.607838E-01,  9.0625E-01
35300,  6.116648E-01, -1.526073E-01,  9.2188E-01
35400,  6.810009E-01, -1.618259E-01,  9.3750E-01
35500,  6.340175E-01, -1.509032E-01,  9.0625E-01
35600,  7.495055E-01, -1.991352E-01,  8.7500E-01
35700,  6.021224E-01, -1.547909E-01,  8.7500E-01
35800,  6.588628E-01, -1.498101E-01,  8.7500E-01
35900,  6.385639E-01, -1.650759E-01,  8.1250E-01
36000,  5.905845E-01, -1.300643E-01,  8.9062E-01
36100,  6.601661E-01, -1.139634E-01,  8.5938E-01
36200,  5.695192E-01, -1.290898E-01,  8.7500E-01
36300,  7.633504E-01, -1.859784E-01,  8.4375E-01
36400,  6.766286E-01, -1.539207E-01,  8.7500E-01
36500,  5.613000E-01, -1.655268E-01,  8.2812E-01
36600,  6.348939E-01, -1.708976E-01,  8.4375E-01
36700,  6.211267E-01, -1.340966E-01,  9.2188E-01
36800,  6.490867E-01, -1.325336E-01,  8.9062E-01
36900,  6.645975E-01, -1.287876E-01,  9.0625E-01
37000,  4.787866E-01, -1.273186E-01,  8.5938E-01
37100,  6.525462E-01, -1.302008E-01,  9.0625E-01
37200,  8.981876E-01, -2.788433E-01,  8.2812E-01
37300,  6.182169E-01, -1.675930E-01,  9.5312E-01
37400,  4.966772E-01, -1.385277E-01,  8.7500E-01
37500,  5.696303E-01, -1.860619E-01,  8.5938E-01
37600,  5.886797E-01, -1.631999E-01,  8.7500E-01
37700,  5.304655E-01, -1.523079E-01,  8.7500E-01
37800,  7.122501E-01, -1.644156E-01,  9.0625E-01
37900,  6.169909E-01, -1.748787E-01,  8.9062E-01
38000,  6.603751E-01, -1.393785E-01,  8.9062E-01
38100,  6.540561E-01, -1.874124E-01,  8.9062E-01
38200,  6.025689E-01, -1.737356E-01,  9.2188E-01
38300,  5.276333E-01, -1.330874E-01,  8.9062E-01
38400,  6.742972E-01, -1.222947E-01,  8.7500E-01
38500,  6.657001E-01, -1.182953E-01,  8.7500E-01
38600,  5.737969E-01, -1.386292E-01,  9.0625E-01
38700,  7.414135E-01, -1.510452E-01,  8.7500E-01
38800,  7.103465E-01, -1.752703E-01,  8.4375E-01
38900,  7.280413E-01, -1.593093E-01,  8.9062E-01
39000,  6.623737E-01, -2.111357E-01,  8.1250E-01
39100,  7.117131E-01, -1.211816E-01,  8.7500E-01
39200,  5.024517E-01, -1.388383E-01,  8.5938E-01
39300,  6.538315E-01, -1.485669E-01,  8.5938E-01
39400,  7.327511E-01, -1.943202E-01,  9.2188E-01
39500,  6.581442E-01, -1.701854E-01,  8.7500E-01
39600,  5.256573E-01, -1.905325E-01,  8.4375E-01
39700,  7.305198E-01, -1.727779E-01,  8.5938E-01
39800,  6.524608E-01, -1.774331E-01,  8.9062E-01
39900,  6.414537E-01, -1.396882E-01,  9.0625E-01
40000,  5.718724E-01, -1.490785E-01,  8.4375E-01
40100,  6.242953E-01, -1.530915E-01,  8.5938E-01
40200,  6.409563E-01, -1.154305E-01,  9.3750E-01
40300,  7.872910E-01, -2.004681E-01,  8.2812E-01
40400,  6.071993E-01, -1.670017E-01,  8.5938E-01
40500,  6.750047E-01, -9.262757E-02,  9.5312E-01
40600,  5.885717E-01, -1.267376E-01,  8.5938E-01
40700,  6.197017E-01, -1.267919E-01,  8.9062E-01
40800,  6.967741E-01, -1.613830E-01,  8.2812E-01
40900,  6.351050E-01, -1.659792E-01,  8.1250E-01
41000,  7.032067E-01, -1.574395E-01,  8.7500E-01
41100,  7.537446E-01, -2.295030E-01,  8.7500E-01
41200,  6.580534E-01, -1.300297E-01,  9.3750E-01
41300,  6.695459E-01, -1.500043E-01,  8.9062E-01
41400,  6.713330E-01, -1.680114E-01,  8.5938E-01
41500,  6.933458E-01, -1.935945E-01,  8.4375E-01
41600,  6.822796E-01, -1.501244E-01,  9.2188E-01
41700,  6.277518E-01, -1.508636E-01,  8.5938E-01
41800,  7.172964E-01, -2.056661E-01,  8.7500E-01
41900,  6.271836E-01, -1.487495E-01,  8.9062E-01
42000,  6.865213E-01, -1.271476E-01,  9.0625E-01
42100,  7.751582E-01, -1.786832E-01,  8.5938E-01
42200,  6.316144E-01, -1.368053E-01,  8.9062E-01
42300,  7.652032E-01, -1.977510E-01,  8.2812E-01
42400,  7.898628E-01, -1.600485E-01,  8.5938E-01
42500,  6.563309E-01, -1.714292E-01,  9.2188E-01
42600,  7.295573E-01, -1.160896E-01,  8.7500E-01
42700,  5.474153E-01, -1.303779E-01,  8.9062E-01
42800,  6.147830E-01, -1.156395E-01,  9.3750E-01
42900,  6.298599E-01, -1.661581E-01,  8.2812E-01
43000,  7.317007E-01, -1.745813E-01,  8.7500E-01
43100,  6.334898E-01, -1.825052E-01,  8.9062E-01
43200,  6.270571E-01, -1.245607E-01,  9.2188E-01
43300,  7.309316E-01, -1.396231E-01,  9.3750E-01
43400,  6.871911E-01, -1.477132E-01,  9.3750E-01
43500,  8.102127E-01, -1.915433E-01,  8.7500E-01
43600,  6.903825E-01, -1.762156E-01,  8.9062E-01
43700,  7.105055E-01, -1.712423E-01,  8.9062E-01
43800,  6.281289E-01, -1.395960E-01,  9.0625E-01
43900,  5.965364E-01, -1.396172E-01,  8.7500E-01
44000,  7.419637E-01, -1.406556E-01,  8.9062E-01
44100,  7.317938E-01, -1.716879E-01,  8.5938E-01
44200,  7.359422E-01, -1.784395E-01,  8.7500E-01
44300,  5.808010E-01, -1.230382E-01,  8.9062E-01
44400,  6.047587E-01, -1.378490E-01,  8.7500E-01
44500,  6.822546E-01, -1.760903E-01,  9.6875E-01
44600,  7.834145E-01, -1.844580E-01,  8.2812E-01
44700,  6.588415E-01, -1.086667E-01,  9.3750E-01
44800,  6.602825E-01, -1.333804E-01,  9.2188E-01
44900,  7.332627E-01, -1.873930E-01,  8.5938E-01
45000,  6.619403E-01, -1.391232E-01,  9.3750E-01
45100,  5.247116E-01, -1.258489E-01,  8.5938E-01
45200,  7.319611E-01, -1.630622E-01,  8.7500E-01
45300,  6.685095E-01, -1.597516E-01,  8.7500E-01
45400,  6.544399E-01, -1.866849E-01,  8.1250E-01
45500,  6.496758E-01, -1.528196E-01,  9.2188E-01
45600,  8.239009E-01, -1.501823E-01,  8.5938E-01
45700,  7.298135E-01, -1.838734E-01,  7.9688E-01
45800,  6.808559E-01, -1.659900E-01,  8.7500E-01
45900,  6.090391E-01, -1.350082E-01,  9.0625E-01
46000,  5.906374E-01, -1.147879E-01,  9.5312E-01
46100,  6.609957E-01, -1.441700E-01,  9.0625E-01
46200,  6.456919E-01, -1.512900E-01,  9.2188E-01
46300,  5.671692E-01, -1.426908E-01,  9.3750E-01
46400,  6.961201E-01, -1.388664E-01,  9.2188E-01
46500,  7.682381E-01, -2.432127E-01,  8.4375E-01
46600,  6.443049E-01, -1.535380E-01,  9.6875E-01
46700,  5.519744E-01, -1.210203E-01,  9.5312E-01
46800,  6.751529E-01, -2.066199E-01,  8.9062E-01
46900,  6.996557E-01, -1.593411E-01,  8.9062E-01
47000,  7.515283E-01, -1.439622E-01,  8.7500E-01
47100,  7.518885E-01, -2.247089E-01,  7.8125E-01
47200,  7.288325E-01, -1.246946E-01,  9.0625E-01
47300,  6.186818E-01, -1.510855E-01,  9.6875E-01
47400,  6.902665E-01, -1.037657E-01,  9.5312E-01
47500,  7.352353E-01, -1.554972E-01,  9.3750E-01
47600,  6.372786E-01, -1.563959E-01,  9.0625E-01
47700,  8.135319E-01, -1.139989E-01,  8.9062E-01
47800,  6.683614E-01, -1.567543E-01,  9.0625E-01
47900,  7.434140E-01, -1.537805E-01,  8.5938E-01
48000,  8.842335E-01, -1.765542E-01,  8.7500E-01
48100,  7.175889E-01, -1.680951E-01,  9.2188E-01
48200,  5.620301E-01, -1.312557E-01,  9.2188E-01
48300,  6.221544E-01, -1.809206E-01,  8.9062E-01
48400,  5.606112E-01, -1.315461E-01,  9.6875E-01
48500,  6.339053E-01, -9.815960E-02,  9.5312E-01
48600,  6.493965E-01, -8.992110E-02,  9.2188E-01
48700,  6.862311E-01, -1.168035E-01,  9.0625E-01
48800,  7.090114E-01, -1.216018E-01,  8.7500E-01
48900,  6.917593E-01, -1.444916E-01,  9.2188E-01
49000,  7.111653E-01, -1.495153E-01,  8.9062E-01
49100,  6.842602E-01, -1.580624E-01,  9.0625E-01
49200,  7.731749E-01, -1.345929E-01,  8.9062E-01
49300,  7.388266E-01, -1.341873E-01,  9.2188E-01
49400,  6.504119E-01, -1.533048E-01,  8.7500E-01
49500,  6.635810E-01, -1.728764E-01,  8.4375E-01
49600,  7.174845E-01, -1.376290E-01,  8.9062E-01
49700,  6.858591E-01, -1.399089E-01,  8.7500E-01
49800,  6.041666E-01, -1.253295E-01,  9.8438E-01
49900,  7.323948E-01, -1.798297E-01,  8.4375E-01
50000,  6.719041E-01, -8.557172E-02,  9.5312E-01
50100,  6.700679E-01, -1.534504E-01,  8.7500E-01
50200,  7.409255E-01, -1.650737E-01,  9.2188E-01
50300,  7.035881E-01, -1.318435E-01,  9.2188E-01
50400,  7.886116E-01, -1.950299E-01,  8.7500E-01
50500,  6.975910E-01, -1.264512E-01,  9.5312E-01
50600,  8.426520E-01, -1.746037E-01,  9.3750E-01
50700,  5.174165E-01, -8.747558E-02,  9.2188E-01
50800,  6.028241E-01, -1.580178E-01,  8.4375E-01
50900,  6.349170E-01, -1.489949E-01,  9.3750E-01
51000,  6.850727E-01, -1.427333E-01,  9.2188E-01
51100,  6.995131E-01, -1.314004E-01,  9.2188E-01
51200,  6.572931E-01, -1.569932E-01,  8.4375E-01
51300,  6.675902E-01, -1.963429E-01,  8.9062E-01
51400,  5.613679E-01, -1.263936E-01,  9.5312E-01
51500,  7.191408E-01, -1.757739E-01,  9.3750E-01
51600,  7.742954E-01, -1.421332E-01,  9.0625E-01
51700,  7.630291E-01, -2.310718E-01,  7.5000E-01
51800,  5.690237E-01, -9.068470E-02,  9.6875E-01
51900,  8.462719E-01, -1.813043E-01,  8.9062E-01
52000,  6.237478E-01, -1.541452E-01,  9.2188E-01
52100,  7.578139E-01, -1.258567E-01,  9.2188E-01
52200,  7.162976E-01, -1.551454E-01,  8.7500E-01
52300,  6.155788E-01, -1.318039E-01,  9.2188E-01
52400,  7.283784E-01, -1.553987E-01,  9.2188E-01
52500,  7.507329E-01, -1.962115E-01,  8.9062E-01
52600,  5.290139E-01, -1.104127E-01,  9.2188E-01
52700,  8.027622E-01, -1.768738E-01,  8.4375E-01
52800,  6.216869E-01, -1.141243E-01,  8.7500E-01
52900,  7.138230E-01, -1.414674E-01,  8.5938E-01
53000,  7.340592E-01, -1.876183E-01,  9.0625E-01
53100,  7.715572E-01, -1.025360E-01,  8.7500E-01
53200,  6.039710E-01, -1.514592E-01,  9.2188E-01
53300,  5.100418E-01, -7.474539E-02,  9.3750E-01
53400,  8.374816E-01, -2.098652E-01,  8.1250E-01
53500,  7.170573E-01, -1.653027E-01,  8.9062E-01
53600,  6.957054E-01, -1.505988E-01,  8.7500E-01
53700,  6.977512E-01, -1.310480E-01,  9.0625E-01
53800,  6.953430E-01, -2.018365E-01,  8.7500E-01
53900,  7.178327E-01, -1.891285E-01,  8.5938E-01
54000,  8.294212E-01, -1.976981E-01,  8.7500E-01
54100,  6.373729E-01, -1.255952E-01,  8.9062E-01
54200,  5.908514E-01, -1.473006E-01,  8.4375E-01
54300,  7.179868E-01, -1.068518E-01,  9.0625E-01
54400,  6.906979E-01, -1.402337E-01,  9.0625E-01
54500,  5.517738E-01, -8.840333E-02,  9.2188E-01
54600,  6.595036E-01, -1.524444E-01,  9.5312E-01
54700,  8.191133E-01, -1.500562E-01,  9.0625E-01
54800,  7.440289E-01, -9.963514E-02,  8.9062E-01
54900,  6.946737E-01, -1.719294E-01,  8.5938E-01
55000,  7.681673E-01, -1.968378E-01,  8.2812E-01
55100,  6.218836E-01, -1.829363E-01,  8.7500E-01
55200,  5.711372E-01, -1.711368E-01,  8.2812E-01
55300,  8.063776E-01, -1.284100E-01,  9.2188E-01
55400,  6.597825E-01, -7.903948E-02,  9.2188E-01
55500,  6.068568E-01, -1.063152E-01,  9.0625E-01
55600,  8.352233E-01, -1.480008E-01,  9.0625E-01
55700,  8.156600E-01, -1.443227E-01,  8.5938E-01
55800,  6.211248E-01, -1.572951E-01,  8.7500E-01
55900,  6.314949E-01, -1.785140E-01,  8.1250E-01
56000,  8.513897E-01, -1.759766E-01,  8.7500E-01
56100,  6.777825E-01, -1.497148E-01,  8.9062E-01
56200,  6.601180E-01, -1.099087E-01,  9.0625E-01
56300,  7.424573E-01, -1.785690E-01,  8.4375E-01
56400,  7.503380E-01, -1.522945E-01,  9.3750E-01
56500,  7.449265E-01, -1.819357E-01,  8.7500E-01
56600,  6.561993E-01, -1.491930E-01,  9.2188E-01
56700,  7.236110E-01, -2.053947E-01,  9.0625E-01
56800,  7.859826E-01, -1.699768E-01,  9.0625E-01
56900,  7.075691E-01, -1.529043E-01,  8.9062E-01
57000,  7.419471E-01, -1.265578E-01,  8.9062E-01
57100,  6.332660E-01, -1.219912E-01,  9.5312E-01
57200,  5.774940E-01, -1.301330E-01,  8.9062E-01
57300,  8.288111E-01, -1.978963E-01,  8.7500E-01
57400,  6.639649E-01, -1.806789E-01,  8.4375E-01
57500,  6.772705E-01, -1.312786E-01,  9.3750E-01
57600,  9.314431E-01, -1.450009E-01,  9.0625E-01
57700,  5.922660E-01, -1.511548E-01,  9.5312E-01
57800,  7.994044E-01, -1.188266E-01,  9.5312E-01
57900,  7.992517E-01, -9.445085E-02,  9.8438E-01
58000,  7.282331E-01, -1.022599E-01,  8.7500E-01
58100,  5.717266E-01, -1.398298E-01,  8.5938E-01
58200,  7.301733E-01, -2.010925E-01,  9.0625E-01
58300,  7.772719E-01, -1.275030E-01,  8.2812E-01
58400,  6.739818E-01, -1.238516E-01,  8.7500E-01
58500,  7.212510E-01, -1.406775E-01,  8.7500E-01
58600,  7.266159E-01, -1.357173E-01,  9.3750E-01
58700,  6.107618E-01, -1.219071E-01,  9.5312E-01
58800,  7.687182E-01, -1.937768E-01,  8.9062E-01
58900,  8.675390E-01, -1.247375E-01,  9.2188E-01
59000,  7.586588E-01, -1.353858E-01,  8.5938E-01
59100,  6.722028E-01, -1.315810E-01,  9.3750E-01
59200,  6.775184E-01, -1.202242E-01,  9.3750E-01
59300,  7.311113E-01, -2.044410E-01,  8.7500E-01
59400,  7.385714E-01, -1.309307E-01,  8.9062E-01
59500,  7.180371E-01, -1.319382E-01,  9.0625E-01
59600,  7.535905E-01, -1.621709E-01,  9.3750E-01
59700,  6.723495E-01, -2.042717E-01,  8.2812E-01
59800,  6.476504E-01, -1.591407E-01,  8.5938E-01
59900,  5.972006E-01, -1.340627E-01,  9.3750E-01
60000,  7.185944E-01, -2.122654E-01,  8.9062E-01
60100,  8.092899E-01, -1.723428E-01,  8.7500E-01
60200,  7.737312E-01, -1.483360E-01,  9.2188E-01
60300,  7.421496E-01, -2.019280E-01,  8.5938E-01
60400,  6.000441E-01, -1.414506E-01,  8.2812E-01
60500,  7.255486E-01, -1.309075E-01,  9.2188E-01
60600,  7.689867E-01, -1.864460E-01,  8.9062E-01
60700,  7.649045E-01, -2.070920E-01,  8.2812E-01
60800,  7.015458E-01, -1.263467E-01,  9.5312E-01
60900,  5.872411E-01, -1.099049E-01,  9.3750E-01
61000,  6.710783E-01, -1.467739E-01,  9.2188E-01
61100,  7.553339E-01, -1.085759E-01,  9.5312E-01
61200,  7.060046E-01, -1.196555E-01,  9.3750E-01
61300,  6.973569E-01, -1.532311E-01,  9.0625E-01
61400,  6.271029E-01, -1.471964E-01,  9.3750E-01
61500,  6.837738E-01, -1.142042E-01,  9.5312E-01
61600,  8.132422E-01, -1.898171E-01,  8.7500E-01
61700,  6.113536E-01, -1.177637E-01,  9.2188E-01
61800,  6.820133E-01, -1.040242E-01,  9.5312E-01
61900,  7.776681E-01, -1.421313E-01,  8.4375E-01
62000,  7.159837E-01, -1.289546E-01,  9.0625E-01
62100,  6.810727E-01, -1.287566E-01,  9.5312E-01
62200,  6.519030E-01, -8.870611E-02,  9.0625E-01
62300,  7.939101E-01, -1.551466E-01,  8.4375E-01
62400,  6.170185E-01, -1.707896E-01,  8.5938E-01
62500,  7.443618E-01, -1.523347E-01,  9.0625E-01
62600,  7.909206E-01, -1.159755E-01,  8.5938E-01
62700,  6.116683E-01, -1.084347E-01,  9.6875E-01
62800,  6.601483E-01, -1.157127E-01,  9.0625E-01
62900,  8.833469E-01, -1.381251E-01,  9.2188E-01
63000,  7.760320E-01, -1.290421E-01,  9.2188E-01
63100,  7.094532E-01, -1.568672E-01,  9.3750E-01
63200,  6.634060E-01, -1.176706E-01,  8.9062E-01
63300,  8.327744E-01, -1.384675E-01,  8.5938E-01
63400,  6.879065E-01, -1.690414E-01,  8.7500E-01
63500,  6.925352E-01, -2.026122E-01,  8.5938E-01
63600,  5.829164E-01, -9.480893E-02,  9.3750E-01
63700,  7.065951E-01, -1.300225E-01,  9.6875E-01
63800,  7.478787E-01, -1.181029E-01,  9.5312E-01
63900,  6.493745E-01, -1.542075E-01,  9.2188E-01
64000,  6.780124E-01, -1.395078E-01,  9.3750E-01
64100,  7.490367E-01, -1.656763E-01,  9.3750E-01
64200,  7.345827E-01, -1.509434E-01,  9.0625E-01
64300,  5.977985E-01, -1.395674E-01,  9.0625E-01
64400,  7.159849E-01, -1.506939E-01,  8.9062E-01
64500,  6.552616E-01, -1.065932E-01,  9.5312E-01
64600,  8.065493E-01, -1.668890E-01,  9.3750E-01
64700,  7.746312E-01, -2.241367E-01,  8.4375E-01
64800,  7.613407E-01, -1.118474E-01,  9.2188E-01
64900,  8.346211E-01, -1.787792E-01,  8.7500E-01
65000,  7.491965E-01, -1.362540E-01,  8.9062E-01
65100,  5.730536E-01, -1.723147E-01,  8.7500E-01
65200,  6.509261E-01, -1.261845E-01,  8.7500E-01
65300,  7.293218E-01, -1.671482E-01,  8.7500E-01
65400,  6.663468E-01, -1.174490E-01,  9.5312E-01
65500,  7.837372E-01, -1.797117E-01,  8.9062E-01
65600,  6.775060E-01, -1.259617E-01,  9.3750E-01
65700,  7.462739E-01, -1.574137E-01,  9.3750E-01
65800,  7.184635E-01, -1.648767E-01,  9.0625E-01
65900,  6.861867E-01, -1.187341E-01,  9.5312E-01
66000,  7.345691E-01, -1.638621E-01,  9.0625E-01
66100,  8.303274E-01, -1.698891E-01,  9.2188E-01
66200,  8.440182E-01, -1.644892E-01,  8.9062E-01
66300,  9.276650E-01, -1.526010E-01,  9.5312E-01
66400,  6.907364E-01, -1.228869E-01,  9.3750E-01
66500,  7.160264E-01, -1.019701E-01,  9.0625E-01
66600,  7.731836E-01, -1.339311E-01,  9.3750E-01
66700,  7.979316E-01, -2.523424E-01,  8.1250E-01
66800,  6.980032E-01, -1.587032E-01,  8.7500E-01
66900,  6.452081E-01, -1.376998E-01,  9.3750E-01
67000,  6.979269E-01, -1.135719E-01,  9.2188E-01
67100,  5.366794E-01, -1.629976E-01,  8.9062E-01
67200,  6.984940E-01, -1.561733E-01,  9.2188E-01
67300,  7.155997E-01, -1.487672E-01,  9.0625E-01
67400,  7.258428E-01, -1.818419E-01,  8.5938E-01
67500,  8.113296E-01, -1.691662E-01,  9.6875E-01
67600,  7.804474E-01, -1.874954E-01,  8.9062E-01
67700,  6.277852E-01, -1.512089E-01,  9.5312E-01
67800,  8.686754E-01, -1.903627E-01,  8.7500E-01
67900,  6.872913E-01, -1.719090E-01,  9.2188E-01
68000,  7.011789E-01, -1.611768E-01,  9.2188E-01
68100,  6.751239E-01, -1.052603E-01,  9.0625E-01
68200,  7.567453E-01, -1.903029E-01,  9.5312E-01
68300,  6.959851E-01, -1.517626E-01,  9.0625E-01
68400,  8.129420E-01, -1.739192E-01,  8.4375E-01
68500,  7.308442E-01, -1.278310E-01,  8.7500E-01
68600,  8.303903E-01, -1.093294E-01,  8.7500E-01
68700,  7.179428E-01, -1.402017E-01,  9.2188E-01
68800,  8.409562E-01, -1.718088E-01,  8.7500E-01
68900,  7.677234E-01, -1.274870E-01,  9.6875E-01
69000,  6.585802E-01, -1.443983E-01,  8.7500E-01
69100,  8.529855E-01, -1.522365E-01,  8.4375E-01
69200,  8.328766E-01, -1.650544E-01,  8.5938E-01
69300,  6.724646E-01, -1.539021E-01,  8.7500E-01
69400,  6.924057E-01, -1.036362E-01,  8.9062E-01
69500,  8.169787E-01, -2.026012E-01,  8.9062E-01
69600,  6.951358E-01, -1.524925E-01,  9.2188E-01
69700,  6.255034E-01, -1.040408E-01,  9.3750E-01
69800,  6.675448E-01, -8.861939E-02,  9.5312E-01
69900,  8.694221E-01, -1.555108E-01,  9.3750E-01
70000,  7.038873E-01, -1.549427E-01,  9.2188E-01
70100,  7.822230E-01, -1.319524E-01,  8.9062E-01
70200,  8.220882E-01, -1.312995E-01,  9.3750E-01
70300,  6.870922E-01, -1.240431E-01,  9.0625E-01
70400,  6.657169E-01, -1.325768E-01,  9.0625E-01
70500,  7.381341E-01, -1.578421E-01,  8.9062E-01
70600,  7.488132E-01, -1.877569E-01,  9.0625E-01
70700,  7.047789E-01, -1.219965E-01,  8.9062E-01
70800,  4.698227E-01, -1.165542E-01,  9.2188E-01
70900,  8.021553E-01, -1.340629E-01,  8.9062E-01
71000,  6.623248E-01, -1.356092E-01,  9.0625E-01
71100,  6.317893E-01, -1.204272E-01,  8.9062E-01
71200,  6.227183E-01, -1.690337E-01,  8.5938E-01
71300,  6.546127E-01, -1.037635E-01,  9.2188E-01
71400,  6.577183E-01, -1.435336E-01,  9.2188E-01
71500,  7.699044E-01, -7.249387E-02,  9.3750E-01
71600,  6.840400E-01, -1.559194E-01,  8.7500E-01
71700,  7.281591E-01, -1.142137E-01,  9.5312E-01
71800,  9.759539E-01, -1.519729E-01,  8.2812E-01
71900,  7.246095E-01, -1.219651E-01,  9.3750E-01
72000,  6.246246E-01, -1.385953E-01,  8.5938E-01
72100,  8.354691E-01, -1.250525E-01,  9.3750E-01
72200,  7.596934E-01, -1.220644E-01,  8.4375E-01
72300,  6.948136E-01, -1.147527E-01,  9.5312E-01
72400,  7.063539E-01, -7.737819E-02,  9.6875E-01
72500,  8.778155E-01, -1.177014E-01,  9.0625E-01
72600,  7.286131E-01, -1.542523E-01,  9.0625E-01
72700,  7.993357E-01, -1.685341E-01,  9.0625E-01
72800,  6.910312E-01, -1.246286E-01,  9.3750E-01
72900,  8.077248E-01, -1.270007E-01,  9.5312E-01
73000,  6.708468E-01, -9.048563E-02,  9.3750E-01
73100,  6.754255E-01, -9.461608E-02,  8.9062E-01
73200,  8.653294E-01, -7.697280E-02,  9.6875E-01
73300,  8.050029E-01, -1.570860E-01,  9.3750E-01
73400,  6.864074E-01, -1.312564E-01,  9.3750E-01
73500,  7.183527E-01, -1.486145E-01,  9.2188E-01
73600,  8.101641E-01, -1.912435E-01,  8.9062E-01
73700,  6.627241E-01, -1.227189E-01,  9.6875E-01
73800,  7.812651E-01, -1.933702E-01,  8.7500E-01
73900,  6.831854E-01, -9.655935E-02,  9.3750E-01
74000,  9.215763E-01, -1.872233E-01,  8.7500E-01
74100,  8.132968E-01, -1.399197E-01,  9.0625E-01
74200,  6.306255E-01, -1.585010E-01,  8.4375E-01
74300,  7.278377E-01, -1.796919E-01,  9.0625E-01
74400,  7.452637E-01, -1.474026E-01,  8.9062E-01
74500,  8.568020E-01, -1.000634E-01,  9.5312E-01
74600,  8.295385E-01, -1.745431E-01,  8.5938E-01
74700,  6.530222E-01, -1.465641E-01,  8.5938E-01
74800,  7.315800E-01, -1.194532E-01,  9.0625E-01
74900,  7.556844E-01, -1.609079E-01,  9.2188E-01
75000,  7.544814E-01, -1.172730E-01,  9.2188E-01
75100,  7.611528E-01, -1.281316E-01,  8.9062E-01
75200,  7.315864E-01, -1.656791E-01,  8.5938E-01
75300,  7.797496E-01, -1.656598E-01,  8.5938E-01
75400,  8.156832E-01, -1.937581E-01,  8.4375E-01
75500,  7.612693E-01, -1.648455E-01,  9.0625E-01
75600,  7.741224E-01, -1.660420E-01,  9.2188E-01
75700,  7.758048E-01, -1.724585E-01,  9.3750E-01
75800,  7.663441E-01, -1.435613E-01,  8.7500E-01
75900,  7.258433E-01, -1.100861E-01,  9.2188E-01
76000,  6.493584E-01, -1.121045E-01,  9.3750E-01
76100,  7.269827E-01, -1.491097E-01,  8.2812E-01
76200,  7.119839E-01, -1.484426E-01,  8.9062E-01
76300,  7.256109E-01, -1.443777E-01,  9.5312E-01
76400,  6.780751E-01, -1.182066E-01,  8.4375E-01
76500,  7.389160E-01, -1.438370E-01,  9.3750E-01
76600,  6.923464E-01, -1.108271E-01,  9.3750E-01
76700,  6.556594E-01, -1.121734E-01,  9.2188E-01
76800,  6.325312E-01, -1.260885E-01,  9.0625E-01
76900,  8.029730E-01, -1.084767E-01,  9.3750E-01
77000,  8.403038E-01, -1.178591E-01,  8.9062E-01
77100,  7.606865E-01, -1.537473E-01,  9.0625E-01
77200,  7.369701E-01, -1.037967E-01,  9.3750E-01
77300,  7.273064E-01, -1.081452E-01,  8.9062E-01
77400,  5.303327E-01, -1.262646E-01,  9.0625E-01
77500,  7.126905E-01, -1.188578E-01,  9.5312E-01
77600,  5.906017E-01, -1.336647E-01,  9.2188E-01
77700,  7.839572E-01, -1.822415E-01,  8.7500E-01
77800,  6.508037E-01, -1.231446E-01,  8.9062E-01
77900,  6.222861E-01, -1.123103E-01,  9.2188E-01
78000,  7.698693E-01, -1.490311E-01,  8.7500E-01
78100,  8.166708E-01, -1.552643E-01,  8.9062E-01
78200,  9.351516E-01, -1.295680E-01,  9.3750E-01
78300,  6.904535E-01, -1.069719E-01,  9.3750E-01
78400,  7.469797E-01, -9.585151E-02,  9.6875E-01
78500,  7.129762E-01, -1.538244E-01,  9.3750E-01
78600,  8.462526E-01, -1.402853E-01,  9.6875E-01
78700,  8.445807E-01, -1.042927E-01,  9.0625E-01
78800,  9.661896E-01, -1.940268E-01,  8.7500E-01
78900,  8.594263E-01, -1.190178E-01,  8.5938E-01
79000,  6.779391E-01, -1.867442E-01,  8.9062E-01
79100,  7.581471E-01, -1.355193E-01,  9.3750E-01
79200,  7.957835E-01, -1.420481E-01,  9.2188E-01
79300,  7.176828E-01, -1.211561E-01,  8.7500E-01
79400,  7.367347E-01, -1.589775E-01,  8.5938E-01
79500,  7.745867E-01, -9.594946E-02,  8.7500E-01
79600,  6.180137E-01, -1.078708E-01,  9.0625E-01
79700,  9.774405E-01, -1.372191E-01,  9.0625E-01
79800,  6.567993E-01, -1.210147E-01,  9.3750E-01
79900,  7.454603E-01, -8.674709E-02,  9.3750E-01
80000,  7.928473E-01, -1.340992E-01,  8.5938E-01
80100,  6.464518E-01, -1.228145E-01,  9.3750E-01
80200,  7.217010E-01, -1.409326E-01,  9.0625E-01
80300,  6.224540E-01, -1.438662E-01,  9.5312E-01
80400,  7.622645E-01, -1.483178E-01,  8.9062E-01
80500,  6.766896E-01, -8.093256E-02,  9.2188E-01
80600,  7.321169E-01, -1.720536E-01,  8.9062E-01
80700,  6.015646E-01, -8.464907E-02,  9.5312E-01
80800,  6.411025E-01, -1.217528E-01,  9.3750E-01
80900,  7.436183E-01, -1.692525E-01,  9.2188E-01
81000,  8.220572E-01, -1.670442E-01,  8.9062E-01
81100,  8.066587E-01, -1.311705E-01,  9.0625E-01
81200,  8.094895E-01, -9.600017E-02,  9.3750E-01
81300,  8.802785E-01, -1.682422E-01,  9.0625E-01
81400,  8.291161E-01, -1.421230E-01,  8.9062E-01
81500,  7.880961E-01, -2.096410E-01,  9.2188E-01
81600,  7.464508E-01, -7.041895E-02,  9.3750E-01
81700,  8.885525E-01, -1.868263E-01,  8.5938E-01
81800,  7.993790E-01, -1.156783E-01,  9.3750E-01
81900,  6.350802E-01, -8.812582E-02,  8.9062E-01
82000,  8.447384E-01, -1.063781E-01,  9.2188E-01
82100,  8.370599E-01, -1.331505E-01,  9.2188E-01
82200,  7.933701E-01, -1.121982E-01,  9.2188E-01
82300,  7.976736E-01, -1.088743E-01,  9.0625E-01
82400,  7.390324E-01, -1.554453E-01,  8.5938E-01
82500,  8.854054E-01, -1.571305E-01,  9.0625E-01
82600,  7.940036E-01, -9.322716E-02,  9.0625E-01
82700,  7.806273E-01, -1.463490E-01,  9.5312E-01
82800,  8.165249E-01, -1.355260E-01,  9.5312E-01
82900,  6.569059E-01, -1.453499E-01,  9.2188E-01
83000,  6.733327E-01, -1.005885E-01,  8.5938E-01
83100,  8.922718E-01, -1.928616E-01,  8.9062E-01
83200,  6.964177E-01, -7.617022E-02,  9.2188E-01
83300,  5.968750E-01, -9.249772E-02,  9.0625E-01
83400,  4.811967E-01, -8.728074E-02,  9.5312E-01
83500,  7.729841E-01, -1.221879E-01,  9.2188E-01
83600,  7.104894E-01, -9.032784E-02,  9.6875E-01
83700,  8.163894E-01, -1.584227E-01,  9.0625E-01
83800,  7.906524E-01, -1.824746E-01,  9.5312E-01
83900,  6.838586E-01, -1.830588E-01,  8.7500E-01
84000,  7.467114E-01, -1.097144E-01,  9.5312E-01
84100,  7.692765E-01, -1.233696E-01,  8.7500E-01
84200,  7.423990E-01, -1.059298E-01,  9.5312E-01
84300,  6.811160E-01, -1.159872E-01,  9.2188E-01
84400,  7.362281E-01, -1.569767E-01,  9.0625E-01
84500,  9.369535E-01, -1.960778E-01,  8.7500E-01
84600,  8.959022E-01, -1.364029E-01,  8.5938E-01
84700,  7.278359E-01, -1.682682E-01,  8.9062E-01
84800,  8.169958E-01, -9.974978E-02,  9.6875E-01
84900,  5.709658E-01, -1.505057E-01,  9.3750E-01
85000,  7.056502E-01, -1.779338E-01,  8.9062E-01
85100,  8.040892E-01, -1.379486E-01,  9.0625E-01
85200,  8.165998E-01, -1.367869E-01,  9.0625E-01
85300,  7.563070E-01, -1.637084E-01,  8.7500E-01
85400,  7.136592E-01, -1.513173E-01,  8.9062E-01
85500,  8.310182E-01, -1.450289E-01,  8.7500E-01
85600,  7.870643E-01, -1.732185E-01,  8.7500E-01
85700,  7.402092E-01, -1.513721E-01,  9.0625E-01
85800,  6.903312E-01, -1.338577E-01,  8.7500E-01
85900,  7.231817E-01, -1.066255E-01,  9.5312E-01
86000,  6.461115E-01, -1.412739E-01,  8.9062E-01
86100,  7.072480E-01, -9.592577E-02,  8.7500E-01
86200,  7.772684E-01, -1.136812E-01,  9.3750E-01
86300,  6.807644E-01, -5.563259E-02,  9.3750E-01
86400,  8.577739E-01, -1.757292E-01,  8.9062E-01
86500,  7.795287E-01, -1.143271E-01,  9.0625E-01
86600,  7.597821E-01, -1.910110E-01,  9.0625E-01
86700,  8.840237E-01, -1.527839E-01,  9.2188E-01
86800,  7.122991E-01, -1.639554E-01,  8.5938E-01
86900,  8.969897E-01, -9.748541E-02,  9.3750E-01
87000,  8.457785E-01, -1.864619E-01,  9.0625E-01
87100,  7.755287E-01, -1.075545E-01,  9.0625E-01
87200,  7.797815E-01, -1.200860E-01,  9.5312E-01
87300,  7.155969E-01, -1.531495E-01,  8.9062E-01
87400,  8.225788E-01, -1.023458E-01,  9.3750E-01
87500,  6.304803E-01, -1.607313E-01,  8.9062E-01
87600,  7.355182E-01, -1.449541E-01,  8.9062E-01
87700,  7.360373E-01, -1.254317E-01,  8.9062E-01
87800,  7.943234E-01, -1.442497E-01,  8.7500E-01
87900,  7.767564E-01, -1.658540E-01,  9.0625E-01
88000,  8.507179E-01, -1.605180E-01,  9.0625E-01
88100,  8.203638E-01, -1.785542E-01,  9.0625E-01
88200,  7.773826E-01, -1.639344E-01,  8.7500E-01
88300,  7.049232E-01, -1.424166E-01,  9.3750E-01
88400,  8.752513E-01, -1.241582E-01,  9.2188E-01
88500,  7.489294E-01, -1.402760E-01,  9.6875E-01
88600,  6.916417E-01, -1.595537E-01,  8.9062E-01
88700,  8.001406E-01, -1.913950E-01,  8.4375E-01
88800,  8.036032E-01, -1.213053E-01,  9.2188E-01
88900,  6.608230E-01, -1.099217E-01,  9.2188E-01
89000,  8.038909E-01, -1.108892E-01,  9.0625E-01
89100,  7.341124E-01, -1.702861E-01,  9.2188E-01
89200,  7.803073E-01, -1.570292E-01,  9.2188E-01
89300,  7.750311E-01, -1.063584E-01,  9.3750E-01
89400,  8.786246E-01, -1.691138E-01,  8.7500E-01
89500,  5.843949E-01, -8.684264E-02,  9.6875E-01
89600,  6.267943E-01, -1.077155E-01,  9.2188E-01
89700,  7.804170E-01, -1.491306E-01,  8.7500E-01
89800,  7.307435E-01, -1.350772E-01,  8.9062E-01
89900,  7.772472E-01, -1.471819E-01,  8.7500E-01
90000,  7.820030E-01, -1.216285E-01,  8.7500E-01
90100,  6.982900E-01, -1.063625E-01,  9.0625E-01
90200,  8.273672E-01, -8.095619E-02,  9.5312E-01
90300,  6.046124E-01, -1.692507E-01,  8.9062E-01
90400,  8.143394E-01, -1.538996E-01,  8.4375E-01
90500,  7.787035E-01, -1.799686E-01,  8.9062E-01
90600,  8.185568E-01, -9.143187E-02,  9.8438E-01
90700,  8.089298E-01, -1.384570E-01,  9.0625E-01
90800,  7.489761E-01, -1.521857E-01,  9.0625E-01
90900,  6.250538E-01, -1.686408E-01,  8.9062E-01
91000,  8.058331E-01, -1.835963E-01,  8.7500E-01
91100,  7.500172E-01, -1.105108E-01,  9.0625E-01
91200,  9.296436E-01, -1.915321E-01,  8.9062E-01
91300,  9.198072E-01, -2.213506E-01,  8.9062E-01
91400,  7.903647E-01, -8.703876E-02,  9.3750E-01
91500,  8.661899E-01, -1.649826E-01,  9.0625E-01
91600,  6.275048E-01, -1.458574E-01,  8.9062E-01
91700,  7.782205E-01, -1.121281E-01,  9.2188E-01
91800,  7.719302E-01, -1.278625E-01,  9.0625E-01
91900,  8.893488E-01, -1.956602E-01,  8.4375E-01
92000,  7.914360E-01, -1.128909E-01,  9.2188E-01
92100,  7.833861E-01, -1.480197E-01,  9.3750E-01
92200,  6.684209E-01, -1.110690E-01,  8.9062E-01
92300,  8.015615E-01, -1.106865E-01,  8.7500E-01
92400,  8.800496E-01, -1.515845E-01,  8.7500E-01
92500,  8.109035E-01, -1.005525E-01,  8.7500E-01
92600,  9.043684E-01, -1.428246E-01,  8.9062E-01
92700,  7.121549E-01, -8.466578E-02,  9.0625E-01
92800,  7.080948E-01, -1.287640E-01,  9.5312E-01
92900,  7.214568E-01, -1.547764E-01,  9.6875E-01
93000,  8.508729E-01, -1.602806E-01,  9.2188E-01
93100,  6.444240E-01, -1.183604E-01,  9.3750E-01
93200,  6.365194E-01, -1.487798E-01,  9.0625E-01
93300,  9.233107E-01, -1.800360E-01,  9.3750E-01
93400,  7.710662E-01, -1.240141E-01,  9.6875E-01
93500,  7.942433E-01, -1.461853E-01,  9.2188E-01
93600,  9.150521E-01, -1.454570E-01,  8.7500E-01
93700,  8.741707E-01, -1.809919E-01,  9.0625E-01
93800,  7.105914E-01, -9.936614E-02,  9.2188E-01
93900,  7.996805E-01, -1.641485E-01,  9.0625E-01
94000,  7.715280E-01, -1.261138E-01,  9.3750E-01
94100,  8.915586E-01, -1.537452E-01,  8.7500E-01
94200,  6.995426E-01, -1.268853E-01,  9.5312E-01
94300,  8.490498E-01, -1.447620E-01,  8.9062E-01
94400,  8.189610E-01, -1.166067E-01,  8.9062E-01
94500,  6.513208E-01, -1.543719E-01,  9.3750E-01
94600,  8.486351E-01, -1.236726E-01,  8.7500E-01
94700,  5.548967E-01, -8.358794E-02,  8.7500E-01
94800,  7.951249E-01, -1.513124E-01,  8.9062E-01
94900,  6.193861E-01, -1.246579E-01,  9.3750E-01
95000,  7.687522E-01, -1.183863E-01,  9.5312E-01
95100,  6.899866E-01, -1.612688E-01,  8.9062E-01
95200,  8.461130E-01, -1.522955E-01,  8.9062E-01
95300,  8.304678E-01, -9.254594E-02,  9.3750E-01
95400,  7.262557E-01, -1.399319E-01,  9.5312E-01
95500,  7.856041E-01, -1.094482E-01,  8.9062E-01
95600,  9.169021E-01, -1.301219E-01,  8.9062E-01
95700,  7.149883E-01, -1.303827E-01,  1.0000E+00
95800,  5.951151E-01, -1.630630E-01,  9.3750E-01
95900,  7.965560E-01, -1.522398E-01,  9.0625E-01
96000,  8.111191E-01, -1.489182E-01,  9.5312E-01
96100,  6.901296E-01, -8.144897E-02,  9.3750E-01
96200,  7.147480E-01, -1.223094E-01,  9.3750E-01
96300,  8.787825E-01, -1.948662E-01,  9.0625E-01
96400,  9.700654E-01, -1.195915E-01,  9.3750E-01
96500,  7.478428E-01, -1.370560E-01,  9.2188E-01
96600,  6.931680E-01, -1.586409E-01,  8.5938E-01
96700,  7.427461E-01, -1.341456E-01,  9.0625E-01
96800,  7.487805E-01, -1.036299E-01,  1.0000E+00
96900,  6.664159E-01, -1.467790E-01,  8.7500E-01
97000,  7.921519E-01, -8.466201E-02,  9.0625E-01
97100,  7.327796E-01, -1.319723E-01,  9.2188E-01
97200,  9.846372E-01, -1.491276E-01,  8.9062E-01
97300,  8.554960E-01, -9.479377E-02,  9.3750E-01
97400,  7.632031E-01, -1.488103E-01,  8.5938E-01
97500,  7.446224E-01, -1.173788E-01,  8.9062E-01
97600,  9.579848E-01, -1.582924E-01,  8.4375E-01
97700,  8.509198E-01, -1.716058E-01,  9.2188E-01
97800,  8.651794E-01, -1.413973E-01,  8.7500E-01
97900,  9.124634E-01, -1.116533E-01,  9.2188E-01
98000,  7.535834E-01, -1.782236E-01,  8.7500E-01
98100,  7.985767E-01, -1.630895E-01,  8.5938E-01
98200,  9.536424E-01, -1.517633E-01,  9.2188E-01
98300,  6.594793E-01, -1.455475E-01,  9.2188E-01
98400,  8.777522E-01, -1.241244E-01,  9.3750E-01
98500,  8.830849E-01, -1.343098E-01,  8.9062E-01
98600,  8.027487E-01, -1.889822E-01,  8.9062E-01
98700,  8.964475E-01, -9.936839E-02,  9.2188E-01
98800,  7.366596E-01, -1.482761E-01,  8.4375E-01
98900,  7.762183E-01, -1.408102E-01,  9.2188E-01
99000,  8.191594E-01, -1.438022E-01,  8.9062E-01
99100,  8.224829E-01, -1.625283E-01,  8.9062E-01
99200,  1.023381E+00, -1.676073E-01,  8.5938E-01
99300,  8.769054E-01, -1.549512E-01,  9.0625E-01
99400,  7.794008E-01, -1.591383E-01,  9.6875E-01
99500,  8.710114E-01, -2.079608E-01,  8.2812E-01
99600,  8.861558E-01, -1.854437E-01,  8.2812E-01
99700,  7.105736E-01, -2.062945E-01,  9.0625E-01
99800,  7.164679E-01, -1.652041E-01,  8.5938E-01
99900,  8.128136E-01, -1.212155E-01,  9.0625E-01
100000,  9.129726E-01, -1.279665E-01,  9.3750E-01
