# step, gen_loss, dis_loss, train_acc
100,  1.493627E+00, -3.085721E-01,  5.1562E-01
200, -4.002496E+00, -1.379492E-01,  6.2500E-01
300, -3.616338E-01, -9.352030E-02,  6.8750E-01
400, -2.108760E+00, -7.642184E-02,  6.5625E-01
500,  9.351416E-01, -3.627189E-02,  8.9062E-01
600,  2.267102E+00, -5.257063E-02,  7.9688E-01
700,  1.692022E+00, -1.671539E-02,  8.1250E-01
800,  2.036795E+00, -4.516148E-02,  7.3438E-01
900, -6.003968E-01, -7.339947E-02,  7.3438E-01
1000,  5.584677E-01, -3.355328E-02,  8.2812E-01
1100, -2.802110E-01, -2.409761E-02,  7.8125E-01
1200,  9.747632E-01, -9.990538E-03,  8.4375E-01
1300,  4.933446E+00, -2.550055E-02,  7.1875E-01
1400,  1.088814E+01, -1.589079E-02,  8.1250E-01
1500,  6.886000E+00, -2.591558E-02,  8.2812E-01
1600,  3.340994E-01, -8.526508E-03,  8.2812E-01
1700,  8.209683E+00, -2.935457E-02,  7.9688E-01
1800,  4.446596E+00, -2.319299E-02,  7.3438E-01
1900,  7.598569E+00, -1.348851E-02,  8.9062E-01
2000,  5.066130E+00, -2.136264E-02,  8.7500E-01
2100,  7.557321E+00, -3.264061E-02,  8.2812E-01
2200,  8.075453E+00, -2.035146E-02,  7.5000E-01
2300,  7.284473E+00, -2.009687E-02,  8.5938E-01
2400,  3.140979E+00, -5.052891E-03,  7.9688E-01
2500,  7.333392E+00, -6.214376E-03,  8.5938E-01
2600,  7.775081E+00, -1.933756E-02,  8.5938E-01
2700,  6.787084E+00, -2.677805E-02,  7.5000E-01
2800,  1.200788E+01, -3.950710E-03,  8.4375E-01
2900,  1.297602E+01, -1.726506E-02,  7.8125E-01
3000,  9.092896E+00, -1.256402E-02,  8.5938E-01
3100,  1.401925E+01, -1.314069E-02,  8.4375E-01
3200,  1.286461E+01, -5.059721E-02,  7.9688E-01
3300,  1.074661E+01, -1.815008E-03,  8.2812E-01
3400,  2.102683E+00, -2.225976E-02,  7.6562E-01
3500,  1.169278E+01, -2.261858E-02,  8.1250E-01
3600,  4.439593E+00, -1.465745E-02,  9.2188E-01
3700,  8.399335E+00, -1.184170E-02,  8.5938E-01
3800,  1.487446E+01, -2.146358E-02,  9.0625E-01
3900,  1.248580E+01, -1.282780E-02,  8.2812E-01
4000,  1.114003E+01, -1.041280E-02,  9.2188E-01
4100,  1.356067E+01, -4.111667E-02,  8.5938E-01
4200,  1.518224E+01, -9.031987E-03,  9.0625E-01
4300,  1.549935E+01, -4.769299E-03,  8.9062E-01
4400,  1.306343E+01, -1.530742E-02,  8.5938E-01
4500,  1.040691E+01, -3.820918E-02,  7.9688E-01
4600,  1.586068E+01, -2.800816E-02,  8.9062E-01
4700,  3.806097E+00, -3.289091E-02,  8.4375E-01
4800,  7.926912E+00, -1.291466E-02,  8.9062E-01
4900,  2.159614E+00, -1.800608E-02,  9.2188E-01
5000,  7.899348E+00, -2.394337E-04,  9.0625E-01
5100,  1.808001E+01, -1.786216E-02,  8.5938E-01
5200,  9.796374E+00, -5.095778E-03,  9.0625E-01
5300,  1.063884E+01,  2.440542E-03,  9.2188E-01
5400,  2.986688E-01, -1.734770E-02,  8.7500E-01
5500,  8.944711E+00, -3.806038E-02,  8.9062E-01
5600, -1.043886E+00, -1.894355E-02,  8.9062E-01
5700,  5.971107E+00, -1.252387E-02,  9.5312E-01
5800,  2.420125E+00, -1.275545E-02,  8.9062E-01
5900,  1.176525E+01, -1.223561E-02,  9.0625E-01
6000,  7.829064E+00, -6.674208E-03,  9.0625E-01
6100,  1.676526E+00, -1.235520E-03,  8.9062E-01
6200, -1.137097E+00, -2.529679E-03,  9.5312E-01
6300,  1.063944E+01, -3.346576E-02,  9.0625E-01
6400,  5.903433E+00, -8.959287E-03,  8.9062E-01
6500,  8.742556E+00, -6.835329E-03,  8.9062E-01
6600, -5.821747E+00, -2.749507E-03,  9.3750E-01
6700, -8.040472E+00, -3.327079E-02,  8.9062E-01
6800,  5.232291E+00, -1.539031E-02,  8.2812E-01
6900, -1.233615E+00, -2.520495E-02,  8.5938E-01
7000,  8.037443E+00, -2.488005E-02,  8.9062E-01
7100, -1.179454E+01, -2.942655E-02,  9.0625E-01
7200, -2.912601E+00, -1.257879E-02,  8.9062E-01
7300, -9.638487E+00, -2.343570E-02,  9.3750E-01
7400, -8.766171E-01, -2.372561E-02,  8.7500E-01
7500,  2.191959E+00, -1.683476E-02,  9.2188E-01
7600, -1.459601E+01,  9.736378E-03,  9.0625E-01
7700, -1.756157E+01, -9.020517E-03,  8.7500E-01
7800, -7.103319E+00, -3.941672E-02,  8.1250E-01
7900, -1.482472E+01, -2.763100E-02,  8.4375E-01
8000, -9.542461E+00, -1.926018E-02,  8.4375E-01
8100, -1.286470E+01, -2.656687E-02,  8.9062E-01
8200, -1.472245E+01, -6.156432E-03,  8.5938E-01
8300, -2.265991E+00, -8.262301E-03,  8.9062E-01
8400, -6.456785E+00, -6.071182E-03,  8.2812E-01
8500, -1.924603E+01, -1.002565E-02,  8.5938E-01
8600, -1.601344E+01, -1.816108E-02,  8.2812E-01
8700, -9.365355E+00, -2.744547E-02,  7.9688E-01
8800, -1.610088E+01, -3.148858E-02,  9.0625E-01
8900, -1.904291E+01,  1.043453E-03,  9.3750E-01
9000, -1.636270E+01, -3.357859E-02,  8.4375E-01
9100, -1.476187E+01, -2.477863E-02,  9.0625E-01
9200, -2.537426E+01, -5.693026E-04,  9.3750E-01
9300, -2.989791E+01, -2.706067E-02,  8.9062E-01
9400, -2.803956E+01, -1.668436E-02,  8.7500E-01
9500, -2.851204E+01, -4.714718E-02,  7.9688E-01
9600, -2.382726E+01, -1.946630E-02,  8.2812E-01
9700, -1.632006E+01,  1.048645E-02,  8.5938E-01
9800, -2.814055E+01,  1.296747E-02,  8.1250E-01
9900, -1.745124E+01, -1.286221E-02,  8.7500E-01
10000, -1.462188E+01,  5.070074E-05,  9.2188E-01
10100, -1.144884E+01, -6.851006E-03,  9.0625E-01
10200, -9.432815E+00, -4.661399E-03,  9.2188E-01
10300, -2.593720E+01, -1.631700E-02,  9.0625E-01
10400, -1.096706E+01, -1.281546E-02,  9.2188E-01
10500, -1.504700E+01, -2.990649E-02,  8.9062E-01
10600, -1.932666E+01, -5.779135E-03,  9.0625E-01
10700, -2.708612E+01, -2.216560E-02,  8.9062E-01
10800, -1.849445E+01, -1.871151E-02,  8.5938E-01
10900, -2.910899E+01, -1.338807E-02,  8.7500E-01
11000, -1.036209E+01, -1.662594E-02,  8.7500E-01
11100, -1.996936E+01, -1.270126E-02,  9.0625E-01
11200, -2.484906E+01, -7.560723E-03,  8.7500E-01
11300, -1.234147E+01, -5.287854E-03,  8.9062E-01
11400, -1.296643E+01, -5.345879E-03,  9.3750E-01
11500,  5.399260E+00, -1.468450E-02,  8.5938E-01
11600, -1.280184E+01,  1.040199E-02,  9.5312E-01
11700, -2.595738E+01, -6.287210E-04,  9.6875E-01
11800, -1.944239E+01, -3.357916E-02,  8.1250E-01
11900, -2.092029E+01, -1.596014E-02,  8.7500E-01
12000, -9.582277E+00, -7.011740E-03,  8.4375E-01
12100, -7.576590E+00, -2.487642E-04,  8.9062E-01
12200, -2.560579E+00, -4.220412E-03,  9.2188E-01
12300, -1.113516E+01, -2.205261E-02,  8.5938E-01
12400, -1.962104E+01, -1.285118E-02,  8.5938E-01
12500, -1.248330E+01, -3.498027E-02,  8.1250E-01
12600, -2.154520E+01, -1.329364E-02,  8.7500E-01
12700, -1.778054E+01, -4.058881E-04,  9.0625E-01
12800, -1.024562E+01, -2.120608E-02,  8.9062E-01
12900, -2.090359E+01,  5.849893E-03,  9.0625E-01
13000, -1.513975E+01,  2.350304E-04,  9.0625E-01
13100, -3.774521E+00, -1.376403E-02,  9.0625E-01
13200, -2.738984E+01, -1.339406E-03,  9.3750E-01
13300, -1.996363E+01,  2.720875E-03,  9.3750E-01
13400, -6.769906E+00,  7.971207E-03,  8.1250E-01
13500, -1.873896E+01, -9.339536E-03,  8.5938E-01
13600, -3.526280E+00,  1.250420E-03,  9.2188E-01
13700, -1.742762E+01, -8.571213E-03,  9.3750E-01
13800, -1.758596E+01, -1.932994E-02,  9.0625E-01
13900, -2.040982E+01, -7.661407E-03,  8.5938E-01
14000, -1.448090E+01, -1.673969E-02,  8.4375E-01
14100, -3.770553E+01,  1.866193E-03,  9.0625E-01
14200, -2.441991E+01, -7.998751E-03,  9.5312E-01
14300, -3.113223E+01, -1.178969E-03,  9.2188E-01
14400, -5.987749E+00, -2.995942E-02,  9.0625E-01
14500, -1.195366E+01, -2.384750E-03,  8.9062E-01
14600, -6.197497E+00,  4.019868E-03,  9.3750E-01
14700, -2.178296E+01, -2.568574E-02,  8.5938E-01
14800, -2.116902E+01, -1.158634E-02,  8.9062E-01
14900, -5.365163E+01, -4.094700E-03,  8.7500E-01
15000, -1.576421E+01, -8.907346E-04,  8.9062E-01
15100, -1.319556E+01, -1.172469E-02,  9.0625E-01
15200, -1.541167E+01, -1.275107E-02,  8.5938E-01
15300, -2.762857E+01, -2.201523E-02,  8.9062E-01
15400, -3.103762E+01, -6.161174E-04,  9.0625E-01
15500, -1.414870E+01, -1.482684E-02,  8.7500E-01
15600, -1.733579E+00,  5.021011E-03,  9.5312E-01
15700, -2.198914E+01, -3.491312E-02,  8.5938E-01
15800, -1.229091E+01, -9.458069E-03,  8.9062E-01
15900, -5.239389E+01, -1.303142E-02,  9.2188E-01
16000, -2.808909E+01, -3.014358E-03,  9.5312E-01
16100, -1.152080E+01, -5.100084E-03,  8.4375E-01
16200, -6.061546E+00, -2.509786E-02,  8.2812E-01
16300, -3.382565E+00, -3.769830E-03,  9.5312E-01
16400, -4.302121E+01, -1.550115E-02,  8.5938E-01
16500, -4.950023E+00,  4.067648E-03,  8.5938E-01
16600,  3.834895E+00, -1.572057E-02,  8.5938E-01
16700,  1.013692E+00, -1.048793E-02,  9.0625E-01
16800, -1.461409E+00, -3.368972E-03,  9.5312E-01
16900, -1.667697E+01, -3.373132E-03,  9.0625E-01
17000, -2.954419E-01, -1.328380E-02,  9.5312E-01
17100,  1.368865E+00,  5.649868E-06,  9.2188E-01
17200,  1.049620E+01, -2.089059E-02,  9.0625E-01
17300, -8.628405E+00, -9.206494E-03,  9.2188E-01
17400, -9.170377E+00, -1.741497E-03,  8.7500E-01
17500, -8.743551E+00, -1.084796E-02,  9.2188E-01
17600, -1.920512E+01, -4.348533E-03,  8.9062E-01
17700, -2.047898E+01, -2.013982E-02,  9.3750E-01
17800,  2.211597E+00,  3.526372E-03,  9.5312E-01
17900, -7.588578E+00,  2.304440E-03,  9.3750E-01
18000, -2.612190E+01, -6.640770E-03,  8.7500E-01
18100,  1.158641E+01, -5.835804E-03,  9.2188E-01
18200, -2.579933E+00, -9.948527E-03,  8.9062E-01
18300, -1.853913E+01,  1.316475E-03,  9.8438E-01
18400,  7.524260E+00,  1.512342E-03,  9.5312E-01
18500, -3.082343E+01, -3.113458E-04,  9.2188E-01
18600, -3.350550E+00,  9.532354E-03,  9.2188E-01
18700, -8.166226E+00, -2.727011E-02,  8.4375E-01
18800, -1.584689E+01, -4.754154E-03,  9.5312E-01
18900, -2.622949E+01, -4.049743E-03,  9.6875E-01
19000,  2.787762E+00, -2.217290E-02,  8.2812E-01
19100,  7.641456E+00, -3.629037E-02,  8.5938E-01
19200,  2.368349E+00, -7.533294E-03,  8.5938E-01
19300,  2.967452E+00, -2.175964E-03,  9.3750E-01
19400,  6.334640E+00, -4.426965E-03,  9.2188E-01
19500,  9.238518E+00, -7.319817E-03,  9.2188E-01
19600, -7.067123E+00,  5.561983E-03,  9.3750E-01
19700,  1.726030E+01, -1.021080E-03,  9.3750E-01
19800,  2.483403E+00, -2.013382E-02,  8.9062E-01
19900,  2.610360E+00, -7.924128E-04,  9.3750E-01
20000, -3.248010E+00, -8.753518E-03,  9.3750E-01
20100, -1.096283E+01, -1.104123E-03,  9.2188E-01
20200,  8.179512E+00, -4.251571E-04,  9.0625E-01
20300, -6.836308E+00, -1.303135E-03,  9.3750E-01
20400, -6.497369E+00,  2.661596E-03,  9.6875E-01
20500,  3.819386E+00, -5.655253E-03,  8.9062E-01
20600, -9.566199E+00,  4.106170E-03,  9.2188E-01
20700, -7.985568E+00, -1.877641E-03,  9.6875E-01
20800,  8.521476E+00,  1.235262E-03,  8.5938E-01
20900,  6.401474E+00,  2.498236E-03,  9.6875E-01
21000, -5.172400E-01,  2.781178E-03,  9.6875E-01
21100, -2.116199E+01, -3.088722E-04,  9.5312E-01
21200,  9.130738E-01, -1.676313E-02,  8.7500E-01
21300, -2.262283E+01, -3.789898E-03,  9.5312E-01
21400,  4.884191E+00, -2.960914E-03,  8.9062E-01
21500, -4.274538E+00, -2.579221E-03,  9.5312E-01
21600, -2.721089E+01,  2.262512E-03,  9.3750E-01
21700, -1.716381E+01, -1.055404E-02,  9.3750E-01
21800, -1.542722E+01, -1.172677E-02,  8.7500E-01
21900,  5.283093E+00,  1.655109E-03,  9.6875E-01
22000, -1.227852E+01,  5.590266E-04,  9.6875E-01
22100,  4.746602E+00,  5.349740E-03,  8.2812E-01
22200, -4.208797E+01,  5.239639E-03,  9.2188E-01
22300, -1.530712E+01, -2.106181E-03,  9.3750E-01
22400, -2.013553E+01, -4.949746E-03,  9.6875E-01
22500, -7.418888E+00, -7.296522E-03,  9.3750E-01
22600, -2.526892E+01, -9.613081E-03,  9.3750E-01
22700, -2.273871E+01,  6.703969E-03,  9.2188E-01
22800, -5.187540E+01, -6.329658E-03,  9.0625E-01
22900, -1.929162E+01, -1.596306E-02,  9.0625E-01
23000,  4.387680E+00,  5.319155E-03,  9.5312E-01
23100,  3.595388E+00, -5.810825E-03,  9.2188E-01
23200, -1.444585E+01, -5.194630E-03,  9.0625E-01
23300, -2.216043E+01, -2.987717E-02,  8.7500E-01
23400,  1.902608E+00, -1.071645E-04,  9.3750E-01
23500, -1.693894E+01, -5.530101E-03,  9.2188E-01
23600, -1.306291E+01, -1.651002E-04,  8.9062E-01
23700,  5.188454E+00,  2.015599E-03,  9.3750E-01
23800,  7.269570E+00,  1.372811E-03,  9.5312E-01
23900, -1.211336E+01,  2.525302E-03,  9.0625E-01
24000,  7.473425E-01, -7.947097E-03,  8.9062E-01
24100, -1.986106E+01, -1.477537E-02,  9.0625E-01
24200, -2.802380E+01, -9.722731E-03,  9.2188E-01
24300, -4.837946E+00, -6.102459E-03,  9.0625E-01
24400, -1.824800E+01, -4.013283E-03,  9.5312E-01
24500, -2.151133E+01,  2.478509E-03,  9.0625E-01
24600, -1.446981E+01, -5.412601E-03,  8.5938E-01
24700, -1.509169E+01,  6.274052E-04,  9.3750E-01
24800, -1.666291E+01,  3.259473E-03,  9.5312E-01
24900, -2.021057E+01, -1.045380E-02,  9.3750E-01
25000, -1.343092E+01, -1.002198E-02,  9.0625E-01
25100, -6.988221E+00, -9.169620E-03,  9.0625E-01
25200, -1.052349E+01, -8.004562E-03,  9.3750E-01
25300,  4.958272E+00, -3.932717E-03,  9.3750E-01
25400, -5.399045E+00, -4.228340E-03,  9.5312E-01
25500, -5.946331E+00, -2.224270E-02,  8.4375E-01
25600, -1.416411E+01, -9.786018E-03,  9.2188E-01
25700, -2.126880E+01, -1.613622E-02,  8.7500E-01
25800,  8.154119E+00,  3.221441E-03,  9.0625E-01
25900, -1.704145E+00,  5.810207E-04,  9.5312E-01
26000, -6.695460E+00, -2.481605E-03,  9.6875E-01
26100, -1.969126E+01,  8.750493E-04,  9.6875E-01
26200, -2.835427E+01,  3.330565E-03,  9.0625E-01
26300, -1.207617E+01, -9.317375E-03,  8.7500E-01
26400, -1.542141E+00,  5.355165E-03,  9.8438E-01
26500, -8.327338E+00, -5.705468E-03,  8.7500E-01
26600, -1.009288E+01, -7.544057E-04,  9.3750E-01
26700,  1.920870E+00, -4.751873E-03,  9.2188E-01
26800, -1.642038E+01, -1.785749E-03,  9.3750E-01
26900, -7.590193E+00,  1.820276E-03,  8.9062E-01
27000, -1.655248E+01,  2.314701E-03,  8.9062E-01
27100, -2.333635E+01, -9.041680E-03,  8.9062E-01
27200, -3.582898E+00, -9.565704E-03,  9.3750E-01
27300, -4.118089E+01,  1.216579E-03,  9.3750E-01
27400, -2.084860E+01, -1.438967E-02,  9.0625E-01
27500, -7.874198E+00, -1.400180E-02,  8.7500E-01
27600, -1.001455E+01, -7.977718E-03,  9.3750E-01
27700, -5.455959E+00, -1.217086E-02,  9.0625E-01
27800, -2.476163E+01, -6.457210E-03,  9.3750E-01
27900, -7.039131E+00, -5.547162E-03,  9.3750E-01
28000, -6.185517E+00, -8.604771E-03,  8.7500E-01
28100, -1.192734E+01, -9.335162E-03,  8.9062E-01
28200,  9.745071E+00, -2.439772E-03,  9.2188E-01
28300,  1.095355E+01, -1.698619E-03,  9.0625E-01
28400,  8.390098E+00, -1.009321E-03,  9.5312E-01
28500,  7.978126E-01, -9.587347E-04,  9.2188E-01
28600, -1.328880E+01, -9.145432E-04,  9.5312E-01
28700,  4.883920E+00,  4.950356E-03,  9.3750E-01
28800,  2.579578E+00, -4.794771E-03,  9.8438E-01
28900,  1.821836E+00,  6.046283E-03,  9.8438E-01
29000,  2.892390E+01, -1.347719E-02,  9.0625E-01
29100,  2.922999E+00,  2.012982E-03,  9.5312E-01
29200,  1.732094E+00, -6.967769E-03,  9.3750E-01
29300,  7.656101E+00, -8.224835E-03,  9.3750E-01
29400, -4.242761E+00,  9.348012E-04,  9.6875E-01
29500,  1.283956E+01, -1.970622E-02,  8.5938E-01
29600,  4.724232E+01, -2.792610E-04,  9.0625E-01
29700,  5.299856E+00, -5.443875E-03,  9.2188E-01
29800,  1.341165E+01, -5.973144E-03,  9.5312E-01
29900, -2.336084E+00, -1.470754E-02,  9.2188E-01
30000, -7.460252E+00, -1.340897E-02,  8.7500E-01
30100,  9.678141E+00,  3.539096E-05,  9.6875E-01
30200,  8.352047E+00,  2.262548E-03,  9.2188E-01
30300, -8.046809E+00, -5.182049E-03,  9.2188E-01
30400, -2.190784E+01, -2.212528E-02,  8.9062E-01
30500, -3.701250E+00, -6.968227E-03,  9.5312E-01
30600,  3.582943E+00, -8.444377E-03,  9.3750E-01
30700,  1.863247E+01,  1.077343E-03,  9.5312E-01
30800, -2.201622E+00, -1.086709E-02,  9.0625E-01
30900, -2.098330E+00, -1.039284E-02,  9.0625E-01
31000,  4.946711E+00, -1.231701E-02,  8.7500E-01
31100, -2.660823E-01, -7.456792E-03,  8.9062E-01
31200,  1.247869E+01,  6.745704E-04,  9.5312E-01
31300, -1.144552E+01,  5.515264E-04,  1.0000E+00
31400,  6.435752E+00, -4.707157E-03,  9.5312E-01
31500,  1.052213E+01, -6.127621E-03,  9.5312E-01
31600,  1.615280E+01, -4.729488E-03,  9.3750E-01
31700,  1.139071E+01, -6.849929E-04,  9.3750E-01
31800,  1.229879E+01, -3.158766E-03,  9.5312E-01
31900,  9.652930E+00, -3.899172E-03,  9.2188E-01
32000, -1.103800E+01, -2.082868E-03,  9.3750E-01
32100, -4.198286E+00, -3.963604E-04,  9.2188E-01
32200, -2.502002E+00, -4.151621E-03,  9.5312E-01
32300,  3.449948E+00,  5.951340E-03,  9.3750E-01
32400,  5.728668E+00, -2.092699E-03,  9.6875E-01
32500, -6.836057E+00, -6.238448E-03,  8.4375E-01
32600, -5.898921E+00,  2.397704E-04,  9.2188E-01
32700,  2.707931E+00,  1.150303E-03,  9.5312E-01
32800,  1.617928E+01,  3.565051E-03,  9.3750E-01
32900, -1.505923E+01,  3.831623E-03,  9.2188E-01
33000,  7.554582E+00, -1.501001E-02,  8.9062E-01
33100,  1.382644E+01, -7.588423E-03,  9.5312E-01
33200,  4.334284E+00, -2.310277E-03,  8.9062E-01
33300,  2.655423E+01,  1.801314E-02,  9.3750E-01
33400, -7.179368E-01, -5.637854E-03,  9.3750E-01
33500, -1.430762E+01, -1.433476E-02,  9.2188E-01
33600,  2.476526E+00,  8.306850E-04,  9.3750E-01
33700,  3.092915E+01,  4.693015E-03,  9.2188E-01
33800,  2.015475E+01, -7.880308E-03,  9.3750E-01
33900,  5.814070E+00, -2.293425E-03,  9.3750E-01
34000,  3.226996E+00,  1.872412E-03,  9.6875E-01
34100,  1.103172E+01, -2.119333E-02,  9.2188E-01
34200,  3.272333E+00, -1.880926E-02,  9.3750E-01
34300,  6.444596E+00, -9.125924E-03,  9.2188E-01
34400,  4.521761E+00, -2.048973E-03,  9.5312E-01
34500, -2.837719E+01, -2.477308E-03,  9.5312E-01
34600,  1.102468E+01, -3.023383E-03,  9.5312E-01
34700,  6.531224E+00, -1.512399E-03,  9.2188E-01
34800, -1.298313E+01,  5.346709E-04,  9.5312E-01
34900,  5.871756E+00,  4.782869E-03,  9.0625E-01
35000,  3.774942E+00,  3.812648E-04,  9.5312E-01
35100,  1.740846E+00, -9.507998E-03,  9.3750E-01
35200, -2.983484E+00, -6.815587E-03,  9.3750E-01
35300,  1.375549E+00,  3.097387E-03,  9.5312E-01
35400,  3.536958E+01,  1.436145E-03,  9.6875E-01
35500,  9.223991E+00, -8.261455E-03,  8.9062E-01
35600, -1.035530E+01, -1.540010E-02,  9.3750E-01
35700,  1.159540E+00,  4.974566E-05,  9.8438E-01
35800,  2.208920E+01, -4.075515E-03,  9.3750E-01
35900, -1.043022E+01,  5.786933E-03,  9.3750E-01
36000, -4.278054E+00, -1.529039E-02,  9.5312E-01
36100,  1.056575E+01, -1.829905E-03,  9.2188E-01
36200,  4.190860E+00,  1.013206E-04,  9.3750E-01
36300,  1.153628E+00,  7.401037E-04,  9.8438E-01
36400, -1.163158E+01, -8.221274E-03,  9.2188E-01
36500,  1.368968E+01,  3.619960E-04,  9.8438E-01
36600,  1.232161E+01, -1.010522E-03,  8.7500E-01
36700,  2.303493E+01, -9.378947E-03,  9.3750E-01
36800, -2.226671E+01, -1.270502E-03,  9.3750E-01
36900,  1.006548E+00,  6.024953E-03,  9.5312E-01
37000,  6.822878E+00, -3.007588E-03,  9.0625E-01
37100, -5.249040E+00, -3.404644E-03,  9.3750E-01
37200, -1.949123E+00, -1.009643E-03,  9.6875E-01
37300,  1.955162E+01,  5.101588E-03,  9.2188E-01
37400, -9.012043E+00,  5.198356E-04,  1.0000E+00
37500,  1.981030E+01, -2.869755E-03,  9.5312E-01
37600,  5.085683E+01, -4.528543E-03,  9.0625E-01
37700,  2.042174E+01,  4.159548E-03,  9.5312E-01
37800, -1.347107E+01, -2.160176E-02,  9.2188E-01
37900, -2.579664E+01, -3.648663E-03,  9.5312E-01
38000,  9.346308E+00, -1.238796E-02,  8.9062E-01
38100,  8.453218E-01, -7.211367E-03,  9.2188E-01
38200,  1.086579E+00, -1.814939E-02,  9.5312E-01
38300,  3.070589E+01, -6.471073E-03,  9.6875E-01
38400,  1.833508E+01,  2.300088E-03,  9.3750E-01
38500,  2.620954E+00, -5.427861E-03,  8.9062E-01
38600,  6.345716E+00, -8.433599E-03,  9.0625E-01
38700,  8.294230E+00, -1.093058E-02,  8.9062E-01
38800, -2.276893E+01,  1.264417E-03,  9.5312E-01
38900,  1.738354E+01, -3.345983E-03,  9.6875E-01
39000,  4.700396E+01, -3.518225E-03,  9.5312E-01
39100,  4.724598E+01,  7.176941E-03,  9.3750E-01
39200, -2.454994E+01, -3.086769E-03,  9.0625E-01
39300,  1.932812E+01,  3.614919E-03,  9.6875E-01
39400,  3.090170E+01,  1.527719E-03,  9.5312E-01
39500,  3.182723E+01, -4.675219E-03,  8.9062E-01
39600,  9.643056E+00, -4.372771E-04,  9.0625E-01
39700, -3.991625E+00, -2.037037E-02,  8.5938E-01
39800,  8.252050E+00, -8.773770E-03,  8.5938E-01
39900,  2.774069E+00, -1.102579E-02,  9.3750E-01
40000, -2.634267E+01,  4.375055E-03,  9.3750E-01
40100,  3.086445E+00,  7.413361E-04,  1.0000E+00
40200, -1.076049E+01,  2.983070E-03,  9.8438E-01
40300, -1.263184E+01,  4.586994E-03,  9.3750E-01
40400,  2.924139E+01, -1.402027E-03,  9.0625E-01
40500,  2.872571E+01, -7.291615E-04,  9.3750E-01
40600,  2.462231E+00,  1.968159E-03,  9.8438E-01
40700, -1.751167E+01, -5.135659E-03,  9.5312E-01
40800, -5.021104E+00, -8.521629E-03,  8.9062E-01
40900, -2.149976E+01, -4.616416E-03,  9.3750E-01
41000,  7.071475E+00, -3.267658E-03,  8.9062E-01
41100,  1.765530E+01, -8.477920E-03,  9.5312E-01
41200,  2.841942E+01,  2.782445E-04,  9.3750E-01
41300, -1.299310E+01, -1.696374E-02,  9.0625E-01
41400,  1.576598E+01,  4.326313E-03,  9.3750E-01
41500,  2.132958E+00, -2.598139E-03,  9.8438E-01
41600, -1.969547E+01, -7.606555E-03,  8.7500E-01
41700, -1.628592E+01, -6.472586E-03,  9.5312E-01
41800,  9.873906E+00,  1.086827E-03,  8.9062E-01
41900, -2.920432E+00,  1.055876E-03,  9.2188E-01
42000, -2.818793E+01, -2.923314E-03,  9.6875E-01
42100,  2.990351E+01, -4.074728E-03,  9.0625E-01
42200,  1.782948E+00, -6.080901E-03,  8.5938E-01
42300, -2.088258E+01, -3.602881E-03,  9.2188E-01
42400,  1.502265E+01,  3.569913E-03,  9.3750E-01
42500,  7.823461E+00, -1.411110E-02,  9.0625E-01
42600,  2.685695E+01, -1.868196E-03,  9.5312E-01
42700,  9.817229E+00, -1.073918E-02,  8.9062E-01
42800, -3.516793E+00, -4.442851E-04,  9.6875E-01
42900, -2.767669E+01,  1.139818E-03,  9.0625E-01
43000,  2.482950E+01, -2.085093E-03,  9.3750E-01
43100,  1.946910E+01, -1.695399E-03,  9.3750E-01
43200,  3.069664E+01, -3.383430E-04,  9.6875E-01
43300,  1.108352E+01,  1.180547E-03,  9.5312E-01
43400,  5.327319E+00,  1.635747E-03,  9.8438E-01
43500,  1.806112E+01, -7.524752E-03,  9.5312E-01
43600,  5.413640E+00, -1.037124E-03,  9.5312E-01
43700,  6.142292E+01, -1.107907E-03,  9.6875E-01
43800,  3.513680E+01, -1.099781E-02,  8.9062E-01
43900,  1.502194E+01, -1.309281E-02,  9.2188E-01
44000, -7.768783E+00, -2.062946E-03,  9.5312E-01
44100, -3.289114E+00,  2.618719E-03,  9.5312E-01
44200,  1.803985E+00,  1.832210E-03,  8.9062E-01
44300,  1.161944E+01, -1.006252E-03,  9.0625E-01
44400,  1.763339E+01, -8.169779E-03,  9.0625E-01
44500, -1.071857E+00,  1.725432E-03,  1.0000E+00
44600, -1.428169E+01, -2.409803E-03,  9.5312E-01
44700,  2.694859E+01, -1.075202E-02,  9.2188E-01
44800,  4.616712E+00,  3.620640E-03,  9.2188E-01
44900,  1.397975E+01,  3.631994E-03,  9.0625E-01
45000, -1.784068E+01, -1.515301E-04,  9.5312E-01
45100,  1.405783E+01, -5.850362E-03,  9.5312E-01
45200,  1.394025E+01, -3.592564E-03,  9.8438E-01
45300, -2.313029E+01, -4.977060E-03,  9.3750E-01
45400, -8.731619E+00, -2.474703E-03,  9.6875E-01
45500,  2.735060E+01, -1.435035E-03,  9.3750E-01
45600, -1.779111E+01, -3.222656E-03,  9.6875E-01
45700,  3.661391E+01, -1.541168E-02,  9.0625E-01
45800,  6.302238E-02, -3.877357E-03,  9.0625E-01
45900, -1.846923E+01, -1.819362E-02,  8.9062E-01
46000,  3.691903E+00, -1.126946E-02,  9.0625E-01
46100,  9.916360E+00,  1.077823E-02,  9.5312E-01
46200,  3.184387E+01, -1.273571E-03,  9.8438E-01
46300, -4.751741E+01,  9.200098E-04,  9.3750E-01
46400,  2.394203E+01, -7.679089E-03,  9.3750E-01
46500,  3.367513E+01, -4.204267E-03,  9.6875E-01
46600, -1.693017E+01, -7.211518E-04,  9.5312E-01
46700, -3.274772E+00,  1.031190E-03,  9.3750E-01
46800,  2.351149E+01,  2.407045E-03,  9.2188E-01
46900,  1.563714E+01, -6.868024E-03,  9.3750E-01
47000,  2.454762E+01,  2.345652E-05,  8.9062E-01
47100, -1.478185E+01, -8.532134E-03,  8.5938E-01
47200,  2.666911E+01,  2.810288E-03,  1.0000E+00
47300,  6.370015E-01, -7.017491E-03,  9.5312E-01
47400, -2.598505E+01, -4.649743E-03,  9.5312E-01
47500, -2.426056E+01, -2.497278E-03,  9.5312E-01
47600, -3.210978E+01, -3.383123E-03,  9.5312E-01
47700, -1.936502E+00, -1.332877E-02,  9.2188E-01
47800, -1.281554E+01, -6.231070E-03,  9.5312E-01
47900, -3.805617E+01, -6.655051E-03,  9.6875E-01
48000, -1.033290E+00, -6.263712E-03,  9.3750E-01
48100,  1.403854E+01,  1.908170E-03,  9.2188E-01
48200, -1.052840E+01,  2.508114E-03,  9.3750E-01
48300,  2.545955E+01,  2.052447E-03,  9.5312E-01
48400, -1.680911E+01, -1.033645E-02,  9.5312E-01
48500,  3.373691E+00,  2.777912E-04,  9.8438E-01
48600, -1.171120E+01, -1.163902E-02,  9.2188E-01
48700, -2.977107E+00, -1.617710E-02,  9.5312E-01
48800,  1.798919E+01, -3.991807E-04,  9.0625E-01
48900, -4.544983E+00,  5.166908E-05,  9.8438E-01
49000,  1.179051E+01, -6.899477E-03,  9.5312E-01
49100, -2.746452E+01,  3.778243E-04,  9.2188E-01
49200, -1.178362E+00,  1.083090E-03,  9.5312E-01
49300,  3.787258E+01, -8.385362E-03,  8.9062E-01
49400,  2.318439E+00,  1.381461E-04,  9.3750E-01
49500, -1.513729E+01, -1.311005E-02,  9.3750E-01
49600,  3.052717E+01, -8.431498E-03,  9.2188E-01
49700,  2.295913E+01, -6.972157E-03,  9.3750E-01
49800,  8.476556E+00,  2.062304E-03,  9.8438E-01
49900,  2.268197E+01,  5.462598E-03,  9.3750E-01
50000,  1.999769E+01, -1.255970E-02,  9.3750E-01
50100,  1.586154E+01,  4.177609E-04,  1.0000E+00
50200, -6.928468E-01, -1.829207E-03,  9.5312E-01
50300,  8.253408E+00,  3.044737E-03,  1.0000E+00
50400,  3.461403E+01, -4.137503E-03,  9.3750E-01
50500, -9.016394E+00, -5.874346E-03,  9.2188E-01
50600,  2.599134E+01, -6.329342E-03,  9.5312E-01
50700,  1.239113E+01, -1.185372E-02,  9.3750E-01
50800,  1.607566E+01, -1.155518E-02,  8.7500E-01
50900,  2.435735E+01, -4.327256E-03,  9.5312E-01
51000, -2.422297E+00,  5.511939E-03,  9.2188E-01
51100,  2.955882E+01, -6.614031E-03,  9.2188E-01
51200,  3.010999E+01,  7.628601E-04,  9.5312E-01
51300,  5.431689E+01,  2.901613E-03,  9.6875E-01
51400,  5.234046E+01, -6.267966E-03,  9.3750E-01
51500,  4.754347E+01, -8.113724E-04,  9.5312E-01
51600,  6.114131E+00, -5.319906E-03,  9.8438E-01
51700,  1.470928E+01,  2.371860E-03,  1.0000E+00
51800,  2.992755E+01, -1.076518E-02,  9.3750E-01
51900,  1.036148E+01, -1.094581E-03,  8.9062E-01
52000,  1.480695E+01, -4.495610E-04,  1.0000E+00
52100,  1.250945E+01, -4.165858E-03,  9.6875E-01
52200,  1.719604E+01, -7.032850E-03,  9.3750E-01
52300, -9.804972E+00, -3.642985E-03,  9.3750E-01
52400,  1.280520E+01, -2.298422E-03,  9.3750E-01
52500,  3.460895E+01, -3.352705E-03,  9.2188E-01
52600, -5.021358E+01, -1.241176E-02,  9.3750E-01
52700,  1.818317E+01, -3.789280E-03,  9.3750E-01
52800, -1.285459E+01, -6.385124E-03,  9.3750E-01
52900,  5.040157E-02,  1.704014E-03,  9.6875E-01
53000,  1.295860E+01, -9.083036E-03,  9.3750E-01
53100,  7.370293E+00, -3.516290E-03,  9.3750E-01
53200,  1.026636E+01, -2.174668E-03,  9.5312E-01
53300,  2.817059E+01, -8.575598E-03,  9.3750E-01
53400,  2.904819E+01, -1.052013E-02,  9.2188E-01
53500,  4.425847E+01, -4.538459E-03,  9.5312E-01
53600,  2.222975E+00,  8.272200E-04,  9.3750E-01
53700, -1.563585E+00, -6.091364E-03,  9.3750E-01
53800,  3.837024E+01, -5.600356E-04,  8.7500E-01
53900,  1.971774E+01, -5.062499E-03,  9.3750E-01
54000, -1.472729E+01,  1.256680E-04,  9.2188E-01
54100,  3.940748E+01, -6.623116E-03,  9.3750E-01
54200, -1.834555E+01, -6.351098E-03,  9.3750E-01
54300,  1.608512E+01, -9.809124E-03,  9.0625E-01
54400,  1.355229E+01, -8.353055E-03,  9.0625E-01
54500, -1.261691E+01,  3.651079E-03,  9.6875E-01
54600,  6.989149E+01, -4.031690E-03,  9.8438E-01
54700, -2.371243E+01, -1.757823E-03,  9.8438E-01
54800,  4.799039E+00, -1.195037E-03,  9.3750E-01
54900, -1.292244E+01, -1.000547E-02,  9.0625E-01
55000,  1.692622E+01, -7.734764E-03,  9.2188E-01
55100,  5.758317E+01,  4.575022E-03,  9.3750E-01
55200, -8.137763E+01,  5.336808E-03,  9.8438E-01
55300,  1.806438E+01, -7.555992E-03,  9.3750E-01
55400, -1.965032E+01, -8.343028E-03,  9.2188E-01
55500,  1.763121E+00,  5.383976E-03,  9.6875E-01
55600,  2.430709E+01, -7.624295E-03,  9.2188E-01
55700, -2.520141E+01, -4.481576E-03,  9.8438E-01
55800,  6.885731E+00,  4.127717E-03,  9.3750E-01
55900, -2.645362E+01, -5.335208E-03,  9.6875E-01
56000,  1.230260E+01, -2.418648E-03,  9.6875E-01
56100, -2.164006E+01, -1.208917E-02,  9.2188E-01
56200,  3.597359E+01, -1.230037E-02,  9.3750E-01
56300, -1.251357E+00, -6.788550E-03,  9.5312E-01
56400, -3.031093E+01, -1.205227E-03,  9.3750E-01
56500, -5.433554E+01, -1.075596E-02,  9.5312E-01
56600,  6.039641E+01, -7.237488E-03,  9.3750E-01
56700,  4.269662E+00,  3.659254E-03,  9.2188E-01
56800,  4.537295E+01, -2.170038E-03,  9.5312E-01
56900, -3.811373E+01,  3.869234E-03,  8.9062E-01
57000,  4.525281E+00, -4.829373E-03,  9.2188E-01
57100,  1.809474E+01,  9.224429E-04,  9.5312E-01
57200, -2.556351E+01,  1.012583E-03,  9.3750E-01
57300, -3.195903E+01,  1.882145E-04,  9.3750E-01
57400,  7.699985E+00, -2.469649E-04,  9.5312E-01
57500,  5.515202E-01,  3.767508E-03,  9.3750E-01
57600,  9.773945E+00,  8.084020E-04,  9.5312E-01
57700, -1.569297E+01, -1.617441E-03,  9.3750E-01
57800,  3.746741E+01,  3.231383E-03,  9.6875E-01
57900, -1.864511E+01, -7.480668E-03,  9.5312E-01
58000, -3.038011E+01,  9.464175E-04,  9.6875E-01
58100,  3.204672E+01, -1.751814E-02,  9.2188E-01
58200,  5.650956E+00,  3.061309E-04,  9.5312E-01
58300,  3.235254E+00, -9.837970E-03,  8.9062E-01
58400, -6.076314E+00, -5.553216E-03,  9.5312E-01
58500, -1.009146E+01, -1.551927E-03,  9.8438E-01
58600,  3.837744E+01, -1.917660E-03,  9.3750E-01
58700,  2.160322E+01, -3.863282E-04,  9.5312E-01
58800, -1.795106E+01,  4.131589E-03,  9.6875E-01
58900,  3.747573E+01, -4.874938E-03,  9.3750E-01
59000, -6.721200E+00, -1.670003E-02,  8.7500E-01
59100, -7.777566E+00,  3.355190E-03,  9.3750E-01
59200, -1.610581E+01,  1.879815E-03,  9.8438E-01
59300,  5.782391E+01,  5.902279E-03,  9.3750E-01
59400,  3.871875E+01, -7.416236E-03,  9.3750E-01
59500, -5.145682E+01, -1.881389E-03,  8.9062E-01
59600,  2.331037E+01,  2.549713E-03,  9.8438E-01
59700, -4.251040E+01, -4.668478E-03,  9.6875E-01
59800, -4.067213E+01,  6.737311E-03,  9.6875E-01
59900,  2.609910E+01,  3.871523E-03,  9.6875E-01
60000,  2.083992E+01, -7.027742E-03,  9.2188E-01
60100, -2.636005E+01, -4.342274E-03,  9.3750E-01
60200,  2.110166E+01, -1.352329E-03,  9.8438E-01
60300,  3.484998E+01, -2.695326E-03,  9.6875E-01
60400, -4.027329E+01, -7.294463E-03,  9.5312E-01
60500,  3.855721E+00,  1.001600E-03,  9.5312E-01
60600, -6.501495E+01, -1.191000E-02,  9.2188E-01
60700,  3.384387E+01, -1.089998E-02,  9.2188E-01
60800,  3.563507E+00,  9.762897E-04,  8.9062E-01
60900, -1.589766E+01, -5.015575E-04,  9.8438E-01
61000,  1.350001E+01, -2.702669E-04,  9.5312E-01
61100, -2.342100E+01,  8.805902E-04,  8.7500E-01
61200,  8.270824E+00,  8.139635E-04,  8.9062E-01
61300,  3.396200E+01, -4.707505E-03,  9.6875E-01
61400,  2.899188E+01, -1.361972E-02,  9.2188E-01
61500, -2.116288E+01, -3.817718E-04,  9.3750E-01
61600,  3.866659E+01, -8.050090E-03,  9.0625E-01
61700, -1.867616E+01, -1.059601E-02,  9.2188E-01
61800, -1.415235E+01,  3.472679E-03,  9.3750E-01
61900,  1.570246E+00, -2.631205E-03,  9.0625E-01
62000, -2.637656E+01,  7.779256E-05,  9.6875E-01
62100, -1.104270E+01,  4.172731E-03,  9.6875E-01
62200, -1.548197E+01,  2.545451E-03,  9.3750E-01
62300,  3.853857E+01,  1.159240E-04,  9.2188E-01
62400,  1.138164E+01, -1.456646E-02,  9.0625E-01
62500,  1.208544E+01,  1.092022E-05,  9.6875E-01
62600,  3.502720E+01,  2.702876E-03,  9.6875E-01
62700,  1.122649E+00, -1.028066E-02,  9.3750E-01
62800,  2.869525E+01,  9.552527E-04,  9.5312E-01
62900,  2.548734E+01, -5.586597E-04,  9.5312E-01
63000,  5.221294E+00, -4.076886E-04,  9.3750E-01
63100,  3.130216E+01,  1.757774E-03,  9.5312E-01
63200,  2.951051E+01, -7.931939E-04,  9.2188E-01
63300,  2.885631E+01, -8.688163E-03,  8.5938E-01
63400,  2.044905E+01, -5.919642E-03,  9.5312E-01
63500, -1.362602E+01,  4.223573E-04,  9.5312E-01
63600, -4.576745E+01,  2.363787E-03,  9.5312E-01
63700, -9.122032E+00,  1.597569E-03,  9.2188E-01
63800,  8.602396E+01, -1.092595E-03,  9.6875E-01
63900, -3.036941E+01,  3.452934E-03,  9.5312E-01
64000,  3.754113E+00, -6.520270E-03,  9.2188E-01
64100, -1.050754E+01, -3.399328E-03,  9.3750E-01
64200,  3.361324E+00, -1.988129E-03,  9.6875E-01
64300, -7.628946E+00,  8.741217E-04,  8.5938E-01
64400,  6.852630E+00, -5.989744E-03,  9.6875E-01
64500, -6.315226E+01,  1.787646E-04,  9.5312E-01
64600, -5.167146E+01,  1.915796E-03,  9.0625E-01
64700, -6.600243E+00, -1.909593E-03,  9.8438E-01
64800,  1.521639E+01,  1.094651E-03,  1.0000E+00
64900, -1.224642E+01, -4.558252E-03,  9.5312E-01
65000,  5.412991E+01, -4.547503E-03,  9.6875E-01
65100, -1.302049E+01, -7.825905E-03,  9.2188E-01
65200, -2.044673E+01,  7.230875E-03,  9.3750E-01
65300,  5.374821E+01, -6.770888E-03,  9.3750E-01
65400, -6.292670E+00, -4.072423E-03,  9.0625E-01
65500,  1.738337E+01, -3.017734E-03,  9.6875E-01
65600,  1.794711E+01, -3.957675E-03,  8.9062E-01
65700,  4.967428E+01, -4.957709E-03,  9.3750E-01
65800,  7.713971E+00,  7.546763E-03,  9.6875E-01
65900,  7.292330E+01, -1.575989E-02,  9.2188E-01
66000,  7.229036E+01, -1.442039E-03,  9.6875E-01
66100, -2.318953E+01, -3.690823E-03,  9.6875E-01
66200,  7.904672E+00, -1.116138E-02,  8.7500E-01
66300,  1.149164E+01, -2.495935E-02,  8.7500E-01
66400,  4.021390E+01,  1.907626E-03,  8.9062E-01
66500, -4.282173E+00,  1.285415E-03,  9.0625E-01
66600,  3.094680E+01, -6.048267E-03,  9.2188E-01
66700,  2.943234E+01, -2.289283E-02,  8.9062E-01
66800, -1.289756E+01, -3.174010E-03,  9.5312E-01
66900,  2.620861E+01,  1.742881E-03,  9.8438E-01
67000, -2.024518E-01, -4.818853E-03,  9.0625E-01
67100, -3.549491E+01, -1.471752E-02,  9.2188E-01
67200, -1.270502E+01, -5.752420E-03,  9.5312E-01
67300, -3.069507E+00, -4.117256E-03,  9.6875E-01
67400,  2.851405E+01, -1.009056E-02,  8.9062E-01
67500, -4.813141E+00,  2.265168E-03,  9.6875E-01
67600,  2.294975E+01,  4.375840E-03,  9.5312E-01
67700, -1.875032E+01,  8.535038E-04,  1.0000E+00
67800,  3.327419E+01,  1.473981E-03,  9.0625E-01
67900,  7.323245E+00,  1.679610E-03,  9.2188E-01
68000,  2.091010E+01, -6.468318E-03,  9.3750E-01
68100, -1.239267E+01, -1.436281E-02,  9.0625E-01
68200,  2.364552E+01, -4.312741E-03,  9.5312E-01
68300, -5.450602E+01, -1.021169E-02,  9.3750E-01
68400, -2.716160E+01, -5.587486E-03,  9.2188E-01
68500, -1.676163E+01,  2.412552E-03,  9.5312E-01
68600,  2.462170E+01, -4.833967E-04,  9.5312E-01
68700,  2.158732E+01, -8.058242E-03,  9.6875E-01
68800, -5.684095E+00, -7.415082E-03,  9.2188E-01
68900, -6.863980E+00, -4.732027E-04,  9.5312E-01
69000,  1.203547E+01,  9.777104E-04,  9.8438E-01
69100, -1.225741E+01, -1.829739E-03,  9.6875E-01
69200,  4.306294E+01, -1.514706E-02,  9.2188E-01
69300,  2.275432E+01, -1.344366E-03,  9.6875E-01
69400,  2.971558E+01,  1.274802E-03,  1.0000E+00
69500,  1.918048E+01, -5.459636E-03,  9.5312E-01
69600,  4.489420E+01, -4.613336E-03,  9.6875E-01
69700,  2.117854E+01, -2.830838E-04,  9.5312E-01
69800, -6.045532E+00, -3.775179E-03,  9.2188E-01
69900, -2.248161E+01, -7.302961E-04,  8.9062E-01
70000,  3.183042E+00, -3.288279E-03,  9.3750E-01
70100,  5.291023E+01,  2.995385E-03,  9.6875E-01
70200,  1.982628E+00, -7.072176E-03,  8.9062E-01
70300,  2.511414E+01, -4.321076E-03,  9.3750E-01
70400,  2.970777E+01, -1.248155E-02,  9.3750E-01
70500, -1.634370E+01, -4.968195E-03,  8.9062E-01
70600,  4.715825E+01, -3.362344E-03,  9.6875E-01
70700,  4.515207E+01, -9.631005E-04,  9.8438E-01
70800,  3.372001E+01, -3.612590E-03,  9.6875E-01
70900, -1.480498E+01, -1.523311E-02,  9.2188E-01
71000, -1.846173E+01, -9.571694E-03,  9.3750E-01
71100,  5.364357E+00, -4.229161E-03,  9.6875E-01
71200,  3.890591E+01, -1.072071E-02,  9.3750E-01
71300,  8.649661E+00, -6.311585E-03,  9.3750E-01
71400,  4.171944E+01, -4.066420E-03,  8.9062E-01
71500, -1.645100E+01, -5.220891E-03,  9.5312E-01
71600,  2.724776E+01, -9.423055E-03,  9.2188E-01
71700,  2.764153E+01,  3.307724E-03,  9.8438E-01
71800, -1.977511E+01,  1.368083E-03,  9.8438E-01
71900, -3.522326E+00,  2.321108E-03,  9.3750E-01
72000,  1.058337E+01, -2.002012E-03,  9.3750E-01
72100,  1.482388E+01,  6.477730E-04,  9.8438E-01
72200,  1.829539E+01, -7.189531E-05,  9.0625E-01
72300,  6.871760E-02, -5.096706E-03,  9.3750E-01
72400,  4.685003E+01, -3.261632E-03,  9.8438E-01
72500, -3.237580E+00, -8.005247E-03,  9.0625E-01
72600, -9.990761E+00,  4.011116E-03,  9.2188E-01
72700,  1.302891E+01, -8.178619E-04,  9.8438E-01
72800,  2.331987E+01,  2.722391E-03,  9.6875E-01
72900, -1.400294E+01, -9.157625E-04,  9.5312E-01
73000,  4.506918E+01, -5.011174E-03,  9.0625E-01
73100,  1.314178E+01, -3.049910E-04,  9.8438E-01
73200,  1.527055E+01, -3.548017E-03,  9.3750E-01
73300, -1.513237E+01, -3.397958E-03,  9.5312E-01
73400,  1.761387E+01, -4.817371E-04,  9.6875E-01
73500,  3.086897E+01, -4.750161E-03,  9.3750E-01
73600,  9.470471E+00,  5.818591E-03,  9.0625E-01
73700, -2.270059E+01, -3.117017E-03,  8.9062E-01
73800,  1.279788E+00, -6.939042E-03,  8.5938E-01
73900, -2.764734E+01, -4.946370E-03,  9.2188E-01
74000,  2.140701E+01, -1.886063E-03,  9.6875E-01
74100,  2.507988E+01,  3.547710E-04,  9.8438E-01
74200,  7.552515E+00,  1.372673E-03,  9.5312E-01
74300,  1.596288E+01, -2.697454E-03,  9.5312E-01
74400, -5.665705E+00,  2.897767E-03,  9.3750E-01
74500,  2.822182E+01, -3.492287E-04,  9.8438E-01
74600,  5.977748E+01, -5.535610E-03,  9.8438E-01
74700, -8.107189E+00, -1.328255E-02,  9.2188E-01
74800, -1.055519E+01, -8.567126E-03,  9.2188E-01
74900,  2.003717E+00, -2.426380E-03,  9.5312E-01
75000,  4.748383E+00, -7.116141E-03,  8.9062E-01
75100,  7.675309E+00,  2.611737E-03,  9.3750E-01
75200, -2.456736E+01, -1.017612E-02,  8.2812E-01
75300,  4.284203E+01, -5.917810E-03,  9.5312E-01
75400, -1.261538E+01, -1.000226E-02,  8.7500E-01
75500, -1.644889E+00, -7.393463E-03,  9.0625E-01
75600,  3.430328E+01, -7.763988E-03,  9.3750E-01
75700, -3.780812E+00,  7.333652E-03,  9.6875E-01
75800,  2.182650E+01, -2.168967E-03,  9.5312E-01
75900,  3.156167E+01,  4.396000E-04,  9.5312E-01
76000, -1.287546E+01, -1.635281E-02,  9.2188E-01
76100,  4.087906E+01, -3.954961E-03,  9.6875E-01
76200, -3.215590E+00, -3.777131E-03,  9.8438E-01
76300,  1.934308E+01, -1.015881E-02,  9.5312E-01
76400,  1.753233E+01,  9.503913E-03,  8.9062E-01
76500, -2.780164E+00,  3.931267E-03,  9.3750E-01
76600,  3.667030E+01, -6.002312E-03,  9.5312E-01
76700, -2.521917E+01, -2.418290E-03,  9.6875E-01
76800,  1.689195E+01,  2.937243E-03,  9.8438E-01
76900, -2.654676E+01, -5.799897E-03,  9.3750E-01
77000, -1.371779E+01,  3.620761E-05,  9.6875E-01
77100,  1.155475E+01,  1.473946E-03,  9.8438E-01
77200,  1.584275E+01,  1.830518E-03,  9.5312E-01
77300, -1.588142E+01,  6.106051E-04,  9.5312E-01
77400,  3.746841E+01, -2.766228E-03,  9.5312E-01
77500, -3.001016E+01, -1.756563E-03,  9.2188E-01
77600,  6.042302E+00, -2.954921E-03,  9.5312E-01
77700,  4.741969E+01, -1.365960E-02,  9.2188E-01
77800,  2.293906E+00,  1.103052E-03,  9.8438E-01
77900,  4.343136E+00, -2.595803E-03,  9.0625E-01
78000,  9.957933E+00,  1.088122E-05,  9.6875E-01
78100,  2.533099E+01, -1.398345E-03,  9.6875E-01
78200, -7.979980E+00,  4.374804E-04,  9.0625E-01
78300,  1.756299E+01, -1.285177E-02,  9.5312E-01
78400, -6.109894E+00, -2.969008E-03,  9.5312E-01
78500, -3.798859E+00, -2.269317E-03,  9.6875E-01
78600,  3.996677E+01,  2.953570E-04,  9.3750E-01
78700,  6.803633E+01, -8.576817E-04,  9.6875E-01
78800,  2.449246E+01,  8.711029E-04,  9.2188E-01
78900,  3.138773E+01,  3.395405E-04,  9.8438E-01
79000, -6.222234E+01, -1.020599E-03,  9.5312E-01
79100, -2.536317E+01,  1.468218E-05,  9.3750E-01
79200,  1.739800E+01, -4.054083E-03,  9.3750E-01
79300,  1.981528E+00, -1.767597E-03,  9.3750E-01
79400, -8.417866E+00, -1.033929E-02,  9.5312E-01
79500, -1.616731E+01,  1.482192E-03,  9.5312E-01
79600,  5.819274E+00, -1.248260E-03,  9.2188E-01
79700,  4.522374E+01,  6.837408E-04,  9.6875E-01
79800,  2.369883E+01, -5.148473E-03,  9.5312E-01
79900, -2.662851E+00,  1.145921E-03,  9.0625E-01
80000,  5.948345E+00,  4.014468E-03,  9.8438E-01
80100,  1.007004E+01,  3.513717E-05,  9.6875E-01
80200,  5.182269E+01,  4.420001E-03,  9.6875E-01
80300,  4.924423E+00, -2.403840E-03,  9.2188E-01
80400,  2.373288E+01, -7.363905E-03,  9.3750E-01
80500,  2.050222E+01, -8.969027E-03,  9.2188E-01
80600, -7.561868E+00, -3.477642E-03,  9.5312E-01
80700,  1.201483E+01, -1.011835E-03,  9.2188E-01
80800,  2.440697E+01,  3.272320E-03,  9.5312E-01
80900,  2.361821E+01, -1.561669E-02,  9.2188E-01
81000,  2.926666E+01, -1.231619E-02,  9.2188E-01
81100,  3.385285E+00, -1.616124E-04,  9.5312E-01
81200,  2.746752E+01, -6.752711E-03,  9.3750E-01
81300,  1.120477E+01, -1.227427E-02,  9.0625E-01
81400, -1.995269E+01,  4.453436E-04,  1.0000E+00
81500,  8.592402E+00,  6.142526E-03,  9.8438E-01
81600,  5.135977E+00, -3.224263E-03,  9.0625E-01
81700, -1.145416E+01, -3.493303E-03,  9.6875E-01
81800,  2.231444E+01, -3.472593E-03,  9.5312E-01
81900,  1.068578E+01,  7.967191E-04,  9.6875E-01
82000,  1.679492E+01, -1.670370E-03,  9.3750E-01
82100,  1.645838E+01, -2.846170E-03,  9.5312E-01
82200,  2.861767E+01, -3.403521E-03,  9.6875E-01
82300, -9.556726E-01, -7.701133E-03,  9.3750E-01
82400, -2.928424E+01,  3.815411E-03,  8.9062E-01
82500,  1.788110E-01, -2.047491E-03,  9.5312E-01
82600,  1.086801E+01, -7.868923E-03,  9.3750E-01
82700, -1.233102E+01, -5.342404E-03,  9.6875E-01
82800,  1.624506E+00, -2.017220E-02,  8.9062E-01
82900,  2.305183E+01,  1.010681E-02,  9.3750E-01
83000, -3.433567E+01, -9.075528E-03,  9.2188E-01
83100,  2.462045E+01,  1.338469E-03,  9.8438E-01
83200,  1.130372E+01,  5.011606E-04,  9.6875E-01
83300,  2.214599E+01,  2.214349E-03,  9.8438E-01
83400,  3.073457E+01, -3.096685E-03,  9.5312E-01
83500,  2.663345E+01, -5.616872E-03,  9.5312E-01
83600,  1.025136E+01,  1.336475E-03,  9.8438E-01
83700,  2.785393E+01, -9.948807E-04,  9.8438E-01
83800,  2.044115E+00, -1.926872E-03,  9.5312E-01
83900,  3.729526E+01, -1.191165E-02,  9.0625E-01
84000,  3.892609E+01,  1.051906E-02,  8.9062E-01
84100,  5.008256E+01, -3.545192E-03,  9.6875E-01
84200,  2.389555E+01, -3.388984E-03,  9.5312E-01
84300,  7.658676E+00,  5.257549E-03,  9.8438E-01
84400,  1.911235E+01, -6.738006E-03,  9.5312E-01
84500, -2.815607E+01, -4.200707E-03,  8.5938E-01
84600,  1.387340E+01, -1.005807E-03,  9.0625E-01
84700,  3.480322E+01, -2.076617E-05,  8.7500E-01
84800,  4.084899E+01, -6.143639E-03,  9.3750E-01
84900,  1.163204E+01, -3.327976E-03,  9.5312E-01
85000, -1.720324E+01, -1.053394E-02,  8.9062E-01
85100,  4.346810E+00, -6.253135E-04,  9.8438E-01
85200,  2.468830E+01,  3.487543E-03,  9.6875E-01
85300, -3.597803E+00, -3.445392E-03,  9.3750E-01
85400, -1.235051E+02,  2.413803E-03,  9.2188E-01
85500, -9.049915E+00, -2.389176E-02,  8.5938E-01
85600,  1.451933E+01, -6.832763E-03,  9.5312E-01
85700, -1.091156E+01,  5.272748E-04,  9.6875E-01
85800,  2.464787E+01,  4.077175E-03,  9.2188E-01
85900,  5.432543E+00, -1.575601E-03,  9.6875E-01
86000,  1.539581E+00, -9.214960E-03,  9.0625E-01
86100,  6.344508E+00, -6.001296E-03,  9.3750E-01
86200,  3.656563E+01, -8.393909E-03,  9.5312E-01
86300, -2.670908E+01,  7.786694E-04,  9.5312E-01
86400,  1.142933E+01,  4.123541E-03,  9.8438E-01
86500,  2.174118E+01,  5.007813E-03,  9.5312E-01
86600,  2.285496E+01, -5.131615E-04,  9.5312E-01
86700, -1.836019E+01,  5.000350E-04,  9.8438E-01
86800,  4.023338E+01, -9.821753E-03,  9.5312E-01
86900,  2.585971E+01,  3.109301E-03,  9.8438E-01
87000,  1.647508E+01, -1.727772E-03,  9.5312E-01
87100, -2.931986E+01, -1.728253E-02,  9.2188E-01
87200,  5.772536E+00,  1.075250E-04,  9.3750E-01
87300, -2.811102E+00, -1.442138E-02,  9.0625E-01
87400,  2.048915E+01, -9.543262E-05,  9.5312E-01
87500, -1.139795E+01, -5.502542E-03,  9.8438E-01
87600, -6.023267E+00, -2.606274E-03,  9.5312E-01
87700, -1.823558E+01, -5.046499E-03,  9.8438E-01
87800, -1.587835E+01, -6.280931E-03,  9.2188E-01
87900,  1.678005E+01, -1.034903E-02,  9.3750E-01
88000, -3.538671E+01, -4.364571E-03,  9.5312E-01
88100,  8.676059E+00,  2.121713E-04,  9.5312E-01
88200, -2.008588E+00, -8.058101E-04,  9.6875E-01
88300, -3.448513E+01, -4.641998E-03,  9.5312E-01
88400,  2.944810E+01, -4.297564E-03,  9.6875E-01
88500,  1.611018E+01,  1.595029E-03,  9.6875E-01
88600,  4.027879E+01, -9.516592E-05,  9.8438E-01
88700, -2.158138E+01,  2.759264E-03,  9.3750E-01
88800,  2.730696E+01, -7.354646E-03,  8.7500E-01
88900,  2.877341E+01, -3.469173E-03,  9.6875E-01
89000, -7.548776E+01, -1.062146E-02,  9.2188E-01
89100,  3.088984E+01,  7.449853E-03,  9.5312E-01
89200, -2.808553E+01, -1.043749E-02,  8.9062E-01
89300,  2.336994E+01, -1.041471E-02,  8.9062E-01
89400, -5.310787E+00, -1.262677E-02,  8.7500E-01
89500,  1.093151E+01, -2.360266E-03,  9.3750E-01
89600,  2.036399E+01,  8.259513E-04,  1.0000E+00
89700,  2.158211E+01,  3.538856E-03,  9.5312E-01
89800,  1.304571E+01, -6.701434E-03,  9.2188E-01
89900, -4.215540E+00, -8.877487E-03,  9.6875E-01
90000,  1.434820E+01,  4.291136E-03,  9.0625E-01
90100,  1.388566E+01, -8.740956E-04,  9.8438E-01
90200,  1.678058E+00, -3.009132E-03,  9.6875E-01
90300, -2.735852E+01, -2.905403E-03,  9.2188E-01
90400, -9.246918E+00, -6.583946E-03,  9.2188E-01
90500, -8.917520E+00, -4.481575E-03,  9.5312E-01
90600,  1.356576E+01, -6.645407E-03,  8.9062E-01
90700,  6.577881E+00, -5.736748E-03,  9.3750E-01
90800,  4.810751E+00,  5.348661E-04,  9.6875E-01
90900,  9.757660E+00,  1.562613E-03,  9.5312E-01
91000, -3.188960E+00, -6.191310E-03,  9.5312E-01
91100,  3.004715E-01,  4.144073E-04,  9.8438E-01
91200,  3.218844E+00, -8.304603E-06,  9.6875E-01
91300, -1.833212E+01, -8.469493E-03,  8.9062E-01
91400, -1.146048E+01,  2.772091E-03,  9.6875E-01
91500,  2.378691E+01,  2.158250E-03,  9.2188E-01
91600,  2.789801E+01,  3.925381E-03,  9.8438E-01
91700, -4.501626E+00,  5.892150E-04,  9.5312E-01
91800, -1.047794E+01, -5.548834E-04,  9.5312E-01
91900, -1.077014E+01, -1.197858E-04,  9.3750E-01
92000, -4.912601E+01, -1.675456E-03,  9.8438E-01
92100, -1.197066E+01, -8.740805E-03,  9.5312E-01
92200,  1.619129E+01, -1.217358E-02,  9.0625E-01
92300, -1.516449E+01,  1.051010E-03,  9.0625E-01
92400, -7.806841E+00, -8.281029E-03,  9.5312E-01
92500,  5.436587E+01,  1.179429E-03,  9.8438E-01
92600, -1.708626E+01,  4.188800E-04,  9.6875E-01
92700, -2.675124E+01,  1.147035E-03,  9.6875E-01
92800, -4.367638E+00, -4.309298E-03,  9.2188E-01
92900, -8.515267E+00,  3.778297E-03,  9.8438E-01
93000,  8.952162E+00, -2.691002E-03,  9.5312E-01
93100,  1.453326E+01, -4.201145E-03,  9.5312E-01
93200,  1.263636E+00,  3.648979E-03,  9.8438E-01
93300,  4.929619E+01, -4.726345E-03,  9.5312E-01
93400,  2.320257E+01, -1.813271E-02,  9.2188E-01
93500,  1.830128E+01, -6.929746E-03,  8.7500E-01
93600, -1.472872E+01,  5.224481E-04,  9.8438E-01
93700,  1.325565E+01, -4.300914E-03,  9.3750E-01
93800, -4.796354E+01, -6.558012E-03,  9.3750E-01
93900,  2.094673E+01, -7.770159E-03,  9.5312E-01
94000, -1.345073E+01,  1.422890E-03,  1.0000E+00
94100, -2.084410E+01, -5.091752E-04,  9.2188E-01
94200,  5.185329E-01,  2.961672E-03,  9.8438E-01
94300, -4.221203E+00,  7.396116E-03,  9.5312E-01
94400, -1.877294E+01, -6.774766E-03,  9.6875E-01
94500, -4.316482E+00,  1.112131E-03,  1.0000E+00
94600,  4.647974E+01, -1.543255E-02,  9.5312E-01
94700, -4.602889E+00, -1.361967E-02,  9.3750E-01
94800, -3.741793E+01,  4.447323E-03,  9.0625E-01
94900,  4.053712E+01, -3.955518E-03,  9.6875E-01
95000, -2.184317E+01,  6.604939E-04,  9.2188E-01
95100,  1.120430E+01, -1.892872E-03,  9.6875E-01
95200,  1.724431E+00, -1.870808E-03,  9.5312E-01
95300, -6.024191E+00, -3.005304E-03,  9.6875E-01
95400,  4.314567E+01, -5.064205E-03,  9.3750E-01
95500, -3.535549E+01, -2.632481E-03,  9.2188E-01
95600,  2.585173E+00, -4.049134E-03,  9.3750E-01
95700,  3.468884E+01, -3.554479E-03,  9.6875E-01
95800, -4.290418E+01,  3.292505E-04,  9.5312E-01
95900,  1.861610E+01,  1.637872E-03,  9.8438E-01
96000,  2.912737E+00, -1.234209E-02,  9.3750E-01
96100, -1.883034E+01, -6.408489E-03,  9.2188E-01
96200,  1.132220E+00, -9.530908E-04,  9.3750E-01
96300, -6.274317E+00, -1.035943E-02,  9.5312E-01
96400,  3.326762E+01,  4.078709E-04,  9.8438E-01
96500,  1.783548E+01,  3.923018E-03,  9.5312E-01
96600,  1.121459E+01, -2.738952E-03,  9.8438E-01
96700, -1.403239E+01, -2.031563E-03,  9.6875E-01
96800,  4.210371E+01,  1.841009E-03,  1.0000E+00
96900, -3.350627E+01,  7.744682E-04,  1.0000E+00
97000, -7.360231E+00, -3.303278E-03,  9.3750E-01
97100, -1.816810E+01, -7.073885E-04,  9.8438E-01
97200, -9.426895E+00, -8.762596E-03,  9.5312E-01
97300,  8.883244E+00, -3.988409E-03,  9.5312E-01
97400, -4.298112E+00, -1.012548E-02,  9.6875E-01
97500,  2.285205E+01, -3.669140E-03,  9.5312E-01
97600, -6.231588E+01, -5.062697E-03,  8.9062E-01
97700,  8.863567E+00,  9.312776E-04,  9.8438E-01
97800, -4.882449E+01, -4.154807E-03,  9.3750E-01
97900,  7.507704E+00, -5.246470E-03,  9.0625E-01
98000, -6.523266E+00, -3.158031E-04,  9.6875E-01
98100, -3.656559E+01, -9.793377E-03,  9.5312E-01
98200,  1.675301E+01,  3.461498E-04,  9.3750E-01
98300, -3.216278E+01,  4.384849E-04,  9.2188E-01
98400,  2.098887E+00,  9.853514E-04,  8.7500E-01
98500, -9.063797E+00, -3.788400E-03,  9.5312E-01
98600,  1.896872E+01, -3.686922E-03,  9.5312E-01
98700, -2.137287E+01,  1.708466E-03,  9.6875E-01
98800,  1.904403E+01, -4.549435E-03,  9.5312E-01
98900, -3.155777E+01, -1.627686E-03,  9.2188E-01
99000,  2.416167E+01, -1.827462E-02,  9.2188E-01
99100, -2.024560E+01, -5.914580E-03,  9.5312E-01
99200,  3.746506E+01, -2.549117E-03,  9.5312E-01
99300,  2.096505E+01,  1.439336E-03,  9.0625E-01
99400,  1.507474E+01,  9.740060E-04,  9.5312E-01
99500,  9.373165E+00, -4.153751E-03,  9.5312E-01
99600,  2.059187E+01,  3.695852E-03,  9.5312E-01
99700, -6.154916E-01, -1.597280E-03,  9.5312E-01
99800,  5.166275E+01, -9.914317E-03,  9.2188E-01
99900,  2.468863E+01, -2.679328E-03,  9.2188E-01
100000,  1.571305E+01, -1.780703E-03,  9.5312E-01
