# step, gen_loss, dis_loss, train_acc
100, -4.822253E-03, -2.672861E-02,  3.5938E-01
200, -8.467005E-03, -2.417623E-02,  2.5000E-01
300, -7.736384E-03, -2.075000E-02,  2.9688E-01
400, -5.098187E-03, -2.102895E-02,  2.8125E-01
500, -1.428653E-02, -1.344747E-02,  3.1250E-01
600,  1.898767E-02, -1.817804E-02,  3.2812E-01
700, -5.582122E-03, -1.449367E-02,  4.3750E-01
800, -8.014924E-03, -1.299235E-02,  5.1562E-01
900, -3.188939E-02, -1.177449E-02,  3.7500E-01
1000,  6.023090E-04, -9.031409E-03,  4.6875E-01
1100,  7.840339E-05, -6.557363E-03,  5.1562E-01
1200,  1.962129E-02, -8.471272E-03,  5.3125E-01
1300,  3.890194E-02, -1.442660E-02,  4.6875E-01
1400,  1.878573E-02, -6.536625E-03,  5.6250E-01
1500,  2.411515E-02, -7.884901E-03,  6.7188E-01
1600,  2.575649E-02, -7.184027E-03,  6.4062E-01
1700,  1.633195E-02, -2.894833E-03,  7.1875E-01
1800,  1.837618E-02, -2.798731E-03,  7.1875E-01
1900,  1.929446E-02, -3.937011E-03,  7.3438E-01
2000,  2.176306E-02, -5.924510E-03,  7.3438E-01
2100,  2.180255E-02, -3.399177E-03,  6.8750E-01
2200, -2.793039E-02, -3.799865E-03,  8.5938E-01
2300, -1.446598E-02, -3.051145E-03,  7.9688E-01
2400,  7.012672E-04, -5.682589E-03,  7.8125E-01
2500,  1.017931E-02, -4.105651E-03,  7.3438E-01
2600, -3.458867E-02, -4.339762E-03,  7.8125E-01
2700, -3.945615E-03, -3.853898E-03,  8.2812E-01
2800,  7.638166E-03, -2.643711E-03,  7.8125E-01
2900, -3.337169E-02, -2.359331E-03,  7.9688E-01
3000,  9.660800E-04, -3.393592E-03,  7.9688E-01
3100,  7.023253E-04, -2.534011E-03,  6.8750E-01
3200,  1.054710E-02, -1.042042E-03,  8.2812E-01
3300,  4.344054E-03, -6.585869E-04,  8.2812E-01
3400,  3.607124E-03, -1.756264E-03,  8.1250E-01
3500, -2.149013E-02, -3.999425E-03,  7.9688E-01
3600, -1.131846E-02, -3.406083E-03,  7.6562E-01
3700, -6.451369E-04, -4.508345E-03,  6.4062E-01
3800, -2.983002E-02, -1.119001E-03,  7.8125E-01
3900, -1.158947E-02, -1.458845E-03,  7.3438E-01
4000,  3.693596E-02, -3.838632E-03,  7.5000E-01
4100,  4.546321E-05, -2.294542E-03,  7.3438E-01
4200, -6.281015E-02, -3.157914E-03,  7.5000E-01
4300,  2.936840E-02, -3.771173E-03,  7.9688E-01
4400,  2.799378E-02, -4.326198E-04,  8.4375E-01
4500,  6.907826E-03, -1.773082E-03,  8.5938E-01
4600, -2.470590E-02, -5.492019E-03,  6.7188E-01
4700, -2.832212E-02, -9.229518E-04,  8.4375E-01
4800, -2.442620E-02, -2.441181E-03,  8.9062E-01
4900,  3.605246E-03, -2.908798E-03,  7.6562E-01
5000,  3.133450E-02,  3.256314E-04,  8.4375E-01
5100,  4.957070E-02, -5.955376E-03,  7.5000E-01
5200,  4.465519E-03, -2.677742E-03,  7.3438E-01
5300, -3.331989E-02, -3.763556E-03,  8.4375E-01
5400, -9.331794E-03, -3.412757E-03,  7.5000E-01
5500, -1.208510E-03, -3.080668E-03,  9.2188E-01
5600,  8.364854E-03, -5.667059E-03,  7.5000E-01
5700, -1.207793E-03,  1.371700E-04,  7.8125E-01
5800, -8.785883E-03, -2.720875E-03,  7.9688E-01
5900,  2.270321E-02, -4.645694E-03,  7.3438E-01
6000, -5.459385E-04, -1.771514E-03,  7.6562E-01
6100,  2.255751E-03, -1.776666E-03,  8.4375E-01
6200,  1.364726E-02, -1.576414E-03,  7.6562E-01
6300,  4.954313E-02, -3.779382E-03,  8.7500E-01
6400, -1.162465E-02, -1.470217E-03,  9.0625E-01
6500,  6.757450E-03, -3.011761E-03,  7.8125E-01
6600,  3.422220E-02, -2.572834E-04,  7.9688E-01
6700,  3.892808E-02, -1.152433E-03,  7.8125E-01
6800,  1.832463E-02, -1.990447E-03,  7.9688E-01
6900,  1.670178E-02, -6.507486E-04,  8.2812E-01
7000,  1.329413E-02, -1.281727E-03,  8.9062E-01
7100,  2.675584E-02, -1.224820E-03,  7.8125E-01
7200,  8.781722E-03, -2.030064E-03,  8.4375E-01
7300, -1.014484E-02,  3.532041E-05,  8.2812E-01
7400,  2.736073E-02, -6.081313E-04,  8.7500E-01
7500,  4.287763E-02, -1.964934E-03,  8.4375E-01
7600,  1.991379E-02, -2.160672E-03,  8.2812E-01
7700,  7.761638E-04, -7.582544E-04,  8.4375E-01
7800, -7.684212E-03, -3.611887E-03,  7.3438E-01
7900, -2.140952E-02,  3.247075E-04,  8.4375E-01
8000,  1.258759E-02, -2.245811E-03,  8.4375E-01
8100,  2.730332E-02, -1.197174E-03,  8.5938E-01
8200, -5.453821E-03,  6.568525E-05,  7.6562E-01
8300, -2.326526E-02, -1.993097E-03,  8.1250E-01
8400, -7.836538E-02,  3.424175E-03,  8.2812E-01
8500, -0.000000E+00,  0.000000E+00,  7.9688E-01
8600, -0.000000E+00,  0.000000E+00,  7.3438E-01
8700, -0.000000E+00,  0.000000E+00,  7.6562E-01
8800, -0.000000E+00,  0.000000E+00,  7.8125E-01
8900, -0.000000E+00,  0.000000E+00,  7.6562E-01
9000, -0.000000E+00,  0.000000E+00,  8.7500E-01
9100, -0.000000E+00,  0.000000E+00,  8.1250E-01
9200, -0.000000E+00,  0.000000E+00,  8.1250E-01
9300, -0.000000E+00,  0.000000E+00,  8.1250E-01
9400, -0.000000E+00,  0.000000E+00,  7.1875E-01
9500, -0.000000E+00,  0.000000E+00,  7.9688E-01
9600, -0.000000E+00,  0.000000E+00,  8.5938E-01
9700, -0.000000E+00,  0.000000E+00,  7.5000E-01
9800, -0.000000E+00,  0.000000E+00,  8.2812E-01
9900, -0.000000E+00,  0.000000E+00,  8.2812E-01
10000, -0.000000E+00,  0.000000E+00,  8.1250E-01
10100, -0.000000E+00,  0.000000E+00,  7.9688E-01
10200, -0.000000E+00,  0.000000E+00,  8.2812E-01
10300, -0.000000E+00,  0.000000E+00,  7.8125E-01
10400, -0.000000E+00,  0.000000E+00,  8.7500E-01
10500, -0.000000E+00,  0.000000E+00,  8.2812E-01
10600, -0.000000E+00,  0.000000E+00,  8.4375E-01
10700, -0.000000E+00,  0.000000E+00,  7.3438E-01
10800, -0.000000E+00,  0.000000E+00,  8.9062E-01
10900, -0.000000E+00,  0.000000E+00,  8.2812E-01
11000, -0.000000E+00,  0.000000E+00,  8.4375E-01
11100, -0.000000E+00,  0.000000E+00,  8.5938E-01
11200, -0.000000E+00,  0.000000E+00,  8.5938E-01
11300, -0.000000E+00,  0.000000E+00,  7.0312E-01
11400, -0.000000E+00,  0.000000E+00,  8.5938E-01
11500, -0.000000E+00,  0.000000E+00,  7.6562E-01
11600, -0.000000E+00,  0.000000E+00,  8.7500E-01
11700, -0.000000E+00,  0.000000E+00,  7.8125E-01
11800, -0.000000E+00,  0.000000E+00,  8.9062E-01
11900, -0.000000E+00,  0.000000E+00,  7.8125E-01
12000, -0.000000E+00,  0.000000E+00,  7.5000E-01
12100, -0.000000E+00,  0.000000E+00,  8.9062E-01
12200, -0.000000E+00,  0.000000E+00,  8.7500E-01
12300, -0.000000E+00,  0.000000E+00,  8.2812E-01
12400, -0.000000E+00,  0.000000E+00,  8.4375E-01
12500, -0.000000E+00,  0.000000E+00,  7.5000E-01
12600, -0.000000E+00,  0.000000E+00,  8.5938E-01
12700, -0.000000E+00,  0.000000E+00,  8.5938E-01
12800, -0.000000E+00,  0.000000E+00,  8.4375E-01
12900, -0.000000E+00,  0.000000E+00,  8.5938E-01
13000, -0.000000E+00,  0.000000E+00,  9.0625E-01
13100, -0.000000E+00,  0.000000E+00,  7.9688E-01
13200, -0.000000E+00,  0.000000E+00,  8.2812E-01
13300, -0.000000E+00,  0.000000E+00,  8.1250E-01
13400, -0.000000E+00,  0.000000E+00,  7.5000E-01
13500, -0.000000E+00,  0.000000E+00,  7.3438E-01
13600, -0.000000E+00,  0.000000E+00,  7.9688E-01
13700, -0.000000E+00,  0.000000E+00,  7.9688E-01
13800, -0.000000E+00,  0.000000E+00,  8.7500E-01
13900, -0.000000E+00,  0.000000E+00,  8.1250E-01
14000, -0.000000E+00,  0.000000E+00,  8.7500E-01
14100, -0.000000E+00,  0.000000E+00,  6.8750E-01
14200, -0.000000E+00,  0.000000E+00,  8.2812E-01
14300, -0.000000E+00,  0.000000E+00,  8.1250E-01
14400, -0.000000E+00,  0.000000E+00,  7.5000E-01
14500, -0.000000E+00,  0.000000E+00,  8.7500E-01
14600, -0.000000E+00,  0.000000E+00,  7.9688E-01
14700, -0.000000E+00,  0.000000E+00,  8.4375E-01
14800, -0.000000E+00,  0.000000E+00,  8.9062E-01
14900, -0.000000E+00,  0.000000E+00,  8.1250E-01
15000, -0.000000E+00,  0.000000E+00,  8.9062E-01
15100, -0.000000E+00,  0.000000E+00,  8.4375E-01
15200, -0.000000E+00,  0.000000E+00,  8.2812E-01
15300, -0.000000E+00,  0.000000E+00,  8.2812E-01
15400, -0.000000E+00,  0.000000E+00,  9.0625E-01
15500, -0.000000E+00,  0.000000E+00,  7.9688E-01
15600, -0.000000E+00,  0.000000E+00,  8.7500E-01
15700, -0.000000E+00,  0.000000E+00,  8.7500E-01
15800, -0.000000E+00,  0.000000E+00,  9.0625E-01
15900, -0.000000E+00,  0.000000E+00,  7.9688E-01
16000, -0.000000E+00,  0.000000E+00,  7.1875E-01
16100, -0.000000E+00,  0.000000E+00,  8.4375E-01
16200, -0.000000E+00,  0.000000E+00,  8.5938E-01
16300, -0.000000E+00,  0.000000E+00,  7.9688E-01
16400, -0.000000E+00,  0.000000E+00,  8.2812E-01
16500, -0.000000E+00,  0.000000E+00,  8.4375E-01
16600, -0.000000E+00,  0.000000E+00,  8.5938E-01
16700, -0.000000E+00,  0.000000E+00,  7.5000E-01
16800, -0.000000E+00,  0.000000E+00,  9.0625E-01
16900, -0.000000E+00,  0.000000E+00,  7.3438E-01
17000, -0.000000E+00,  0.000000E+00,  8.7500E-01
17100, -0.000000E+00,  0.000000E+00,  8.2812E-01
17200, -0.000000E+00,  0.000000E+00,  8.2812E-01
17300, -0.000000E+00,  0.000000E+00,  9.0625E-01
17400, -0.000000E+00,  0.000000E+00,  8.7500E-01
17500, -0.000000E+00,  0.000000E+00,  7.8125E-01
17600, -0.000000E+00,  0.000000E+00,  7.9688E-01
17700, -0.000000E+00,  0.000000E+00,  7.5000E-01
17800, -0.000000E+00,  0.000000E+00,  8.1250E-01
17900, -0.000000E+00,  0.000000E+00,  8.2812E-01
18000, -0.000000E+00,  0.000000E+00,  8.7500E-01
18100, -0.000000E+00,  0.000000E+00,  7.3438E-01
18200, -0.000000E+00,  0.000000E+00,  7.9688E-01
18300, -0.000000E+00,  0.000000E+00,  8.4375E-01
18400, -0.000000E+00,  0.000000E+00,  8.7500E-01
18500, -0.000000E+00,  0.000000E+00,  8.7500E-01
18600, -0.000000E+00,  0.000000E+00,  7.6562E-01
18700, -0.000000E+00,  0.000000E+00,  9.0625E-01
18800, -0.000000E+00,  0.000000E+00,  8.4375E-01
18900, -0.000000E+00,  0.000000E+00,  8.5938E-01
19000, -0.000000E+00,  0.000000E+00,  7.8125E-01
19100, -0.000000E+00,  0.000000E+00,  9.2188E-01
19200, -0.000000E+00,  0.000000E+00,  8.9062E-01
19300, -0.000000E+00,  0.000000E+00,  8.5938E-01
19400, -0.000000E+00,  0.000000E+00,  8.9062E-01
19500, -0.000000E+00,  0.000000E+00,  7.9688E-01
19600, -0.000000E+00,  0.000000E+00,  8.1250E-01
19700, -0.000000E+00,  0.000000E+00,  8.1250E-01
19800, -0.000000E+00,  0.000000E+00,  7.8125E-01
19900, -0.000000E+00,  0.000000E+00,  8.4375E-01
20000, -0.000000E+00,  0.000000E+00,  8.2812E-01
20100, -0.000000E+00,  0.000000E+00,  7.8125E-01
20200, -0.000000E+00,  0.000000E+00,  8.2812E-01
20300, -0.000000E+00,  0.000000E+00,  8.2812E-01
20400, -0.000000E+00,  0.000000E+00,  8.9062E-01
20500, -0.000000E+00,  0.000000E+00,  8.2812E-01
20600, -0.000000E+00,  0.000000E+00,  8.7500E-01
20700, -0.000000E+00,  0.000000E+00,  7.6562E-01
20800, -0.000000E+00,  0.000000E+00,  7.9688E-01
20900, -0.000000E+00,  0.000000E+00,  8.7500E-01
21000, -0.000000E+00,  0.000000E+00,  8.5938E-01
21100, -0.000000E+00,  0.000000E+00,  8.1250E-01
21200, -0.000000E+00,  0.000000E+00,  8.2812E-01
21300, -0.000000E+00,  0.000000E+00,  7.8125E-01
21400, -0.000000E+00,  0.000000E+00,  8.5938E-01
21500, -0.000000E+00,  0.000000E+00,  8.4375E-01
21600, -0.000000E+00,  0.000000E+00,  9.2188E-01
21700, -0.000000E+00,  0.000000E+00,  8.7500E-01
21800, -0.000000E+00,  0.000000E+00,  7.8125E-01
21900, -0.000000E+00,  0.000000E+00,  8.4375E-01
22000, -0.000000E+00,  0.000000E+00,  8.2812E-01
22100, -0.000000E+00,  0.000000E+00,  7.8125E-01
22200, -0.000000E+00,  0.000000E+00,  8.2812E-01
22300, -0.000000E+00,  0.000000E+00,  7.9688E-01
22400, -0.000000E+00,  0.000000E+00,  8.4375E-01
22500, -0.000000E+00,  0.000000E+00,  8.4375E-01
22600, -0.000000E+00,  0.000000E+00,  7.6562E-01
22700, -0.000000E+00,  0.000000E+00,  7.9688E-01
22800, -0.000000E+00,  0.000000E+00,  7.8125E-01
22900, -0.000000E+00,  0.000000E+00,  7.5000E-01
23000, -0.000000E+00,  0.000000E+00,  8.7500E-01
23100, -0.000000E+00,  0.000000E+00,  7.9688E-01
23200, -0.000000E+00,  0.000000E+00,  8.5938E-01
23300, -0.000000E+00,  0.000000E+00,  8.5938E-01
23400, -0.000000E+00,  0.000000E+00,  8.9062E-01
23500, -0.000000E+00,  0.000000E+00,  8.9062E-01
23600, -0.000000E+00,  0.000000E+00,  8.1250E-01
23700, -0.000000E+00,  0.000000E+00,  8.7500E-01
23800, -0.000000E+00,  0.000000E+00,  8.4375E-01
23900, -0.000000E+00,  0.000000E+00,  8.5938E-01
24000, -0.000000E+00,  0.000000E+00,  7.9688E-01
24100, -0.000000E+00,  0.000000E+00,  8.4375E-01
24200, -0.000000E+00,  0.000000E+00,  8.4375E-01
24300, -0.000000E+00,  0.000000E+00,  8.5938E-01
24400, -0.000000E+00,  0.000000E+00,  8.9062E-01
24500, -0.000000E+00,  0.000000E+00,  7.8125E-01
24600, -0.000000E+00,  0.000000E+00,  9.0625E-01
24700, -0.000000E+00,  0.000000E+00,  7.3438E-01
24800, -0.000000E+00,  0.000000E+00,  7.9688E-01
24900, -0.000000E+00,  0.000000E+00,  7.1875E-01
25000, -0.000000E+00,  0.000000E+00,  8.2812E-01
25100, -0.000000E+00,  0.000000E+00,  7.9688E-01
25200, -0.000000E+00,  0.000000E+00,  8.1250E-01
25300, -0.000000E+00,  0.000000E+00,  7.8125E-01
25400, -0.000000E+00,  0.000000E+00,  8.2812E-01
25500, -0.000000E+00,  0.000000E+00,  8.4375E-01
25600, -0.000000E+00,  0.000000E+00,  7.5000E-01
25700, -0.000000E+00,  0.000000E+00,  9.0625E-01
25800, -0.000000E+00,  0.000000E+00,  8.7500E-01
25900, -0.000000E+00,  0.000000E+00,  8.5938E-01
26000, -0.000000E+00,  0.000000E+00,  7.8125E-01
26100, -0.000000E+00,  0.000000E+00,  7.8125E-01
26200, -0.000000E+00,  0.000000E+00,  8.1250E-01
26300, -0.000000E+00,  0.000000E+00,  8.2812E-01
26400, -0.000000E+00,  0.000000E+00,  8.1250E-01
26500, -0.000000E+00,  0.000000E+00,  8.2812E-01
26600, -0.000000E+00,  0.000000E+00,  8.5938E-01
26700, -0.000000E+00,  0.000000E+00,  8.1250E-01
26800, -0.000000E+00,  0.000000E+00,  7.8125E-01
26900, -0.000000E+00,  0.000000E+00,  8.1250E-01
27000, -0.000000E+00,  0.000000E+00,  8.7500E-01
27100, -0.000000E+00,  0.000000E+00,  8.4375E-01
27200, -0.000000E+00,  0.000000E+00,  7.9688E-01
27300, -0.000000E+00,  0.000000E+00,  8.2812E-01
27400, -0.000000E+00,  0.000000E+00,  8.1250E-01
27500, -0.000000E+00,  0.000000E+00,  8.1250E-01
27600, -0.000000E+00,  0.000000E+00,  8.1250E-01
27700, -0.000000E+00,  0.000000E+00,  9.2188E-01
27800, -0.000000E+00,  0.000000E+00,  7.8125E-01
27900, -0.000000E+00,  0.000000E+00,  8.4375E-01
28000, -0.000000E+00,  0.000000E+00,  8.5938E-01
28100, -0.000000E+00,  0.000000E+00,  8.1250E-01
28200, -0.000000E+00,  0.000000E+00,  7.6562E-01
28300, -0.000000E+00,  0.000000E+00,  7.6562E-01
28400, -0.000000E+00,  0.000000E+00,  8.4375E-01
28500, -0.000000E+00,  0.000000E+00,  8.4375E-01
28600, -0.000000E+00,  0.000000E+00,  9.0625E-01
28700, -0.000000E+00,  0.000000E+00,  7.8125E-01
28800, -0.000000E+00,  0.000000E+00,  8.1250E-01
28900, -0.000000E+00,  0.000000E+00,  8.4375E-01
29000, -0.000000E+00,  0.000000E+00,  7.6562E-01
29100, -0.000000E+00,  0.000000E+00,  7.6562E-01
29200, -0.000000E+00,  0.000000E+00,  7.5000E-01
29300, -0.000000E+00,  0.000000E+00,  8.7500E-01
29400, -0.000000E+00,  0.000000E+00,  7.1875E-01
29500, -0.000000E+00,  0.000000E+00,  7.9688E-01
29600, -0.000000E+00,  0.000000E+00,  8.9062E-01
29700, -0.000000E+00,  0.000000E+00,  7.6562E-01
29800, -0.000000E+00,  0.000000E+00,  8.2812E-01
29900, -0.000000E+00,  0.000000E+00,  8.1250E-01
30000, -0.000000E+00,  0.000000E+00,  7.9688E-01
30100, -0.000000E+00,  0.000000E+00,  7.6562E-01
30200, -0.000000E+00,  0.000000E+00,  7.3438E-01
30300, -0.000000E+00,  0.000000E+00,  8.5938E-01
30400, -0.000000E+00,  0.000000E+00,  8.2812E-01
30500, -0.000000E+00,  0.000000E+00,  7.8125E-01
30600, -0.000000E+00,  0.000000E+00,  8.2812E-01
30700, -0.000000E+00,  0.000000E+00,  8.1250E-01
30800, -0.000000E+00,  0.000000E+00,  7.8125E-01
30900, -0.000000E+00,  0.000000E+00,  8.4375E-01
31000, -0.000000E+00,  0.000000E+00,  7.9688E-01
31100, -0.000000E+00,  0.000000E+00,  8.5938E-01
31200, -0.000000E+00,  0.000000E+00,  7.9688E-01
31300, -0.000000E+00,  0.000000E+00,  8.2812E-01
31400, -0.000000E+00,  0.000000E+00,  8.4375E-01
31500, -0.000000E+00,  0.000000E+00,  7.5000E-01
31600, -0.000000E+00,  0.000000E+00,  7.8125E-01
31700, -0.000000E+00,  0.000000E+00,  8.2812E-01
31800, -0.000000E+00,  0.000000E+00,  8.5938E-01
31900, -0.000000E+00,  0.000000E+00,  7.8125E-01
32000, -0.000000E+00,  0.000000E+00,  8.7500E-01
32100, -0.000000E+00,  0.000000E+00,  8.5938E-01
32200, -0.000000E+00,  0.000000E+00,  8.5938E-01
32300, -0.000000E+00,  0.000000E+00,  8.2812E-01
32400, -0.000000E+00,  0.000000E+00,  8.1250E-01
32500, -0.000000E+00,  0.000000E+00,  8.5938E-01
32600, -0.000000E+00,  0.000000E+00,  7.8125E-01
32700, -0.000000E+00,  0.000000E+00,  8.7500E-01
32800, -0.000000E+00,  0.000000E+00,  8.1250E-01
32900, -0.000000E+00,  0.000000E+00,  8.1250E-01
33000, -0.000000E+00,  0.000000E+00,  7.8125E-01
33100, -0.000000E+00,  0.000000E+00,  8.1250E-01
33200, -0.000000E+00,  0.000000E+00,  8.4375E-01
33300, -0.000000E+00,  0.000000E+00,  8.2812E-01
33400, -0.000000E+00,  0.000000E+00,  8.4375E-01
33500, -0.000000E+00,  0.000000E+00,  7.6562E-01
33600, -0.000000E+00,  0.000000E+00,  8.1250E-01
33700, -0.000000E+00,  0.000000E+00,  8.2812E-01
33800, -0.000000E+00,  0.000000E+00,  9.0625E-01
33900, -0.000000E+00,  0.000000E+00,  8.2812E-01
34000, -0.000000E+00,  0.000000E+00,  8.9062E-01
34100, -0.000000E+00,  0.000000E+00,  7.9688E-01
34200, -0.000000E+00,  0.000000E+00,  8.2812E-01
34300, -0.000000E+00,  0.000000E+00,  8.4375E-01
34400, -0.000000E+00,  0.000000E+00,  8.2812E-01
34500, -0.000000E+00,  0.000000E+00,  6.7188E-01
34600, -0.000000E+00,  0.000000E+00,  8.2812E-01
34700, -0.000000E+00,  0.000000E+00,  7.9688E-01
34800, -0.000000E+00,  0.000000E+00,  9.2188E-01
34900, -0.000000E+00,  0.000000E+00,  8.4375E-01
35000, -0.000000E+00,  0.000000E+00,  8.4375E-01
35100, -0.000000E+00,  0.000000E+00,  8.4375E-01
35200, -0.000000E+00,  0.000000E+00,  7.6562E-01
35300, -0.000000E+00,  0.000000E+00,  8.1250E-01
35400, -0.000000E+00,  0.000000E+00,  7.6562E-01
35500, -0.000000E+00,  0.000000E+00,  8.2812E-01
35600, -0.000000E+00,  0.000000E+00,  7.5000E-01
35700, -0.000000E+00,  0.000000E+00,  6.7188E-01
35800, -0.000000E+00,  0.000000E+00,  7.8125E-01
35900, -0.000000E+00,  0.000000E+00,  8.4375E-01
36000, -0.000000E+00,  0.000000E+00,  8.5938E-01
36100, -0.000000E+00,  0.000000E+00,  8.5938E-01
36200, -0.000000E+00,  0.000000E+00,  8.7500E-01
36300, -0.000000E+00,  0.000000E+00,  8.1250E-01
36400, -0.000000E+00,  0.000000E+00,  7.9688E-01
36500, -0.000000E+00,  0.000000E+00,  8.2812E-01
36600, -0.000000E+00,  0.000000E+00,  7.8125E-01
36700, -0.000000E+00,  0.000000E+00,  8.1250E-01
36800, -0.000000E+00,  0.000000E+00,  7.9688E-01
36900, -0.000000E+00,  0.000000E+00,  8.2812E-01
37000, -0.000000E+00,  0.000000E+00,  8.4375E-01
37100, -0.000000E+00,  0.000000E+00,  8.2812E-01
37200, -0.000000E+00,  0.000000E+00,  8.1250E-01
37300, -0.000000E+00,  0.000000E+00,  8.9062E-01
37400, -0.000000E+00,  0.000000E+00,  7.8125E-01
37500, -0.000000E+00,  0.000000E+00,  7.9688E-01
37600, -0.000000E+00,  0.000000E+00,  7.9688E-01
37700, -0.000000E+00,  0.000000E+00,  8.5938E-01
37800, -0.000000E+00,  0.000000E+00,  7.8125E-01
37900, -0.000000E+00,  0.000000E+00,  8.4375E-01
38000, -0.000000E+00,  0.000000E+00,  7.9688E-01
38100, -0.000000E+00,  0.000000E+00,  8.7500E-01
38200, -0.000000E+00,  0.000000E+00,  7.9688E-01
38300, -0.000000E+00,  0.000000E+00,  8.2812E-01
38400, -0.000000E+00,  0.000000E+00,  8.4375E-01
38500, -0.000000E+00,  0.000000E+00,  7.3438E-01
38600, -0.000000E+00,  0.000000E+00,  9.0625E-01
38700, -0.000000E+00,  0.000000E+00,  8.5938E-01
38800, -0.000000E+00,  0.000000E+00,  8.4375E-01
38900, -0.000000E+00,  0.000000E+00,  7.9688E-01
39000, -0.000000E+00,  0.000000E+00,  7.9688E-01
39100, -0.000000E+00,  0.000000E+00,  7.9688E-01
39200, -0.000000E+00,  0.000000E+00,  7.8125E-01
39300, -0.000000E+00,  0.000000E+00,  8.5938E-01
39400, -0.000000E+00,  0.000000E+00,  8.4375E-01
39500, -0.000000E+00,  0.000000E+00,  7.9688E-01
39600, -0.000000E+00,  0.000000E+00,  8.2812E-01
39700, -0.000000E+00,  0.000000E+00,  8.5938E-01
39800, -0.000000E+00,  0.000000E+00,  7.9688E-01
39900, -0.000000E+00,  0.000000E+00,  8.4375E-01
40000, -0.000000E+00,  0.000000E+00,  7.5000E-01
40100, -0.000000E+00,  0.000000E+00,  8.1250E-01
40200, -0.000000E+00,  0.000000E+00,  8.1250E-01
40300, -0.000000E+00,  0.000000E+00,  7.0312E-01
40400, -0.000000E+00,  0.000000E+00,  8.4375E-01
40500, -0.000000E+00,  0.000000E+00,  7.9688E-01
40600, -0.000000E+00,  0.000000E+00,  7.6562E-01
40700, -0.000000E+00,  0.000000E+00,  8.5938E-01
40800, -0.000000E+00,  0.000000E+00,  7.6562E-01
40900, -0.000000E+00,  0.000000E+00,  8.2812E-01
41000, -0.000000E+00,  0.000000E+00,  7.8125E-01
41100, -0.000000E+00,  0.000000E+00,  8.1250E-01
41200, -0.000000E+00,  0.000000E+00,  8.4375E-01
41300, -0.000000E+00,  0.000000E+00,  7.1875E-01
41400, -0.000000E+00,  0.000000E+00,  7.9688E-01
41500, -0.000000E+00,  0.000000E+00,  7.6562E-01
41600, -0.000000E+00,  0.000000E+00,  7.8125E-01
41700, -0.000000E+00,  0.000000E+00,  7.9688E-01
41800, -0.000000E+00,  0.000000E+00,  7.9688E-01
41900, -0.000000E+00,  0.000000E+00,  8.5938E-01
42000, -0.000000E+00,  0.000000E+00,  8.1250E-01
42100, -0.000000E+00,  0.000000E+00,  8.2812E-01
42200, -0.000000E+00,  0.000000E+00,  8.9062E-01
42300, -0.000000E+00,  0.000000E+00,  8.1250E-01
42400, -0.000000E+00,  0.000000E+00,  8.4375E-01
42500, -0.000000E+00,  0.000000E+00,  8.2812E-01
42600, -0.000000E+00,  0.000000E+00,  7.8125E-01
42700, -0.000000E+00,  0.000000E+00,  8.4375E-01
42800, -0.000000E+00,  0.000000E+00,  7.6562E-01
42900, -0.000000E+00,  0.000000E+00,  7.6562E-01
43000, -0.000000E+00,  0.000000E+00,  7.5000E-01
43100, -0.000000E+00,  0.000000E+00,  7.5000E-01
43200, -0.000000E+00,  0.000000E+00,  8.5938E-01
43300, -0.000000E+00,  0.000000E+00,  8.7500E-01
43400, -0.000000E+00,  0.000000E+00,  8.4375E-01
43500, -0.000000E+00,  0.000000E+00,  8.7500E-01
43600, -0.000000E+00,  0.000000E+00,  8.1250E-01
43700, -0.000000E+00,  0.000000E+00,  8.1250E-01
43800, -0.000000E+00,  0.000000E+00,  7.9688E-01
43900, -0.000000E+00,  0.000000E+00,  8.2812E-01
44000, -0.000000E+00,  0.000000E+00,  8.9062E-01
44100, -0.000000E+00,  0.000000E+00,  7.9688E-01
44200, -0.000000E+00,  0.000000E+00,  8.4375E-01
44300, -0.000000E+00,  0.000000E+00,  8.1250E-01
44400, -0.000000E+00,  0.000000E+00,  5.9375E-01
44500, -0.000000E+00,  0.000000E+00,  7.8125E-01
44600, -0.000000E+00,  0.000000E+00,  8.2812E-01
44700, -0.000000E+00,  0.000000E+00,  8.9062E-01
44800, -0.000000E+00,  0.000000E+00,  7.0312E-01
44900, -0.000000E+00,  0.000000E+00,  8.4375E-01
45000, -0.000000E+00,  0.000000E+00,  8.5938E-01
45100, -0.000000E+00,  0.000000E+00,  8.2812E-01
45200, -0.000000E+00,  0.000000E+00,  8.4375E-01
45300, -0.000000E+00,  0.000000E+00,  8.2812E-01
45400, -0.000000E+00,  0.000000E+00,  8.5938E-01
45500, -0.000000E+00,  0.000000E+00,  7.9688E-01
45600, -0.000000E+00,  0.000000E+00,  8.1250E-01
45700, -0.000000E+00,  0.000000E+00,  7.8125E-01
45800, -0.000000E+00,  0.000000E+00,  7.8125E-01
45900, -0.000000E+00,  0.000000E+00,  7.6562E-01
46000, -0.000000E+00,  0.000000E+00,  8.4375E-01
46100, -0.000000E+00,  0.000000E+00,  8.9062E-01
46200, -0.000000E+00,  0.000000E+00,  7.5000E-01
46300, -0.000000E+00,  0.000000E+00,  8.4375E-01
46400, -0.000000E+00,  0.000000E+00,  7.9688E-01
46500, -0.000000E+00,  0.000000E+00,  7.6562E-01
46600, -0.000000E+00,  0.000000E+00,  8.5938E-01
46700, -0.000000E+00,  0.000000E+00,  7.1875E-01
46800, -0.000000E+00,  0.000000E+00,  7.5000E-01
46900, -0.000000E+00,  0.000000E+00,  7.9688E-01
47000, -0.000000E+00,  0.000000E+00,  7.3438E-01
47100, -0.000000E+00,  0.000000E+00,  6.8750E-01
47200, -0.000000E+00,  0.000000E+00,  7.6562E-01
47300, -0.000000E+00,  0.000000E+00,  7.0312E-01
47400, -0.000000E+00,  0.000000E+00,  7.9688E-01
47500, -0.000000E+00,  0.000000E+00,  8.5938E-01
47600, -0.000000E+00,  0.000000E+00,  8.5938E-01
47700, -0.000000E+00,  0.000000E+00,  8.1250E-01
47800, -0.000000E+00,  0.000000E+00,  8.7500E-01
47900, -0.000000E+00,  0.000000E+00,  8.4375E-01
48000, -0.000000E+00,  0.000000E+00,  8.2812E-01
48100, -0.000000E+00,  0.000000E+00,  8.1250E-01
48200, -0.000000E+00,  0.000000E+00,  7.9688E-01
48300, -0.000000E+00,  0.000000E+00,  7.3438E-01
48400, -0.000000E+00,  0.000000E+00,  8.1250E-01
48500, -0.000000E+00,  0.000000E+00,  8.5938E-01
48600, -0.000000E+00,  0.000000E+00,  7.9688E-01
48700, -0.000000E+00,  0.000000E+00,  7.8125E-01
48800, -0.000000E+00,  0.000000E+00,  8.1250E-01
48900, -0.000000E+00,  0.000000E+00,  7.9688E-01
49000, -0.000000E+00,  0.000000E+00,  7.9688E-01
49100, -0.000000E+00,  0.000000E+00,  8.4375E-01
49200, -0.000000E+00,  0.000000E+00,  8.5938E-01
49300, -0.000000E+00,  0.000000E+00,  8.1250E-01
49400, -0.000000E+00,  0.000000E+00,  7.9688E-01
49500, -0.000000E+00,  0.000000E+00,  7.9688E-01
49600, -0.000000E+00,  0.000000E+00,  8.5938E-01
49700, -0.000000E+00,  0.000000E+00,  8.5938E-01
49800, -0.000000E+00,  0.000000E+00,  8.2812E-01
49900, -0.000000E+00,  0.000000E+00,  7.9688E-01
50000, -0.000000E+00,  0.000000E+00,  8.4375E-01
50100, -0.000000E+00,  0.000000E+00,  7.8125E-01
50200, -0.000000E+00,  0.000000E+00,  8.1250E-01
50300, -0.000000E+00,  0.000000E+00,  8.2812E-01
50400, -0.000000E+00,  0.000000E+00,  7.6562E-01
50500, -0.000000E+00,  0.000000E+00,  8.5938E-01
50600, -0.000000E+00,  0.000000E+00,  8.2812E-01
50700, -0.000000E+00,  0.000000E+00,  8.4375E-01
50800, -0.000000E+00,  0.000000E+00,  8.7500E-01
50900, -0.000000E+00,  0.000000E+00,  6.8750E-01
51000, -0.000000E+00,  0.000000E+00,  7.9688E-01
51100, -0.000000E+00,  0.000000E+00,  7.8125E-01
51200, -0.000000E+00,  0.000000E+00,  7.5000E-01
51300, -0.000000E+00,  0.000000E+00,  7.6562E-01
51400, -0.000000E+00,  0.000000E+00,  7.8125E-01
51500, -0.000000E+00,  0.000000E+00,  8.4375E-01
51600, -0.000000E+00,  0.000000E+00,  7.8125E-01
51700, -0.000000E+00,  0.000000E+00,  7.6562E-01
51800, -0.000000E+00,  0.000000E+00,  8.2812E-01
51900, -0.000000E+00,  0.000000E+00,  8.9062E-01
52000, -0.000000E+00,  0.000000E+00,  8.1250E-01
52100, -0.000000E+00,  0.000000E+00,  8.5938E-01
52200, -0.000000E+00,  0.000000E+00,  7.9688E-01
52300, -0.000000E+00,  0.000000E+00,  8.7500E-01
52400, -0.000000E+00,  0.000000E+00,  8.1250E-01
52500, -0.000000E+00,  0.000000E+00,  7.9688E-01
52600, -0.000000E+00,  0.000000E+00,  8.1250E-01
52700, -0.000000E+00,  0.000000E+00,  8.4375E-01
52800, -0.000000E+00,  0.000000E+00,  7.5000E-01
52900, -0.000000E+00,  0.000000E+00,  8.2812E-01
53000, -0.000000E+00,  0.000000E+00,  8.7500E-01
53100, -0.000000E+00,  0.000000E+00,  7.5000E-01
53200, -0.000000E+00,  0.000000E+00,  7.8125E-01
53300, -0.000000E+00,  0.000000E+00,  8.7500E-01
53400, -0.000000E+00,  0.000000E+00,  8.5938E-01
53500, -0.000000E+00,  0.000000E+00,  7.6562E-01
53600, -0.000000E+00,  0.000000E+00,  8.4375E-01
53700, -0.000000E+00,  0.000000E+00,  8.9062E-01
53800, -0.000000E+00,  0.000000E+00,  8.2812E-01
53900, -0.000000E+00,  0.000000E+00,  9.2188E-01
54000, -0.000000E+00,  0.000000E+00,  8.7500E-01
54100, -0.000000E+00,  0.000000E+00,  7.8125E-01
54200, -0.000000E+00,  0.000000E+00,  8.4375E-01
54300, -0.000000E+00,  0.000000E+00,  8.1250E-01
54400, -0.000000E+00,  0.000000E+00,  8.9062E-01
54500, -0.000000E+00,  0.000000E+00,  8.4375E-01
54600, -0.000000E+00,  0.000000E+00,  7.8125E-01
54700, -0.000000E+00,  0.000000E+00,  7.1875E-01
54800, -0.000000E+00,  0.000000E+00,  8.7500E-01
54900, -0.000000E+00,  0.000000E+00,  8.2812E-01
55000, -0.000000E+00,  0.000000E+00,  8.1250E-01
55100, -0.000000E+00,  0.000000E+00,  8.5938E-01
55200, -0.000000E+00,  0.000000E+00,  8.5938E-01
55300, -0.000000E+00,  0.000000E+00,  8.2812E-01
55400, -0.000000E+00,  0.000000E+00,  7.3438E-01
55500, -0.000000E+00,  0.000000E+00,  7.8125E-01
55600, -0.000000E+00,  0.000000E+00,  8.9062E-01
55700, -0.000000E+00,  0.000000E+00,  7.8125E-01
55800, -0.000000E+00,  0.000000E+00,  8.1250E-01
55900, -0.000000E+00,  0.000000E+00,  8.4375E-01
56000, -0.000000E+00,  0.000000E+00,  8.9062E-01
56100, -0.000000E+00,  0.000000E+00,  8.2812E-01
56200, -0.000000E+00,  0.000000E+00,  8.7500E-01
56300, -0.000000E+00,  0.000000E+00,  8.5938E-01
56400, -0.000000E+00,  0.000000E+00,  7.8125E-01
56500, -0.000000E+00,  0.000000E+00,  7.9688E-01
56600, -0.000000E+00,  0.000000E+00,  7.9688E-01
56700, -0.000000E+00,  0.000000E+00,  8.1250E-01
56800, -0.000000E+00,  0.000000E+00,  7.5000E-01
56900, -0.000000E+00,  0.000000E+00,  7.9688E-01
57000, -0.000000E+00,  0.000000E+00,  8.4375E-01
57100, -0.000000E+00,  0.000000E+00,  7.9688E-01
57200, -0.000000E+00,  0.000000E+00,  8.2812E-01
57300, -0.000000E+00,  0.000000E+00,  8.2812E-01
57400, -0.000000E+00,  0.000000E+00,  7.5000E-01
57500, -0.000000E+00,  0.000000E+00,  7.3438E-01
57600, -0.000000E+00,  0.000000E+00,  8.5938E-01
57700, -0.000000E+00,  0.000000E+00,  8.7500E-01
57800, -0.000000E+00,  0.000000E+00,  8.1250E-01
57900, -0.000000E+00,  0.000000E+00,  8.4375E-01
58000, -0.000000E+00,  0.000000E+00,  7.3438E-01
58100, -0.000000E+00,  0.000000E+00,  7.1875E-01
58200, -0.000000E+00,  0.000000E+00,  6.5625E-01
58300, -0.000000E+00,  0.000000E+00,  7.5000E-01
58400, -0.000000E+00,  0.000000E+00,  8.4375E-01
58500, -0.000000E+00,  0.000000E+00,  8.1250E-01
58600, -0.000000E+00,  0.000000E+00,  7.9688E-01
58700, -0.000000E+00,  0.000000E+00,  7.8125E-01
58800, -0.000000E+00,  0.000000E+00,  8.2812E-01
58900, -0.000000E+00,  0.000000E+00,  7.6562E-01
59000, -0.000000E+00,  0.000000E+00,  8.1250E-01
59100, -0.000000E+00,  0.000000E+00,  8.4375E-01
59200, -0.000000E+00,  0.000000E+00,  9.2188E-01
59300, -0.000000E+00,  0.000000E+00,  8.4375E-01
59400, -0.000000E+00,  0.000000E+00,  7.8125E-01
59500, -0.000000E+00,  0.000000E+00,  7.9688E-01
59600, -0.000000E+00,  0.000000E+00,  8.4375E-01
59700, -0.000000E+00,  0.000000E+00,  8.1250E-01
59800, -0.000000E+00,  0.000000E+00,  8.1250E-01
59900, -0.000000E+00,  0.000000E+00,  9.0625E-01
60000, -0.000000E+00,  0.000000E+00,  8.7500E-01
60100, -0.000000E+00,  0.000000E+00,  6.8750E-01
60200, -0.000000E+00,  0.000000E+00,  8.4375E-01
60300, -0.000000E+00,  0.000000E+00,  7.6562E-01
60400, -0.000000E+00,  0.000000E+00,  8.1250E-01
60500, -0.000000E+00,  0.000000E+00,  8.9062E-01
60600, -0.000000E+00,  0.000000E+00,  8.2812E-01
60700, -0.000000E+00,  0.000000E+00,  8.2812E-01
60800, -0.000000E+00,  0.000000E+00,  8.2812E-01
60900, -0.000000E+00,  0.000000E+00,  8.7500E-01
61000, -0.000000E+00,  0.000000E+00,  8.4375E-01
61100, -0.000000E+00,  0.000000E+00,  8.1250E-01
61200, -0.000000E+00,  0.000000E+00,  7.8125E-01
61300, -0.000000E+00,  0.000000E+00,  8.7500E-01
61400, -0.000000E+00,  0.000000E+00,  7.9688E-01
61500, -0.000000E+00,  0.000000E+00,  8.4375E-01
61600, -0.000000E+00,  0.000000E+00,  7.3438E-01
61700, -0.000000E+00,  0.000000E+00,  7.6562E-01
61800, -0.000000E+00,  0.000000E+00,  8.4375E-01
61900, -0.000000E+00,  0.000000E+00,  7.8125E-01
62000, -0.000000E+00,  0.000000E+00,  8.9062E-01
62100, -0.000000E+00,  0.000000E+00,  7.0312E-01
62200, -0.000000E+00,  0.000000E+00,  8.2812E-01
62300, -0.000000E+00,  0.000000E+00,  8.5938E-01
62400, -0.000000E+00,  0.000000E+00,  8.2812E-01
62500, -0.000000E+00,  0.000000E+00,  9.0625E-01
62600, -0.000000E+00,  0.000000E+00,  8.5938E-01
62700, -0.000000E+00,  0.000000E+00,  7.8125E-01
62800, -0.000000E+00,  0.000000E+00,  8.9062E-01
62900, -0.000000E+00,  0.000000E+00,  8.1250E-01
63000, -0.000000E+00,  0.000000E+00,  8.2812E-01
63100, -0.000000E+00,  0.000000E+00,  7.5000E-01
63200, -0.000000E+00,  0.000000E+00,  7.6562E-01
63300, -0.000000E+00,  0.000000E+00,  7.9688E-01
63400, -0.000000E+00,  0.000000E+00,  7.8125E-01
63500, -0.000000E+00,  0.000000E+00,  8.7500E-01
63600, -0.000000E+00,  0.000000E+00,  8.4375E-01
63700, -0.000000E+00,  0.000000E+00,  7.9688E-01
63800, -0.000000E+00,  0.000000E+00,  7.6562E-01
63900, -0.000000E+00,  0.000000E+00,  8.2812E-01
64000, -0.000000E+00,  0.000000E+00,  7.1875E-01
64100, -0.000000E+00,  0.000000E+00,  7.8125E-01
64200, -0.000000E+00,  0.000000E+00,  8.2812E-01
64300, -0.000000E+00,  0.000000E+00,  8.9062E-01
64400, -0.000000E+00,  0.000000E+00,  7.0312E-01
64500, -0.000000E+00,  0.000000E+00,  7.9688E-01
64600, -0.000000E+00,  0.000000E+00,  8.2812E-01
64700, -0.000000E+00,  0.000000E+00,  8.2812E-01
64800, -0.000000E+00,  0.000000E+00,  8.7500E-01
64900, -0.000000E+00,  0.000000E+00,  8.4375E-01
65000, -0.000000E+00,  0.000000E+00,  8.7500E-01
65100, -0.000000E+00,  0.000000E+00,  8.4375E-01
65200, -0.000000E+00,  0.000000E+00,  8.2812E-01
65300, -0.000000E+00,  0.000000E+00,  8.1250E-01
65400, -0.000000E+00,  0.000000E+00,  8.5938E-01
65500, -0.000000E+00,  0.000000E+00,  8.1250E-01
65600, -0.000000E+00,  0.000000E+00,  9.3750E-01
65700, -0.000000E+00,  0.000000E+00,  8.7500E-01
65800, -0.000000E+00,  0.000000E+00,  8.2812E-01
65900, -0.000000E+00,  0.000000E+00,  8.1250E-01
66000, -0.000000E+00,  0.000000E+00,  7.3438E-01
66100, -0.000000E+00,  0.000000E+00,  7.6562E-01
66200, -0.000000E+00,  0.000000E+00,  9.0625E-01
66300, -0.000000E+00,  0.000000E+00,  8.4375E-01
66400, -0.000000E+00,  0.000000E+00,  7.5000E-01
66500, -0.000000E+00,  0.000000E+00,  8.1250E-01
66600, -0.000000E+00,  0.000000E+00,  8.7500E-01
66700, -0.000000E+00,  0.000000E+00,  8.5938E-01
66800, -0.000000E+00,  0.000000E+00,  7.5000E-01
66900, -0.000000E+00,  0.000000E+00,  7.9688E-01
67000, -0.000000E+00,  0.000000E+00,  8.2812E-01
67100, -0.000000E+00,  0.000000E+00,  8.2812E-01
67200, -0.000000E+00,  0.000000E+00,  8.7500E-01
67300, -0.000000E+00,  0.000000E+00,  8.1250E-01
67400, -0.000000E+00,  0.000000E+00,  7.6562E-01
67500, -0.000000E+00,  0.000000E+00,  8.5938E-01
67600, -0.000000E+00,  0.000000E+00,  8.1250E-01
67700, -0.000000E+00,  0.000000E+00,  8.7500E-01
67800, -0.000000E+00,  0.000000E+00,  7.9688E-01
67900, -0.000000E+00,  0.000000E+00,  8.5938E-01
68000, -0.000000E+00,  0.000000E+00,  8.5938E-01
68100, -0.000000E+00,  0.000000E+00,  8.7500E-01
68200, -0.000000E+00,  0.000000E+00,  8.9062E-01
68300, -0.000000E+00,  0.000000E+00,  8.7500E-01
68400, -0.000000E+00,  0.000000E+00,  7.3438E-01
68500, -0.000000E+00,  0.000000E+00,  8.2812E-01
68600, -0.000000E+00,  0.000000E+00,  9.0625E-01
68700, -0.000000E+00,  0.000000E+00,  7.6562E-01
68800, -0.000000E+00,  0.000000E+00,  7.3438E-01
68900, -0.000000E+00,  0.000000E+00,  7.5000E-01
69000, -0.000000E+00,  0.000000E+00,  8.4375E-01
69100, -0.000000E+00,  0.000000E+00,  8.5938E-01
69200, -0.000000E+00,  0.000000E+00,  8.4375E-01
69300, -0.000000E+00,  0.000000E+00,  7.9688E-01
69400, -0.000000E+00,  0.000000E+00,  8.1250E-01
69500, -0.000000E+00,  0.000000E+00,  7.8125E-01
69600, -0.000000E+00,  0.000000E+00,  7.3438E-01
69700, -0.000000E+00,  0.000000E+00,  8.5938E-01
69800, -0.000000E+00,  0.000000E+00,  8.2812E-01
69900, -0.000000E+00,  0.000000E+00,  8.1250E-01
70000, -0.000000E+00,  0.000000E+00,  9.0625E-01
70100, -0.000000E+00,  0.000000E+00,  9.0625E-01
70200, -0.000000E+00,  0.000000E+00,  8.1250E-01
70300, -0.000000E+00,  0.000000E+00,  7.5000E-01
70400, -0.000000E+00,  0.000000E+00,  8.2812E-01
70500, -0.000000E+00,  0.000000E+00,  8.2812E-01
70600, -0.000000E+00,  0.000000E+00,  9.0625E-01
70700, -0.000000E+00,  0.000000E+00,  8.1250E-01
70800, -0.000000E+00,  0.000000E+00,  8.7500E-01
70900, -0.000000E+00,  0.000000E+00,  8.2812E-01
71000, -0.000000E+00,  0.000000E+00,  8.2812E-01
71100, -0.000000E+00,  0.000000E+00,  7.5000E-01
71200, -0.000000E+00,  0.000000E+00,  7.3438E-01
71300, -0.000000E+00,  0.000000E+00,  8.1250E-01
71400, -0.000000E+00,  0.000000E+00,  8.5938E-01
71500, -0.000000E+00,  0.000000E+00,  8.4375E-01
71600, -0.000000E+00,  0.000000E+00,  9.0625E-01
71700, -0.000000E+00,  0.000000E+00,  8.1250E-01
71800, -0.000000E+00,  0.000000E+00,  7.8125E-01
71900, -0.000000E+00,  0.000000E+00,  7.9688E-01
72000, -0.000000E+00,  0.000000E+00,  8.2812E-01
72100, -0.000000E+00,  0.000000E+00,  7.8125E-01
72200, -0.000000E+00,  0.000000E+00,  8.4375E-01
72300, -0.000000E+00,  0.000000E+00,  8.4375E-01
72400, -0.000000E+00,  0.000000E+00,  8.4375E-01
72500, -0.000000E+00,  0.000000E+00,  8.9062E-01
72600, -0.000000E+00,  0.000000E+00,  7.1875E-01
72700, -0.000000E+00,  0.000000E+00,  8.1250E-01
72800, -0.000000E+00,  0.000000E+00,  8.7500E-01
72900, -0.000000E+00,  0.000000E+00,  8.7500E-01
73000, -0.000000E+00,  0.000000E+00,  8.1250E-01
73100, -0.000000E+00,  0.000000E+00,  8.2812E-01
73200, -0.000000E+00,  0.000000E+00,  7.1875E-01
73300, -0.000000E+00,  0.000000E+00,  7.8125E-01
73400, -0.000000E+00,  0.000000E+00,  8.4375E-01
73500, -0.000000E+00,  0.000000E+00,  8.1250E-01
73600, -0.000000E+00,  0.000000E+00,  9.3750E-01
73700, -0.000000E+00,  0.000000E+00,  8.2812E-01
73800, -0.000000E+00,  0.000000E+00,  9.2188E-01
73900, -0.000000E+00,  0.000000E+00,  8.5938E-01
74000, -0.000000E+00,  0.000000E+00,  7.6562E-01
74100, -0.000000E+00,  0.000000E+00,  8.2812E-01
74200, -0.000000E+00,  0.000000E+00,  8.5938E-01
74300, -0.000000E+00,  0.000000E+00,  8.7500E-01
74400, -0.000000E+00,  0.000000E+00,  8.1250E-01
74500, -0.000000E+00,  0.000000E+00,  8.7500E-01
74600, -0.000000E+00,  0.000000E+00,  8.1250E-01
74700, -0.000000E+00,  0.000000E+00,  8.5938E-01
74800, -0.000000E+00,  0.000000E+00,  8.1250E-01
74900, -0.000000E+00,  0.000000E+00,  7.8125E-01
75000, -0.000000E+00,  0.000000E+00,  8.5938E-01
75100, -0.000000E+00,  0.000000E+00,  8.2812E-01
75200, -0.000000E+00,  0.000000E+00,  8.4375E-01
75300, -0.000000E+00,  0.000000E+00,  8.1250E-01
75400, -0.000000E+00,  0.000000E+00,  9.2188E-01
75500, -0.000000E+00,  0.000000E+00,  8.4375E-01
75600, -0.000000E+00,  0.000000E+00,  8.7500E-01
75700, -0.000000E+00,  0.000000E+00,  7.6562E-01
75800, -0.000000E+00,  0.000000E+00,  7.9688E-01
75900, -0.000000E+00,  0.000000E+00,  7.5000E-01
76000, -0.000000E+00,  0.000000E+00,  7.9688E-01
76100, -0.000000E+00,  0.000000E+00,  7.9688E-01
76200, -0.000000E+00,  0.000000E+00,  7.8125E-01
76300, -0.000000E+00,  0.000000E+00,  7.9688E-01
76400, -0.000000E+00,  0.000000E+00,  8.4375E-01
76500, -0.000000E+00,  0.000000E+00,  7.8125E-01
76600, -0.000000E+00,  0.000000E+00,  7.3438E-01
76700, -0.000000E+00,  0.000000E+00,  8.2812E-01
76800, -0.000000E+00,  0.000000E+00,  7.0312E-01
76900, -0.000000E+00,  0.000000E+00,  7.9688E-01
77000, -0.000000E+00,  0.000000E+00,  7.6562E-01
77100, -0.000000E+00,  0.000000E+00,  8.9062E-01
77200, -0.000000E+00,  0.000000E+00,  7.5000E-01
77300, -0.000000E+00,  0.000000E+00,  8.5938E-01
77400, -0.000000E+00,  0.000000E+00,  7.9688E-01
77500, -0.000000E+00,  0.000000E+00,  8.7500E-01
77600, -0.000000E+00,  0.000000E+00,  8.4375E-01
77700, -0.000000E+00,  0.000000E+00,  8.5938E-01
77800, -0.000000E+00,  0.000000E+00,  8.7500E-01
77900, -0.000000E+00,  0.000000E+00,  8.1250E-01
78000, -0.000000E+00,  0.000000E+00,  7.5000E-01
78100, -0.000000E+00,  0.000000E+00,  7.6562E-01
78200, -0.000000E+00,  0.000000E+00,  7.8125E-01
78300, -0.000000E+00,  0.000000E+00,  7.8125E-01
78400, -0.000000E+00,  0.000000E+00,  8.4375E-01
78500, -0.000000E+00,  0.000000E+00,  8.5938E-01
78600, -0.000000E+00,  0.000000E+00,  8.1250E-01
78700, -0.000000E+00,  0.000000E+00,  7.5000E-01
78800, -0.000000E+00,  0.000000E+00,  7.6562E-01
78900, -0.000000E+00,  0.000000E+00,  8.1250E-01
79000, -0.000000E+00,  0.000000E+00,  8.9062E-01
79100, -0.000000E+00,  0.000000E+00,  8.2812E-01
79200, -0.000000E+00,  0.000000E+00,  8.1250E-01
79300, -0.000000E+00,  0.000000E+00,  6.5625E-01
79400, -0.000000E+00,  0.000000E+00,  8.4375E-01
79500, -0.000000E+00,  0.000000E+00,  8.1250E-01
79600, -0.000000E+00,  0.000000E+00,  7.3438E-01
79700, -0.000000E+00,  0.000000E+00,  8.2812E-01
79800, -0.000000E+00,  0.000000E+00,  7.6562E-01
79900, -0.000000E+00,  0.000000E+00,  8.2812E-01
80000, -0.000000E+00,  0.000000E+00,  8.5938E-01
80100, -0.000000E+00,  0.000000E+00,  7.3438E-01
80200, -0.000000E+00,  0.000000E+00,  8.2812E-01
80300, -0.000000E+00,  0.000000E+00,  8.2812E-01
80400, -0.000000E+00,  0.000000E+00,  8.4375E-01
80500, -0.000000E+00,  0.000000E+00,  9.0625E-01
80600, -0.000000E+00,  0.000000E+00,  7.8125E-01
80700, -0.000000E+00,  0.000000E+00,  8.7500E-01
80800, -0.000000E+00,  0.000000E+00,  8.5938E-01
80900, -0.000000E+00,  0.000000E+00,  7.9688E-01
81000, -0.000000E+00,  0.000000E+00,  8.9062E-01
81100, -0.000000E+00,  0.000000E+00,  7.8125E-01
81200, -0.000000E+00,  0.000000E+00,  8.9062E-01
81300, -0.000000E+00,  0.000000E+00,  7.6562E-01
81400, -0.000000E+00,  0.000000E+00,  8.1250E-01
81500, -0.000000E+00,  0.000000E+00,  9.0625E-01
81600, -0.000000E+00,  0.000000E+00,  7.8125E-01
81700, -0.000000E+00,  0.000000E+00,  8.5938E-01
81800, -0.000000E+00,  0.000000E+00,  8.4375E-01
81900, -0.000000E+00,  0.000000E+00,  7.9688E-01
82000, -0.000000E+00,  0.000000E+00,  8.5938E-01
82100, -0.000000E+00,  0.000000E+00,  7.5000E-01
82200, -0.000000E+00,  0.000000E+00,  8.5938E-01
82300, -0.000000E+00,  0.000000E+00,  8.2812E-01
82400, -0.000000E+00,  0.000000E+00,  8.2812E-01
82500, -0.000000E+00,  0.000000E+00,  8.4375E-01
82600, -0.000000E+00,  0.000000E+00,  7.9688E-01
82700, -0.000000E+00,  0.000000E+00,  8.2812E-01
82800, -0.000000E+00,  0.000000E+00,  8.4375E-01
82900, -0.000000E+00,  0.000000E+00,  8.2812E-01
83000, -0.000000E+00,  0.000000E+00,  8.9062E-01
83100, -0.000000E+00,  0.000000E+00,  8.2812E-01
83200, -0.000000E+00,  0.000000E+00,  8.2812E-01
83300, -0.000000E+00,  0.000000E+00,  9.2188E-01
83400, -0.000000E+00,  0.000000E+00,  7.8125E-01
83500, -0.000000E+00,  0.000000E+00,  8.9062E-01
83600, -0.000000E+00,  0.000000E+00,  7.8125E-01
83700, -0.000000E+00,  0.000000E+00,  8.4375E-01
83800, -0.000000E+00,  0.000000E+00,  7.8125E-01
83900, -0.000000E+00,  0.000000E+00,  7.9688E-01
84000, -0.000000E+00,  0.000000E+00,  7.9688E-01
84100, -0.000000E+00,  0.000000E+00,  8.2812E-01
84200, -0.000000E+00,  0.000000E+00,  7.3438E-01
84300, -0.000000E+00,  0.000000E+00,  7.5000E-01
84400, -0.000000E+00,  0.000000E+00,  6.8750E-01
84500, -0.000000E+00,  0.000000E+00,  8.1250E-01
84600, -0.000000E+00,  0.000000E+00,  8.1250E-01
84700, -0.000000E+00,  0.000000E+00,  7.3438E-01
84800, -0.000000E+00,  0.000000E+00,  8.2812E-01
84900, -0.000000E+00,  0.000000E+00,  7.8125E-01
85000, -0.000000E+00,  0.000000E+00,  8.1250E-01
85100, -0.000000E+00,  0.000000E+00,  8.4375E-01
85200, -0.000000E+00,  0.000000E+00,  8.5938E-01
85300, -0.000000E+00,  0.000000E+00,  8.1250E-01
85400, -0.000000E+00,  0.000000E+00,  8.4375E-01
85500, -0.000000E+00,  0.000000E+00,  9.0625E-01
85600, -0.000000E+00,  0.000000E+00,  8.2812E-01
85700, -0.000000E+00,  0.000000E+00,  8.7500E-01
85800, -0.000000E+00,  0.000000E+00,  8.9062E-01
85900, -0.000000E+00,  0.000000E+00,  8.5938E-01
86000, -0.000000E+00,  0.000000E+00,  7.8125E-01
86100, -0.000000E+00,  0.000000E+00,  8.9062E-01
86200, -0.000000E+00,  0.000000E+00,  8.2812E-01
86300, -0.000000E+00,  0.000000E+00,  7.9688E-01
86400, -0.000000E+00,  0.000000E+00,  8.7500E-01
86500, -0.000000E+00,  0.000000E+00,  7.9688E-01
86600, -0.000000E+00,  0.000000E+00,  8.5938E-01
86700, -0.000000E+00,  0.000000E+00,  8.4375E-01
86800, -0.000000E+00,  0.000000E+00,  8.1250E-01
86900, -0.000000E+00,  0.000000E+00,  8.9062E-01
87000, -0.000000E+00,  0.000000E+00,  8.7500E-01
87100, -0.000000E+00,  0.000000E+00,  8.9062E-01
87200, -0.000000E+00,  0.000000E+00,  8.4375E-01
87300, -0.000000E+00,  0.000000E+00,  8.7500E-01
87400, -0.000000E+00,  0.000000E+00,  8.7500E-01
87500, -0.000000E+00,  0.000000E+00,  8.5938E-01
87600, -0.000000E+00,  0.000000E+00,  8.5938E-01
87700, -0.000000E+00,  0.000000E+00,  8.1250E-01
87800, -0.000000E+00,  0.000000E+00,  8.9062E-01
87900, -0.000000E+00,  0.000000E+00,  9.0625E-01
88000, -0.000000E+00,  0.000000E+00,  8.5938E-01
88100, -0.000000E+00,  0.000000E+00,  8.4375E-01
88200, -0.000000E+00,  0.000000E+00,  8.4375E-01
88300, -0.000000E+00,  0.000000E+00,  7.8125E-01
88400, -0.000000E+00,  0.000000E+00,  7.5000E-01
88500, -0.000000E+00,  0.000000E+00,  7.9688E-01
88600, -0.000000E+00,  0.000000E+00,  8.1250E-01
88700, -0.000000E+00,  0.000000E+00,  7.0312E-01
88800, -0.000000E+00,  0.000000E+00,  8.2812E-01
88900, -0.000000E+00,  0.000000E+00,  8.1250E-01
89000, -0.000000E+00,  0.000000E+00,  8.4375E-01
89100, -0.000000E+00,  0.000000E+00,  8.1250E-01
89200, -0.000000E+00,  0.000000E+00,  7.9688E-01
89300, -0.000000E+00,  0.000000E+00,  8.9062E-01
89400, -0.000000E+00,  0.000000E+00,  8.2812E-01
89500, -0.000000E+00,  0.000000E+00,  7.9688E-01
89600, -0.000000E+00,  0.000000E+00,  8.4375E-01
89700, -0.000000E+00,  0.000000E+00,  8.1250E-01
89800, -0.000000E+00,  0.000000E+00,  8.5938E-01
89900, -0.000000E+00,  0.000000E+00,  8.1250E-01
90000, -0.000000E+00,  0.000000E+00,  7.9688E-01
90100, -0.000000E+00,  0.000000E+00,  7.6562E-01
90200, -0.000000E+00,  0.000000E+00,  8.2812E-01
90300, -0.000000E+00,  0.000000E+00,  8.7500E-01
90400, -0.000000E+00,  0.000000E+00,  8.2812E-01
90500, -0.000000E+00,  0.000000E+00,  8.2812E-01
90600, -0.000000E+00,  0.000000E+00,  8.5938E-01
90700, -0.000000E+00,  0.000000E+00,  8.5938E-01
90800, -0.000000E+00,  0.000000E+00,  7.5000E-01
90900, -0.000000E+00,  0.000000E+00,  7.3438E-01
91000, -0.000000E+00,  0.000000E+00,  8.4375E-01
91100, -0.000000E+00,  0.000000E+00,  7.8125E-01
91200, -0.000000E+00,  0.000000E+00,  7.8125E-01
91300, -0.000000E+00,  0.000000E+00,  7.8125E-01
91400, -0.000000E+00,  0.000000E+00,  8.5938E-01
91500, -0.000000E+00,  0.000000E+00,  8.1250E-01
91600, -0.000000E+00,  0.000000E+00,  8.9062E-01
91700, -0.000000E+00,  0.000000E+00,  7.8125E-01
91800, -0.000000E+00,  0.000000E+00,  8.7500E-01
91900, -0.000000E+00,  0.000000E+00,  8.7500E-01
92000, -0.000000E+00,  0.000000E+00,  8.1250E-01
92100, -0.000000E+00,  0.000000E+00,  8.5938E-01
92200, -0.000000E+00,  0.000000E+00,  7.6562E-01
92300, -0.000000E+00,  0.000000E+00,  8.5938E-01
92400, -0.000000E+00,  0.000000E+00,  8.5938E-01
92500, -0.000000E+00,  0.000000E+00,  7.9688E-01
92600, -0.000000E+00,  0.000000E+00,  8.9062E-01
92700, -0.000000E+00,  0.000000E+00,  8.5938E-01
92800, -0.000000E+00,  0.000000E+00,  8.5938E-01
92900, -0.000000E+00,  0.000000E+00,  7.8125E-01
93000, -0.000000E+00,  0.000000E+00,  8.2812E-01
93100, -0.000000E+00,  0.000000E+00,  8.1250E-01
93200, -0.000000E+00,  0.000000E+00,  8.2812E-01
93300, -0.000000E+00,  0.000000E+00,  7.3438E-01
93400, -0.000000E+00,  0.000000E+00,  8.2812E-01
93500, -0.000000E+00,  0.000000E+00,  7.8125E-01
93600, -0.000000E+00,  0.000000E+00,  7.5000E-01
93700, -0.000000E+00,  0.000000E+00,  8.9062E-01
93800, -0.000000E+00,  0.000000E+00,  8.5938E-01
93900, -0.000000E+00,  0.000000E+00,  7.9688E-01
94000, -0.000000E+00,  0.000000E+00,  7.9688E-01
94100, -0.000000E+00,  0.000000E+00,  7.8125E-01
94200, -0.000000E+00,  0.000000E+00,  8.1250E-01
94300, -0.000000E+00,  0.000000E+00,  8.9062E-01
94400, -0.000000E+00,  0.000000E+00,  7.9688E-01
94500, -0.000000E+00,  0.000000E+00,  8.2812E-01
94600, -0.000000E+00,  0.000000E+00,  7.6562E-01
94700, -0.000000E+00,  0.000000E+00,  8.2812E-01
94800, -0.000000E+00,  0.000000E+00,  8.2812E-01
94900, -0.000000E+00,  0.000000E+00,  8.1250E-01
95000, -0.000000E+00,  0.000000E+00,  7.3438E-01
95100, -0.000000E+00,  0.000000E+00,  7.9688E-01
95200, -0.000000E+00,  0.000000E+00,  7.8125E-01
95300, -0.000000E+00,  0.000000E+00,  8.2812E-01
95400, -0.000000E+00,  0.000000E+00,  8.7500E-01
95500, -0.000000E+00,  0.000000E+00,  7.8125E-01
95600, -0.000000E+00,  0.000000E+00,  8.1250E-01
95700, -0.000000E+00,  0.000000E+00,  8.1250E-01
95800, -0.000000E+00,  0.000000E+00,  8.1250E-01
95900, -0.000000E+00,  0.000000E+00,  6.8750E-01
96000, -0.000000E+00,  0.000000E+00,  8.4375E-01
96100, -0.000000E+00,  0.000000E+00,  8.2812E-01
96200, -0.000000E+00,  0.000000E+00,  7.9688E-01
96300, -0.000000E+00,  0.000000E+00,  8.4375E-01
96400, -0.000000E+00,  0.000000E+00,  8.4375E-01
96500, -0.000000E+00,  0.000000E+00,  8.2812E-01
96600, -0.000000E+00,  0.000000E+00,  8.7500E-01
96700, -0.000000E+00,  0.000000E+00,  8.1250E-01
96800, -0.000000E+00,  0.000000E+00,  8.1250E-01
96900, -0.000000E+00,  0.000000E+00,  8.4375E-01
97000, -0.000000E+00,  0.000000E+00,  8.1250E-01
97100, -0.000000E+00,  0.000000E+00,  7.8125E-01
97200, -0.000000E+00,  0.000000E+00,  7.8125E-01
97300, -0.000000E+00,  0.000000E+00,  8.5938E-01
97400, -0.000000E+00,  0.000000E+00,  8.2812E-01
97500, -0.000000E+00,  0.000000E+00,  8.4375E-01
97600, -0.000000E+00,  0.000000E+00,  8.5938E-01
97700, -0.000000E+00,  0.000000E+00,  8.1250E-01
97800, -0.000000E+00,  0.000000E+00,  7.9688E-01
97900, -0.000000E+00,  0.000000E+00,  8.1250E-01
98000, -0.000000E+00,  0.000000E+00,  7.9688E-01
98100, -0.000000E+00,  0.000000E+00,  7.5000E-01
98200, -0.000000E+00,  0.000000E+00,  8.5938E-01
98300, -0.000000E+00,  0.000000E+00,  7.8125E-01
98400, -0.000000E+00,  0.000000E+00,  7.9688E-01
98500, -0.000000E+00,  0.000000E+00,  7.6562E-01
98600, -0.000000E+00,  0.000000E+00,  7.6562E-01
98700, -0.000000E+00,  0.000000E+00,  7.9688E-01
98800, -0.000000E+00,  0.000000E+00,  8.2812E-01
98900, -0.000000E+00,  0.000000E+00,  7.9688E-01
99000, -0.000000E+00,  0.000000E+00,  7.1875E-01
99100, -0.000000E+00,  0.000000E+00,  8.9062E-01
99200, -0.000000E+00,  0.000000E+00,  7.8125E-01
99300, -0.000000E+00,  0.000000E+00,  8.1250E-01
99400, -0.000000E+00,  0.000000E+00,  7.6562E-01
99500, -0.000000E+00,  0.000000E+00,  8.1250E-01
99600, -0.000000E+00,  0.000000E+00,  7.5000E-01
99700, -0.000000E+00,  0.000000E+00,  8.4375E-01
99800, -0.000000E+00,  0.000000E+00,  8.4375E-01
99900, -0.000000E+00,  0.000000E+00,  7.8125E-01
100000, -0.000000E+00,  0.000000E+00,  8.9062E-01
